[2023-09-02T00:20:25.424+0000] {taskinstance.py:1159} INFO - Dependencies all met for dep_context=non-requeueable deps ti=<TaskInstance: website_crawler.crawl_task manual__2023-09-02T00:20:22.194129+00:00 [queued]>
[2023-09-02T00:20:25.445+0000] {taskinstance.py:1159} INFO - Dependencies all met for dep_context=requeueable deps ti=<TaskInstance: website_crawler.crawl_task manual__2023-09-02T00:20:22.194129+00:00 [queued]>
[2023-09-02T00:20:25.447+0000] {taskinstance.py:1361} INFO - Starting attempt 1 of 4
[2023-09-02T00:20:25.485+0000] {taskinstance.py:1382} INFO - Executing <Task(PythonOperator): crawl_task> on 2023-09-02 00:20:22.194129+00:00
[2023-09-02T00:20:25.499+0000] {standard_task_runner.py:57} INFO - Started process 56 to run task
[2023-09-02T00:20:25.508+0000] {standard_task_runner.py:84} INFO - Running: ['***', 'tasks', 'run', 'website_crawler', 'crawl_task', 'manual__2023-09-02T00:20:22.194129+00:00', '--job-id', '224', '--raw', '--subdir', 'DAGS_FOLDER/crawl_data_using_BeautifulSoup.py', '--cfg-path', '/tmp/tmpul1s1pri']
[2023-09-02T00:20:25.516+0000] {standard_task_runner.py:85} INFO - Job 224: Subtask crawl_task
[2023-09-02T00:20:25.601+0000] {task_command.py:415} INFO - Running <TaskInstance: website_crawler.crawl_task manual__2023-09-02T00:20:22.194129+00:00 [running]> on host 200bc7f91af2
[2023-09-02T00:20:25.711+0000] {taskinstance.py:1660} INFO - Exporting env vars: AIRFLOW_CTX_DAG_OWNER='***' AIRFLOW_CTX_DAG_ID='website_crawler' AIRFLOW_CTX_TASK_ID='crawl_task' AIRFLOW_CTX_EXECUTION_DATE='2023-09-02T00:20:22.194129+00:00' AIRFLOW_CTX_TRY_NUMBER='1' AIRFLOW_CTX_DAG_RUN_ID='manual__2023-09-02T00:20:22.194129+00:00'
[2023-09-02T00:20:28.168+0000] {crawl_data_using_BeautifulSoup.py:62} INFO - abc
[2023-09-02T00:20:28.749+0000] {crawl_data_using_BeautifulSoup.py:62} INFO - abc
[2023-09-02T00:20:30.284+0000] {crawl_data_using_BeautifulSoup.py:62} INFO - abc
[2023-09-02T00:20:31.749+0000] {crawl_data_using_BeautifulSoup.py:62} INFO - abc
[2023-09-02T00:20:32.220+0000] {crawl_data_using_BeautifulSoup.py:62} INFO - abc
[2023-09-02T00:20:32.708+0000] {crawl_data_using_BeautifulSoup.py:62} INFO - abc
[2023-09-02T00:20:33.159+0000] {crawl_data_using_BeautifulSoup.py:62} INFO - abc
[2023-09-02T00:20:33.661+0000] {crawl_data_using_BeautifulSoup.py:62} INFO - abc
[2023-09-02T00:20:34.192+0000] {crawl_data_using_BeautifulSoup.py:62} INFO - abc
[2023-09-02T00:20:34.697+0000] {crawl_data_using_BeautifulSoup.py:62} INFO - abc
[2023-09-02T00:20:35.663+0000] {crawl_data_using_BeautifulSoup.py:62} INFO - abc
[2023-09-02T00:20:37.124+0000] {crawl_data_using_BeautifulSoup.py:62} INFO - abc
[2023-09-02T00:20:37.577+0000] {crawl_data_using_BeautifulSoup.py:62} INFO - abc
[2023-09-02T00:20:38.279+0000] {crawl_data_using_BeautifulSoup.py:62} INFO - abc
[2023-09-02T00:20:38.284+0000] {python.py:194} INFO - Done. Returned value was: None
[2023-09-02T00:20:38.306+0000] {taskinstance.py:1400} INFO - Marking task as SUCCESS. dag_id=website_crawler, task_id=crawl_task, execution_date=20230902T002022, start_date=20230902T002025, end_date=20230902T002038
[2023-09-02T00:20:38.396+0000] {local_task_job_runner.py:228} INFO - Task exited with return code 0
[2023-09-02T00:20:38.427+0000] {taskinstance.py:2784} INFO - 0 downstream tasks scheduled from follow-on schedule check
