[2023-08-24T09:29:04.786+0000] {processor.py:157} INFO - Started process (PID=63) to work on /home/airflow/.local/lib/python3.8/site-packages/airflow/example_dags/example_dag_decorator.py
[2023-08-24T09:29:04.850+0000] {processor.py:829} INFO - Processing file /home/airflow/.local/lib/python3.8/site-packages/airflow/example_dags/example_dag_decorator.py for tasks to queue
[2023-08-24T09:29:04.902+0000] {logging_mixin.py:151} INFO - [2023-08-24T09:29:04.898+0000] {dagbag.py:539} INFO - Filling up the DagBag from /home/airflow/.local/lib/python3.8/site-packages/airflow/example_dags/example_dag_decorator.py
[2023-08-24T09:29:08.042+0000] {processor.py:839} INFO - DAG(s) dict_keys(['example_dag_decorator']) retrieved from /home/airflow/.local/lib/python3.8/site-packages/airflow/example_dags/example_dag_decorator.py
[2023-08-24T09:29:09.676+0000] {logging_mixin.py:151} INFO - [2023-08-24T09:29:09.532+0000] {manager.py:501} INFO - Created Permission View: can read on DAG:example_dag_decorator
[2023-08-24T09:29:10.390+0000] {logging_mixin.py:151} INFO - [2023-08-24T09:29:10.386+0000] {manager.py:501} INFO - Created Permission View: can edit on DAG:example_dag_decorator
[2023-08-24T09:29:10.634+0000] {logging_mixin.py:151} INFO - [2023-08-24T09:29:10.633+0000] {manager.py:501} INFO - Created Permission View: can delete on DAG:example_dag_decorator
[2023-08-24T09:29:11.028+0000] {logging_mixin.py:151} INFO - [2023-08-24T09:29:11.016+0000] {dag.py:2907} INFO - Sync 1 DAGs
[2023-08-24T09:29:11.446+0000] {logging_mixin.py:151} INFO - [2023-08-24T09:29:11.444+0000] {dag.py:2929} INFO - Creating ORM DAG for example_dag_decorator
[2023-08-24T09:29:11.468+0000] {logging_mixin.py:151} INFO - [2023-08-24T09:29:11.467+0000] {dag.py:3677} INFO - Setting next_dagrun for example_dag_decorator to None, run_after=None
[2023-08-24T09:29:12.801+0000] {processor.py:179} INFO - Processing /home/airflow/.local/lib/python3.8/site-packages/airflow/example_dags/example_dag_decorator.py took 8.087 seconds
[2023-08-24T09:30:49.523+0000] {processor.py:157} INFO - Started process (PID=132) to work on /home/airflow/.local/lib/python3.8/site-packages/airflow/example_dags/example_dag_decorator.py
[2023-08-24T09:30:49.604+0000] {processor.py:829} INFO - Processing file /home/airflow/.local/lib/python3.8/site-packages/airflow/example_dags/example_dag_decorator.py for tasks to queue
[2023-08-24T09:30:49.839+0000] {logging_mixin.py:151} INFO - [2023-08-24T09:30:49.774+0000] {dagbag.py:539} INFO - Filling up the DagBag from /home/airflow/.local/lib/python3.8/site-packages/airflow/example_dags/example_dag_decorator.py
[2023-08-24T09:30:52.483+0000] {processor.py:839} INFO - DAG(s) dict_keys(['example_dag_decorator']) retrieved from /home/airflow/.local/lib/python3.8/site-packages/airflow/example_dags/example_dag_decorator.py
[2023-08-24T09:30:55.045+0000] {logging_mixin.py:151} INFO - [2023-08-24T09:30:55.024+0000] {dag.py:2907} INFO - Sync 1 DAGs
[2023-08-24T09:30:55.787+0000] {logging_mixin.py:151} INFO - [2023-08-24T09:30:55.777+0000] {dag.py:3677} INFO - Setting next_dagrun for example_dag_decorator to None, run_after=None
[2023-08-24T09:30:56.320+0000] {processor.py:179} INFO - Processing /home/airflow/.local/lib/python3.8/site-packages/airflow/example_dags/example_dag_decorator.py took 7.211 seconds
[2023-08-24T09:31:31.154+0000] {processor.py:157} INFO - Started process (PID=188) to work on /home/airflow/.local/lib/python3.8/site-packages/airflow/example_dags/example_dag_decorator.py
[2023-08-24T09:31:31.166+0000] {processor.py:829} INFO - Processing file /home/airflow/.local/lib/python3.8/site-packages/airflow/example_dags/example_dag_decorator.py for tasks to queue
[2023-08-24T09:31:31.191+0000] {logging_mixin.py:151} INFO - [2023-08-24T09:31:31.187+0000] {dagbag.py:539} INFO - Filling up the DagBag from /home/airflow/.local/lib/python3.8/site-packages/airflow/example_dags/example_dag_decorator.py
[2023-08-24T09:31:31.782+0000] {processor.py:839} INFO - DAG(s) dict_keys(['example_dag_decorator']) retrieved from /home/airflow/.local/lib/python3.8/site-packages/airflow/example_dags/example_dag_decorator.py
[2023-08-24T09:31:32.008+0000] {logging_mixin.py:151} INFO - [2023-08-24T09:31:32.007+0000] {dag.py:2907} INFO - Sync 1 DAGs
[2023-08-24T09:31:32.362+0000] {logging_mixin.py:151} INFO - [2023-08-24T09:31:32.341+0000] {dag.py:3677} INFO - Setting next_dagrun for example_dag_decorator to None, run_after=None
[2023-08-24T09:31:32.548+0000] {processor.py:179} INFO - Processing /home/airflow/.local/lib/python3.8/site-packages/airflow/example_dags/example_dag_decorator.py took 1.441 seconds
[2023-08-24T09:32:22.586+0000] {processor.py:157} INFO - Started process (PID=237) to work on /home/airflow/.local/lib/python3.8/site-packages/airflow/example_dags/example_dag_decorator.py
[2023-08-24T09:32:22.595+0000] {processor.py:829} INFO - Processing file /home/airflow/.local/lib/python3.8/site-packages/airflow/example_dags/example_dag_decorator.py for tasks to queue
[2023-08-24T09:32:22.613+0000] {logging_mixin.py:151} INFO - [2023-08-24T09:32:22.611+0000] {dagbag.py:539} INFO - Filling up the DagBag from /home/airflow/.local/lib/python3.8/site-packages/airflow/example_dags/example_dag_decorator.py
[2023-08-24T09:32:23.124+0000] {processor.py:839} INFO - DAG(s) dict_keys(['example_dag_decorator']) retrieved from /home/airflow/.local/lib/python3.8/site-packages/airflow/example_dags/example_dag_decorator.py
[2023-08-24T09:32:24.694+0000] {logging_mixin.py:151} INFO - [2023-08-24T09:32:24.677+0000] {dag.py:2907} INFO - Sync 1 DAGs
[2023-08-24T09:32:24.829+0000] {logging_mixin.py:151} INFO - [2023-08-24T09:32:24.829+0000] {dag.py:3677} INFO - Setting next_dagrun for example_dag_decorator to None, run_after=None
[2023-08-24T09:32:25.157+0000] {processor.py:179} INFO - Processing /home/airflow/.local/lib/python3.8/site-packages/airflow/example_dags/example_dag_decorator.py took 2.614 seconds
[2023-08-24T09:33:23.349+0000] {processor.py:157} INFO - Started process (PID=300) to work on /home/airflow/.local/lib/python3.8/site-packages/airflow/example_dags/example_dag_decorator.py
[2023-08-24T09:33:23.474+0000] {processor.py:829} INFO - Processing file /home/airflow/.local/lib/python3.8/site-packages/airflow/example_dags/example_dag_decorator.py for tasks to queue
[2023-08-24T09:33:23.615+0000] {logging_mixin.py:151} INFO - [2023-08-24T09:33:23.579+0000] {dagbag.py:539} INFO - Filling up the DagBag from /home/airflow/.local/lib/python3.8/site-packages/airflow/example_dags/example_dag_decorator.py
[2023-08-24T09:33:25.264+0000] {processor.py:839} INFO - DAG(s) dict_keys(['example_dag_decorator']) retrieved from /home/airflow/.local/lib/python3.8/site-packages/airflow/example_dags/example_dag_decorator.py
[2023-08-24T09:33:28.731+0000] {logging_mixin.py:151} INFO - [2023-08-24T09:33:28.722+0000] {dag.py:2907} INFO - Sync 1 DAGs
[2023-08-24T09:33:29.346+0000] {logging_mixin.py:151} INFO - [2023-08-24T09:33:29.333+0000] {dag.py:3677} INFO - Setting next_dagrun for example_dag_decorator to None, run_after=None
[2023-08-24T09:33:30.276+0000] {processor.py:179} INFO - Processing /home/airflow/.local/lib/python3.8/site-packages/airflow/example_dags/example_dag_decorator.py took 7.067 seconds
[2023-08-24T09:34:02.955+0000] {processor.py:157} INFO - Started process (PID=357) to work on /home/airflow/.local/lib/python3.8/site-packages/airflow/example_dags/example_dag_decorator.py
[2023-08-24T09:34:02.958+0000] {processor.py:829} INFO - Processing file /home/airflow/.local/lib/python3.8/site-packages/airflow/example_dags/example_dag_decorator.py for tasks to queue
[2023-08-24T09:34:02.963+0000] {logging_mixin.py:151} INFO - [2023-08-24T09:34:02.962+0000] {dagbag.py:539} INFO - Filling up the DagBag from /home/airflow/.local/lib/python3.8/site-packages/airflow/example_dags/example_dag_decorator.py
[2023-08-24T09:34:03.043+0000] {processor.py:839} INFO - DAG(s) dict_keys(['example_dag_decorator']) retrieved from /home/airflow/.local/lib/python3.8/site-packages/airflow/example_dags/example_dag_decorator.py
[2023-08-24T09:34:03.195+0000] {logging_mixin.py:151} INFO - [2023-08-24T09:34:03.194+0000] {dag.py:2907} INFO - Sync 1 DAGs
[2023-08-24T09:34:03.212+0000] {logging_mixin.py:151} INFO - [2023-08-24T09:34:03.212+0000] {dag.py:3677} INFO - Setting next_dagrun for example_dag_decorator to None, run_after=None
[2023-08-24T09:34:03.248+0000] {processor.py:179} INFO - Processing /home/airflow/.local/lib/python3.8/site-packages/airflow/example_dags/example_dag_decorator.py took 0.297 seconds
[2023-08-24T09:34:33.451+0000] {processor.py:157} INFO - Started process (PID=413) to work on /home/airflow/.local/lib/python3.8/site-packages/airflow/example_dags/example_dag_decorator.py
[2023-08-24T09:34:33.454+0000] {processor.py:829} INFO - Processing file /home/airflow/.local/lib/python3.8/site-packages/airflow/example_dags/example_dag_decorator.py for tasks to queue
[2023-08-24T09:34:33.458+0000] {logging_mixin.py:151} INFO - [2023-08-24T09:34:33.458+0000] {dagbag.py:539} INFO - Filling up the DagBag from /home/airflow/.local/lib/python3.8/site-packages/airflow/example_dags/example_dag_decorator.py
[2023-08-24T09:34:33.539+0000] {processor.py:839} INFO - DAG(s) dict_keys(['example_dag_decorator']) retrieved from /home/airflow/.local/lib/python3.8/site-packages/airflow/example_dags/example_dag_decorator.py
[2023-08-24T09:34:33.674+0000] {logging_mixin.py:151} INFO - [2023-08-24T09:34:33.673+0000] {dag.py:2907} INFO - Sync 1 DAGs
[2023-08-24T09:34:33.691+0000] {logging_mixin.py:151} INFO - [2023-08-24T09:34:33.691+0000] {dag.py:3677} INFO - Setting next_dagrun for example_dag_decorator to None, run_after=None
[2023-08-24T09:34:33.712+0000] {processor.py:179} INFO - Processing /home/airflow/.local/lib/python3.8/site-packages/airflow/example_dags/example_dag_decorator.py took 0.266 seconds
[2023-08-24T09:35:03.976+0000] {processor.py:157} INFO - Started process (PID=468) to work on /home/airflow/.local/lib/python3.8/site-packages/airflow/example_dags/example_dag_decorator.py
[2023-08-24T09:35:03.980+0000] {processor.py:829} INFO - Processing file /home/airflow/.local/lib/python3.8/site-packages/airflow/example_dags/example_dag_decorator.py for tasks to queue
[2023-08-24T09:35:03.988+0000] {logging_mixin.py:151} INFO - [2023-08-24T09:35:03.987+0000] {dagbag.py:539} INFO - Filling up the DagBag from /home/airflow/.local/lib/python3.8/site-packages/airflow/example_dags/example_dag_decorator.py
[2023-08-24T09:35:04.124+0000] {processor.py:839} INFO - DAG(s) dict_keys(['example_dag_decorator']) retrieved from /home/airflow/.local/lib/python3.8/site-packages/airflow/example_dags/example_dag_decorator.py
[2023-08-24T09:35:04.527+0000] {logging_mixin.py:151} INFO - [2023-08-24T09:35:04.525+0000] {dag.py:2907} INFO - Sync 1 DAGs
[2023-08-24T09:35:04.573+0000] {logging_mixin.py:151} INFO - [2023-08-24T09:35:04.573+0000] {dag.py:3677} INFO - Setting next_dagrun for example_dag_decorator to None, run_after=None
[2023-08-24T09:35:04.619+0000] {processor.py:179} INFO - Processing /home/airflow/.local/lib/python3.8/site-packages/airflow/example_dags/example_dag_decorator.py took 0.660 seconds
[2023-08-24T09:35:34.777+0000] {processor.py:157} INFO - Started process (PID=524) to work on /home/airflow/.local/lib/python3.8/site-packages/airflow/example_dags/example_dag_decorator.py
[2023-08-24T09:35:34.780+0000] {processor.py:829} INFO - Processing file /home/airflow/.local/lib/python3.8/site-packages/airflow/example_dags/example_dag_decorator.py for tasks to queue
[2023-08-24T09:35:34.784+0000] {logging_mixin.py:151} INFO - [2023-08-24T09:35:34.783+0000] {dagbag.py:539} INFO - Filling up the DagBag from /home/airflow/.local/lib/python3.8/site-packages/airflow/example_dags/example_dag_decorator.py
[2023-08-24T09:35:34.878+0000] {processor.py:839} INFO - DAG(s) dict_keys(['example_dag_decorator']) retrieved from /home/airflow/.local/lib/python3.8/site-packages/airflow/example_dags/example_dag_decorator.py
[2023-08-24T09:35:35.010+0000] {logging_mixin.py:151} INFO - [2023-08-24T09:35:35.010+0000] {dag.py:2907} INFO - Sync 1 DAGs
[2023-08-24T09:35:35.024+0000] {logging_mixin.py:151} INFO - [2023-08-24T09:35:35.024+0000] {dag.py:3677} INFO - Setting next_dagrun for example_dag_decorator to None, run_after=None
[2023-08-24T09:35:35.049+0000] {processor.py:179} INFO - Processing /home/airflow/.local/lib/python3.8/site-packages/airflow/example_dags/example_dag_decorator.py took 0.276 seconds
[2023-08-24T09:36:05.294+0000] {processor.py:157} INFO - Started process (PID=580) to work on /home/airflow/.local/lib/python3.8/site-packages/airflow/example_dags/example_dag_decorator.py
[2023-08-24T09:36:05.298+0000] {processor.py:829} INFO - Processing file /home/airflow/.local/lib/python3.8/site-packages/airflow/example_dags/example_dag_decorator.py for tasks to queue
[2023-08-24T09:36:05.306+0000] {logging_mixin.py:151} INFO - [2023-08-24T09:36:05.305+0000] {dagbag.py:539} INFO - Filling up the DagBag from /home/airflow/.local/lib/python3.8/site-packages/airflow/example_dags/example_dag_decorator.py
[2023-08-24T09:36:05.390+0000] {processor.py:839} INFO - DAG(s) dict_keys(['example_dag_decorator']) retrieved from /home/airflow/.local/lib/python3.8/site-packages/airflow/example_dags/example_dag_decorator.py
[2023-08-24T09:36:05.531+0000] {logging_mixin.py:151} INFO - [2023-08-24T09:36:05.530+0000] {dag.py:2907} INFO - Sync 1 DAGs
[2023-08-24T09:36:05.543+0000] {logging_mixin.py:151} INFO - [2023-08-24T09:36:05.543+0000] {dag.py:3677} INFO - Setting next_dagrun for example_dag_decorator to None, run_after=None
[2023-08-24T09:36:05.561+0000] {processor.py:179} INFO - Processing /home/airflow/.local/lib/python3.8/site-packages/airflow/example_dags/example_dag_decorator.py took 0.274 seconds
[2023-08-24T09:36:36.047+0000] {processor.py:157} INFO - Started process (PID=634) to work on /home/airflow/.local/lib/python3.8/site-packages/airflow/example_dags/example_dag_decorator.py
[2023-08-24T09:36:36.050+0000] {processor.py:829} INFO - Processing file /home/airflow/.local/lib/python3.8/site-packages/airflow/example_dags/example_dag_decorator.py for tasks to queue
[2023-08-24T09:36:36.054+0000] {logging_mixin.py:151} INFO - [2023-08-24T09:36:36.054+0000] {dagbag.py:539} INFO - Filling up the DagBag from /home/airflow/.local/lib/python3.8/site-packages/airflow/example_dags/example_dag_decorator.py
[2023-08-24T09:36:36.144+0000] {processor.py:839} INFO - DAG(s) dict_keys(['example_dag_decorator']) retrieved from /home/airflow/.local/lib/python3.8/site-packages/airflow/example_dags/example_dag_decorator.py
[2023-08-24T09:36:36.303+0000] {logging_mixin.py:151} INFO - [2023-08-24T09:36:36.303+0000] {dag.py:2907} INFO - Sync 1 DAGs
[2023-08-24T09:36:36.318+0000] {logging_mixin.py:151} INFO - [2023-08-24T09:36:36.317+0000] {dag.py:3677} INFO - Setting next_dagrun for example_dag_decorator to None, run_after=None
[2023-08-24T09:36:36.339+0000] {processor.py:179} INFO - Processing /home/airflow/.local/lib/python3.8/site-packages/airflow/example_dags/example_dag_decorator.py took 0.296 seconds
