[2023-08-24T09:30:00.644+0000] {processor.py:157} INFO - Started process (PID=100) to work on /home/airflow/.local/lib/python3.8/site-packages/airflow/example_dags/example_python_operator.py
[2023-08-24T09:30:00.669+0000] {processor.py:829} INFO - Processing file /home/airflow/.local/lib/python3.8/site-packages/airflow/example_dags/example_python_operator.py for tasks to queue
[2023-08-24T09:30:00.716+0000] {logging_mixin.py:151} INFO - [2023-08-24T09:30:00.713+0000] {dagbag.py:539} INFO - Filling up the DagBag from /home/airflow/.local/lib/python3.8/site-packages/airflow/example_dags/example_python_operator.py
[2023-08-24T09:30:01.045+0000] {processor.py:839} INFO - DAG(s) dict_keys(['example_python_operator']) retrieved from /home/airflow/.local/lib/python3.8/site-packages/airflow/example_dags/example_python_operator.py
[2023-08-24T09:30:02.179+0000] {logging_mixin.py:151} INFO - [2023-08-24T09:30:02.168+0000] {manager.py:501} INFO - Created Permission View: can read on DAG:example_python_operator
[2023-08-24T09:30:02.254+0000] {logging_mixin.py:151} INFO - [2023-08-24T09:30:02.251+0000] {manager.py:501} INFO - Created Permission View: can edit on DAG:example_python_operator
[2023-08-24T09:30:02.385+0000] {logging_mixin.py:151} INFO - [2023-08-24T09:30:02.384+0000] {manager.py:501} INFO - Created Permission View: can delete on DAG:example_python_operator
[2023-08-24T09:30:02.450+0000] {logging_mixin.py:151} INFO - [2023-08-24T09:30:02.449+0000] {dag.py:2907} INFO - Sync 1 DAGs
[2023-08-24T09:30:02.496+0000] {logging_mixin.py:151} INFO - [2023-08-24T09:30:02.495+0000] {dag.py:2929} INFO - Creating ORM DAG for example_python_operator
[2023-08-24T09:30:02.518+0000] {logging_mixin.py:151} INFO - [2023-08-24T09:30:02.517+0000] {dag.py:3677} INFO - Setting next_dagrun for example_python_operator to None, run_after=None
[2023-08-24T09:30:02.623+0000] {processor.py:179} INFO - Processing /home/airflow/.local/lib/python3.8/site-packages/airflow/example_dags/example_python_operator.py took 2.014 seconds
[2023-08-24T09:31:16.011+0000] {processor.py:157} INFO - Started process (PID=168) to work on /home/airflow/.local/lib/python3.8/site-packages/airflow/example_dags/example_python_operator.py
[2023-08-24T09:31:16.044+0000] {processor.py:829} INFO - Processing file /home/airflow/.local/lib/python3.8/site-packages/airflow/example_dags/example_python_operator.py for tasks to queue
[2023-08-24T09:31:16.157+0000] {logging_mixin.py:151} INFO - [2023-08-24T09:31:16.140+0000] {dagbag.py:539} INFO - Filling up the DagBag from /home/airflow/.local/lib/python3.8/site-packages/airflow/example_dags/example_python_operator.py
[2023-08-24T09:31:16.299+0000] {processor.py:839} INFO - DAG(s) dict_keys(['example_python_operator']) retrieved from /home/airflow/.local/lib/python3.8/site-packages/airflow/example_dags/example_python_operator.py
[2023-08-24T09:31:16.921+0000] {logging_mixin.py:151} INFO - [2023-08-24T09:31:16.916+0000] {dag.py:2907} INFO - Sync 1 DAGs
[2023-08-24T09:31:17.162+0000] {logging_mixin.py:151} INFO - [2023-08-24T09:31:17.162+0000] {dag.py:3677} INFO - Setting next_dagrun for example_python_operator to None, run_after=None
[2023-08-24T09:31:17.553+0000] {processor.py:179} INFO - Processing /home/airflow/.local/lib/python3.8/site-packages/airflow/example_dags/example_python_operator.py took 1.627 seconds
[2023-08-24T09:32:10.471+0000] {processor.py:157} INFO - Started process (PID=229) to work on /home/airflow/.local/lib/python3.8/site-packages/airflow/example_dags/example_python_operator.py
[2023-08-24T09:32:10.487+0000] {processor.py:829} INFO - Processing file /home/airflow/.local/lib/python3.8/site-packages/airflow/example_dags/example_python_operator.py for tasks to queue
[2023-08-24T09:32:10.528+0000] {logging_mixin.py:151} INFO - [2023-08-24T09:32:10.523+0000] {dagbag.py:539} INFO - Filling up the DagBag from /home/airflow/.local/lib/python3.8/site-packages/airflow/example_dags/example_python_operator.py
[2023-08-24T09:32:10.749+0000] {processor.py:839} INFO - DAG(s) dict_keys(['example_python_operator']) retrieved from /home/airflow/.local/lib/python3.8/site-packages/airflow/example_dags/example_python_operator.py
[2023-08-24T09:32:11.094+0000] {logging_mixin.py:151} INFO - [2023-08-24T09:32:11.093+0000] {dag.py:2907} INFO - Sync 1 DAGs
[2023-08-24T09:32:11.282+0000] {logging_mixin.py:151} INFO - [2023-08-24T09:32:11.281+0000] {dag.py:3677} INFO - Setting next_dagrun for example_python_operator to None, run_after=None
[2023-08-24T09:32:11.531+0000] {processor.py:179} INFO - Processing /home/airflow/.local/lib/python3.8/site-packages/airflow/example_dags/example_python_operator.py took 1.095 seconds
[2023-08-24T09:33:20.246+0000] {processor.py:157} INFO - Started process (PID=298) to work on /home/airflow/.local/lib/python3.8/site-packages/airflow/example_dags/example_python_operator.py
[2023-08-24T09:33:20.257+0000] {processor.py:829} INFO - Processing file /home/airflow/.local/lib/python3.8/site-packages/airflow/example_dags/example_python_operator.py for tasks to queue
[2023-08-24T09:33:20.308+0000] {logging_mixin.py:151} INFO - [2023-08-24T09:33:20.305+0000] {dagbag.py:539} INFO - Filling up the DagBag from /home/airflow/.local/lib/python3.8/site-packages/airflow/example_dags/example_python_operator.py
[2023-08-24T09:33:20.423+0000] {processor.py:839} INFO - DAG(s) dict_keys(['example_python_operator']) retrieved from /home/airflow/.local/lib/python3.8/site-packages/airflow/example_dags/example_python_operator.py
[2023-08-24T09:33:21.805+0000] {logging_mixin.py:151} INFO - [2023-08-24T09:33:21.786+0000] {dag.py:2907} INFO - Sync 1 DAGs
[2023-08-24T09:33:21.994+0000] {logging_mixin.py:151} INFO - [2023-08-24T09:33:21.989+0000] {dag.py:3677} INFO - Setting next_dagrun for example_python_operator to None, run_after=None
[2023-08-24T09:33:22.246+0000] {processor.py:179} INFO - Processing /home/airflow/.local/lib/python3.8/site-packages/airflow/example_dags/example_python_operator.py took 2.138 seconds
[2023-08-24T09:33:55.696+0000] {processor.py:157} INFO - Started process (PID=355) to work on /home/airflow/.local/lib/python3.8/site-packages/airflow/example_dags/example_python_operator.py
[2023-08-24T09:33:55.699+0000] {processor.py:829} INFO - Processing file /home/airflow/.local/lib/python3.8/site-packages/airflow/example_dags/example_python_operator.py for tasks to queue
[2023-08-24T09:33:55.703+0000] {logging_mixin.py:151} INFO - [2023-08-24T09:33:55.703+0000] {dagbag.py:539} INFO - Filling up the DagBag from /home/airflow/.local/lib/python3.8/site-packages/airflow/example_dags/example_python_operator.py
[2023-08-24T09:33:55.720+0000] {processor.py:839} INFO - DAG(s) dict_keys(['example_python_operator']) retrieved from /home/airflow/.local/lib/python3.8/site-packages/airflow/example_dags/example_python_operator.py
[2023-08-24T09:33:55.758+0000] {logging_mixin.py:151} INFO - [2023-08-24T09:33:55.758+0000] {dag.py:2907} INFO - Sync 1 DAGs
[2023-08-24T09:33:55.777+0000] {logging_mixin.py:151} INFO - [2023-08-24T09:33:55.776+0000] {dag.py:3677} INFO - Setting next_dagrun for example_python_operator to None, run_after=None
[2023-08-24T09:33:55.806+0000] {processor.py:179} INFO - Processing /home/airflow/.local/lib/python3.8/site-packages/airflow/example_dags/example_python_operator.py took 0.116 seconds
[2023-08-24T09:34:27.891+0000] {processor.py:157} INFO - Started process (PID=408) to work on /home/airflow/.local/lib/python3.8/site-packages/airflow/example_dags/example_python_operator.py
[2023-08-24T09:34:27.895+0000] {processor.py:829} INFO - Processing file /home/airflow/.local/lib/python3.8/site-packages/airflow/example_dags/example_python_operator.py for tasks to queue
[2023-08-24T09:34:27.905+0000] {logging_mixin.py:151} INFO - [2023-08-24T09:34:27.904+0000] {dagbag.py:539} INFO - Filling up the DagBag from /home/airflow/.local/lib/python3.8/site-packages/airflow/example_dags/example_python_operator.py
[2023-08-24T09:34:27.923+0000] {processor.py:839} INFO - DAG(s) dict_keys(['example_python_operator']) retrieved from /home/airflow/.local/lib/python3.8/site-packages/airflow/example_dags/example_python_operator.py
[2023-08-24T09:34:27.977+0000] {logging_mixin.py:151} INFO - [2023-08-24T09:34:27.977+0000] {dag.py:2907} INFO - Sync 1 DAGs
[2023-08-24T09:34:28.000+0000] {logging_mixin.py:151} INFO - [2023-08-24T09:34:28.000+0000] {dag.py:3677} INFO - Setting next_dagrun for example_python_operator to None, run_after=None
[2023-08-24T09:34:28.036+0000] {processor.py:179} INFO - Processing /home/airflow/.local/lib/python3.8/site-packages/airflow/example_dags/example_python_operator.py took 0.163 seconds
[2023-08-24T09:34:58.741+0000] {processor.py:157} INFO - Started process (PID=463) to work on /home/airflow/.local/lib/python3.8/site-packages/airflow/example_dags/example_python_operator.py
[2023-08-24T09:34:58.764+0000] {processor.py:829} INFO - Processing file /home/airflow/.local/lib/python3.8/site-packages/airflow/example_dags/example_python_operator.py for tasks to queue
[2023-08-24T09:34:58.788+0000] {logging_mixin.py:151} INFO - [2023-08-24T09:34:58.787+0000] {dagbag.py:539} INFO - Filling up the DagBag from /home/airflow/.local/lib/python3.8/site-packages/airflow/example_dags/example_python_operator.py
[2023-08-24T09:34:58.842+0000] {processor.py:839} INFO - DAG(s) dict_keys(['example_python_operator']) retrieved from /home/airflow/.local/lib/python3.8/site-packages/airflow/example_dags/example_python_operator.py
[2023-08-24T09:34:59.104+0000] {logging_mixin.py:151} INFO - [2023-08-24T09:34:59.103+0000] {dag.py:2907} INFO - Sync 1 DAGs
[2023-08-24T09:34:59.198+0000] {logging_mixin.py:151} INFO - [2023-08-24T09:34:59.198+0000] {dag.py:3677} INFO - Setting next_dagrun for example_python_operator to None, run_after=None
[2023-08-24T09:34:59.565+0000] {processor.py:179} INFO - Processing /home/airflow/.local/lib/python3.8/site-packages/airflow/example_dags/example_python_operator.py took 0.880 seconds
[2023-08-24T09:35:30.546+0000] {processor.py:157} INFO - Started process (PID=520) to work on /home/airflow/.local/lib/python3.8/site-packages/airflow/example_dags/example_python_operator.py
[2023-08-24T09:35:30.548+0000] {processor.py:829} INFO - Processing file /home/airflow/.local/lib/python3.8/site-packages/airflow/example_dags/example_python_operator.py for tasks to queue
[2023-08-24T09:35:30.552+0000] {logging_mixin.py:151} INFO - [2023-08-24T09:35:30.552+0000] {dagbag.py:539} INFO - Filling up the DagBag from /home/airflow/.local/lib/python3.8/site-packages/airflow/example_dags/example_python_operator.py
[2023-08-24T09:35:30.573+0000] {processor.py:839} INFO - DAG(s) dict_keys(['example_python_operator']) retrieved from /home/airflow/.local/lib/python3.8/site-packages/airflow/example_dags/example_python_operator.py
[2023-08-24T09:35:30.602+0000] {logging_mixin.py:151} INFO - [2023-08-24T09:35:30.601+0000] {dag.py:2907} INFO - Sync 1 DAGs
[2023-08-24T09:35:30.614+0000] {logging_mixin.py:151} INFO - [2023-08-24T09:35:30.614+0000] {dag.py:3677} INFO - Setting next_dagrun for example_python_operator to None, run_after=None
[2023-08-24T09:35:30.631+0000] {processor.py:179} INFO - Processing /home/airflow/.local/lib/python3.8/site-packages/airflow/example_dags/example_python_operator.py took 0.090 seconds
[2023-08-24T09:36:01.599+0000] {processor.py:157} INFO - Started process (PID=576) to work on /home/airflow/.local/lib/python3.8/site-packages/airflow/example_dags/example_python_operator.py
[2023-08-24T09:36:01.602+0000] {processor.py:829} INFO - Processing file /home/airflow/.local/lib/python3.8/site-packages/airflow/example_dags/example_python_operator.py for tasks to queue
[2023-08-24T09:36:01.608+0000] {logging_mixin.py:151} INFO - [2023-08-24T09:36:01.607+0000] {dagbag.py:539} INFO - Filling up the DagBag from /home/airflow/.local/lib/python3.8/site-packages/airflow/example_dags/example_python_operator.py
[2023-08-24T09:36:01.629+0000] {processor.py:839} INFO - DAG(s) dict_keys(['example_python_operator']) retrieved from /home/airflow/.local/lib/python3.8/site-packages/airflow/example_dags/example_python_operator.py
[2023-08-24T09:36:01.670+0000] {logging_mixin.py:151} INFO - [2023-08-24T09:36:01.670+0000] {dag.py:2907} INFO - Sync 1 DAGs
[2023-08-24T09:36:01.687+0000] {logging_mixin.py:151} INFO - [2023-08-24T09:36:01.687+0000] {dag.py:3677} INFO - Setting next_dagrun for example_python_operator to None, run_after=None
[2023-08-24T09:36:01.708+0000] {processor.py:179} INFO - Processing /home/airflow/.local/lib/python3.8/site-packages/airflow/example_dags/example_python_operator.py took 0.114 seconds
[2023-08-24T09:36:31.828+0000] {processor.py:157} INFO - Started process (PID=632) to work on /home/airflow/.local/lib/python3.8/site-packages/airflow/example_dags/example_python_operator.py
[2023-08-24T09:36:31.831+0000] {processor.py:829} INFO - Processing file /home/airflow/.local/lib/python3.8/site-packages/airflow/example_dags/example_python_operator.py for tasks to queue
[2023-08-24T09:36:31.836+0000] {logging_mixin.py:151} INFO - [2023-08-24T09:36:31.836+0000] {dagbag.py:539} INFO - Filling up the DagBag from /home/airflow/.local/lib/python3.8/site-packages/airflow/example_dags/example_python_operator.py
[2023-08-24T09:36:31.854+0000] {processor.py:839} INFO - DAG(s) dict_keys(['example_python_operator']) retrieved from /home/airflow/.local/lib/python3.8/site-packages/airflow/example_dags/example_python_operator.py
[2023-08-24T09:36:31.892+0000] {logging_mixin.py:151} INFO - [2023-08-24T09:36:31.891+0000] {dag.py:2907} INFO - Sync 1 DAGs
[2023-08-24T09:36:31.911+0000] {logging_mixin.py:151} INFO - [2023-08-24T09:36:31.911+0000] {dag.py:3677} INFO - Setting next_dagrun for example_python_operator to None, run_after=None
[2023-08-24T09:36:31.931+0000] {processor.py:179} INFO - Processing /home/airflow/.local/lib/python3.8/site-packages/airflow/example_dags/example_python_operator.py took 0.109 seconds
