[2023-08-24T09:28:29.840+0000] {processor.py:157} INFO - Started process (PID=48) to work on /home/airflow/.local/lib/python3.8/site-packages/airflow/example_dags/example_branch_operator.py
[2023-08-24T09:28:29.902+0000] {processor.py:829} INFO - Processing file /home/airflow/.local/lib/python3.8/site-packages/airflow/example_dags/example_branch_operator.py for tasks to queue
[2023-08-24T09:28:30.090+0000] {logging_mixin.py:151} INFO - [2023-08-24T09:28:30.020+0000] {dagbag.py:539} INFO - Filling up the DagBag from /home/airflow/.local/lib/python3.8/site-packages/airflow/example_dags/example_branch_operator.py
[2023-08-24T09:28:30.411+0000] {processor.py:839} INFO - DAG(s) dict_keys(['example_branch_operator']) retrieved from /home/airflow/.local/lib/python3.8/site-packages/airflow/example_dags/example_branch_operator.py
[2023-08-24T09:28:37.411+0000] {logging_mixin.py:151} INFO - [2023-08-24T09:28:37.409+0000] {manager.py:501} INFO - Created Permission View: can read on DAG:example_branch_operator
[2023-08-24T09:28:37.497+0000] {logging_mixin.py:151} INFO - [2023-08-24T09:28:37.496+0000] {manager.py:501} INFO - Created Permission View: can edit on DAG:example_branch_operator
[2023-08-24T09:28:37.550+0000] {logging_mixin.py:151} INFO - [2023-08-24T09:28:37.549+0000] {manager.py:501} INFO - Created Permission View: can delete on DAG:example_branch_operator
[2023-08-24T09:28:37.620+0000] {logging_mixin.py:151} INFO - [2023-08-24T09:28:37.620+0000] {dag.py:2907} INFO - Sync 1 DAGs
[2023-08-24T09:28:37.739+0000] {logging_mixin.py:151} INFO - [2023-08-24T09:28:37.738+0000] {dag.py:2929} INFO - Creating ORM DAG for example_branch_operator
[2023-08-24T09:28:37.846+0000] {logging_mixin.py:151} INFO - [2023-08-24T09:28:37.832+0000] {dag.py:3677} INFO - Setting next_dagrun for example_branch_operator to 2023-08-23T00:00:00+00:00, run_after=2023-08-24T00:00:00+00:00
[2023-08-24T09:28:38.344+0000] {processor.py:179} INFO - Processing /home/airflow/.local/lib/python3.8/site-packages/airflow/example_dags/example_branch_operator.py took 8.730 seconds
[2023-08-24T09:30:35.912+0000] {processor.py:157} INFO - Started process (PID=124) to work on /home/airflow/.local/lib/python3.8/site-packages/airflow/example_dags/example_branch_operator.py
[2023-08-24T09:30:35.978+0000] {processor.py:829} INFO - Processing file /home/airflow/.local/lib/python3.8/site-packages/airflow/example_dags/example_branch_operator.py for tasks to queue
[2023-08-24T09:30:36.083+0000] {logging_mixin.py:151} INFO - [2023-08-24T09:30:36.082+0000] {dagbag.py:539} INFO - Filling up the DagBag from /home/airflow/.local/lib/python3.8/site-packages/airflow/example_dags/example_branch_operator.py
[2023-08-24T09:30:36.640+0000] {processor.py:839} INFO - DAG(s) dict_keys(['example_branch_operator']) retrieved from /home/airflow/.local/lib/python3.8/site-packages/airflow/example_dags/example_branch_operator.py
[2023-08-24T09:30:37.123+0000] {logging_mixin.py:151} INFO - [2023-08-24T09:30:37.122+0000] {dag.py:2907} INFO - Sync 1 DAGs
[2023-08-24T09:30:37.484+0000] {logging_mixin.py:151} INFO - [2023-08-24T09:30:37.482+0000] {dag.py:3677} INFO - Setting next_dagrun for example_branch_operator to 2023-08-23T00:00:00+00:00, run_after=2023-08-24T00:00:00+00:00
[2023-08-24T09:30:37.882+0000] {processor.py:179} INFO - Processing /home/airflow/.local/lib/python3.8/site-packages/airflow/example_dags/example_branch_operator.py took 2.165 seconds
[2023-08-24T09:31:11.428+0000] {processor.py:157} INFO - Started process (PID=162) to work on /home/airflow/.local/lib/python3.8/site-packages/airflow/example_dags/example_branch_operator.py
[2023-08-24T09:31:11.438+0000] {processor.py:829} INFO - Processing file /home/airflow/.local/lib/python3.8/site-packages/airflow/example_dags/example_branch_operator.py for tasks to queue
[2023-08-24T09:31:11.460+0000] {logging_mixin.py:151} INFO - [2023-08-24T09:31:11.458+0000] {dagbag.py:539} INFO - Filling up the DagBag from /home/airflow/.local/lib/python3.8/site-packages/airflow/example_dags/example_branch_operator.py
[2023-08-24T09:31:11.566+0000] {processor.py:839} INFO - DAG(s) dict_keys(['example_branch_operator']) retrieved from /home/airflow/.local/lib/python3.8/site-packages/airflow/example_dags/example_branch_operator.py
[2023-08-24T09:31:11.794+0000] {logging_mixin.py:151} INFO - [2023-08-24T09:31:11.778+0000] {dag.py:2907} INFO - Sync 1 DAGs
[2023-08-24T09:31:12.509+0000] {logging_mixin.py:151} INFO - [2023-08-24T09:31:12.489+0000] {dag.py:3677} INFO - Setting next_dagrun for example_branch_operator to 2023-08-23T00:00:00+00:00, run_after=2023-08-24T00:00:00+00:00
[2023-08-24T09:31:12.850+0000] {processor.py:179} INFO - Processing /home/airflow/.local/lib/python3.8/site-packages/airflow/example_dags/example_branch_operator.py took 1.437 seconds
[2023-08-24T09:31:55.261+0000] {processor.py:157} INFO - Started process (PID=218) to work on /home/airflow/.local/lib/python3.8/site-packages/airflow/example_dags/example_branch_operator.py
[2023-08-24T09:31:55.440+0000] {processor.py:829} INFO - Processing file /home/airflow/.local/lib/python3.8/site-packages/airflow/example_dags/example_branch_operator.py for tasks to queue
[2023-08-24T09:31:55.687+0000] {logging_mixin.py:151} INFO - [2023-08-24T09:31:55.682+0000] {dagbag.py:539} INFO - Filling up the DagBag from /home/airflow/.local/lib/python3.8/site-packages/airflow/example_dags/example_branch_operator.py
[2023-08-24T09:31:57.209+0000] {processor.py:839} INFO - DAG(s) dict_keys(['example_branch_operator']) retrieved from /home/airflow/.local/lib/python3.8/site-packages/airflow/example_dags/example_branch_operator.py
[2023-08-24T09:31:58.568+0000] {logging_mixin.py:151} INFO - [2023-08-24T09:31:58.491+0000] {dag.py:2907} INFO - Sync 1 DAGs
[2023-08-24T09:32:01.394+0000] {logging_mixin.py:151} INFO - [2023-08-24T09:32:01.153+0000] {dag.py:3677} INFO - Setting next_dagrun for example_branch_operator to 2023-08-23T00:00:00+00:00, run_after=2023-08-24T00:00:00+00:00
[2023-08-24T09:32:03.387+0000] {processor.py:179} INFO - Processing /home/airflow/.local/lib/python3.8/site-packages/airflow/example_dags/example_branch_operator.py took 8.768 seconds
[2023-08-24T09:32:56.257+0000] {processor.py:157} INFO - Started process (PID=266) to work on /home/airflow/.local/lib/python3.8/site-packages/airflow/example_dags/example_branch_operator.py
[2023-08-24T09:32:56.308+0000] {processor.py:829} INFO - Processing file /home/airflow/.local/lib/python3.8/site-packages/airflow/example_dags/example_branch_operator.py for tasks to queue
[2023-08-24T09:32:56.352+0000] {logging_mixin.py:151} INFO - [2023-08-24T09:32:56.349+0000] {dagbag.py:539} INFO - Filling up the DagBag from /home/airflow/.local/lib/python3.8/site-packages/airflow/example_dags/example_branch_operator.py
[2023-08-24T09:32:56.619+0000] {processor.py:839} INFO - DAG(s) dict_keys(['example_branch_operator']) retrieved from /home/airflow/.local/lib/python3.8/site-packages/airflow/example_dags/example_branch_operator.py
[2023-08-24T09:32:58.160+0000] {logging_mixin.py:151} INFO - [2023-08-24T09:32:58.148+0000] {dag.py:2907} INFO - Sync 1 DAGs
[2023-08-24T09:32:58.625+0000] {logging_mixin.py:151} INFO - [2023-08-24T09:32:58.615+0000] {dag.py:3677} INFO - Setting next_dagrun for example_branch_operator to 2023-08-23T00:00:00+00:00, run_after=2023-08-24T00:00:00+00:00
[2023-08-24T09:32:58.796+0000] {processor.py:179} INFO - Processing /home/airflow/.local/lib/python3.8/site-packages/airflow/example_dags/example_branch_operator.py took 2.579 seconds
[2023-08-24T09:33:50.271+0000] {processor.py:157} INFO - Started process (PID=324) to work on /home/airflow/.local/lib/python3.8/site-packages/airflow/example_dags/example_branch_operator.py
[2023-08-24T09:33:50.276+0000] {processor.py:829} INFO - Processing file /home/airflow/.local/lib/python3.8/site-packages/airflow/example_dags/example_branch_operator.py for tasks to queue
[2023-08-24T09:33:50.290+0000] {logging_mixin.py:151} INFO - [2023-08-24T09:33:50.289+0000] {dagbag.py:539} INFO - Filling up the DagBag from /home/airflow/.local/lib/python3.8/site-packages/airflow/example_dags/example_branch_operator.py
[2023-08-24T09:33:50.336+0000] {processor.py:839} INFO - DAG(s) dict_keys(['example_branch_operator']) retrieved from /home/airflow/.local/lib/python3.8/site-packages/airflow/example_dags/example_branch_operator.py
[2023-08-24T09:33:50.491+0000] {logging_mixin.py:151} INFO - [2023-08-24T09:33:50.491+0000] {dag.py:2907} INFO - Sync 1 DAGs
[2023-08-24T09:33:50.599+0000] {logging_mixin.py:151} INFO - [2023-08-24T09:33:50.599+0000] {dag.py:3677} INFO - Setting next_dagrun for example_branch_operator to 2023-08-23T00:00:00+00:00, run_after=2023-08-24T00:00:00+00:00
[2023-08-24T09:33:50.666+0000] {processor.py:179} INFO - Processing /home/airflow/.local/lib/python3.8/site-packages/airflow/example_dags/example_branch_operator.py took 0.403 seconds
[2023-08-24T09:34:20.952+0000] {processor.py:157} INFO - Started process (PID=380) to work on /home/airflow/.local/lib/python3.8/site-packages/airflow/example_dags/example_branch_operator.py
[2023-08-24T09:34:20.956+0000] {processor.py:829} INFO - Processing file /home/airflow/.local/lib/python3.8/site-packages/airflow/example_dags/example_branch_operator.py for tasks to queue
[2023-08-24T09:34:20.961+0000] {logging_mixin.py:151} INFO - [2023-08-24T09:34:20.960+0000] {dagbag.py:539} INFO - Filling up the DagBag from /home/airflow/.local/lib/python3.8/site-packages/airflow/example_dags/example_branch_operator.py
[2023-08-24T09:34:20.974+0000] {processor.py:839} INFO - DAG(s) dict_keys(['example_branch_operator']) retrieved from /home/airflow/.local/lib/python3.8/site-packages/airflow/example_dags/example_branch_operator.py
[2023-08-24T09:34:21.007+0000] {logging_mixin.py:151} INFO - [2023-08-24T09:34:21.007+0000] {dag.py:2907} INFO - Sync 1 DAGs
[2023-08-24T09:34:21.029+0000] {logging_mixin.py:151} INFO - [2023-08-24T09:34:21.029+0000] {dag.py:3677} INFO - Setting next_dagrun for example_branch_operator to 2023-08-23T00:00:00+00:00, run_after=2023-08-24T00:00:00+00:00
[2023-08-24T09:34:21.045+0000] {processor.py:179} INFO - Processing /home/airflow/.local/lib/python3.8/site-packages/airflow/example_dags/example_branch_operator.py took 0.098 seconds
[2023-08-24T09:34:51.207+0000] {processor.py:157} INFO - Started process (PID=435) to work on /home/airflow/.local/lib/python3.8/site-packages/airflow/example_dags/example_branch_operator.py
[2023-08-24T09:34:51.211+0000] {processor.py:829} INFO - Processing file /home/airflow/.local/lib/python3.8/site-packages/airflow/example_dags/example_branch_operator.py for tasks to queue
[2023-08-24T09:34:51.215+0000] {logging_mixin.py:151} INFO - [2023-08-24T09:34:51.215+0000] {dagbag.py:539} INFO - Filling up the DagBag from /home/airflow/.local/lib/python3.8/site-packages/airflow/example_dags/example_branch_operator.py
[2023-08-24T09:34:51.227+0000] {processor.py:839} INFO - DAG(s) dict_keys(['example_branch_operator']) retrieved from /home/airflow/.local/lib/python3.8/site-packages/airflow/example_dags/example_branch_operator.py
[2023-08-24T09:34:51.265+0000] {logging_mixin.py:151} INFO - [2023-08-24T09:34:51.264+0000] {dag.py:2907} INFO - Sync 1 DAGs
[2023-08-24T09:34:51.294+0000] {logging_mixin.py:151} INFO - [2023-08-24T09:34:51.294+0000] {dag.py:3677} INFO - Setting next_dagrun for example_branch_operator to 2023-08-23T00:00:00+00:00, run_after=2023-08-24T00:00:00+00:00
[2023-08-24T09:34:51.316+0000] {processor.py:179} INFO - Processing /home/airflow/.local/lib/python3.8/site-packages/airflow/example_dags/example_branch_operator.py took 0.113 seconds
[2023-08-24T09:35:21.531+0000] {processor.py:157} INFO - Started process (PID=491) to work on /home/airflow/.local/lib/python3.8/site-packages/airflow/example_dags/example_branch_operator.py
[2023-08-24T09:35:21.534+0000] {processor.py:829} INFO - Processing file /home/airflow/.local/lib/python3.8/site-packages/airflow/example_dags/example_branch_operator.py for tasks to queue
[2023-08-24T09:35:21.537+0000] {logging_mixin.py:151} INFO - [2023-08-24T09:35:21.537+0000] {dagbag.py:539} INFO - Filling up the DagBag from /home/airflow/.local/lib/python3.8/site-packages/airflow/example_dags/example_branch_operator.py
[2023-08-24T09:35:21.549+0000] {processor.py:839} INFO - DAG(s) dict_keys(['example_branch_operator']) retrieved from /home/airflow/.local/lib/python3.8/site-packages/airflow/example_dags/example_branch_operator.py
[2023-08-24T09:35:21.583+0000] {logging_mixin.py:151} INFO - [2023-08-24T09:35:21.583+0000] {dag.py:2907} INFO - Sync 1 DAGs
[2023-08-24T09:35:21.608+0000] {logging_mixin.py:151} INFO - [2023-08-24T09:35:21.608+0000] {dag.py:3677} INFO - Setting next_dagrun for example_branch_operator to 2023-08-23T00:00:00+00:00, run_after=2023-08-24T00:00:00+00:00
[2023-08-24T09:35:21.625+0000] {processor.py:179} INFO - Processing /home/airflow/.local/lib/python3.8/site-packages/airflow/example_dags/example_branch_operator.py took 0.098 seconds
[2023-08-24T09:35:51.985+0000] {processor.py:157} INFO - Started process (PID=545) to work on /home/airflow/.local/lib/python3.8/site-packages/airflow/example_dags/example_branch_operator.py
[2023-08-24T09:35:51.987+0000] {processor.py:829} INFO - Processing file /home/airflow/.local/lib/python3.8/site-packages/airflow/example_dags/example_branch_operator.py for tasks to queue
[2023-08-24T09:35:51.991+0000] {logging_mixin.py:151} INFO - [2023-08-24T09:35:51.990+0000] {dagbag.py:539} INFO - Filling up the DagBag from /home/airflow/.local/lib/python3.8/site-packages/airflow/example_dags/example_branch_operator.py
[2023-08-24T09:35:52.002+0000] {processor.py:839} INFO - DAG(s) dict_keys(['example_branch_operator']) retrieved from /home/airflow/.local/lib/python3.8/site-packages/airflow/example_dags/example_branch_operator.py
[2023-08-24T09:35:52.041+0000] {logging_mixin.py:151} INFO - [2023-08-24T09:35:52.041+0000] {dag.py:2907} INFO - Sync 1 DAGs
[2023-08-24T09:35:52.068+0000] {logging_mixin.py:151} INFO - [2023-08-24T09:35:52.068+0000] {dag.py:3677} INFO - Setting next_dagrun for example_branch_operator to 2023-08-23T00:00:00+00:00, run_after=2023-08-24T00:00:00+00:00
[2023-08-24T09:35:52.087+0000] {processor.py:179} INFO - Processing /home/airflow/.local/lib/python3.8/site-packages/airflow/example_dags/example_branch_operator.py took 0.106 seconds
[2023-08-24T09:36:22.183+0000] {processor.py:157} INFO - Started process (PID=601) to work on /home/airflow/.local/lib/python3.8/site-packages/airflow/example_dags/example_branch_operator.py
[2023-08-24T09:36:22.187+0000] {processor.py:829} INFO - Processing file /home/airflow/.local/lib/python3.8/site-packages/airflow/example_dags/example_branch_operator.py for tasks to queue
[2023-08-24T09:36:22.191+0000] {logging_mixin.py:151} INFO - [2023-08-24T09:36:22.190+0000] {dagbag.py:539} INFO - Filling up the DagBag from /home/airflow/.local/lib/python3.8/site-packages/airflow/example_dags/example_branch_operator.py
[2023-08-24T09:36:22.205+0000] {processor.py:839} INFO - DAG(s) dict_keys(['example_branch_operator']) retrieved from /home/airflow/.local/lib/python3.8/site-packages/airflow/example_dags/example_branch_operator.py
[2023-08-24T09:36:22.245+0000] {logging_mixin.py:151} INFO - [2023-08-24T09:36:22.244+0000] {dag.py:2907} INFO - Sync 1 DAGs
[2023-08-24T09:36:22.284+0000] {logging_mixin.py:151} INFO - [2023-08-24T09:36:22.284+0000] {dag.py:3677} INFO - Setting next_dagrun for example_branch_operator to 2023-08-23T00:00:00+00:00, run_after=2023-08-24T00:00:00+00:00
[2023-08-24T09:36:22.320+0000] {processor.py:179} INFO - Processing /home/airflow/.local/lib/python3.8/site-packages/airflow/example_dags/example_branch_operator.py took 0.140 seconds
[2023-08-24T09:36:52.684+0000] {processor.py:157} INFO - Started process (PID=657) to work on /home/airflow/.local/lib/python3.8/site-packages/airflow/example_dags/example_branch_operator.py
[2023-08-24T09:36:52.687+0000] {processor.py:829} INFO - Processing file /home/airflow/.local/lib/python3.8/site-packages/airflow/example_dags/example_branch_operator.py for tasks to queue
[2023-08-24T09:36:52.691+0000] {logging_mixin.py:151} INFO - [2023-08-24T09:36:52.690+0000] {dagbag.py:539} INFO - Filling up the DagBag from /home/airflow/.local/lib/python3.8/site-packages/airflow/example_dags/example_branch_operator.py
[2023-08-24T09:36:52.704+0000] {processor.py:839} INFO - DAG(s) dict_keys(['example_branch_operator']) retrieved from /home/airflow/.local/lib/python3.8/site-packages/airflow/example_dags/example_branch_operator.py
[2023-08-24T09:36:52.745+0000] {logging_mixin.py:151} INFO - [2023-08-24T09:36:52.745+0000] {dag.py:2907} INFO - Sync 1 DAGs
[2023-08-24T09:36:52.769+0000] {logging_mixin.py:151} INFO - [2023-08-24T09:36:52.769+0000] {dag.py:3677} INFO - Setting next_dagrun for example_branch_operator to 2023-08-23T00:00:00+00:00, run_after=2023-08-24T00:00:00+00:00
[2023-08-24T09:36:52.786+0000] {processor.py:179} INFO - Processing /home/airflow/.local/lib/python3.8/site-packages/airflow/example_dags/example_branch_operator.py took 0.106 seconds
