[2023-08-24T09:30:19.019+0000] {processor.py:157} INFO - Started process (PID=107) to work on /home/airflow/.local/lib/python3.8/site-packages/airflow/example_dags/example_branch_python_dop_operator_3.py
[2023-08-24T09:30:19.048+0000] {processor.py:829} INFO - Processing file /home/airflow/.local/lib/python3.8/site-packages/airflow/example_dags/example_branch_python_dop_operator_3.py for tasks to queue
[2023-08-24T09:30:19.152+0000] {logging_mixin.py:151} INFO - [2023-08-24T09:30:19.106+0000] {dagbag.py:539} INFO - Filling up the DagBag from /home/airflow/.local/lib/python3.8/site-packages/airflow/example_dags/example_branch_python_dop_operator_3.py
[2023-08-24T09:30:19.491+0000] {processor.py:839} INFO - DAG(s) dict_keys(['example_branch_dop_operator_v3']) retrieved from /home/airflow/.local/lib/python3.8/site-packages/airflow/example_dags/example_branch_python_dop_operator_3.py
[2023-08-24T09:30:21.297+0000] {logging_mixin.py:151} INFO - [2023-08-24T09:30:21.221+0000] {manager.py:501} INFO - Created Permission View: can read on DAG:example_branch_dop_operator_v3
[2023-08-24T09:30:21.831+0000] {logging_mixin.py:151} INFO - [2023-08-24T09:30:21.826+0000] {manager.py:501} INFO - Created Permission View: can edit on DAG:example_branch_dop_operator_v3
[2023-08-24T09:30:21.890+0000] {logging_mixin.py:151} INFO - [2023-08-24T09:30:21.889+0000] {manager.py:501} INFO - Created Permission View: can delete on DAG:example_branch_dop_operator_v3
[2023-08-24T09:30:22.130+0000] {logging_mixin.py:151} INFO - [2023-08-24T09:30:22.127+0000] {dag.py:2907} INFO - Sync 1 DAGs
[2023-08-24T09:30:22.208+0000] {logging_mixin.py:151} INFO - [2023-08-24T09:30:22.208+0000] {dag.py:2929} INFO - Creating ORM DAG for example_branch_dop_operator_v3
[2023-08-24T09:30:22.394+0000] {logging_mixin.py:151} INFO - [2023-08-24T09:30:22.394+0000] {dag.py:3677} INFO - Setting next_dagrun for example_branch_dop_operator_v3 to 2023-08-24T09:29:00+00:00, run_after=2023-08-24T09:30:00+00:00
[2023-08-24T09:30:22.661+0000] {processor.py:179} INFO - Processing /home/airflow/.local/lib/python3.8/site-packages/airflow/example_dags/example_branch_python_dop_operator_3.py took 3.852 seconds
[2023-08-24T09:31:23.890+0000] {processor.py:157} INFO - Started process (PID=175) to work on /home/airflow/.local/lib/python3.8/site-packages/airflow/example_dags/example_branch_python_dop_operator_3.py
[2023-08-24T09:31:23.897+0000] {processor.py:829} INFO - Processing file /home/airflow/.local/lib/python3.8/site-packages/airflow/example_dags/example_branch_python_dop_operator_3.py for tasks to queue
[2023-08-24T09:31:23.908+0000] {logging_mixin.py:151} INFO - [2023-08-24T09:31:23.907+0000] {dagbag.py:539} INFO - Filling up the DagBag from /home/airflow/.local/lib/python3.8/site-packages/airflow/example_dags/example_branch_python_dop_operator_3.py
[2023-08-24T09:31:24.053+0000] {processor.py:839} INFO - DAG(s) dict_keys(['example_branch_dop_operator_v3']) retrieved from /home/airflow/.local/lib/python3.8/site-packages/airflow/example_dags/example_branch_python_dop_operator_3.py
[2023-08-24T09:31:24.191+0000] {logging_mixin.py:151} INFO - [2023-08-24T09:31:24.189+0000] {dag.py:2907} INFO - Sync 1 DAGs
[2023-08-24T09:31:24.336+0000] {logging_mixin.py:151} INFO - [2023-08-24T09:31:24.336+0000] {dag.py:3677} INFO - Setting next_dagrun for example_branch_dop_operator_v3 to 2023-08-24T09:30:00+00:00, run_after=2023-08-24T09:31:00+00:00
[2023-08-24T09:31:24.485+0000] {processor.py:179} INFO - Processing /home/airflow/.local/lib/python3.8/site-packages/airflow/example_dags/example_branch_python_dop_operator_3.py took 0.606 seconds
[2023-08-24T09:32:45.642+0000] {processor.py:157} INFO - Started process (PID=256) to work on /home/airflow/.local/lib/python3.8/site-packages/airflow/example_dags/example_branch_python_dop_operator_3.py
[2023-08-24T09:32:45.733+0000] {processor.py:829} INFO - Processing file /home/airflow/.local/lib/python3.8/site-packages/airflow/example_dags/example_branch_python_dop_operator_3.py for tasks to queue
[2023-08-24T09:32:46.060+0000] {logging_mixin.py:151} INFO - [2023-08-24T09:32:45.943+0000] {dagbag.py:539} INFO - Filling up the DagBag from /home/airflow/.local/lib/python3.8/site-packages/airflow/example_dags/example_branch_python_dop_operator_3.py
[2023-08-24T09:32:46.582+0000] {processor.py:839} INFO - DAG(s) dict_keys(['example_branch_dop_operator_v3']) retrieved from /home/airflow/.local/lib/python3.8/site-packages/airflow/example_dags/example_branch_python_dop_operator_3.py
[2023-08-24T09:32:47.223+0000] {logging_mixin.py:151} INFO - [2023-08-24T09:32:47.221+0000] {dag.py:2907} INFO - Sync 1 DAGs
[2023-08-24T09:32:47.526+0000] {logging_mixin.py:151} INFO - [2023-08-24T09:32:47.525+0000] {dag.py:3677} INFO - Setting next_dagrun for example_branch_dop_operator_v3 to 2023-08-24T09:31:00+00:00, run_after=2023-08-24T09:32:00+00:00
[2023-08-24T09:32:47.713+0000] {processor.py:179} INFO - Processing /home/airflow/.local/lib/python3.8/site-packages/airflow/example_dags/example_branch_python_dop_operator_3.py took 2.390 seconds
[2023-08-24T09:33:49.051+0000] {processor.py:157} INFO - Started process (PID=319) to work on /home/airflow/.local/lib/python3.8/site-packages/airflow/example_dags/example_branch_python_dop_operator_3.py
[2023-08-24T09:33:49.064+0000] {processor.py:829} INFO - Processing file /home/airflow/.local/lib/python3.8/site-packages/airflow/example_dags/example_branch_python_dop_operator_3.py for tasks to queue
[2023-08-24T09:33:49.076+0000] {logging_mixin.py:151} INFO - [2023-08-24T09:33:49.073+0000] {dagbag.py:539} INFO - Filling up the DagBag from /home/airflow/.local/lib/python3.8/site-packages/airflow/example_dags/example_branch_python_dop_operator_3.py
[2023-08-24T09:33:49.107+0000] {processor.py:839} INFO - DAG(s) dict_keys(['example_branch_dop_operator_v3']) retrieved from /home/airflow/.local/lib/python3.8/site-packages/airflow/example_dags/example_branch_python_dop_operator_3.py
[2023-08-24T09:33:49.210+0000] {logging_mixin.py:151} INFO - [2023-08-24T09:33:49.209+0000] {dag.py:2907} INFO - Sync 1 DAGs
[2023-08-24T09:33:49.309+0000] {logging_mixin.py:151} INFO - [2023-08-24T09:33:49.309+0000] {dag.py:3677} INFO - Setting next_dagrun for example_branch_dop_operator_v3 to 2023-08-24T09:32:00+00:00, run_after=2023-08-24T09:33:00+00:00
[2023-08-24T09:33:49.382+0000] {processor.py:179} INFO - Processing /home/airflow/.local/lib/python3.8/site-packages/airflow/example_dags/example_branch_python_dop_operator_3.py took 0.349 seconds
[2023-08-24T09:34:20.489+0000] {processor.py:157} INFO - Started process (PID=376) to work on /home/airflow/.local/lib/python3.8/site-packages/airflow/example_dags/example_branch_python_dop_operator_3.py
[2023-08-24T09:34:20.493+0000] {processor.py:829} INFO - Processing file /home/airflow/.local/lib/python3.8/site-packages/airflow/example_dags/example_branch_python_dop_operator_3.py for tasks to queue
[2023-08-24T09:34:20.500+0000] {logging_mixin.py:151} INFO - [2023-08-24T09:34:20.500+0000] {dagbag.py:539} INFO - Filling up the DagBag from /home/airflow/.local/lib/python3.8/site-packages/airflow/example_dags/example_branch_python_dop_operator_3.py
[2023-08-24T09:34:20.514+0000] {processor.py:839} INFO - DAG(s) dict_keys(['example_branch_dop_operator_v3']) retrieved from /home/airflow/.local/lib/python3.8/site-packages/airflow/example_dags/example_branch_python_dop_operator_3.py
[2023-08-24T09:34:20.548+0000] {logging_mixin.py:151} INFO - [2023-08-24T09:34:20.548+0000] {dag.py:2907} INFO - Sync 1 DAGs
[2023-08-24T09:34:20.579+0000] {logging_mixin.py:151} INFO - [2023-08-24T09:34:20.579+0000] {dag.py:3677} INFO - Setting next_dagrun for example_branch_dop_operator_v3 to 2023-08-24T09:33:00+00:00, run_after=2023-08-24T09:34:00+00:00
[2023-08-24T09:34:20.600+0000] {processor.py:179} INFO - Processing /home/airflow/.local/lib/python3.8/site-packages/airflow/example_dags/example_branch_python_dop_operator_3.py took 0.117 seconds
[2023-08-24T09:34:50.695+0000] {processor.py:157} INFO - Started process (PID=431) to work on /home/airflow/.local/lib/python3.8/site-packages/airflow/example_dags/example_branch_python_dop_operator_3.py
[2023-08-24T09:34:50.698+0000] {processor.py:829} INFO - Processing file /home/airflow/.local/lib/python3.8/site-packages/airflow/example_dags/example_branch_python_dop_operator_3.py for tasks to queue
[2023-08-24T09:34:50.706+0000] {logging_mixin.py:151} INFO - [2023-08-24T09:34:50.706+0000] {dagbag.py:539} INFO - Filling up the DagBag from /home/airflow/.local/lib/python3.8/site-packages/airflow/example_dags/example_branch_python_dop_operator_3.py
[2023-08-24T09:34:50.719+0000] {processor.py:839} INFO - DAG(s) dict_keys(['example_branch_dop_operator_v3']) retrieved from /home/airflow/.local/lib/python3.8/site-packages/airflow/example_dags/example_branch_python_dop_operator_3.py
[2023-08-24T09:34:50.765+0000] {logging_mixin.py:151} INFO - [2023-08-24T09:34:50.764+0000] {dag.py:2907} INFO - Sync 1 DAGs
[2023-08-24T09:34:50.813+0000] {logging_mixin.py:151} INFO - [2023-08-24T09:34:50.813+0000] {dag.py:3677} INFO - Setting next_dagrun for example_branch_dop_operator_v3 to 2023-08-24T09:33:00+00:00, run_after=2023-08-24T09:34:00+00:00
[2023-08-24T09:34:50.839+0000] {processor.py:179} INFO - Processing /home/airflow/.local/lib/python3.8/site-packages/airflow/example_dags/example_branch_python_dop_operator_3.py took 0.150 seconds
[2023-08-24T09:35:20.970+0000] {processor.py:157} INFO - Started process (PID=486) to work on /home/airflow/.local/lib/python3.8/site-packages/airflow/example_dags/example_branch_python_dop_operator_3.py
[2023-08-24T09:35:20.974+0000] {processor.py:829} INFO - Processing file /home/airflow/.local/lib/python3.8/site-packages/airflow/example_dags/example_branch_python_dop_operator_3.py for tasks to queue
[2023-08-24T09:35:20.985+0000] {logging_mixin.py:151} INFO - [2023-08-24T09:35:20.983+0000] {dagbag.py:539} INFO - Filling up the DagBag from /home/airflow/.local/lib/python3.8/site-packages/airflow/example_dags/example_branch_python_dop_operator_3.py
[2023-08-24T09:35:21.012+0000] {processor.py:839} INFO - DAG(s) dict_keys(['example_branch_dop_operator_v3']) retrieved from /home/airflow/.local/lib/python3.8/site-packages/airflow/example_dags/example_branch_python_dop_operator_3.py
[2023-08-24T09:35:21.048+0000] {logging_mixin.py:151} INFO - [2023-08-24T09:35:21.048+0000] {dag.py:2907} INFO - Sync 1 DAGs
[2023-08-24T09:35:21.094+0000] {logging_mixin.py:151} INFO - [2023-08-24T09:35:21.094+0000] {dag.py:3677} INFO - Setting next_dagrun for example_branch_dop_operator_v3 to 2023-08-24T09:34:00+00:00, run_after=2023-08-24T09:35:00+00:00
[2023-08-24T09:35:21.115+0000] {processor.py:179} INFO - Processing /home/airflow/.local/lib/python3.8/site-packages/airflow/example_dags/example_branch_python_dop_operator_3.py took 0.159 seconds
[2023-08-24T09:35:52.190+0000] {processor.py:157} INFO - Started process (PID=548) to work on /home/airflow/.local/lib/python3.8/site-packages/airflow/example_dags/example_branch_python_dop_operator_3.py
[2023-08-24T09:35:52.193+0000] {processor.py:829} INFO - Processing file /home/airflow/.local/lib/python3.8/site-packages/airflow/example_dags/example_branch_python_dop_operator_3.py for tasks to queue
[2023-08-24T09:35:52.197+0000] {logging_mixin.py:151} INFO - [2023-08-24T09:35:52.196+0000] {dagbag.py:539} INFO - Filling up the DagBag from /home/airflow/.local/lib/python3.8/site-packages/airflow/example_dags/example_branch_python_dop_operator_3.py
[2023-08-24T09:35:52.207+0000] {processor.py:839} INFO - DAG(s) dict_keys(['example_branch_dop_operator_v3']) retrieved from /home/airflow/.local/lib/python3.8/site-packages/airflow/example_dags/example_branch_python_dop_operator_3.py
[2023-08-24T09:35:52.247+0000] {logging_mixin.py:151} INFO - [2023-08-24T09:35:52.247+0000] {dag.py:2907} INFO - Sync 1 DAGs
[2023-08-24T09:35:52.280+0000] {logging_mixin.py:151} INFO - [2023-08-24T09:35:52.280+0000] {dag.py:3677} INFO - Setting next_dagrun for example_branch_dop_operator_v3 to 2023-08-24T09:34:00+00:00, run_after=2023-08-24T09:35:00+00:00
[2023-08-24T09:35:52.311+0000] {processor.py:179} INFO - Processing /home/airflow/.local/lib/python3.8/site-packages/airflow/example_dags/example_branch_python_dop_operator_3.py took 0.125 seconds
[2023-08-24T09:36:22.363+0000] {processor.py:157} INFO - Started process (PID=603) to work on /home/airflow/.local/lib/python3.8/site-packages/airflow/example_dags/example_branch_python_dop_operator_3.py
[2023-08-24T09:36:22.366+0000] {processor.py:829} INFO - Processing file /home/airflow/.local/lib/python3.8/site-packages/airflow/example_dags/example_branch_python_dop_operator_3.py for tasks to queue
[2023-08-24T09:36:22.369+0000] {logging_mixin.py:151} INFO - [2023-08-24T09:36:22.369+0000] {dagbag.py:539} INFO - Filling up the DagBag from /home/airflow/.local/lib/python3.8/site-packages/airflow/example_dags/example_branch_python_dop_operator_3.py
[2023-08-24T09:36:22.381+0000] {processor.py:839} INFO - DAG(s) dict_keys(['example_branch_dop_operator_v3']) retrieved from /home/airflow/.local/lib/python3.8/site-packages/airflow/example_dags/example_branch_python_dop_operator_3.py
[2023-08-24T09:36:22.409+0000] {logging_mixin.py:151} INFO - [2023-08-24T09:36:22.409+0000] {dag.py:2907} INFO - Sync 1 DAGs
[2023-08-24T09:36:22.435+0000] {logging_mixin.py:151} INFO - [2023-08-24T09:36:22.435+0000] {dag.py:3677} INFO - Setting next_dagrun for example_branch_dop_operator_v3 to 2023-08-24T09:35:00+00:00, run_after=2023-08-24T09:36:00+00:00
[2023-08-24T09:36:22.452+0000] {processor.py:179} INFO - Processing /home/airflow/.local/lib/python3.8/site-packages/airflow/example_dags/example_branch_python_dop_operator_3.py took 0.094 seconds
[2023-08-24T09:36:52.827+0000] {processor.py:157} INFO - Started process (PID=659) to work on /home/airflow/.local/lib/python3.8/site-packages/airflow/example_dags/example_branch_python_dop_operator_3.py
[2023-08-24T09:36:52.832+0000] {processor.py:829} INFO - Processing file /home/airflow/.local/lib/python3.8/site-packages/airflow/example_dags/example_branch_python_dop_operator_3.py for tasks to queue
[2023-08-24T09:36:52.836+0000] {logging_mixin.py:151} INFO - [2023-08-24T09:36:52.836+0000] {dagbag.py:539} INFO - Filling up the DagBag from /home/airflow/.local/lib/python3.8/site-packages/airflow/example_dags/example_branch_python_dop_operator_3.py
[2023-08-24T09:36:52.849+0000] {processor.py:839} INFO - DAG(s) dict_keys(['example_branch_dop_operator_v3']) retrieved from /home/airflow/.local/lib/python3.8/site-packages/airflow/example_dags/example_branch_python_dop_operator_3.py
[2023-08-24T09:36:52.882+0000] {logging_mixin.py:151} INFO - [2023-08-24T09:36:52.881+0000] {dag.py:2907} INFO - Sync 1 DAGs
[2023-08-24T09:36:52.905+0000] {logging_mixin.py:151} INFO - [2023-08-24T09:36:52.905+0000] {dag.py:3677} INFO - Setting next_dagrun for example_branch_dop_operator_v3 to 2023-08-24T09:35:00+00:00, run_after=2023-08-24T09:36:00+00:00
[2023-08-24T09:36:52.921+0000] {processor.py:179} INFO - Processing /home/airflow/.local/lib/python3.8/site-packages/airflow/example_dags/example_branch_python_dop_operator_3.py took 0.099 seconds
