[2023-08-24T09:28:28.132+0000] {processor.py:157} INFO - Started process (PID=47) to work on /home/airflow/.local/lib/python3.8/site-packages/airflow/example_dags/example_bash_operator.py
[2023-08-24T09:28:28.173+0000] {processor.py:829} INFO - Processing file /home/airflow/.local/lib/python3.8/site-packages/airflow/example_dags/example_bash_operator.py for tasks to queue
[2023-08-24T09:28:28.223+0000] {logging_mixin.py:151} INFO - [2023-08-24T09:28:28.220+0000] {dagbag.py:539} INFO - Filling up the DagBag from /home/airflow/.local/lib/python3.8/site-packages/airflow/example_dags/example_bash_operator.py
[2023-08-24T09:28:29.295+0000] {processor.py:839} INFO - DAG(s) dict_keys(['example_bash_operator']) retrieved from /home/airflow/.local/lib/python3.8/site-packages/airflow/example_dags/example_bash_operator.py
[2023-08-24T09:28:37.389+0000] {logging_mixin.py:151} INFO - [2023-08-24T09:28:37.383+0000] {manager.py:501} INFO - Created Permission View: can read on DAG:example_bash_operator
[2023-08-24T09:28:37.497+0000] {logging_mixin.py:151} INFO - [2023-08-24T09:28:37.497+0000] {manager.py:501} INFO - Created Permission View: can edit on DAG:example_bash_operator
[2023-08-24T09:28:37.569+0000] {logging_mixin.py:151} INFO - [2023-08-24T09:28:37.569+0000] {manager.py:501} INFO - Created Permission View: can delete on DAG:example_bash_operator
[2023-08-24T09:28:37.678+0000] {logging_mixin.py:151} INFO - [2023-08-24T09:28:37.677+0000] {dag.py:2907} INFO - Sync 1 DAGs
[2023-08-24T09:28:37.801+0000] {logging_mixin.py:151} INFO - [2023-08-24T09:28:37.800+0000] {dag.py:2929} INFO - Creating ORM DAG for example_bash_operator
[2023-08-24T09:28:37.903+0000] {logging_mixin.py:151} INFO - [2023-08-24T09:28:37.902+0000] {dag.py:3677} INFO - Setting next_dagrun for example_bash_operator to 2023-08-23T00:00:00+00:00, run_after=2023-08-24T00:00:00+00:00
[2023-08-24T09:28:38.275+0000] {processor.py:179} INFO - Processing /home/airflow/.local/lib/python3.8/site-packages/airflow/example_dags/example_bash_operator.py took 10.274 seconds
[2023-08-24T09:30:34.790+0000] {processor.py:157} INFO - Started process (PID=123) to work on /home/airflow/.local/lib/python3.8/site-packages/airflow/example_dags/example_bash_operator.py
[2023-08-24T09:30:34.871+0000] {processor.py:829} INFO - Processing file /home/airflow/.local/lib/python3.8/site-packages/airflow/example_dags/example_bash_operator.py for tasks to queue
[2023-08-24T09:30:35.250+0000] {logging_mixin.py:151} INFO - [2023-08-24T09:30:35.230+0000] {dagbag.py:539} INFO - Filling up the DagBag from /home/airflow/.local/lib/python3.8/site-packages/airflow/example_dags/example_bash_operator.py
[2023-08-24T09:30:35.461+0000] {processor.py:839} INFO - DAG(s) dict_keys(['example_bash_operator']) retrieved from /home/airflow/.local/lib/python3.8/site-packages/airflow/example_dags/example_bash_operator.py
[2023-08-24T09:30:35.745+0000] {logging_mixin.py:151} INFO - [2023-08-24T09:30:35.745+0000] {dag.py:2907} INFO - Sync 1 DAGs
[2023-08-24T09:30:36.186+0000] {logging_mixin.py:151} INFO - [2023-08-24T09:30:36.171+0000] {dag.py:3677} INFO - Setting next_dagrun for example_bash_operator to 2023-08-23T00:00:00+00:00, run_after=2023-08-24T00:00:00+00:00
[2023-08-24T09:30:37.014+0000] {processor.py:179} INFO - Processing /home/airflow/.local/lib/python3.8/site-packages/airflow/example_dags/example_bash_operator.py took 2.675 seconds
[2023-08-24T09:31:11.092+0000] {processor.py:157} INFO - Started process (PID=161) to work on /home/airflow/.local/lib/python3.8/site-packages/airflow/example_dags/example_bash_operator.py
[2023-08-24T09:31:11.099+0000] {processor.py:829} INFO - Processing file /home/airflow/.local/lib/python3.8/site-packages/airflow/example_dags/example_bash_operator.py for tasks to queue
[2023-08-24T09:31:11.132+0000] {logging_mixin.py:151} INFO - [2023-08-24T09:31:11.130+0000] {dagbag.py:539} INFO - Filling up the DagBag from /home/airflow/.local/lib/python3.8/site-packages/airflow/example_dags/example_bash_operator.py
[2023-08-24T09:31:11.265+0000] {processor.py:839} INFO - DAG(s) dict_keys(['example_bash_operator']) retrieved from /home/airflow/.local/lib/python3.8/site-packages/airflow/example_dags/example_bash_operator.py
[2023-08-24T09:31:11.530+0000] {logging_mixin.py:151} INFO - [2023-08-24T09:31:11.530+0000] {dag.py:2907} INFO - Sync 1 DAGs
[2023-08-24T09:31:11.661+0000] {logging_mixin.py:151} INFO - [2023-08-24T09:31:11.659+0000] {dag.py:3677} INFO - Setting next_dagrun for example_bash_operator to 2023-08-23T00:00:00+00:00, run_after=2023-08-24T00:00:00+00:00
[2023-08-24T09:31:11.761+0000] {processor.py:179} INFO - Processing /home/airflow/.local/lib/python3.8/site-packages/airflow/example_dags/example_bash_operator.py took 0.705 seconds
[2023-08-24T09:31:53.499+0000] {processor.py:157} INFO - Started process (PID=217) to work on /home/airflow/.local/lib/python3.8/site-packages/airflow/example_dags/example_bash_operator.py
[2023-08-24T09:31:53.513+0000] {processor.py:829} INFO - Processing file /home/airflow/.local/lib/python3.8/site-packages/airflow/example_dags/example_bash_operator.py for tasks to queue
[2023-08-24T09:31:53.556+0000] {logging_mixin.py:151} INFO - [2023-08-24T09:31:53.555+0000] {dagbag.py:539} INFO - Filling up the DagBag from /home/airflow/.local/lib/python3.8/site-packages/airflow/example_dags/example_bash_operator.py
[2023-08-24T09:31:54.020+0000] {processor.py:839} INFO - DAG(s) dict_keys(['example_bash_operator']) retrieved from /home/airflow/.local/lib/python3.8/site-packages/airflow/example_dags/example_bash_operator.py
[2023-08-24T09:31:55.777+0000] {logging_mixin.py:151} INFO - [2023-08-24T09:31:55.766+0000] {dag.py:2907} INFO - Sync 1 DAGs
[2023-08-24T09:31:57.859+0000] {logging_mixin.py:151} INFO - [2023-08-24T09:31:57.804+0000] {dag.py:3677} INFO - Setting next_dagrun for example_bash_operator to 2023-08-23T00:00:00+00:00, run_after=2023-08-24T00:00:00+00:00
[2023-08-24T09:31:59.488+0000] {processor.py:179} INFO - Processing /home/airflow/.local/lib/python3.8/site-packages/airflow/example_dags/example_bash_operator.py took 6.129 seconds
[2023-08-24T09:32:55.571+0000] {processor.py:157} INFO - Started process (PID=265) to work on /home/airflow/.local/lib/python3.8/site-packages/airflow/example_dags/example_bash_operator.py
[2023-08-24T09:32:55.592+0000] {processor.py:829} INFO - Processing file /home/airflow/.local/lib/python3.8/site-packages/airflow/example_dags/example_bash_operator.py for tasks to queue
[2023-08-24T09:32:55.614+0000] {logging_mixin.py:151} INFO - [2023-08-24T09:32:55.613+0000] {dagbag.py:539} INFO - Filling up the DagBag from /home/airflow/.local/lib/python3.8/site-packages/airflow/example_dags/example_bash_operator.py
[2023-08-24T09:32:55.709+0000] {processor.py:839} INFO - DAG(s) dict_keys(['example_bash_operator']) retrieved from /home/airflow/.local/lib/python3.8/site-packages/airflow/example_dags/example_bash_operator.py
[2023-08-24T09:32:55.898+0000] {logging_mixin.py:151} INFO - [2023-08-24T09:32:55.896+0000] {dag.py:2907} INFO - Sync 1 DAGs
[2023-08-24T09:32:56.041+0000] {logging_mixin.py:151} INFO - [2023-08-24T09:32:56.039+0000] {dag.py:3677} INFO - Setting next_dagrun for example_bash_operator to 2023-08-23T00:00:00+00:00, run_after=2023-08-24T00:00:00+00:00
[2023-08-24T09:32:56.147+0000] {processor.py:179} INFO - Processing /home/airflow/.local/lib/python3.8/site-packages/airflow/example_dags/example_bash_operator.py took 0.591 seconds
[2023-08-24T09:33:50.206+0000] {processor.py:157} INFO - Started process (PID=323) to work on /home/airflow/.local/lib/python3.8/site-packages/airflow/example_dags/example_bash_operator.py
[2023-08-24T09:33:50.212+0000] {processor.py:829} INFO - Processing file /home/airflow/.local/lib/python3.8/site-packages/airflow/example_dags/example_bash_operator.py for tasks to queue
[2023-08-24T09:33:50.238+0000] {logging_mixin.py:151} INFO - [2023-08-24T09:33:50.226+0000] {dagbag.py:539} INFO - Filling up the DagBag from /home/airflow/.local/lib/python3.8/site-packages/airflow/example_dags/example_bash_operator.py
[2023-08-24T09:33:50.312+0000] {processor.py:839} INFO - DAG(s) dict_keys(['example_bash_operator']) retrieved from /home/airflow/.local/lib/python3.8/site-packages/airflow/example_dags/example_bash_operator.py
[2023-08-24T09:33:50.433+0000] {logging_mixin.py:151} INFO - [2023-08-24T09:33:50.432+0000] {dag.py:2907} INFO - Sync 1 DAGs
[2023-08-24T09:33:50.548+0000] {logging_mixin.py:151} INFO - [2023-08-24T09:33:50.548+0000] {dag.py:3677} INFO - Setting next_dagrun for example_bash_operator to 2023-08-23T00:00:00+00:00, run_after=2023-08-24T00:00:00+00:00
[2023-08-24T09:33:50.622+0000] {processor.py:179} INFO - Processing /home/airflow/.local/lib/python3.8/site-packages/airflow/example_dags/example_bash_operator.py took 0.437 seconds
[2023-08-24T09:34:20.829+0000] {processor.py:157} INFO - Started process (PID=379) to work on /home/airflow/.local/lib/python3.8/site-packages/airflow/example_dags/example_bash_operator.py
[2023-08-24T09:34:20.831+0000] {processor.py:829} INFO - Processing file /home/airflow/.local/lib/python3.8/site-packages/airflow/example_dags/example_bash_operator.py for tasks to queue
[2023-08-24T09:34:20.835+0000] {logging_mixin.py:151} INFO - [2023-08-24T09:34:20.834+0000] {dagbag.py:539} INFO - Filling up the DagBag from /home/airflow/.local/lib/python3.8/site-packages/airflow/example_dags/example_bash_operator.py
[2023-08-24T09:34:20.848+0000] {processor.py:839} INFO - DAG(s) dict_keys(['example_bash_operator']) retrieved from /home/airflow/.local/lib/python3.8/site-packages/airflow/example_dags/example_bash_operator.py
[2023-08-24T09:34:20.880+0000] {logging_mixin.py:151} INFO - [2023-08-24T09:34:20.880+0000] {dag.py:2907} INFO - Sync 1 DAGs
[2023-08-24T09:34:20.901+0000] {logging_mixin.py:151} INFO - [2023-08-24T09:34:20.901+0000] {dag.py:3677} INFO - Setting next_dagrun for example_bash_operator to 2023-08-23T00:00:00+00:00, run_after=2023-08-24T00:00:00+00:00
[2023-08-24T09:34:20.916+0000] {processor.py:179} INFO - Processing /home/airflow/.local/lib/python3.8/site-packages/airflow/example_dags/example_bash_operator.py took 0.091 seconds
[2023-08-24T09:34:51.119+0000] {processor.py:157} INFO - Started process (PID=434) to work on /home/airflow/.local/lib/python3.8/site-packages/airflow/example_dags/example_bash_operator.py
[2023-08-24T09:34:51.122+0000] {processor.py:829} INFO - Processing file /home/airflow/.local/lib/python3.8/site-packages/airflow/example_dags/example_bash_operator.py for tasks to queue
[2023-08-24T09:34:51.126+0000] {logging_mixin.py:151} INFO - [2023-08-24T09:34:51.125+0000] {dagbag.py:539} INFO - Filling up the DagBag from /home/airflow/.local/lib/python3.8/site-packages/airflow/example_dags/example_bash_operator.py
[2023-08-24T09:34:51.141+0000] {processor.py:839} INFO - DAG(s) dict_keys(['example_bash_operator']) retrieved from /home/airflow/.local/lib/python3.8/site-packages/airflow/example_dags/example_bash_operator.py
[2023-08-24T09:34:51.184+0000] {logging_mixin.py:151} INFO - [2023-08-24T09:34:51.184+0000] {dag.py:2907} INFO - Sync 1 DAGs
[2023-08-24T09:34:51.213+0000] {logging_mixin.py:151} INFO - [2023-08-24T09:34:51.213+0000] {dag.py:3677} INFO - Setting next_dagrun for example_bash_operator to 2023-08-23T00:00:00+00:00, run_after=2023-08-24T00:00:00+00:00
[2023-08-24T09:34:51.232+0000] {processor.py:179} INFO - Processing /home/airflow/.local/lib/python3.8/site-packages/airflow/example_dags/example_bash_operator.py took 0.118 seconds
[2023-08-24T09:35:21.376+0000] {processor.py:157} INFO - Started process (PID=490) to work on /home/airflow/.local/lib/python3.8/site-packages/airflow/example_dags/example_bash_operator.py
[2023-08-24T09:35:21.379+0000] {processor.py:829} INFO - Processing file /home/airflow/.local/lib/python3.8/site-packages/airflow/example_dags/example_bash_operator.py for tasks to queue
[2023-08-24T09:35:21.382+0000] {logging_mixin.py:151} INFO - [2023-08-24T09:35:21.382+0000] {dagbag.py:539} INFO - Filling up the DagBag from /home/airflow/.local/lib/python3.8/site-packages/airflow/example_dags/example_bash_operator.py
[2023-08-24T09:35:21.397+0000] {processor.py:839} INFO - DAG(s) dict_keys(['example_bash_operator']) retrieved from /home/airflow/.local/lib/python3.8/site-packages/airflow/example_dags/example_bash_operator.py
[2023-08-24T09:35:21.441+0000] {logging_mixin.py:151} INFO - [2023-08-24T09:35:21.441+0000] {dag.py:2907} INFO - Sync 1 DAGs
[2023-08-24T09:35:21.469+0000] {logging_mixin.py:151} INFO - [2023-08-24T09:35:21.469+0000] {dag.py:3677} INFO - Setting next_dagrun for example_bash_operator to 2023-08-23T00:00:00+00:00, run_after=2023-08-24T00:00:00+00:00
[2023-08-24T09:35:21.489+0000] {processor.py:179} INFO - Processing /home/airflow/.local/lib/python3.8/site-packages/airflow/example_dags/example_bash_operator.py took 0.117 seconds
[2023-08-24T09:35:51.910+0000] {processor.py:157} INFO - Started process (PID=544) to work on /home/airflow/.local/lib/python3.8/site-packages/airflow/example_dags/example_bash_operator.py
[2023-08-24T09:35:51.913+0000] {processor.py:829} INFO - Processing file /home/airflow/.local/lib/python3.8/site-packages/airflow/example_dags/example_bash_operator.py for tasks to queue
[2023-08-24T09:35:51.917+0000] {logging_mixin.py:151} INFO - [2023-08-24T09:35:51.916+0000] {dagbag.py:539} INFO - Filling up the DagBag from /home/airflow/.local/lib/python3.8/site-packages/airflow/example_dags/example_bash_operator.py
[2023-08-24T09:35:51.931+0000] {processor.py:839} INFO - DAG(s) dict_keys(['example_bash_operator']) retrieved from /home/airflow/.local/lib/python3.8/site-packages/airflow/example_dags/example_bash_operator.py
[2023-08-24T09:35:51.966+0000] {logging_mixin.py:151} INFO - [2023-08-24T09:35:51.966+0000] {dag.py:2907} INFO - Sync 1 DAGs
[2023-08-24T09:35:51.992+0000] {logging_mixin.py:151} INFO - [2023-08-24T09:35:51.992+0000] {dag.py:3677} INFO - Setting next_dagrun for example_bash_operator to 2023-08-23T00:00:00+00:00, run_after=2023-08-24T00:00:00+00:00
[2023-08-24T09:35:52.009+0000] {processor.py:179} INFO - Processing /home/airflow/.local/lib/python3.8/site-packages/airflow/example_dags/example_bash_operator.py took 0.103 seconds
[2023-08-24T09:36:22.114+0000] {processor.py:157} INFO - Started process (PID=600) to work on /home/airflow/.local/lib/python3.8/site-packages/airflow/example_dags/example_bash_operator.py
[2023-08-24T09:36:22.118+0000] {processor.py:829} INFO - Processing file /home/airflow/.local/lib/python3.8/site-packages/airflow/example_dags/example_bash_operator.py for tasks to queue
[2023-08-24T09:36:22.122+0000] {logging_mixin.py:151} INFO - [2023-08-24T09:36:22.122+0000] {dagbag.py:539} INFO - Filling up the DagBag from /home/airflow/.local/lib/python3.8/site-packages/airflow/example_dags/example_bash_operator.py
[2023-08-24T09:36:22.137+0000] {processor.py:839} INFO - DAG(s) dict_keys(['example_bash_operator']) retrieved from /home/airflow/.local/lib/python3.8/site-packages/airflow/example_dags/example_bash_operator.py
[2023-08-24T09:36:22.175+0000] {logging_mixin.py:151} INFO - [2023-08-24T09:36:22.175+0000] {dag.py:2907} INFO - Sync 1 DAGs
[2023-08-24T09:36:22.199+0000] {logging_mixin.py:151} INFO - [2023-08-24T09:36:22.199+0000] {dag.py:3677} INFO - Setting next_dagrun for example_bash_operator to 2023-08-23T00:00:00+00:00, run_after=2023-08-24T00:00:00+00:00
[2023-08-24T09:36:22.219+0000] {processor.py:179} INFO - Processing /home/airflow/.local/lib/python3.8/site-packages/airflow/example_dags/example_bash_operator.py took 0.109 seconds
[2023-08-24T09:36:52.577+0000] {processor.py:157} INFO - Started process (PID=656) to work on /home/airflow/.local/lib/python3.8/site-packages/airflow/example_dags/example_bash_operator.py
[2023-08-24T09:36:52.580+0000] {processor.py:829} INFO - Processing file /home/airflow/.local/lib/python3.8/site-packages/airflow/example_dags/example_bash_operator.py for tasks to queue
[2023-08-24T09:36:52.584+0000] {logging_mixin.py:151} INFO - [2023-08-24T09:36:52.583+0000] {dagbag.py:539} INFO - Filling up the DagBag from /home/airflow/.local/lib/python3.8/site-packages/airflow/example_dags/example_bash_operator.py
[2023-08-24T09:36:52.601+0000] {processor.py:839} INFO - DAG(s) dict_keys(['example_bash_operator']) retrieved from /home/airflow/.local/lib/python3.8/site-packages/airflow/example_dags/example_bash_operator.py
[2023-08-24T09:36:52.644+0000] {logging_mixin.py:151} INFO - [2023-08-24T09:36:52.644+0000] {dag.py:2907} INFO - Sync 1 DAGs
[2023-08-24T09:36:52.677+0000] {logging_mixin.py:151} INFO - [2023-08-24T09:36:52.677+0000] {dag.py:3677} INFO - Setting next_dagrun for example_bash_operator to 2023-08-23T00:00:00+00:00, run_after=2023-08-24T00:00:00+00:00
[2023-08-24T09:36:52.697+0000] {processor.py:179} INFO - Processing /home/airflow/.local/lib/python3.8/site-packages/airflow/example_dags/example_bash_operator.py took 0.124 seconds
