[2023-08-24T09:29:20.383+0000] {processor.py:157} INFO - Started process (PID=69) to work on /home/airflow/.local/lib/python3.8/site-packages/airflow/example_dags/example_short_circuit_decorator.py
[2023-08-24T09:29:20.398+0000] {processor.py:829} INFO - Processing file /home/airflow/.local/lib/python3.8/site-packages/airflow/example_dags/example_short_circuit_decorator.py for tasks to queue
[2023-08-24T09:29:20.421+0000] {logging_mixin.py:151} INFO - [2023-08-24T09:29:20.418+0000] {dagbag.py:539} INFO - Filling up the DagBag from /home/airflow/.local/lib/python3.8/site-packages/airflow/example_dags/example_short_circuit_decorator.py
[2023-08-24T09:29:20.513+0000] {processor.py:839} INFO - DAG(s) dict_keys(['example_short_circuit_decorator']) retrieved from /home/airflow/.local/lib/python3.8/site-packages/airflow/example_dags/example_short_circuit_decorator.py
[2023-08-24T09:29:21.428+0000] {logging_mixin.py:151} INFO - [2023-08-24T09:29:21.427+0000] {manager.py:501} INFO - Created Permission View: can read on DAG:example_short_circuit_decorator
[2023-08-24T09:29:21.509+0000] {logging_mixin.py:151} INFO - [2023-08-24T09:29:21.508+0000] {manager.py:501} INFO - Created Permission View: can edit on DAG:example_short_circuit_decorator
[2023-08-24T09:29:21.572+0000] {logging_mixin.py:151} INFO - [2023-08-24T09:29:21.570+0000] {manager.py:501} INFO - Created Permission View: can delete on DAG:example_short_circuit_decorator
[2023-08-24T09:29:21.675+0000] {logging_mixin.py:151} INFO - [2023-08-24T09:29:21.675+0000] {dag.py:2907} INFO - Sync 1 DAGs
[2023-08-24T09:29:21.760+0000] {logging_mixin.py:151} INFO - [2023-08-24T09:29:21.759+0000] {dag.py:2929} INFO - Creating ORM DAG for example_short_circuit_decorator
[2023-08-24T09:29:21.884+0000] {logging_mixin.py:151} INFO - [2023-08-24T09:29:21.883+0000] {dag.py:3677} INFO - Setting next_dagrun for example_short_circuit_decorator to 2023-08-23T09:29:21.875527+00:00, run_after=2023-08-24T09:29:21.875527+00:00
[2023-08-24T09:29:22.017+0000] {processor.py:179} INFO - Processing /home/airflow/.local/lib/python3.8/site-packages/airflow/example_dags/example_short_circuit_decorator.py took 1.681 seconds
[2023-08-24T09:31:03.607+0000] {processor.py:157} INFO - Started process (PID=145) to work on /home/airflow/.local/lib/python3.8/site-packages/airflow/example_dags/example_short_circuit_decorator.py
[2023-08-24T09:31:03.635+0000] {processor.py:829} INFO - Processing file /home/airflow/.local/lib/python3.8/site-packages/airflow/example_dags/example_short_circuit_decorator.py for tasks to queue
[2023-08-24T09:31:03.655+0000] {logging_mixin.py:151} INFO - [2023-08-24T09:31:03.654+0000] {dagbag.py:539} INFO - Filling up the DagBag from /home/airflow/.local/lib/python3.8/site-packages/airflow/example_dags/example_short_circuit_decorator.py
[2023-08-24T09:31:03.754+0000] {processor.py:839} INFO - DAG(s) dict_keys(['example_short_circuit_decorator']) retrieved from /home/airflow/.local/lib/python3.8/site-packages/airflow/example_dags/example_short_circuit_decorator.py
[2023-08-24T09:31:03.945+0000] {logging_mixin.py:151} INFO - [2023-08-24T09:31:03.944+0000] {dag.py:2907} INFO - Sync 1 DAGs
[2023-08-24T09:31:04.044+0000] {logging_mixin.py:151} INFO - [2023-08-24T09:31:04.043+0000] {dag.py:3677} INFO - Setting next_dagrun for example_short_circuit_decorator to 2023-08-23T09:31:04.041642+00:00, run_after=2023-08-24T09:31:04.041642+00:00
[2023-08-24T09:31:04.199+0000] {processor.py:179} INFO - Processing /home/airflow/.local/lib/python3.8/site-packages/airflow/example_dags/example_short_circuit_decorator.py took 0.626 seconds
[2023-08-24T09:31:40.250+0000] {processor.py:157} INFO - Started process (PID=201) to work on /home/airflow/.local/lib/python3.8/site-packages/airflow/example_dags/example_short_circuit_decorator.py
[2023-08-24T09:31:40.261+0000] {processor.py:829} INFO - Processing file /home/airflow/.local/lib/python3.8/site-packages/airflow/example_dags/example_short_circuit_decorator.py for tasks to queue
[2023-08-24T09:31:40.285+0000] {logging_mixin.py:151} INFO - [2023-08-24T09:31:40.283+0000] {dagbag.py:539} INFO - Filling up the DagBag from /home/airflow/.local/lib/python3.8/site-packages/airflow/example_dags/example_short_circuit_decorator.py
[2023-08-24T09:31:40.357+0000] {processor.py:839} INFO - DAG(s) dict_keys(['example_short_circuit_decorator']) retrieved from /home/airflow/.local/lib/python3.8/site-packages/airflow/example_dags/example_short_circuit_decorator.py
[2023-08-24T09:31:40.587+0000] {logging_mixin.py:151} INFO - [2023-08-24T09:31:40.587+0000] {dag.py:2907} INFO - Sync 1 DAGs
[2023-08-24T09:31:40.728+0000] {logging_mixin.py:151} INFO - [2023-08-24T09:31:40.712+0000] {dag.py:3677} INFO - Setting next_dagrun for example_short_circuit_decorator to 2023-08-23T09:31:40.710684+00:00, run_after=2023-08-24T09:31:40.710684+00:00
[2023-08-24T09:31:40.881+0000] {processor.py:179} INFO - Processing /home/airflow/.local/lib/python3.8/site-packages/airflow/example_dags/example_short_circuit_decorator.py took 0.686 seconds
[2023-08-24T09:33:03.343+0000] {processor.py:157} INFO - Started process (PID=274) to work on /home/airflow/.local/lib/python3.8/site-packages/airflow/example_dags/example_short_circuit_decorator.py
[2023-08-24T09:33:03.359+0000] {processor.py:829} INFO - Processing file /home/airflow/.local/lib/python3.8/site-packages/airflow/example_dags/example_short_circuit_decorator.py for tasks to queue
[2023-08-24T09:33:03.384+0000] {logging_mixin.py:151} INFO - [2023-08-24T09:33:03.382+0000] {dagbag.py:539} INFO - Filling up the DagBag from /home/airflow/.local/lib/python3.8/site-packages/airflow/example_dags/example_short_circuit_decorator.py
[2023-08-24T09:33:03.497+0000] {processor.py:839} INFO - DAG(s) dict_keys(['example_short_circuit_decorator']) retrieved from /home/airflow/.local/lib/python3.8/site-packages/airflow/example_dags/example_short_circuit_decorator.py
[2023-08-24T09:33:03.631+0000] {logging_mixin.py:151} INFO - [2023-08-24T09:33:03.629+0000] {dag.py:2907} INFO - Sync 1 DAGs
[2023-08-24T09:33:03.741+0000] {logging_mixin.py:151} INFO - [2023-08-24T09:33:03.740+0000] {dag.py:3677} INFO - Setting next_dagrun for example_short_circuit_decorator to 2023-08-23T09:33:03.737860+00:00, run_after=2023-08-24T09:33:03.737860+00:00
[2023-08-24T09:33:03.850+0000] {processor.py:179} INFO - Processing /home/airflow/.local/lib/python3.8/site-packages/airflow/example_dags/example_short_circuit_decorator.py took 0.528 seconds
[2023-08-24T09:33:52.692+0000] {processor.py:157} INFO - Started process (PID=332) to work on /home/airflow/.local/lib/python3.8/site-packages/airflow/example_dags/example_short_circuit_decorator.py
[2023-08-24T09:33:52.697+0000] {processor.py:829} INFO - Processing file /home/airflow/.local/lib/python3.8/site-packages/airflow/example_dags/example_short_circuit_decorator.py for tasks to queue
[2023-08-24T09:33:52.710+0000] {logging_mixin.py:151} INFO - [2023-08-24T09:33:52.709+0000] {dagbag.py:539} INFO - Filling up the DagBag from /home/airflow/.local/lib/python3.8/site-packages/airflow/example_dags/example_short_circuit_decorator.py
[2023-08-24T09:33:52.763+0000] {processor.py:839} INFO - DAG(s) dict_keys(['example_short_circuit_decorator']) retrieved from /home/airflow/.local/lib/python3.8/site-packages/airflow/example_dags/example_short_circuit_decorator.py
[2023-08-24T09:33:52.837+0000] {logging_mixin.py:151} INFO - [2023-08-24T09:33:52.836+0000] {dag.py:2907} INFO - Sync 1 DAGs
[2023-08-24T09:33:52.887+0000] {logging_mixin.py:151} INFO - [2023-08-24T09:33:52.886+0000] {dag.py:3677} INFO - Setting next_dagrun for example_short_circuit_decorator to 2023-08-23T09:33:52.885606+00:00, run_after=2023-08-24T09:33:52.885606+00:00
[2023-08-24T09:33:52.948+0000] {processor.py:179} INFO - Processing /home/airflow/.local/lib/python3.8/site-packages/airflow/example_dags/example_short_circuit_decorator.py took 0.266 seconds
[2023-08-24T09:34:23.656+0000] {processor.py:157} INFO - Started process (PID=388) to work on /home/airflow/.local/lib/python3.8/site-packages/airflow/example_dags/example_short_circuit_decorator.py
[2023-08-24T09:34:23.658+0000] {processor.py:829} INFO - Processing file /home/airflow/.local/lib/python3.8/site-packages/airflow/example_dags/example_short_circuit_decorator.py for tasks to queue
[2023-08-24T09:34:23.664+0000] {logging_mixin.py:151} INFO - [2023-08-24T09:34:23.663+0000] {dagbag.py:539} INFO - Filling up the DagBag from /home/airflow/.local/lib/python3.8/site-packages/airflow/example_dags/example_short_circuit_decorator.py
[2023-08-24T09:34:23.674+0000] {processor.py:839} INFO - DAG(s) dict_keys(['example_short_circuit_decorator']) retrieved from /home/airflow/.local/lib/python3.8/site-packages/airflow/example_dags/example_short_circuit_decorator.py
[2023-08-24T09:34:23.703+0000] {logging_mixin.py:151} INFO - [2023-08-24T09:34:23.702+0000] {dag.py:2907} INFO - Sync 1 DAGs
[2023-08-24T09:34:23.723+0000] {logging_mixin.py:151} INFO - [2023-08-24T09:34:23.723+0000] {dag.py:3677} INFO - Setting next_dagrun for example_short_circuit_decorator to 2023-08-23T09:34:23.722734+00:00, run_after=2023-08-24T09:34:23.722734+00:00
[2023-08-24T09:34:23.739+0000] {processor.py:179} INFO - Processing /home/airflow/.local/lib/python3.8/site-packages/airflow/example_dags/example_short_circuit_decorator.py took 0.087 seconds
[2023-08-24T09:34:53.908+0000] {processor.py:157} INFO - Started process (PID=443) to work on /home/airflow/.local/lib/python3.8/site-packages/airflow/example_dags/example_short_circuit_decorator.py
[2023-08-24T09:34:53.910+0000] {processor.py:829} INFO - Processing file /home/airflow/.local/lib/python3.8/site-packages/airflow/example_dags/example_short_circuit_decorator.py for tasks to queue
[2023-08-24T09:34:53.915+0000] {logging_mixin.py:151} INFO - [2023-08-24T09:34:53.914+0000] {dagbag.py:539} INFO - Filling up the DagBag from /home/airflow/.local/lib/python3.8/site-packages/airflow/example_dags/example_short_circuit_decorator.py
[2023-08-24T09:34:53.926+0000] {processor.py:839} INFO - DAG(s) dict_keys(['example_short_circuit_decorator']) retrieved from /home/airflow/.local/lib/python3.8/site-packages/airflow/example_dags/example_short_circuit_decorator.py
[2023-08-24T09:34:53.955+0000] {logging_mixin.py:151} INFO - [2023-08-24T09:34:53.955+0000] {dag.py:2907} INFO - Sync 1 DAGs
[2023-08-24T09:34:53.976+0000] {logging_mixin.py:151} INFO - [2023-08-24T09:34:53.976+0000] {dag.py:3677} INFO - Setting next_dagrun for example_short_circuit_decorator to 2023-08-23T09:34:53.976011+00:00, run_after=2023-08-24T09:34:53.976011+00:00
[2023-08-24T09:34:53.992+0000] {processor.py:179} INFO - Processing /home/airflow/.local/lib/python3.8/site-packages/airflow/example_dags/example_short_circuit_decorator.py took 0.090 seconds
[2023-08-24T09:35:24.099+0000] {processor.py:157} INFO - Started process (PID=499) to work on /home/airflow/.local/lib/python3.8/site-packages/airflow/example_dags/example_short_circuit_decorator.py
[2023-08-24T09:35:24.101+0000] {processor.py:829} INFO - Processing file /home/airflow/.local/lib/python3.8/site-packages/airflow/example_dags/example_short_circuit_decorator.py for tasks to queue
[2023-08-24T09:35:24.106+0000] {logging_mixin.py:151} INFO - [2023-08-24T09:35:24.105+0000] {dagbag.py:539} INFO - Filling up the DagBag from /home/airflow/.local/lib/python3.8/site-packages/airflow/example_dags/example_short_circuit_decorator.py
[2023-08-24T09:35:24.118+0000] {processor.py:839} INFO - DAG(s) dict_keys(['example_short_circuit_decorator']) retrieved from /home/airflow/.local/lib/python3.8/site-packages/airflow/example_dags/example_short_circuit_decorator.py
[2023-08-24T09:35:24.147+0000] {logging_mixin.py:151} INFO - [2023-08-24T09:35:24.147+0000] {dag.py:2907} INFO - Sync 1 DAGs
[2023-08-24T09:35:24.171+0000] {logging_mixin.py:151} INFO - [2023-08-24T09:35:24.171+0000] {dag.py:3677} INFO - Setting next_dagrun for example_short_circuit_decorator to 2023-08-23T09:35:24.170910+00:00, run_after=2023-08-24T09:35:24.170910+00:00
[2023-08-24T09:35:24.198+0000] {processor.py:179} INFO - Processing /home/airflow/.local/lib/python3.8/site-packages/airflow/example_dags/example_short_circuit_decorator.py took 0.105 seconds
[2023-08-24T09:35:54.854+0000] {processor.py:157} INFO - Started process (PID=555) to work on /home/airflow/.local/lib/python3.8/site-packages/airflow/example_dags/example_short_circuit_decorator.py
[2023-08-24T09:35:54.859+0000] {processor.py:829} INFO - Processing file /home/airflow/.local/lib/python3.8/site-packages/airflow/example_dags/example_short_circuit_decorator.py for tasks to queue
[2023-08-24T09:35:54.863+0000] {logging_mixin.py:151} INFO - [2023-08-24T09:35:54.863+0000] {dagbag.py:539} INFO - Filling up the DagBag from /home/airflow/.local/lib/python3.8/site-packages/airflow/example_dags/example_short_circuit_decorator.py
[2023-08-24T09:35:54.876+0000] {processor.py:839} INFO - DAG(s) dict_keys(['example_short_circuit_decorator']) retrieved from /home/airflow/.local/lib/python3.8/site-packages/airflow/example_dags/example_short_circuit_decorator.py
[2023-08-24T09:35:54.907+0000] {logging_mixin.py:151} INFO - [2023-08-24T09:35:54.907+0000] {dag.py:2907} INFO - Sync 1 DAGs
[2023-08-24T09:35:54.928+0000] {logging_mixin.py:151} INFO - [2023-08-24T09:35:54.928+0000] {dag.py:3677} INFO - Setting next_dagrun for example_short_circuit_decorator to 2023-08-23T09:35:54.928448+00:00, run_after=2023-08-24T09:35:54.928448+00:00
[2023-08-24T09:35:54.946+0000] {processor.py:179} INFO - Processing /home/airflow/.local/lib/python3.8/site-packages/airflow/example_dags/example_short_circuit_decorator.py took 0.097 seconds
[2023-08-24T09:36:25.301+0000] {processor.py:157} INFO - Started process (PID=611) to work on /home/airflow/.local/lib/python3.8/site-packages/airflow/example_dags/example_short_circuit_decorator.py
[2023-08-24T09:36:25.303+0000] {processor.py:829} INFO - Processing file /home/airflow/.local/lib/python3.8/site-packages/airflow/example_dags/example_short_circuit_decorator.py for tasks to queue
[2023-08-24T09:36:25.308+0000] {logging_mixin.py:151} INFO - [2023-08-24T09:36:25.308+0000] {dagbag.py:539} INFO - Filling up the DagBag from /home/airflow/.local/lib/python3.8/site-packages/airflow/example_dags/example_short_circuit_decorator.py
[2023-08-24T09:36:25.322+0000] {processor.py:839} INFO - DAG(s) dict_keys(['example_short_circuit_decorator']) retrieved from /home/airflow/.local/lib/python3.8/site-packages/airflow/example_dags/example_short_circuit_decorator.py
[2023-08-24T09:36:25.358+0000] {logging_mixin.py:151} INFO - [2023-08-24T09:36:25.358+0000] {dag.py:2907} INFO - Sync 1 DAGs
[2023-08-24T09:36:25.386+0000] {logging_mixin.py:151} INFO - [2023-08-24T09:36:25.386+0000] {dag.py:3677} INFO - Setting next_dagrun for example_short_circuit_decorator to 2023-08-23T09:36:25.385542+00:00, run_after=2023-08-24T09:36:25.385542+00:00
[2023-08-24T09:36:25.417+0000] {processor.py:179} INFO - Processing /home/airflow/.local/lib/python3.8/site-packages/airflow/example_dags/example_short_circuit_decorator.py took 0.122 seconds
[2023-08-24T09:36:55.836+0000] {processor.py:157} INFO - Started process (PID=667) to work on /home/airflow/.local/lib/python3.8/site-packages/airflow/example_dags/example_short_circuit_decorator.py
[2023-08-24T09:36:55.839+0000] {processor.py:829} INFO - Processing file /home/airflow/.local/lib/python3.8/site-packages/airflow/example_dags/example_short_circuit_decorator.py for tasks to queue
[2023-08-24T09:36:55.843+0000] {logging_mixin.py:151} INFO - [2023-08-24T09:36:55.842+0000] {dagbag.py:539} INFO - Filling up the DagBag from /home/airflow/.local/lib/python3.8/site-packages/airflow/example_dags/example_short_circuit_decorator.py
[2023-08-24T09:36:55.855+0000] {processor.py:839} INFO - DAG(s) dict_keys(['example_short_circuit_decorator']) retrieved from /home/airflow/.local/lib/python3.8/site-packages/airflow/example_dags/example_short_circuit_decorator.py
[2023-08-24T09:36:55.886+0000] {logging_mixin.py:151} INFO - [2023-08-24T09:36:55.886+0000] {dag.py:2907} INFO - Sync 1 DAGs
[2023-08-24T09:36:55.911+0000] {logging_mixin.py:151} INFO - [2023-08-24T09:36:55.911+0000] {dag.py:3677} INFO - Setting next_dagrun for example_short_circuit_decorator to 2023-08-23T09:36:55.911046+00:00, run_after=2023-08-24T09:36:55.911046+00:00
[2023-08-24T09:36:55.934+0000] {processor.py:179} INFO - Processing /home/airflow/.local/lib/python3.8/site-packages/airflow/example_dags/example_short_circuit_decorator.py took 0.103 seconds
