[2023-08-24T09:29:44.294+0000] {processor.py:157} INFO - Started process (PID=86) to work on /home/airflow/.local/lib/python3.8/site-packages/airflow/example_dags/example_sensor_decorator.py
[2023-08-24T09:29:44.342+0000] {processor.py:829} INFO - Processing file /home/airflow/.local/lib/python3.8/site-packages/airflow/example_dags/example_sensor_decorator.py for tasks to queue
[2023-08-24T09:29:44.411+0000] {logging_mixin.py:151} INFO - [2023-08-24T09:29:44.406+0000] {dagbag.py:539} INFO - Filling up the DagBag from /home/airflow/.local/lib/python3.8/site-packages/airflow/example_dags/example_sensor_decorator.py
[2023-08-24T09:29:44.541+0000] {processor.py:839} INFO - DAG(s) dict_keys(['example_sensor_decorator']) retrieved from /home/airflow/.local/lib/python3.8/site-packages/airflow/example_dags/example_sensor_decorator.py
[2023-08-24T09:29:46.051+0000] {logging_mixin.py:151} INFO - [2023-08-24T09:29:46.044+0000] {manager.py:501} INFO - Created Permission View: can read on DAG:example_sensor_decorator
[2023-08-24T09:29:46.383+0000] {logging_mixin.py:151} INFO - [2023-08-24T09:29:46.378+0000] {manager.py:501} INFO - Created Permission View: can edit on DAG:example_sensor_decorator
[2023-08-24T09:29:46.423+0000] {logging_mixin.py:151} INFO - [2023-08-24T09:29:46.423+0000] {manager.py:501} INFO - Created Permission View: can delete on DAG:example_sensor_decorator
[2023-08-24T09:29:46.710+0000] {logging_mixin.py:151} INFO - [2023-08-24T09:29:46.708+0000] {dag.py:2907} INFO - Sync 1 DAGs
[2023-08-24T09:29:48.315+0000] {logging_mixin.py:151} INFO - [2023-08-24T09:29:48.302+0000] {dag.py:2929} INFO - Creating ORM DAG for example_sensor_decorator
[2023-08-24T09:29:48.420+0000] {logging_mixin.py:151} INFO - [2023-08-24T09:29:48.415+0000] {dag.py:3677} INFO - Setting next_dagrun for example_sensor_decorator to None, run_after=None
[2023-08-24T09:29:49.026+0000] {processor.py:179} INFO - Processing /home/airflow/.local/lib/python3.8/site-packages/airflow/example_dags/example_sensor_decorator.py took 4.759 seconds
[2023-08-24T09:31:08.411+0000] {processor.py:157} INFO - Started process (PID=156) to work on /home/airflow/.local/lib/python3.8/site-packages/airflow/example_dags/example_sensor_decorator.py
[2023-08-24T09:31:08.416+0000] {processor.py:829} INFO - Processing file /home/airflow/.local/lib/python3.8/site-packages/airflow/example_dags/example_sensor_decorator.py for tasks to queue
[2023-08-24T09:31:08.433+0000] {logging_mixin.py:151} INFO - [2023-08-24T09:31:08.431+0000] {dagbag.py:539} INFO - Filling up the DagBag from /home/airflow/.local/lib/python3.8/site-packages/airflow/example_dags/example_sensor_decorator.py
[2023-08-24T09:31:08.458+0000] {processor.py:839} INFO - DAG(s) dict_keys(['example_sensor_decorator']) retrieved from /home/airflow/.local/lib/python3.8/site-packages/airflow/example_dags/example_sensor_decorator.py
[2023-08-24T09:31:08.575+0000] {logging_mixin.py:151} INFO - [2023-08-24T09:31:08.574+0000] {dag.py:2907} INFO - Sync 1 DAGs
[2023-08-24T09:31:08.608+0000] {logging_mixin.py:151} INFO - [2023-08-24T09:31:08.607+0000] {dag.py:3677} INFO - Setting next_dagrun for example_sensor_decorator to None, run_after=None
[2023-08-24T09:31:08.673+0000] {processor.py:179} INFO - Processing /home/airflow/.local/lib/python3.8/site-packages/airflow/example_dags/example_sensor_decorator.py took 0.271 seconds
[2023-08-24T09:31:46.730+0000] {processor.py:157} INFO - Started process (PID=212) to work on /home/airflow/.local/lib/python3.8/site-packages/airflow/example_dags/example_sensor_decorator.py
[2023-08-24T09:31:46.745+0000] {processor.py:829} INFO - Processing file /home/airflow/.local/lib/python3.8/site-packages/airflow/example_dags/example_sensor_decorator.py for tasks to queue
[2023-08-24T09:31:46.786+0000] {logging_mixin.py:151} INFO - [2023-08-24T09:31:46.780+0000] {dagbag.py:539} INFO - Filling up the DagBag from /home/airflow/.local/lib/python3.8/site-packages/airflow/example_dags/example_sensor_decorator.py
[2023-08-24T09:31:46.876+0000] {processor.py:839} INFO - DAG(s) dict_keys(['example_sensor_decorator']) retrieved from /home/airflow/.local/lib/python3.8/site-packages/airflow/example_dags/example_sensor_decorator.py
[2023-08-24T09:31:47.362+0000] {logging_mixin.py:151} INFO - [2023-08-24T09:31:47.357+0000] {dag.py:2907} INFO - Sync 1 DAGs
[2023-08-24T09:31:47.804+0000] {logging_mixin.py:151} INFO - [2023-08-24T09:31:47.802+0000] {dag.py:3677} INFO - Setting next_dagrun for example_sensor_decorator to None, run_after=None
[2023-08-24T09:31:48.223+0000] {processor.py:179} INFO - Processing /home/airflow/.local/lib/python3.8/site-packages/airflow/example_dags/example_sensor_decorator.py took 1.539 seconds
[2023-08-24T09:33:09.671+0000] {processor.py:157} INFO - Started process (PID=292) to work on /home/airflow/.local/lib/python3.8/site-packages/airflow/example_dags/example_sensor_decorator.py
[2023-08-24T09:33:09.704+0000] {processor.py:829} INFO - Processing file /home/airflow/.local/lib/python3.8/site-packages/airflow/example_dags/example_sensor_decorator.py for tasks to queue
[2023-08-24T09:33:09.741+0000] {logging_mixin.py:151} INFO - [2023-08-24T09:33:09.735+0000] {dagbag.py:539} INFO - Filling up the DagBag from /home/airflow/.local/lib/python3.8/site-packages/airflow/example_dags/example_sensor_decorator.py
[2023-08-24T09:33:09.863+0000] {processor.py:839} INFO - DAG(s) dict_keys(['example_sensor_decorator']) retrieved from /home/airflow/.local/lib/python3.8/site-packages/airflow/example_dags/example_sensor_decorator.py
[2023-08-24T09:33:10.698+0000] {logging_mixin.py:151} INFO - [2023-08-24T09:33:10.695+0000] {dag.py:2907} INFO - Sync 1 DAGs
[2023-08-24T09:33:11.389+0000] {logging_mixin.py:151} INFO - [2023-08-24T09:33:11.387+0000] {dag.py:3677} INFO - Setting next_dagrun for example_sensor_decorator to None, run_after=None
[2023-08-24T09:33:11.643+0000] {processor.py:179} INFO - Processing /home/airflow/.local/lib/python3.8/site-packages/airflow/example_dags/example_sensor_decorator.py took 2.098 seconds
[2023-08-24T09:33:54.559+0000] {processor.py:157} INFO - Started process (PID=343) to work on /home/airflow/.local/lib/python3.8/site-packages/airflow/example_dags/example_sensor_decorator.py
[2023-08-24T09:33:54.563+0000] {processor.py:829} INFO - Processing file /home/airflow/.local/lib/python3.8/site-packages/airflow/example_dags/example_sensor_decorator.py for tasks to queue
[2023-08-24T09:33:54.570+0000] {logging_mixin.py:151} INFO - [2023-08-24T09:33:54.570+0000] {dagbag.py:539} INFO - Filling up the DagBag from /home/airflow/.local/lib/python3.8/site-packages/airflow/example_dags/example_sensor_decorator.py
[2023-08-24T09:33:54.583+0000] {processor.py:839} INFO - DAG(s) dict_keys(['example_sensor_decorator']) retrieved from /home/airflow/.local/lib/python3.8/site-packages/airflow/example_dags/example_sensor_decorator.py
[2023-08-24T09:33:54.628+0000] {logging_mixin.py:151} INFO - [2023-08-24T09:33:54.628+0000] {dag.py:2907} INFO - Sync 1 DAGs
[2023-08-24T09:33:54.654+0000] {logging_mixin.py:151} INFO - [2023-08-24T09:33:54.654+0000] {dag.py:3677} INFO - Setting next_dagrun for example_sensor_decorator to None, run_after=None
[2023-08-24T09:33:54.684+0000] {processor.py:179} INFO - Processing /home/airflow/.local/lib/python3.8/site-packages/airflow/example_dags/example_sensor_decorator.py took 0.131 seconds
[2023-08-24T09:34:26.148+0000] {processor.py:157} INFO - Started process (PID=399) to work on /home/airflow/.local/lib/python3.8/site-packages/airflow/example_dags/example_sensor_decorator.py
[2023-08-24T09:34:26.153+0000] {processor.py:829} INFO - Processing file /home/airflow/.local/lib/python3.8/site-packages/airflow/example_dags/example_sensor_decorator.py for tasks to queue
[2023-08-24T09:34:26.161+0000] {logging_mixin.py:151} INFO - [2023-08-24T09:34:26.161+0000] {dagbag.py:539} INFO - Filling up the DagBag from /home/airflow/.local/lib/python3.8/site-packages/airflow/example_dags/example_sensor_decorator.py
[2023-08-24T09:34:26.178+0000] {processor.py:839} INFO - DAG(s) dict_keys(['example_sensor_decorator']) retrieved from /home/airflow/.local/lib/python3.8/site-packages/airflow/example_dags/example_sensor_decorator.py
[2023-08-24T09:34:26.254+0000] {logging_mixin.py:151} INFO - [2023-08-24T09:34:26.254+0000] {dag.py:2907} INFO - Sync 1 DAGs
[2023-08-24T09:34:26.280+0000] {logging_mixin.py:151} INFO - [2023-08-24T09:34:26.280+0000] {dag.py:3677} INFO - Setting next_dagrun for example_sensor_decorator to None, run_after=None
[2023-08-24T09:34:26.348+0000] {processor.py:179} INFO - Processing /home/airflow/.local/lib/python3.8/site-packages/airflow/example_dags/example_sensor_decorator.py took 0.208 seconds
[2023-08-24T09:34:56.790+0000] {processor.py:157} INFO - Started process (PID=454) to work on /home/airflow/.local/lib/python3.8/site-packages/airflow/example_dags/example_sensor_decorator.py
[2023-08-24T09:34:56.795+0000] {processor.py:829} INFO - Processing file /home/airflow/.local/lib/python3.8/site-packages/airflow/example_dags/example_sensor_decorator.py for tasks to queue
[2023-08-24T09:34:56.800+0000] {logging_mixin.py:151} INFO - [2023-08-24T09:34:56.799+0000] {dagbag.py:539} INFO - Filling up the DagBag from /home/airflow/.local/lib/python3.8/site-packages/airflow/example_dags/example_sensor_decorator.py
[2023-08-24T09:34:56.812+0000] {processor.py:839} INFO - DAG(s) dict_keys(['example_sensor_decorator']) retrieved from /home/airflow/.local/lib/python3.8/site-packages/airflow/example_dags/example_sensor_decorator.py
[2023-08-24T09:34:56.844+0000] {logging_mixin.py:151} INFO - [2023-08-24T09:34:56.844+0000] {dag.py:2907} INFO - Sync 1 DAGs
[2023-08-24T09:34:56.860+0000] {logging_mixin.py:151} INFO - [2023-08-24T09:34:56.860+0000] {dag.py:3677} INFO - Setting next_dagrun for example_sensor_decorator to None, run_after=None
[2023-08-24T09:34:56.889+0000] {processor.py:179} INFO - Processing /home/airflow/.local/lib/python3.8/site-packages/airflow/example_dags/example_sensor_decorator.py took 0.105 seconds
[2023-08-24T09:35:27.833+0000] {processor.py:157} INFO - Started process (PID=510) to work on /home/airflow/.local/lib/python3.8/site-packages/airflow/example_dags/example_sensor_decorator.py
[2023-08-24T09:35:27.835+0000] {processor.py:829} INFO - Processing file /home/airflow/.local/lib/python3.8/site-packages/airflow/example_dags/example_sensor_decorator.py for tasks to queue
[2023-08-24T09:35:27.839+0000] {logging_mixin.py:151} INFO - [2023-08-24T09:35:27.839+0000] {dagbag.py:539} INFO - Filling up the DagBag from /home/airflow/.local/lib/python3.8/site-packages/airflow/example_dags/example_sensor_decorator.py
[2023-08-24T09:35:27.849+0000] {processor.py:839} INFO - DAG(s) dict_keys(['example_sensor_decorator']) retrieved from /home/airflow/.local/lib/python3.8/site-packages/airflow/example_dags/example_sensor_decorator.py
[2023-08-24T09:35:27.879+0000] {logging_mixin.py:151} INFO - [2023-08-24T09:35:27.878+0000] {dag.py:2907} INFO - Sync 1 DAGs
[2023-08-24T09:35:27.895+0000] {logging_mixin.py:151} INFO - [2023-08-24T09:35:27.895+0000] {dag.py:3677} INFO - Setting next_dagrun for example_sensor_decorator to None, run_after=None
[2023-08-24T09:35:27.915+0000] {processor.py:179} INFO - Processing /home/airflow/.local/lib/python3.8/site-packages/airflow/example_dags/example_sensor_decorator.py took 0.089 seconds
[2023-08-24T09:35:58.622+0000] {processor.py:157} INFO - Started process (PID=566) to work on /home/airflow/.local/lib/python3.8/site-packages/airflow/example_dags/example_sensor_decorator.py
[2023-08-24T09:35:58.624+0000] {processor.py:829} INFO - Processing file /home/airflow/.local/lib/python3.8/site-packages/airflow/example_dags/example_sensor_decorator.py for tasks to queue
[2023-08-24T09:35:58.628+0000] {logging_mixin.py:151} INFO - [2023-08-24T09:35:58.627+0000] {dagbag.py:539} INFO - Filling up the DagBag from /home/airflow/.local/lib/python3.8/site-packages/airflow/example_dags/example_sensor_decorator.py
[2023-08-24T09:35:58.636+0000] {processor.py:839} INFO - DAG(s) dict_keys(['example_sensor_decorator']) retrieved from /home/airflow/.local/lib/python3.8/site-packages/airflow/example_dags/example_sensor_decorator.py
[2023-08-24T09:35:58.661+0000] {logging_mixin.py:151} INFO - [2023-08-24T09:35:58.661+0000] {dag.py:2907} INFO - Sync 1 DAGs
[2023-08-24T09:35:58.676+0000] {logging_mixin.py:151} INFO - [2023-08-24T09:35:58.676+0000] {dag.py:3677} INFO - Setting next_dagrun for example_sensor_decorator to None, run_after=None
[2023-08-24T09:35:58.696+0000] {processor.py:179} INFO - Processing /home/airflow/.local/lib/python3.8/site-packages/airflow/example_dags/example_sensor_decorator.py took 0.080 seconds
[2023-08-24T09:36:29.107+0000] {processor.py:157} INFO - Started process (PID=622) to work on /home/airflow/.local/lib/python3.8/site-packages/airflow/example_dags/example_sensor_decorator.py
[2023-08-24T09:36:29.109+0000] {processor.py:829} INFO - Processing file /home/airflow/.local/lib/python3.8/site-packages/airflow/example_dags/example_sensor_decorator.py for tasks to queue
[2023-08-24T09:36:29.114+0000] {logging_mixin.py:151} INFO - [2023-08-24T09:36:29.113+0000] {dagbag.py:539} INFO - Filling up the DagBag from /home/airflow/.local/lib/python3.8/site-packages/airflow/example_dags/example_sensor_decorator.py
[2023-08-24T09:36:29.129+0000] {processor.py:839} INFO - DAG(s) dict_keys(['example_sensor_decorator']) retrieved from /home/airflow/.local/lib/python3.8/site-packages/airflow/example_dags/example_sensor_decorator.py
[2023-08-24T09:36:29.163+0000] {logging_mixin.py:151} INFO - [2023-08-24T09:36:29.163+0000] {dag.py:2907} INFO - Sync 1 DAGs
[2023-08-24T09:36:29.177+0000] {logging_mixin.py:151} INFO - [2023-08-24T09:36:29.177+0000] {dag.py:3677} INFO - Setting next_dagrun for example_sensor_decorator to None, run_after=None
[2023-08-24T09:36:29.196+0000] {processor.py:179} INFO - Processing /home/airflow/.local/lib/python3.8/site-packages/airflow/example_dags/example_sensor_decorator.py took 0.093 seconds
[2023-08-24T09:36:59.810+0000] {processor.py:157} INFO - Started process (PID=678) to work on /home/airflow/.local/lib/python3.8/site-packages/airflow/example_dags/example_sensor_decorator.py
[2023-08-24T09:36:59.821+0000] {processor.py:829} INFO - Processing file /home/airflow/.local/lib/python3.8/site-packages/airflow/example_dags/example_sensor_decorator.py for tasks to queue
[2023-08-24T09:36:59.836+0000] {logging_mixin.py:151} INFO - [2023-08-24T09:36:59.835+0000] {dagbag.py:539} INFO - Filling up the DagBag from /home/airflow/.local/lib/python3.8/site-packages/airflow/example_dags/example_sensor_decorator.py
[2023-08-24T09:37:03.880+0000] {logging_mixin.py:151} INFO - [2023-08-24T09:37:03.877+0000] {process_utils.py:259} INFO - Waiting up to 5 seconds for processes to exit...
