[2023-08-24T09:28:48.291+0000] {processor.py:157} INFO - Started process (PID=52) to work on /home/airflow/.local/lib/python3.8/site-packages/airflow/example_dags/example_xcomargs.py
[2023-08-24T09:28:48.345+0000] {processor.py:829} INFO - Processing file /home/airflow/.local/lib/python3.8/site-packages/airflow/example_dags/example_xcomargs.py for tasks to queue
[2023-08-24T09:28:48.420+0000] {logging_mixin.py:151} INFO - [2023-08-24T09:28:48.409+0000] {dagbag.py:539} INFO - Filling up the DagBag from /home/airflow/.local/lib/python3.8/site-packages/airflow/example_dags/example_xcomargs.py
[2023-08-24T09:28:48.587+0000] {processor.py:839} INFO - DAG(s) dict_keys(['example_xcom_args_with_operators', 'example_xcom_args']) retrieved from /home/airflow/.local/lib/python3.8/site-packages/airflow/example_dags/example_xcomargs.py
[2023-08-24T09:28:54.902+0000] {logging_mixin.py:151} INFO - [2023-08-24T09:28:54.897+0000] {manager.py:501} INFO - Created Permission View: can read on DAG:example_xcom_args_with_operators
[2023-08-24T09:28:55.018+0000] {logging_mixin.py:151} INFO - [2023-08-24T09:28:55.015+0000] {manager.py:501} INFO - Created Permission View: can edit on DAG:example_xcom_args_with_operators
[2023-08-24T09:28:55.147+0000] {logging_mixin.py:151} INFO - [2023-08-24T09:28:55.146+0000] {manager.py:501} INFO - Created Permission View: can delete on DAG:example_xcom_args_with_operators
[2023-08-24T09:28:55.429+0000] {logging_mixin.py:151} INFO - [2023-08-24T09:28:55.429+0000] {manager.py:501} INFO - Created Permission View: can read on DAG:example_xcom_args
[2023-08-24T09:28:55.499+0000] {logging_mixin.py:151} INFO - [2023-08-24T09:28:55.498+0000] {manager.py:501} INFO - Created Permission View: can edit on DAG:example_xcom_args
[2023-08-24T09:28:55.570+0000] {logging_mixin.py:151} INFO - [2023-08-24T09:28:55.570+0000] {manager.py:501} INFO - Created Permission View: can delete on DAG:example_xcom_args
[2023-08-24T09:28:55.712+0000] {logging_mixin.py:151} INFO - [2023-08-24T09:28:55.697+0000] {dag.py:2907} INFO - Sync 2 DAGs
[2023-08-24T09:28:55.864+0000] {logging_mixin.py:151} INFO - [2023-08-24T09:28:55.862+0000] {dag.py:2929} INFO - Creating ORM DAG for example_xcom_args_with_operators
[2023-08-24T09:28:55.888+0000] {logging_mixin.py:151} INFO - [2023-08-24T09:28:55.888+0000] {dag.py:2929} INFO - Creating ORM DAG for example_xcom_args
[2023-08-24T09:28:55.912+0000] {logging_mixin.py:151} INFO - [2023-08-24T09:28:55.911+0000] {dag.py:3677} INFO - Setting next_dagrun for example_xcom_args to None, run_after=None
[2023-08-24T09:28:55.947+0000] {logging_mixin.py:151} INFO - [2023-08-24T09:28:55.946+0000] {dag.py:3677} INFO - Setting next_dagrun for example_xcom_args_with_operators to None, run_after=None
[2023-08-24T09:28:56.215+0000] {processor.py:179} INFO - Processing /home/airflow/.local/lib/python3.8/site-packages/airflow/example_dags/example_xcomargs.py took 7.974 seconds
[2023-08-24T09:30:43.520+0000] {processor.py:157} INFO - Started process (PID=128) to work on /home/airflow/.local/lib/python3.8/site-packages/airflow/example_dags/example_xcomargs.py
[2023-08-24T09:30:43.545+0000] {processor.py:829} INFO - Processing file /home/airflow/.local/lib/python3.8/site-packages/airflow/example_dags/example_xcomargs.py for tasks to queue
[2023-08-24T09:30:43.583+0000] {logging_mixin.py:151} INFO - [2023-08-24T09:30:43.574+0000] {dagbag.py:539} INFO - Filling up the DagBag from /home/airflow/.local/lib/python3.8/site-packages/airflow/example_dags/example_xcomargs.py
[2023-08-24T09:30:43.943+0000] {processor.py:839} INFO - DAG(s) dict_keys(['example_xcom_args_with_operators', 'example_xcom_args']) retrieved from /home/airflow/.local/lib/python3.8/site-packages/airflow/example_dags/example_xcomargs.py
[2023-08-24T09:30:44.331+0000] {logging_mixin.py:151} INFO - [2023-08-24T09:30:44.330+0000] {dag.py:2907} INFO - Sync 2 DAGs
[2023-08-24T09:30:44.459+0000] {logging_mixin.py:151} INFO - [2023-08-24T09:30:44.458+0000] {dag.py:3677} INFO - Setting next_dagrun for example_xcom_args to None, run_after=None
[2023-08-24T09:30:44.623+0000] {logging_mixin.py:151} INFO - [2023-08-24T09:30:44.621+0000] {dag.py:3677} INFO - Setting next_dagrun for example_xcom_args_with_operators to None, run_after=None
[2023-08-24T09:30:45.235+0000] {processor.py:179} INFO - Processing /home/airflow/.local/lib/python3.8/site-packages/airflow/example_dags/example_xcomargs.py took 1.792 seconds
[2023-08-24T09:31:29.292+0000] {processor.py:157} INFO - Started process (PID=184) to work on /home/airflow/.local/lib/python3.8/site-packages/airflow/example_dags/example_xcomargs.py
[2023-08-24T09:31:29.300+0000] {processor.py:829} INFO - Processing file /home/airflow/.local/lib/python3.8/site-packages/airflow/example_dags/example_xcomargs.py for tasks to queue
[2023-08-24T09:31:29.327+0000] {logging_mixin.py:151} INFO - [2023-08-24T09:31:29.325+0000] {dagbag.py:539} INFO - Filling up the DagBag from /home/airflow/.local/lib/python3.8/site-packages/airflow/example_dags/example_xcomargs.py
[2023-08-24T09:31:29.368+0000] {processor.py:839} INFO - DAG(s) dict_keys(['example_xcom_args_with_operators', 'example_xcom_args']) retrieved from /home/airflow/.local/lib/python3.8/site-packages/airflow/example_dags/example_xcomargs.py
[2023-08-24T09:31:29.514+0000] {logging_mixin.py:151} INFO - [2023-08-24T09:31:29.513+0000] {dag.py:2907} INFO - Sync 2 DAGs
[2023-08-24T09:31:29.594+0000] {logging_mixin.py:151} INFO - [2023-08-24T09:31:29.594+0000] {dag.py:3677} INFO - Setting next_dagrun for example_xcom_args to None, run_after=None
[2023-08-24T09:31:29.615+0000] {logging_mixin.py:151} INFO - [2023-08-24T09:31:29.614+0000] {dag.py:3677} INFO - Setting next_dagrun for example_xcom_args_with_operators to None, run_after=None
[2023-08-24T09:31:29.669+0000] {processor.py:179} INFO - Processing /home/airflow/.local/lib/python3.8/site-packages/airflow/example_dags/example_xcomargs.py took 0.388 seconds
[2023-08-24T09:32:19.164+0000] {processor.py:157} INFO - Started process (PID=233) to work on /home/airflow/.local/lib/python3.8/site-packages/airflow/example_dags/example_xcomargs.py
[2023-08-24T09:32:19.224+0000] {processor.py:829} INFO - Processing file /home/airflow/.local/lib/python3.8/site-packages/airflow/example_dags/example_xcomargs.py for tasks to queue
[2023-08-24T09:32:19.299+0000] {logging_mixin.py:151} INFO - [2023-08-24T09:32:19.297+0000] {dagbag.py:539} INFO - Filling up the DagBag from /home/airflow/.local/lib/python3.8/site-packages/airflow/example_dags/example_xcomargs.py
[2023-08-24T09:32:19.618+0000] {processor.py:839} INFO - DAG(s) dict_keys(['example_xcom_args_with_operators', 'example_xcom_args']) retrieved from /home/airflow/.local/lib/python3.8/site-packages/airflow/example_dags/example_xcomargs.py
[2023-08-24T09:32:19.990+0000] {logging_mixin.py:151} INFO - [2023-08-24T09:32:19.989+0000] {dag.py:2907} INFO - Sync 2 DAGs
[2023-08-24T09:32:20.178+0000] {logging_mixin.py:151} INFO - [2023-08-24T09:32:20.175+0000] {dag.py:3677} INFO - Setting next_dagrun for example_xcom_args to None, run_after=None
[2023-08-24T09:32:20.233+0000] {logging_mixin.py:151} INFO - [2023-08-24T09:32:20.233+0000] {dag.py:3677} INFO - Setting next_dagrun for example_xcom_args_with_operators to None, run_after=None
[2023-08-24T09:32:20.392+0000] {processor.py:179} INFO - Processing /home/airflow/.local/lib/python3.8/site-packages/airflow/example_dags/example_xcomargs.py took 1.386 seconds
[2023-08-24T09:33:01.660+0000] {processor.py:157} INFO - Started process (PID=270) to work on /home/airflow/.local/lib/python3.8/site-packages/airflow/example_dags/example_xcomargs.py
[2023-08-24T09:33:01.674+0000] {processor.py:829} INFO - Processing file /home/airflow/.local/lib/python3.8/site-packages/airflow/example_dags/example_xcomargs.py for tasks to queue
[2023-08-24T09:33:01.702+0000] {logging_mixin.py:151} INFO - [2023-08-24T09:33:01.701+0000] {dagbag.py:539} INFO - Filling up the DagBag from /home/airflow/.local/lib/python3.8/site-packages/airflow/example_dags/example_xcomargs.py
[2023-08-24T09:33:01.751+0000] {processor.py:839} INFO - DAG(s) dict_keys(['example_xcom_args_with_operators', 'example_xcom_args']) retrieved from /home/airflow/.local/lib/python3.8/site-packages/airflow/example_dags/example_xcomargs.py
[2023-08-24T09:33:01.887+0000] {logging_mixin.py:151} INFO - [2023-08-24T09:33:01.887+0000] {dag.py:2907} INFO - Sync 2 DAGs
[2023-08-24T09:33:01.952+0000] {logging_mixin.py:151} INFO - [2023-08-24T09:33:01.951+0000] {dag.py:3677} INFO - Setting next_dagrun for example_xcom_args to None, run_after=None
[2023-08-24T09:33:01.965+0000] {logging_mixin.py:151} INFO - [2023-08-24T09:33:01.965+0000] {dag.py:3677} INFO - Setting next_dagrun for example_xcom_args_with_operators to None, run_after=None
[2023-08-24T09:33:02.036+0000] {processor.py:179} INFO - Processing /home/airflow/.local/lib/python3.8/site-packages/airflow/example_dags/example_xcomargs.py took 0.447 seconds
[2023-08-24T09:33:51.711+0000] {processor.py:157} INFO - Started process (PID=328) to work on /home/airflow/.local/lib/python3.8/site-packages/airflow/example_dags/example_xcomargs.py
[2023-08-24T09:33:51.717+0000] {processor.py:829} INFO - Processing file /home/airflow/.local/lib/python3.8/site-packages/airflow/example_dags/example_xcomargs.py for tasks to queue
[2023-08-24T09:33:51.725+0000] {logging_mixin.py:151} INFO - [2023-08-24T09:33:51.724+0000] {dagbag.py:539} INFO - Filling up the DagBag from /home/airflow/.local/lib/python3.8/site-packages/airflow/example_dags/example_xcomargs.py
[2023-08-24T09:33:51.776+0000] {processor.py:839} INFO - DAG(s) dict_keys(['example_xcom_args', 'example_xcom_args_with_operators']) retrieved from /home/airflow/.local/lib/python3.8/site-packages/airflow/example_dags/example_xcomargs.py
[2023-08-24T09:33:51.916+0000] {logging_mixin.py:151} INFO - [2023-08-24T09:33:51.916+0000] {dag.py:2907} INFO - Sync 2 DAGs
[2023-08-24T09:33:51.991+0000] {logging_mixin.py:151} INFO - [2023-08-24T09:33:51.991+0000] {dag.py:3677} INFO - Setting next_dagrun for example_xcom_args to None, run_after=None
[2023-08-24T09:33:52.030+0000] {logging_mixin.py:151} INFO - [2023-08-24T09:33:52.029+0000] {dag.py:3677} INFO - Setting next_dagrun for example_xcom_args_with_operators to None, run_after=None
[2023-08-24T09:33:52.097+0000] {processor.py:179} INFO - Processing /home/airflow/.local/lib/python3.8/site-packages/airflow/example_dags/example_xcomargs.py took 0.405 seconds
[2023-08-24T09:34:22.315+0000] {processor.py:157} INFO - Started process (PID=384) to work on /home/airflow/.local/lib/python3.8/site-packages/airflow/example_dags/example_xcomargs.py
[2023-08-24T09:34:22.324+0000] {processor.py:829} INFO - Processing file /home/airflow/.local/lib/python3.8/site-packages/airflow/example_dags/example_xcomargs.py for tasks to queue
[2023-08-24T09:34:22.337+0000] {logging_mixin.py:151} INFO - [2023-08-24T09:34:22.336+0000] {dagbag.py:539} INFO - Filling up the DagBag from /home/airflow/.local/lib/python3.8/site-packages/airflow/example_dags/example_xcomargs.py
[2023-08-24T09:34:22.357+0000] {processor.py:839} INFO - DAG(s) dict_keys(['example_xcom_args', 'example_xcom_args_with_operators']) retrieved from /home/airflow/.local/lib/python3.8/site-packages/airflow/example_dags/example_xcomargs.py
[2023-08-24T09:34:22.391+0000] {logging_mixin.py:151} INFO - [2023-08-24T09:34:22.391+0000] {dag.py:2907} INFO - Sync 2 DAGs
[2023-08-24T09:34:22.408+0000] {logging_mixin.py:151} INFO - [2023-08-24T09:34:22.408+0000] {dag.py:3677} INFO - Setting next_dagrun for example_xcom_args to None, run_after=None
[2023-08-24T09:34:22.414+0000] {logging_mixin.py:151} INFO - [2023-08-24T09:34:22.414+0000] {dag.py:3677} INFO - Setting next_dagrun for example_xcom_args_with_operators to None, run_after=None
[2023-08-24T09:34:22.435+0000] {processor.py:179} INFO - Processing /home/airflow/.local/lib/python3.8/site-packages/airflow/example_dags/example_xcomargs.py took 0.127 seconds
[2023-08-24T09:34:52.519+0000] {processor.py:157} INFO - Started process (PID=439) to work on /home/airflow/.local/lib/python3.8/site-packages/airflow/example_dags/example_xcomargs.py
[2023-08-24T09:34:52.522+0000] {processor.py:829} INFO - Processing file /home/airflow/.local/lib/python3.8/site-packages/airflow/example_dags/example_xcomargs.py for tasks to queue
[2023-08-24T09:34:52.527+0000] {logging_mixin.py:151} INFO - [2023-08-24T09:34:52.527+0000] {dagbag.py:539} INFO - Filling up the DagBag from /home/airflow/.local/lib/python3.8/site-packages/airflow/example_dags/example_xcomargs.py
[2023-08-24T09:34:52.537+0000] {processor.py:839} INFO - DAG(s) dict_keys(['example_xcom_args', 'example_xcom_args_with_operators']) retrieved from /home/airflow/.local/lib/python3.8/site-packages/airflow/example_dags/example_xcomargs.py
[2023-08-24T09:34:52.565+0000] {logging_mixin.py:151} INFO - [2023-08-24T09:34:52.565+0000] {dag.py:2907} INFO - Sync 2 DAGs
[2023-08-24T09:34:52.578+0000] {logging_mixin.py:151} INFO - [2023-08-24T09:34:52.578+0000] {dag.py:3677} INFO - Setting next_dagrun for example_xcom_args to None, run_after=None
[2023-08-24T09:34:52.582+0000] {logging_mixin.py:151} INFO - [2023-08-24T09:34:52.582+0000] {dag.py:3677} INFO - Setting next_dagrun for example_xcom_args_with_operators to None, run_after=None
[2023-08-24T09:34:52.596+0000] {processor.py:179} INFO - Processing /home/airflow/.local/lib/python3.8/site-packages/airflow/example_dags/example_xcomargs.py took 0.087 seconds
[2023-08-24T09:35:22.833+0000] {processor.py:157} INFO - Started process (PID=495) to work on /home/airflow/.local/lib/python3.8/site-packages/airflow/example_dags/example_xcomargs.py
[2023-08-24T09:35:22.836+0000] {processor.py:829} INFO - Processing file /home/airflow/.local/lib/python3.8/site-packages/airflow/example_dags/example_xcomargs.py for tasks to queue
[2023-08-24T09:35:22.841+0000] {logging_mixin.py:151} INFO - [2023-08-24T09:35:22.840+0000] {dagbag.py:539} INFO - Filling up the DagBag from /home/airflow/.local/lib/python3.8/site-packages/airflow/example_dags/example_xcomargs.py
[2023-08-24T09:35:22.850+0000] {processor.py:839} INFO - DAG(s) dict_keys(['example_xcom_args', 'example_xcom_args_with_operators']) retrieved from /home/airflow/.local/lib/python3.8/site-packages/airflow/example_dags/example_xcomargs.py
[2023-08-24T09:35:22.878+0000] {logging_mixin.py:151} INFO - [2023-08-24T09:35:22.878+0000] {dag.py:2907} INFO - Sync 2 DAGs
[2023-08-24T09:35:22.891+0000] {logging_mixin.py:151} INFO - [2023-08-24T09:35:22.891+0000] {dag.py:3677} INFO - Setting next_dagrun for example_xcom_args to None, run_after=None
[2023-08-24T09:35:22.896+0000] {logging_mixin.py:151} INFO - [2023-08-24T09:35:22.896+0000] {dag.py:3677} INFO - Setting next_dagrun for example_xcom_args_with_operators to None, run_after=None
[2023-08-24T09:35:22.910+0000] {processor.py:179} INFO - Processing /home/airflow/.local/lib/python3.8/site-packages/airflow/example_dags/example_xcomargs.py took 0.082 seconds
[2023-08-24T09:35:53.549+0000] {processor.py:157} INFO - Started process (PID=551) to work on /home/airflow/.local/lib/python3.8/site-packages/airflow/example_dags/example_xcomargs.py
[2023-08-24T09:35:53.552+0000] {processor.py:829} INFO - Processing file /home/airflow/.local/lib/python3.8/site-packages/airflow/example_dags/example_xcomargs.py for tasks to queue
[2023-08-24T09:35:53.557+0000] {logging_mixin.py:151} INFO - [2023-08-24T09:35:53.556+0000] {dagbag.py:539} INFO - Filling up the DagBag from /home/airflow/.local/lib/python3.8/site-packages/airflow/example_dags/example_xcomargs.py
[2023-08-24T09:35:53.570+0000] {processor.py:839} INFO - DAG(s) dict_keys(['example_xcom_args_with_operators', 'example_xcom_args']) retrieved from /home/airflow/.local/lib/python3.8/site-packages/airflow/example_dags/example_xcomargs.py
[2023-08-24T09:35:53.603+0000] {logging_mixin.py:151} INFO - [2023-08-24T09:35:53.603+0000] {dag.py:2907} INFO - Sync 2 DAGs
[2023-08-24T09:35:53.617+0000] {logging_mixin.py:151} INFO - [2023-08-24T09:35:53.617+0000] {dag.py:3677} INFO - Setting next_dagrun for example_xcom_args to None, run_after=None
[2023-08-24T09:35:53.621+0000] {logging_mixin.py:151} INFO - [2023-08-24T09:35:53.621+0000] {dag.py:3677} INFO - Setting next_dagrun for example_xcom_args_with_operators to None, run_after=None
[2023-08-24T09:35:53.636+0000] {processor.py:179} INFO - Processing /home/airflow/.local/lib/python3.8/site-packages/airflow/example_dags/example_xcomargs.py took 0.092 seconds
[2023-08-24T09:36:24.067+0000] {processor.py:157} INFO - Started process (PID=607) to work on /home/airflow/.local/lib/python3.8/site-packages/airflow/example_dags/example_xcomargs.py
[2023-08-24T09:36:24.070+0000] {processor.py:829} INFO - Processing file /home/airflow/.local/lib/python3.8/site-packages/airflow/example_dags/example_xcomargs.py for tasks to queue
[2023-08-24T09:36:24.075+0000] {logging_mixin.py:151} INFO - [2023-08-24T09:36:24.074+0000] {dagbag.py:539} INFO - Filling up the DagBag from /home/airflow/.local/lib/python3.8/site-packages/airflow/example_dags/example_xcomargs.py
[2023-08-24T09:36:24.084+0000] {processor.py:839} INFO - DAG(s) dict_keys(['example_xcom_args', 'example_xcom_args_with_operators']) retrieved from /home/airflow/.local/lib/python3.8/site-packages/airflow/example_dags/example_xcomargs.py
[2023-08-24T09:36:24.113+0000] {logging_mixin.py:151} INFO - [2023-08-24T09:36:24.113+0000] {dag.py:2907} INFO - Sync 2 DAGs
[2023-08-24T09:36:24.126+0000] {logging_mixin.py:151} INFO - [2023-08-24T09:36:24.126+0000] {dag.py:3677} INFO - Setting next_dagrun for example_xcom_args to None, run_after=None
[2023-08-24T09:36:24.131+0000] {logging_mixin.py:151} INFO - [2023-08-24T09:36:24.131+0000] {dag.py:3677} INFO - Setting next_dagrun for example_xcom_args_with_operators to None, run_after=None
[2023-08-24T09:36:24.146+0000] {processor.py:179} INFO - Processing /home/airflow/.local/lib/python3.8/site-packages/airflow/example_dags/example_xcomargs.py took 0.084 seconds
[2023-08-24T09:36:54.511+0000] {processor.py:157} INFO - Started process (PID=663) to work on /home/airflow/.local/lib/python3.8/site-packages/airflow/example_dags/example_xcomargs.py
[2023-08-24T09:36:54.514+0000] {processor.py:829} INFO - Processing file /home/airflow/.local/lib/python3.8/site-packages/airflow/example_dags/example_xcomargs.py for tasks to queue
[2023-08-24T09:36:54.519+0000] {logging_mixin.py:151} INFO - [2023-08-24T09:36:54.519+0000] {dagbag.py:539} INFO - Filling up the DagBag from /home/airflow/.local/lib/python3.8/site-packages/airflow/example_dags/example_xcomargs.py
[2023-08-24T09:36:54.530+0000] {processor.py:839} INFO - DAG(s) dict_keys(['example_xcom_args_with_operators', 'example_xcom_args']) retrieved from /home/airflow/.local/lib/python3.8/site-packages/airflow/example_dags/example_xcomargs.py
[2023-08-24T09:36:54.559+0000] {logging_mixin.py:151} INFO - [2023-08-24T09:36:54.559+0000] {dag.py:2907} INFO - Sync 2 DAGs
[2023-08-24T09:36:54.572+0000] {logging_mixin.py:151} INFO - [2023-08-24T09:36:54.572+0000] {dag.py:3677} INFO - Setting next_dagrun for example_xcom_args to None, run_after=None
[2023-08-24T09:36:54.576+0000] {logging_mixin.py:151} INFO - [2023-08-24T09:36:54.576+0000] {dag.py:3677} INFO - Setting next_dagrun for example_xcom_args_with_operators to None, run_after=None
[2023-08-24T09:36:54.591+0000] {processor.py:179} INFO - Processing /home/airflow/.local/lib/python3.8/site-packages/airflow/example_dags/example_xcomargs.py took 0.085 seconds
