[2023-08-24T09:29:44.511+0000] {processor.py:157} INFO - Started process (PID=87) to work on /home/airflow/.local/lib/python3.8/site-packages/airflow/example_dags/example_latest_only.py
[2023-08-24T09:29:44.524+0000] {processor.py:829} INFO - Processing file /home/airflow/.local/lib/python3.8/site-packages/airflow/example_dags/example_latest_only.py for tasks to queue
[2023-08-24T09:29:44.559+0000] {logging_mixin.py:151} INFO - [2023-08-24T09:29:44.551+0000] {dagbag.py:539} INFO - Filling up the DagBag from /home/airflow/.local/lib/python3.8/site-packages/airflow/example_dags/example_latest_only.py
[2023-08-24T09:29:44.688+0000] {processor.py:839} INFO - DAG(s) dict_keys(['latest_only']) retrieved from /home/airflow/.local/lib/python3.8/site-packages/airflow/example_dags/example_latest_only.py
[2023-08-24T09:29:46.113+0000] {logging_mixin.py:151} INFO - [2023-08-24T09:29:46.099+0000] {manager.py:501} INFO - Created Permission View: can read on DAG:latest_only
[2023-08-24T09:29:46.342+0000] {logging_mixin.py:151} INFO - [2023-08-24T09:29:46.342+0000] {manager.py:501} INFO - Created Permission View: can edit on DAG:latest_only
[2023-08-24T09:29:46.440+0000] {logging_mixin.py:151} INFO - [2023-08-24T09:29:46.438+0000] {manager.py:501} INFO - Created Permission View: can delete on DAG:latest_only
[2023-08-24T09:29:46.997+0000] {logging_mixin.py:151} INFO - [2023-08-24T09:29:46.980+0000] {dag.py:2907} INFO - Sync 1 DAGs
[2023-08-24T09:29:48.308+0000] {logging_mixin.py:151} INFO - [2023-08-24T09:29:48.273+0000] {dag.py:2929} INFO - Creating ORM DAG for latest_only
[2023-08-24T09:29:48.838+0000] {logging_mixin.py:151} INFO - [2023-08-24T09:29:48.837+0000] {dag.py:3677} INFO - Setting next_dagrun for latest_only to 2023-08-24T05:29:48.725093+00:00, run_after=2023-08-24T09:29:48.725093+00:00
[2023-08-24T09:29:49.363+0000] {processor.py:179} INFO - Processing /home/airflow/.local/lib/python3.8/site-packages/airflow/example_dags/example_latest_only.py took 4.869 seconds
[2023-08-24T09:31:08.463+0000] {processor.py:157} INFO - Started process (PID=157) to work on /home/airflow/.local/lib/python3.8/site-packages/airflow/example_dags/example_latest_only.py
[2023-08-24T09:31:08.474+0000] {processor.py:829} INFO - Processing file /home/airflow/.local/lib/python3.8/site-packages/airflow/example_dags/example_latest_only.py for tasks to queue
[2023-08-24T09:31:08.487+0000] {logging_mixin.py:151} INFO - [2023-08-24T09:31:08.485+0000] {dagbag.py:539} INFO - Filling up the DagBag from /home/airflow/.local/lib/python3.8/site-packages/airflow/example_dags/example_latest_only.py
[2023-08-24T09:31:08.530+0000] {processor.py:839} INFO - DAG(s) dict_keys(['latest_only']) retrieved from /home/airflow/.local/lib/python3.8/site-packages/airflow/example_dags/example_latest_only.py
[2023-08-24T09:31:08.630+0000] {logging_mixin.py:151} INFO - [2023-08-24T09:31:08.629+0000] {dag.py:2907} INFO - Sync 1 DAGs
[2023-08-24T09:31:08.725+0000] {logging_mixin.py:151} INFO - [2023-08-24T09:31:08.724+0000] {dag.py:3677} INFO - Setting next_dagrun for latest_only to 2023-08-24T05:31:08.723817+00:00, run_after=2023-08-24T09:31:08.723817+00:00
[2023-08-24T09:31:08.812+0000] {processor.py:179} INFO - Processing /home/airflow/.local/lib/python3.8/site-packages/airflow/example_dags/example_latest_only.py took 0.361 seconds
[2023-08-24T09:31:46.845+0000] {processor.py:157} INFO - Started process (PID=213) to work on /home/airflow/.local/lib/python3.8/site-packages/airflow/example_dags/example_latest_only.py
[2023-08-24T09:31:46.862+0000] {processor.py:829} INFO - Processing file /home/airflow/.local/lib/python3.8/site-packages/airflow/example_dags/example_latest_only.py for tasks to queue
[2023-08-24T09:31:46.892+0000] {logging_mixin.py:151} INFO - [2023-08-24T09:31:46.888+0000] {dagbag.py:539} INFO - Filling up the DagBag from /home/airflow/.local/lib/python3.8/site-packages/airflow/example_dags/example_latest_only.py
[2023-08-24T09:31:46.990+0000] {processor.py:839} INFO - DAG(s) dict_keys(['latest_only']) retrieved from /home/airflow/.local/lib/python3.8/site-packages/airflow/example_dags/example_latest_only.py
[2023-08-24T09:31:47.420+0000] {logging_mixin.py:151} INFO - [2023-08-24T09:31:47.418+0000] {dag.py:2907} INFO - Sync 1 DAGs
[2023-08-24T09:31:47.885+0000] {logging_mixin.py:151} INFO - [2023-08-24T09:31:47.883+0000] {dag.py:3677} INFO - Setting next_dagrun for latest_only to 2023-08-24T05:31:47.880492+00:00, run_after=2023-08-24T09:31:47.880492+00:00
[2023-08-24T09:31:48.231+0000] {processor.py:179} INFO - Processing /home/airflow/.local/lib/python3.8/site-packages/airflow/example_dags/example_latest_only.py took 1.445 seconds
[2023-08-24T09:33:09.704+0000] {processor.py:157} INFO - Started process (PID=293) to work on /home/airflow/.local/lib/python3.8/site-packages/airflow/example_dags/example_latest_only.py
[2023-08-24T09:33:09.716+0000] {processor.py:829} INFO - Processing file /home/airflow/.local/lib/python3.8/site-packages/airflow/example_dags/example_latest_only.py for tasks to queue
[2023-08-24T09:33:09.741+0000] {logging_mixin.py:151} INFO - [2023-08-24T09:33:09.737+0000] {dagbag.py:539} INFO - Filling up the DagBag from /home/airflow/.local/lib/python3.8/site-packages/airflow/example_dags/example_latest_only.py
[2023-08-24T09:33:09.862+0000] {processor.py:839} INFO - DAG(s) dict_keys(['latest_only']) retrieved from /home/airflow/.local/lib/python3.8/site-packages/airflow/example_dags/example_latest_only.py
[2023-08-24T09:33:10.618+0000] {logging_mixin.py:151} INFO - [2023-08-24T09:33:10.582+0000] {dag.py:2907} INFO - Sync 1 DAGs
[2023-08-24T09:33:11.233+0000] {logging_mixin.py:151} INFO - [2023-08-24T09:33:11.225+0000] {dag.py:3677} INFO - Setting next_dagrun for latest_only to 2023-08-24T05:33:11.198791+00:00, run_after=2023-08-24T09:33:11.198791+00:00
[2023-08-24T09:33:11.561+0000] {processor.py:179} INFO - Processing /home/airflow/.local/lib/python3.8/site-packages/airflow/example_dags/example_latest_only.py took 1.999 seconds
[2023-08-24T09:33:54.659+0000] {processor.py:157} INFO - Started process (PID=344) to work on /home/airflow/.local/lib/python3.8/site-packages/airflow/example_dags/example_latest_only.py
[2023-08-24T09:33:54.663+0000] {processor.py:829} INFO - Processing file /home/airflow/.local/lib/python3.8/site-packages/airflow/example_dags/example_latest_only.py for tasks to queue
[2023-08-24T09:33:54.669+0000] {logging_mixin.py:151} INFO - [2023-08-24T09:33:54.669+0000] {dagbag.py:539} INFO - Filling up the DagBag from /home/airflow/.local/lib/python3.8/site-packages/airflow/example_dags/example_latest_only.py
[2023-08-24T09:33:54.682+0000] {processor.py:839} INFO - DAG(s) dict_keys(['latest_only']) retrieved from /home/airflow/.local/lib/python3.8/site-packages/airflow/example_dags/example_latest_only.py
[2023-08-24T09:33:54.724+0000] {logging_mixin.py:151} INFO - [2023-08-24T09:33:54.723+0000] {dag.py:2907} INFO - Sync 1 DAGs
[2023-08-24T09:33:54.755+0000] {logging_mixin.py:151} INFO - [2023-08-24T09:33:54.755+0000] {dag.py:3677} INFO - Setting next_dagrun for latest_only to 2023-08-24T05:33:54.754555+00:00, run_after=2023-08-24T09:33:54.754555+00:00
[2023-08-24T09:33:54.778+0000] {processor.py:179} INFO - Processing /home/airflow/.local/lib/python3.8/site-packages/airflow/example_dags/example_latest_only.py took 0.128 seconds
[2023-08-24T09:34:26.274+0000] {processor.py:157} INFO - Started process (PID=400) to work on /home/airflow/.local/lib/python3.8/site-packages/airflow/example_dags/example_latest_only.py
[2023-08-24T09:34:26.279+0000] {processor.py:829} INFO - Processing file /home/airflow/.local/lib/python3.8/site-packages/airflow/example_dags/example_latest_only.py for tasks to queue
[2023-08-24T09:34:26.289+0000] {logging_mixin.py:151} INFO - [2023-08-24T09:34:26.288+0000] {dagbag.py:539} INFO - Filling up the DagBag from /home/airflow/.local/lib/python3.8/site-packages/airflow/example_dags/example_latest_only.py
[2023-08-24T09:34:26.322+0000] {processor.py:839} INFO - DAG(s) dict_keys(['latest_only']) retrieved from /home/airflow/.local/lib/python3.8/site-packages/airflow/example_dags/example_latest_only.py
[2023-08-24T09:34:26.402+0000] {logging_mixin.py:151} INFO - [2023-08-24T09:34:26.401+0000] {dag.py:2907} INFO - Sync 1 DAGs
[2023-08-24T09:34:26.466+0000] {logging_mixin.py:151} INFO - [2023-08-24T09:34:26.466+0000] {dag.py:3677} INFO - Setting next_dagrun for latest_only to 2023-08-24T05:34:26.465474+00:00, run_after=2023-08-24T09:34:26.465474+00:00
[2023-08-24T09:34:26.494+0000] {processor.py:179} INFO - Processing /home/airflow/.local/lib/python3.8/site-packages/airflow/example_dags/example_latest_only.py took 0.229 seconds
[2023-08-24T09:34:56.955+0000] {processor.py:157} INFO - Started process (PID=455) to work on /home/airflow/.local/lib/python3.8/site-packages/airflow/example_dags/example_latest_only.py
[2023-08-24T09:34:56.958+0000] {processor.py:829} INFO - Processing file /home/airflow/.local/lib/python3.8/site-packages/airflow/example_dags/example_latest_only.py for tasks to queue
[2023-08-24T09:34:56.963+0000] {logging_mixin.py:151} INFO - [2023-08-24T09:34:56.962+0000] {dagbag.py:539} INFO - Filling up the DagBag from /home/airflow/.local/lib/python3.8/site-packages/airflow/example_dags/example_latest_only.py
[2023-08-24T09:34:56.972+0000] {processor.py:839} INFO - DAG(s) dict_keys(['latest_only']) retrieved from /home/airflow/.local/lib/python3.8/site-packages/airflow/example_dags/example_latest_only.py
[2023-08-24T09:34:57.005+0000] {logging_mixin.py:151} INFO - [2023-08-24T09:34:57.005+0000] {dag.py:2907} INFO - Sync 1 DAGs
[2023-08-24T09:34:57.034+0000] {logging_mixin.py:151} INFO - [2023-08-24T09:34:57.034+0000] {dag.py:3677} INFO - Setting next_dagrun for latest_only to 2023-08-24T05:34:57.034100+00:00, run_after=2023-08-24T09:34:57.034100+00:00
[2023-08-24T09:34:57.055+0000] {processor.py:179} INFO - Processing /home/airflow/.local/lib/python3.8/site-packages/airflow/example_dags/example_latest_only.py took 0.105 seconds
[2023-08-24T09:35:27.956+0000] {processor.py:157} INFO - Started process (PID=511) to work on /home/airflow/.local/lib/python3.8/site-packages/airflow/example_dags/example_latest_only.py
[2023-08-24T09:35:27.958+0000] {processor.py:829} INFO - Processing file /home/airflow/.local/lib/python3.8/site-packages/airflow/example_dags/example_latest_only.py for tasks to queue
[2023-08-24T09:35:27.962+0000] {logging_mixin.py:151} INFO - [2023-08-24T09:35:27.962+0000] {dagbag.py:539} INFO - Filling up the DagBag from /home/airflow/.local/lib/python3.8/site-packages/airflow/example_dags/example_latest_only.py
[2023-08-24T09:35:27.969+0000] {processor.py:839} INFO - DAG(s) dict_keys(['latest_only']) retrieved from /home/airflow/.local/lib/python3.8/site-packages/airflow/example_dags/example_latest_only.py
[2023-08-24T09:35:27.996+0000] {logging_mixin.py:151} INFO - [2023-08-24T09:35:27.996+0000] {dag.py:2907} INFO - Sync 1 DAGs
[2023-08-24T09:35:28.016+0000] {logging_mixin.py:151} INFO - [2023-08-24T09:35:28.015+0000] {dag.py:3677} INFO - Setting next_dagrun for latest_only to 2023-08-24T05:35:28.015675+00:00, run_after=2023-08-24T09:35:28.015675+00:00
[2023-08-24T09:35:28.032+0000] {processor.py:179} INFO - Processing /home/airflow/.local/lib/python3.8/site-packages/airflow/example_dags/example_latest_only.py took 0.081 seconds
[2023-08-24T09:35:58.733+0000] {processor.py:157} INFO - Started process (PID=567) to work on /home/airflow/.local/lib/python3.8/site-packages/airflow/example_dags/example_latest_only.py
[2023-08-24T09:35:58.736+0000] {processor.py:829} INFO - Processing file /home/airflow/.local/lib/python3.8/site-packages/airflow/example_dags/example_latest_only.py for tasks to queue
[2023-08-24T09:35:58.742+0000] {logging_mixin.py:151} INFO - [2023-08-24T09:35:58.741+0000] {dagbag.py:539} INFO - Filling up the DagBag from /home/airflow/.local/lib/python3.8/site-packages/airflow/example_dags/example_latest_only.py
[2023-08-24T09:35:58.749+0000] {processor.py:839} INFO - DAG(s) dict_keys(['latest_only']) retrieved from /home/airflow/.local/lib/python3.8/site-packages/airflow/example_dags/example_latest_only.py
[2023-08-24T09:35:58.778+0000] {logging_mixin.py:151} INFO - [2023-08-24T09:35:58.778+0000] {dag.py:2907} INFO - Sync 1 DAGs
[2023-08-24T09:35:58.803+0000] {logging_mixin.py:151} INFO - [2023-08-24T09:35:58.803+0000] {dag.py:3677} INFO - Setting next_dagrun for latest_only to 2023-08-24T05:35:58.802980+00:00, run_after=2023-08-24T09:35:58.802980+00:00
[2023-08-24T09:35:58.824+0000] {processor.py:179} INFO - Processing /home/airflow/.local/lib/python3.8/site-packages/airflow/example_dags/example_latest_only.py took 0.095 seconds
[2023-08-24T09:36:29.238+0000] {processor.py:157} INFO - Started process (PID=623) to work on /home/airflow/.local/lib/python3.8/site-packages/airflow/example_dags/example_latest_only.py
[2023-08-24T09:36:29.240+0000] {processor.py:829} INFO - Processing file /home/airflow/.local/lib/python3.8/site-packages/airflow/example_dags/example_latest_only.py for tasks to queue
[2023-08-24T09:36:29.244+0000] {logging_mixin.py:151} INFO - [2023-08-24T09:36:29.244+0000] {dagbag.py:539} INFO - Filling up the DagBag from /home/airflow/.local/lib/python3.8/site-packages/airflow/example_dags/example_latest_only.py
[2023-08-24T09:36:29.252+0000] {processor.py:839} INFO - DAG(s) dict_keys(['latest_only']) retrieved from /home/airflow/.local/lib/python3.8/site-packages/airflow/example_dags/example_latest_only.py
[2023-08-24T09:36:29.283+0000] {logging_mixin.py:151} INFO - [2023-08-24T09:36:29.283+0000] {dag.py:2907} INFO - Sync 1 DAGs
[2023-08-24T09:36:29.306+0000] {logging_mixin.py:151} INFO - [2023-08-24T09:36:29.306+0000] {dag.py:3677} INFO - Setting next_dagrun for latest_only to 2023-08-24T05:36:29.306204+00:00, run_after=2023-08-24T09:36:29.306204+00:00
[2023-08-24T09:36:29.325+0000] {processor.py:179} INFO - Processing /home/airflow/.local/lib/python3.8/site-packages/airflow/example_dags/example_latest_only.py took 0.093 seconds
