[2023-08-24T09:29:57.487+0000] {processor.py:157} INFO - Started process (PID=97) to work on /home/airflow/.local/lib/python3.8/site-packages/airflow/example_dags/example_external_task_marker_dag.py
[2023-08-24T09:29:57.496+0000] {processor.py:829} INFO - Processing file /home/airflow/.local/lib/python3.8/site-packages/airflow/example_dags/example_external_task_marker_dag.py for tasks to queue
[2023-08-24T09:29:57.538+0000] {logging_mixin.py:151} INFO - [2023-08-24T09:29:57.536+0000] {dagbag.py:539} INFO - Filling up the DagBag from /home/airflow/.local/lib/python3.8/site-packages/airflow/example_dags/example_external_task_marker_dag.py
[2023-08-24T09:29:57.658+0000] {processor.py:839} INFO - DAG(s) dict_keys(['example_external_task_marker_child', 'example_external_task_marker_parent']) retrieved from /home/airflow/.local/lib/python3.8/site-packages/airflow/example_dags/example_external_task_marker_dag.py
[2023-08-24T09:29:59.240+0000] {logging_mixin.py:151} INFO - [2023-08-24T09:29:59.202+0000] {manager.py:501} INFO - Created Permission View: can read on DAG:example_external_task_marker_child
[2023-08-24T09:29:59.307+0000] {logging_mixin.py:151} INFO - [2023-08-24T09:29:59.306+0000] {manager.py:501} INFO - Created Permission View: can edit on DAG:example_external_task_marker_child
[2023-08-24T09:29:59.347+0000] {logging_mixin.py:151} INFO - [2023-08-24T09:29:59.346+0000] {manager.py:501} INFO - Created Permission View: can delete on DAG:example_external_task_marker_child
[2023-08-24T09:29:59.793+0000] {logging_mixin.py:151} INFO - [2023-08-24T09:29:59.792+0000] {manager.py:501} INFO - Created Permission View: can read on DAG:example_external_task_marker_parent
[2023-08-24T09:29:59.855+0000] {logging_mixin.py:151} INFO - [2023-08-24T09:29:59.855+0000] {manager.py:501} INFO - Created Permission View: can edit on DAG:example_external_task_marker_parent
[2023-08-24T09:29:59.966+0000] {logging_mixin.py:151} INFO - [2023-08-24T09:29:59.966+0000] {manager.py:501} INFO - Created Permission View: can delete on DAG:example_external_task_marker_parent
[2023-08-24T09:30:00.000+0000] {logging_mixin.py:151} INFO - [2023-08-24T09:29:59.999+0000] {dag.py:2907} INFO - Sync 2 DAGs
[2023-08-24T09:30:00.093+0000] {logging_mixin.py:151} INFO - [2023-08-24T09:30:00.090+0000] {dag.py:2929} INFO - Creating ORM DAG for example_external_task_marker_child
[2023-08-24T09:30:00.099+0000] {logging_mixin.py:151} INFO - [2023-08-24T09:30:00.099+0000] {dag.py:2929} INFO - Creating ORM DAG for example_external_task_marker_parent
[2023-08-24T09:30:00.106+0000] {logging_mixin.py:151} INFO - [2023-08-24T09:30:00.105+0000] {dag.py:3677} INFO - Setting next_dagrun for example_external_task_marker_child to None, run_after=None
[2023-08-24T09:30:00.115+0000] {logging_mixin.py:151} INFO - [2023-08-24T09:30:00.115+0000] {dag.py:3677} INFO - Setting next_dagrun for example_external_task_marker_parent to None, run_after=None
[2023-08-24T09:30:00.352+0000] {processor.py:179} INFO - Processing /home/airflow/.local/lib/python3.8/site-packages/airflow/example_dags/example_external_task_marker_dag.py took 2.920 seconds
[2023-08-24T09:31:13.768+0000] {processor.py:157} INFO - Started process (PID=165) to work on /home/airflow/.local/lib/python3.8/site-packages/airflow/example_dags/example_external_task_marker_dag.py
[2023-08-24T09:31:13.775+0000] {processor.py:829} INFO - Processing file /home/airflow/.local/lib/python3.8/site-packages/airflow/example_dags/example_external_task_marker_dag.py for tasks to queue
[2023-08-24T09:31:13.783+0000] {logging_mixin.py:151} INFO - [2023-08-24T09:31:13.782+0000] {dagbag.py:539} INFO - Filling up the DagBag from /home/airflow/.local/lib/python3.8/site-packages/airflow/example_dags/example_external_task_marker_dag.py
[2023-08-24T09:31:13.816+0000] {processor.py:839} INFO - DAG(s) dict_keys(['example_external_task_marker_parent', 'example_external_task_marker_child']) retrieved from /home/airflow/.local/lib/python3.8/site-packages/airflow/example_dags/example_external_task_marker_dag.py
[2023-08-24T09:31:14.288+0000] {logging_mixin.py:151} INFO - [2023-08-24T09:31:14.282+0000] {dag.py:2907} INFO - Sync 2 DAGs
[2023-08-24T09:31:14.414+0000] {logging_mixin.py:151} INFO - [2023-08-24T09:31:14.408+0000] {dag.py:3677} INFO - Setting next_dagrun for example_external_task_marker_child to None, run_after=None
[2023-08-24T09:31:14.460+0000] {logging_mixin.py:151} INFO - [2023-08-24T09:31:14.459+0000] {dag.py:3677} INFO - Setting next_dagrun for example_external_task_marker_parent to None, run_after=None
[2023-08-24T09:31:14.589+0000] {processor.py:179} INFO - Processing /home/airflow/.local/lib/python3.8/site-packages/airflow/example_dags/example_external_task_marker_dag.py took 0.833 seconds
[2023-08-24T09:32:08.511+0000] {processor.py:157} INFO - Started process (PID=227) to work on /home/airflow/.local/lib/python3.8/site-packages/airflow/example_dags/example_external_task_marker_dag.py
[2023-08-24T09:32:08.521+0000] {processor.py:829} INFO - Processing file /home/airflow/.local/lib/python3.8/site-packages/airflow/example_dags/example_external_task_marker_dag.py for tasks to queue
[2023-08-24T09:32:08.564+0000] {logging_mixin.py:151} INFO - [2023-08-24T09:32:08.562+0000] {dagbag.py:539} INFO - Filling up the DagBag from /home/airflow/.local/lib/python3.8/site-packages/airflow/example_dags/example_external_task_marker_dag.py
[2023-08-24T09:32:08.699+0000] {processor.py:839} INFO - DAG(s) dict_keys(['example_external_task_marker_parent', 'example_external_task_marker_child']) retrieved from /home/airflow/.local/lib/python3.8/site-packages/airflow/example_dags/example_external_task_marker_dag.py
[2023-08-24T09:32:09.057+0000] {logging_mixin.py:151} INFO - [2023-08-24T09:32:09.056+0000] {dag.py:2907} INFO - Sync 2 DAGs
[2023-08-24T09:32:09.240+0000] {logging_mixin.py:151} INFO - [2023-08-24T09:32:09.239+0000] {dag.py:3677} INFO - Setting next_dagrun for example_external_task_marker_child to None, run_after=None
[2023-08-24T09:32:09.274+0000] {logging_mixin.py:151} INFO - [2023-08-24T09:32:09.273+0000] {dag.py:3677} INFO - Setting next_dagrun for example_external_task_marker_parent to None, run_after=None
[2023-08-24T09:32:09.440+0000] {processor.py:179} INFO - Processing /home/airflow/.local/lib/python3.8/site-packages/airflow/example_dags/example_external_task_marker_dag.py took 0.951 seconds
[2023-08-24T09:33:15.766+0000] {processor.py:157} INFO - Started process (PID=296) to work on /home/airflow/.local/lib/python3.8/site-packages/airflow/example_dags/example_external_task_marker_dag.py
[2023-08-24T09:33:15.781+0000] {processor.py:829} INFO - Processing file /home/airflow/.local/lib/python3.8/site-packages/airflow/example_dags/example_external_task_marker_dag.py for tasks to queue
[2023-08-24T09:33:15.841+0000] {logging_mixin.py:151} INFO - [2023-08-24T09:33:15.839+0000] {dagbag.py:539} INFO - Filling up the DagBag from /home/airflow/.local/lib/python3.8/site-packages/airflow/example_dags/example_external_task_marker_dag.py
[2023-08-24T09:33:15.923+0000] {processor.py:839} INFO - DAG(s) dict_keys(['example_external_task_marker_child', 'example_external_task_marker_parent']) retrieved from /home/airflow/.local/lib/python3.8/site-packages/airflow/example_dags/example_external_task_marker_dag.py
[2023-08-24T09:33:16.312+0000] {logging_mixin.py:151} INFO - [2023-08-24T09:33:16.309+0000] {dag.py:2907} INFO - Sync 2 DAGs
[2023-08-24T09:33:16.618+0000] {logging_mixin.py:151} INFO - [2023-08-24T09:33:16.580+0000] {dag.py:3677} INFO - Setting next_dagrun for example_external_task_marker_child to None, run_after=None
[2023-08-24T09:33:17.033+0000] {logging_mixin.py:151} INFO - [2023-08-24T09:33:17.030+0000] {dag.py:3677} INFO - Setting next_dagrun for example_external_task_marker_parent to None, run_after=None
[2023-08-24T09:33:17.801+0000] {processor.py:179} INFO - Processing /home/airflow/.local/lib/python3.8/site-packages/airflow/example_dags/example_external_task_marker_dag.py took 2.138 seconds
[2023-08-24T09:33:55.496+0000] {processor.py:157} INFO - Started process (PID=353) to work on /home/airflow/.local/lib/python3.8/site-packages/airflow/example_dags/example_external_task_marker_dag.py
[2023-08-24T09:33:55.503+0000] {processor.py:829} INFO - Processing file /home/airflow/.local/lib/python3.8/site-packages/airflow/example_dags/example_external_task_marker_dag.py for tasks to queue
[2023-08-24T09:33:55.509+0000] {logging_mixin.py:151} INFO - [2023-08-24T09:33:55.509+0000] {dagbag.py:539} INFO - Filling up the DagBag from /home/airflow/.local/lib/python3.8/site-packages/airflow/example_dags/example_external_task_marker_dag.py
[2023-08-24T09:33:55.523+0000] {processor.py:839} INFO - DAG(s) dict_keys(['example_external_task_marker_parent', 'example_external_task_marker_child']) retrieved from /home/airflow/.local/lib/python3.8/site-packages/airflow/example_dags/example_external_task_marker_dag.py
[2023-08-24T09:33:55.575+0000] {logging_mixin.py:151} INFO - [2023-08-24T09:33:55.575+0000] {dag.py:2907} INFO - Sync 2 DAGs
[2023-08-24T09:33:55.598+0000] {logging_mixin.py:151} INFO - [2023-08-24T09:33:55.598+0000] {dag.py:3677} INFO - Setting next_dagrun for example_external_task_marker_child to None, run_after=None
[2023-08-24T09:33:55.605+0000] {logging_mixin.py:151} INFO - [2023-08-24T09:33:55.605+0000] {dag.py:3677} INFO - Setting next_dagrun for example_external_task_marker_parent to None, run_after=None
[2023-08-24T09:33:55.630+0000] {processor.py:179} INFO - Processing /home/airflow/.local/lib/python3.8/site-packages/airflow/example_dags/example_external_task_marker_dag.py took 0.140 seconds
[2023-08-24T09:34:26.913+0000] {processor.py:157} INFO - Started process (PID=406) to work on /home/airflow/.local/lib/python3.8/site-packages/airflow/example_dags/example_external_task_marker_dag.py
[2023-08-24T09:34:26.920+0000] {processor.py:829} INFO - Processing file /home/airflow/.local/lib/python3.8/site-packages/airflow/example_dags/example_external_task_marker_dag.py for tasks to queue
[2023-08-24T09:34:26.933+0000] {logging_mixin.py:151} INFO - [2023-08-24T09:34:26.932+0000] {dagbag.py:539} INFO - Filling up the DagBag from /home/airflow/.local/lib/python3.8/site-packages/airflow/example_dags/example_external_task_marker_dag.py
[2023-08-24T09:34:26.969+0000] {processor.py:839} INFO - DAG(s) dict_keys(['example_external_task_marker_parent', 'example_external_task_marker_child']) retrieved from /home/airflow/.local/lib/python3.8/site-packages/airflow/example_dags/example_external_task_marker_dag.py
[2023-08-24T09:34:27.103+0000] {logging_mixin.py:151} INFO - [2023-08-24T09:34:27.103+0000] {dag.py:2907} INFO - Sync 2 DAGs
[2023-08-24T09:34:27.174+0000] {logging_mixin.py:151} INFO - [2023-08-24T09:34:27.174+0000] {dag.py:3677} INFO - Setting next_dagrun for example_external_task_marker_child to None, run_after=None
[2023-08-24T09:34:27.194+0000] {logging_mixin.py:151} INFO - [2023-08-24T09:34:27.193+0000] {dag.py:3677} INFO - Setting next_dagrun for example_external_task_marker_parent to None, run_after=None
[2023-08-24T09:34:27.331+0000] {processor.py:179} INFO - Processing /home/airflow/.local/lib/python3.8/site-packages/airflow/example_dags/example_external_task_marker_dag.py took 0.438 seconds
[2023-08-24T09:34:57.436+0000] {processor.py:157} INFO - Started process (PID=460) to work on /home/airflow/.local/lib/python3.8/site-packages/airflow/example_dags/example_external_task_marker_dag.py
[2023-08-24T09:34:57.440+0000] {processor.py:829} INFO - Processing file /home/airflow/.local/lib/python3.8/site-packages/airflow/example_dags/example_external_task_marker_dag.py for tasks to queue
[2023-08-24T09:34:57.450+0000] {logging_mixin.py:151} INFO - [2023-08-24T09:34:57.449+0000] {dagbag.py:539} INFO - Filling up the DagBag from /home/airflow/.local/lib/python3.8/site-packages/airflow/example_dags/example_external_task_marker_dag.py
[2023-08-24T09:34:57.471+0000] {processor.py:839} INFO - DAG(s) dict_keys(['example_external_task_marker_parent', 'example_external_task_marker_child']) retrieved from /home/airflow/.local/lib/python3.8/site-packages/airflow/example_dags/example_external_task_marker_dag.py
[2023-08-24T09:34:57.537+0000] {logging_mixin.py:151} INFO - [2023-08-24T09:34:57.537+0000] {dag.py:2907} INFO - Sync 2 DAGs
[2023-08-24T09:34:57.566+0000] {logging_mixin.py:151} INFO - [2023-08-24T09:34:57.566+0000] {dag.py:3677} INFO - Setting next_dagrun for example_external_task_marker_child to None, run_after=None
[2023-08-24T09:34:57.574+0000] {logging_mixin.py:151} INFO - [2023-08-24T09:34:57.573+0000] {dag.py:3677} INFO - Setting next_dagrun for example_external_task_marker_parent to None, run_after=None
[2023-08-24T09:34:57.609+0000] {processor.py:179} INFO - Processing /home/airflow/.local/lib/python3.8/site-packages/airflow/example_dags/example_external_task_marker_dag.py took 0.182 seconds
[2023-08-24T09:35:28.202+0000] {processor.py:157} INFO - Started process (PID=514) to work on /home/airflow/.local/lib/python3.8/site-packages/airflow/example_dags/example_external_task_marker_dag.py
[2023-08-24T09:35:28.207+0000] {processor.py:829} INFO - Processing file /home/airflow/.local/lib/python3.8/site-packages/airflow/example_dags/example_external_task_marker_dag.py for tasks to queue
[2023-08-24T09:35:28.210+0000] {logging_mixin.py:151} INFO - [2023-08-24T09:35:28.210+0000] {dagbag.py:539} INFO - Filling up the DagBag from /home/airflow/.local/lib/python3.8/site-packages/airflow/example_dags/example_external_task_marker_dag.py
[2023-08-24T09:35:28.219+0000] {processor.py:839} INFO - DAG(s) dict_keys(['example_external_task_marker_parent', 'example_external_task_marker_child']) retrieved from /home/airflow/.local/lib/python3.8/site-packages/airflow/example_dags/example_external_task_marker_dag.py
[2023-08-24T09:35:28.252+0000] {logging_mixin.py:151} INFO - [2023-08-24T09:35:28.251+0000] {dag.py:2907} INFO - Sync 2 DAGs
[2023-08-24T09:35:28.266+0000] {logging_mixin.py:151} INFO - [2023-08-24T09:35:28.266+0000] {dag.py:3677} INFO - Setting next_dagrun for example_external_task_marker_child to None, run_after=None
[2023-08-24T09:35:28.271+0000] {logging_mixin.py:151} INFO - [2023-08-24T09:35:28.271+0000] {dag.py:3677} INFO - Setting next_dagrun for example_external_task_marker_parent to None, run_after=None
[2023-08-24T09:35:28.292+0000] {processor.py:179} INFO - Processing /home/airflow/.local/lib/python3.8/site-packages/airflow/example_dags/example_external_task_marker_dag.py took 0.094 seconds
[2023-08-24T09:35:58.893+0000] {processor.py:157} INFO - Started process (PID=570) to work on /home/airflow/.local/lib/python3.8/site-packages/airflow/example_dags/example_external_task_marker_dag.py
[2023-08-24T09:35:58.895+0000] {processor.py:829} INFO - Processing file /home/airflow/.local/lib/python3.8/site-packages/airflow/example_dags/example_external_task_marker_dag.py for tasks to queue
[2023-08-24T09:35:58.900+0000] {logging_mixin.py:151} INFO - [2023-08-24T09:35:58.899+0000] {dagbag.py:539} INFO - Filling up the DagBag from /home/airflow/.local/lib/python3.8/site-packages/airflow/example_dags/example_external_task_marker_dag.py
[2023-08-24T09:35:58.908+0000] {processor.py:839} INFO - DAG(s) dict_keys(['example_external_task_marker_child', 'example_external_task_marker_parent']) retrieved from /home/airflow/.local/lib/python3.8/site-packages/airflow/example_dags/example_external_task_marker_dag.py
[2023-08-24T09:35:58.943+0000] {logging_mixin.py:151} INFO - [2023-08-24T09:35:58.942+0000] {dag.py:2907} INFO - Sync 2 DAGs
[2023-08-24T09:35:58.959+0000] {logging_mixin.py:151} INFO - [2023-08-24T09:35:58.959+0000] {dag.py:3677} INFO - Setting next_dagrun for example_external_task_marker_child to None, run_after=None
[2023-08-24T09:35:58.972+0000] {logging_mixin.py:151} INFO - [2023-08-24T09:35:58.972+0000] {dag.py:3677} INFO - Setting next_dagrun for example_external_task_marker_parent to None, run_after=None
[2023-08-24T09:35:59.025+0000] {processor.py:179} INFO - Processing /home/airflow/.local/lib/python3.8/site-packages/airflow/example_dags/example_external_task_marker_dag.py took 0.138 seconds
[2023-08-24T09:36:29.401+0000] {processor.py:157} INFO - Started process (PID=626) to work on /home/airflow/.local/lib/python3.8/site-packages/airflow/example_dags/example_external_task_marker_dag.py
[2023-08-24T09:36:29.405+0000] {processor.py:829} INFO - Processing file /home/airflow/.local/lib/python3.8/site-packages/airflow/example_dags/example_external_task_marker_dag.py for tasks to queue
[2023-08-24T09:36:29.411+0000] {logging_mixin.py:151} INFO - [2023-08-24T09:36:29.410+0000] {dagbag.py:539} INFO - Filling up the DagBag from /home/airflow/.local/lib/python3.8/site-packages/airflow/example_dags/example_external_task_marker_dag.py
[2023-08-24T09:36:29.420+0000] {processor.py:839} INFO - DAG(s) dict_keys(['example_external_task_marker_child', 'example_external_task_marker_parent']) retrieved from /home/airflow/.local/lib/python3.8/site-packages/airflow/example_dags/example_external_task_marker_dag.py
[2023-08-24T09:36:29.455+0000] {logging_mixin.py:151} INFO - [2023-08-24T09:36:29.455+0000] {dag.py:2907} INFO - Sync 2 DAGs
[2023-08-24T09:36:29.471+0000] {logging_mixin.py:151} INFO - [2023-08-24T09:36:29.471+0000] {dag.py:3677} INFO - Setting next_dagrun for example_external_task_marker_child to None, run_after=None
[2023-08-24T09:36:29.478+0000] {logging_mixin.py:151} INFO - [2023-08-24T09:36:29.478+0000] {dag.py:3677} INFO - Setting next_dagrun for example_external_task_marker_parent to None, run_after=None
[2023-08-24T09:36:29.505+0000] {processor.py:179} INFO - Processing /home/airflow/.local/lib/python3.8/site-packages/airflow/example_dags/example_external_task_marker_dag.py took 0.109 seconds
