[2023-08-24T09:29:38.448+0000] {processor.py:157} INFO - Started process (PID=83) to work on /home/airflow/.local/lib/python3.8/site-packages/airflow/example_dags/example_sla_dag.py
[2023-08-24T09:29:38.463+0000] {processor.py:829} INFO - Processing file /home/airflow/.local/lib/python3.8/site-packages/airflow/example_dags/example_sla_dag.py for tasks to queue
[2023-08-24T09:29:38.534+0000] {logging_mixin.py:151} INFO - [2023-08-24T09:29:38.530+0000] {dagbag.py:539} INFO - Filling up the DagBag from /home/airflow/.local/lib/python3.8/site-packages/airflow/example_dags/example_sla_dag.py
[2023-08-24T09:29:38.612+0000] {processor.py:839} INFO - DAG(s) dict_keys(['example_sla_dag']) retrieved from /home/airflow/.local/lib/python3.8/site-packages/airflow/example_dags/example_sla_dag.py
[2023-08-24T09:29:40.027+0000] {logging_mixin.py:151} INFO - [2023-08-24T09:29:40.023+0000] {manager.py:501} INFO - Created Permission View: can read on DAG:example_sla_dag
[2023-08-24T09:29:40.137+0000] {logging_mixin.py:151} INFO - [2023-08-24T09:29:40.136+0000] {manager.py:501} INFO - Created Permission View: can edit on DAG:example_sla_dag
[2023-08-24T09:29:40.262+0000] {logging_mixin.py:151} INFO - [2023-08-24T09:29:40.262+0000] {manager.py:501} INFO - Created Permission View: can delete on DAG:example_sla_dag
[2023-08-24T09:29:40.764+0000] {logging_mixin.py:151} INFO - [2023-08-24T09:29:40.759+0000] {dag.py:2907} INFO - Sync 1 DAGs
[2023-08-24T09:29:40.899+0000] {logging_mixin.py:151} INFO - [2023-08-24T09:29:40.896+0000] {dag.py:2929} INFO - Creating ORM DAG for example_sla_dag
[2023-08-24T09:29:41.110+0000] {logging_mixin.py:151} INFO - [2023-08-24T09:29:41.109+0000] {dag.py:3677} INFO - Setting next_dagrun for example_sla_dag to 2023-08-24T09:26:00+00:00, run_after=2023-08-24T09:28:00+00:00
[2023-08-24T09:29:41.275+0000] {processor.py:179} INFO - Processing /home/airflow/.local/lib/python3.8/site-packages/airflow/example_dags/example_sla_dag.py took 2.889 seconds
[2023-08-24T09:31:06.847+0000] {processor.py:157} INFO - Started process (PID=153) to work on /home/airflow/.local/lib/python3.8/site-packages/airflow/example_dags/example_sla_dag.py
[2023-08-24T09:31:06.852+0000] {processor.py:829} INFO - Processing file /home/airflow/.local/lib/python3.8/site-packages/airflow/example_dags/example_sla_dag.py for tasks to queue
[2023-08-24T09:31:06.868+0000] {logging_mixin.py:151} INFO - [2023-08-24T09:31:06.867+0000] {dagbag.py:539} INFO - Filling up the DagBag from /home/airflow/.local/lib/python3.8/site-packages/airflow/example_dags/example_sla_dag.py
[2023-08-24T09:31:06.948+0000] {processor.py:839} INFO - DAG(s) dict_keys(['example_sla_dag']) retrieved from /home/airflow/.local/lib/python3.8/site-packages/airflow/example_dags/example_sla_dag.py
[2023-08-24T09:31:07.195+0000] {logging_mixin.py:151} INFO - [2023-08-24T09:31:07.194+0000] {dag.py:2907} INFO - Sync 1 DAGs
[2023-08-24T09:31:07.330+0000] {logging_mixin.py:151} INFO - [2023-08-24T09:31:07.330+0000] {dag.py:3677} INFO - Setting next_dagrun for example_sla_dag to 2023-08-24T09:28:00+00:00, run_after=2023-08-24T09:30:00+00:00
[2023-08-24T09:31:07.633+0000] {processor.py:179} INFO - Processing /home/airflow/.local/lib/python3.8/site-packages/airflow/example_dags/example_sla_dag.py took 0.795 seconds
[2023-08-24T09:31:44.059+0000] {processor.py:157} INFO - Started process (PID=209) to work on /home/airflow/.local/lib/python3.8/site-packages/airflow/example_dags/example_sla_dag.py
[2023-08-24T09:31:44.065+0000] {processor.py:829} INFO - Processing file /home/airflow/.local/lib/python3.8/site-packages/airflow/example_dags/example_sla_dag.py for tasks to queue
[2023-08-24T09:31:44.076+0000] {logging_mixin.py:151} INFO - [2023-08-24T09:31:44.075+0000] {dagbag.py:539} INFO - Filling up the DagBag from /home/airflow/.local/lib/python3.8/site-packages/airflow/example_dags/example_sla_dag.py
[2023-08-24T09:31:44.139+0000] {processor.py:839} INFO - DAG(s) dict_keys(['example_sla_dag']) retrieved from /home/airflow/.local/lib/python3.8/site-packages/airflow/example_dags/example_sla_dag.py
[2023-08-24T09:31:44.355+0000] {logging_mixin.py:151} INFO - [2023-08-24T09:31:44.353+0000] {dag.py:2907} INFO - Sync 1 DAGs
[2023-08-24T09:31:44.793+0000] {logging_mixin.py:151} INFO - [2023-08-24T09:31:44.791+0000] {dag.py:3677} INFO - Setting next_dagrun for example_sla_dag to 2023-08-24T09:28:00+00:00, run_after=2023-08-24T09:30:00+00:00
[2023-08-24T09:31:45.038+0000] {processor.py:179} INFO - Processing /home/airflow/.local/lib/python3.8/site-packages/airflow/example_dags/example_sla_dag.py took 1.007 seconds
[2023-08-24T09:33:06.481+0000] {processor.py:157} INFO - Started process (PID=282) to work on /home/airflow/.local/lib/python3.8/site-packages/airflow/example_dags/example_sla_dag.py
[2023-08-24T09:33:06.490+0000] {processor.py:829} INFO - Processing file /home/airflow/.local/lib/python3.8/site-packages/airflow/example_dags/example_sla_dag.py for tasks to queue
[2023-08-24T09:33:06.507+0000] {logging_mixin.py:151} INFO - [2023-08-24T09:33:06.506+0000] {dagbag.py:539} INFO - Filling up the DagBag from /home/airflow/.local/lib/python3.8/site-packages/airflow/example_dags/example_sla_dag.py
[2023-08-24T09:33:06.602+0000] {processor.py:839} INFO - DAG(s) dict_keys(['example_sla_dag']) retrieved from /home/airflow/.local/lib/python3.8/site-packages/airflow/example_dags/example_sla_dag.py
[2023-08-24T09:33:06.837+0000] {logging_mixin.py:151} INFO - [2023-08-24T09:33:06.837+0000] {dag.py:2907} INFO - Sync 1 DAGs
[2023-08-24T09:33:06.937+0000] {logging_mixin.py:151} INFO - [2023-08-24T09:33:06.935+0000] {dag.py:3677} INFO - Setting next_dagrun for example_sla_dag to 2023-08-24T09:30:00+00:00, run_after=2023-08-24T09:32:00+00:00
[2023-08-24T09:33:07.307+0000] {processor.py:179} INFO - Processing /home/airflow/.local/lib/python3.8/site-packages/airflow/example_dags/example_sla_dag.py took 0.840 seconds
[2023-08-24T09:33:54.153+0000] {processor.py:157} INFO - Started process (PID=340) to work on /home/airflow/.local/lib/python3.8/site-packages/airflow/example_dags/example_sla_dag.py
[2023-08-24T09:33:54.166+0000] {processor.py:829} INFO - Processing file /home/airflow/.local/lib/python3.8/site-packages/airflow/example_dags/example_sla_dag.py for tasks to queue
[2023-08-24T09:33:54.180+0000] {logging_mixin.py:151} INFO - [2023-08-24T09:33:54.179+0000] {dagbag.py:539} INFO - Filling up the DagBag from /home/airflow/.local/lib/python3.8/site-packages/airflow/example_dags/example_sla_dag.py
[2023-08-24T09:33:54.203+0000] {processor.py:839} INFO - DAG(s) dict_keys(['example_sla_dag']) retrieved from /home/airflow/.local/lib/python3.8/site-packages/airflow/example_dags/example_sla_dag.py
[2023-08-24T09:33:54.257+0000] {logging_mixin.py:151} INFO - [2023-08-24T09:33:54.257+0000] {dag.py:2907} INFO - Sync 1 DAGs
[2023-08-24T09:33:54.315+0000] {logging_mixin.py:151} INFO - [2023-08-24T09:33:54.314+0000] {dag.py:3677} INFO - Setting next_dagrun for example_sla_dag to 2023-08-24T09:30:00+00:00, run_after=2023-08-24T09:32:00+00:00
[2023-08-24T09:33:54.371+0000] {processor.py:179} INFO - Processing /home/airflow/.local/lib/python3.8/site-packages/airflow/example_dags/example_sla_dag.py took 0.250 seconds
[2023-08-24T09:34:25.270+0000] {processor.py:157} INFO - Started process (PID=396) to work on /home/airflow/.local/lib/python3.8/site-packages/airflow/example_dags/example_sla_dag.py
[2023-08-24T09:34:25.275+0000] {processor.py:829} INFO - Processing file /home/airflow/.local/lib/python3.8/site-packages/airflow/example_dags/example_sla_dag.py for tasks to queue
[2023-08-24T09:34:25.298+0000] {logging_mixin.py:151} INFO - [2023-08-24T09:34:25.297+0000] {dagbag.py:539} INFO - Filling up the DagBag from /home/airflow/.local/lib/python3.8/site-packages/airflow/example_dags/example_sla_dag.py
[2023-08-24T09:34:25.382+0000] {processor.py:839} INFO - DAG(s) dict_keys(['example_sla_dag']) retrieved from /home/airflow/.local/lib/python3.8/site-packages/airflow/example_dags/example_sla_dag.py
[2023-08-24T09:34:25.518+0000] {logging_mixin.py:151} INFO - [2023-08-24T09:34:25.517+0000] {dag.py:2907} INFO - Sync 1 DAGs
[2023-08-24T09:34:25.667+0000] {logging_mixin.py:151} INFO - [2023-08-24T09:34:25.666+0000] {dag.py:3677} INFO - Setting next_dagrun for example_sla_dag to 2023-08-24T09:32:00+00:00, run_after=2023-08-24T09:34:00+00:00
[2023-08-24T09:34:25.811+0000] {processor.py:179} INFO - Processing /home/airflow/.local/lib/python3.8/site-packages/airflow/example_dags/example_sla_dag.py took 0.575 seconds
[2023-08-24T09:34:56.495+0000] {processor.py:157} INFO - Started process (PID=451) to work on /home/airflow/.local/lib/python3.8/site-packages/airflow/example_dags/example_sla_dag.py
[2023-08-24T09:34:56.499+0000] {processor.py:829} INFO - Processing file /home/airflow/.local/lib/python3.8/site-packages/airflow/example_dags/example_sla_dag.py for tasks to queue
[2023-08-24T09:34:56.503+0000] {logging_mixin.py:151} INFO - [2023-08-24T09:34:56.503+0000] {dagbag.py:539} INFO - Filling up the DagBag from /home/airflow/.local/lib/python3.8/site-packages/airflow/example_dags/example_sla_dag.py
[2023-08-24T09:34:56.518+0000] {processor.py:839} INFO - DAG(s) dict_keys(['example_sla_dag']) retrieved from /home/airflow/.local/lib/python3.8/site-packages/airflow/example_dags/example_sla_dag.py
[2023-08-24T09:34:56.544+0000] {logging_mixin.py:151} INFO - [2023-08-24T09:34:56.544+0000] {dag.py:2907} INFO - Sync 1 DAGs
[2023-08-24T09:34:56.570+0000] {logging_mixin.py:151} INFO - [2023-08-24T09:34:56.570+0000] {dag.py:3677} INFO - Setting next_dagrun for example_sla_dag to 2023-08-24T09:32:00+00:00, run_after=2023-08-24T09:34:00+00:00
[2023-08-24T09:34:56.587+0000] {processor.py:179} INFO - Processing /home/airflow/.local/lib/python3.8/site-packages/airflow/example_dags/example_sla_dag.py took 0.100 seconds
[2023-08-24T09:35:26.676+0000] {processor.py:157} INFO - Started process (PID=507) to work on /home/airflow/.local/lib/python3.8/site-packages/airflow/example_dags/example_sla_dag.py
[2023-08-24T09:35:26.679+0000] {processor.py:829} INFO - Processing file /home/airflow/.local/lib/python3.8/site-packages/airflow/example_dags/example_sla_dag.py for tasks to queue
[2023-08-24T09:35:26.683+0000] {logging_mixin.py:151} INFO - [2023-08-24T09:35:26.683+0000] {dagbag.py:539} INFO - Filling up the DagBag from /home/airflow/.local/lib/python3.8/site-packages/airflow/example_dags/example_sla_dag.py
[2023-08-24T09:35:26.695+0000] {processor.py:839} INFO - DAG(s) dict_keys(['example_sla_dag']) retrieved from /home/airflow/.local/lib/python3.8/site-packages/airflow/example_dags/example_sla_dag.py
[2023-08-24T09:35:26.723+0000] {logging_mixin.py:151} INFO - [2023-08-24T09:35:26.723+0000] {dag.py:2907} INFO - Sync 1 DAGs
[2023-08-24T09:35:26.752+0000] {logging_mixin.py:151} INFO - [2023-08-24T09:35:26.752+0000] {dag.py:3677} INFO - Setting next_dagrun for example_sla_dag to 2023-08-24T09:32:00+00:00, run_after=2023-08-24T09:34:00+00:00
[2023-08-24T09:35:26.773+0000] {processor.py:179} INFO - Processing /home/airflow/.local/lib/python3.8/site-packages/airflow/example_dags/example_sla_dag.py took 0.103 seconds
[2023-08-24T09:35:57.436+0000] {processor.py:157} INFO - Started process (PID=563) to work on /home/airflow/.local/lib/python3.8/site-packages/airflow/example_dags/example_sla_dag.py
[2023-08-24T09:35:57.439+0000] {processor.py:829} INFO - Processing file /home/airflow/.local/lib/python3.8/site-packages/airflow/example_dags/example_sla_dag.py for tasks to queue
[2023-08-24T09:35:57.443+0000] {logging_mixin.py:151} INFO - [2023-08-24T09:35:57.442+0000] {dagbag.py:539} INFO - Filling up the DagBag from /home/airflow/.local/lib/python3.8/site-packages/airflow/example_dags/example_sla_dag.py
[2023-08-24T09:35:57.459+0000] {processor.py:839} INFO - DAG(s) dict_keys(['example_sla_dag']) retrieved from /home/airflow/.local/lib/python3.8/site-packages/airflow/example_dags/example_sla_dag.py
[2023-08-24T09:35:57.492+0000] {logging_mixin.py:151} INFO - [2023-08-24T09:35:57.492+0000] {dag.py:2907} INFO - Sync 1 DAGs
[2023-08-24T09:35:57.523+0000] {logging_mixin.py:151} INFO - [2023-08-24T09:35:57.523+0000] {dag.py:3677} INFO - Setting next_dagrun for example_sla_dag to 2023-08-24T09:32:00+00:00, run_after=2023-08-24T09:34:00+00:00
[2023-08-24T09:35:57.543+0000] {processor.py:179} INFO - Processing /home/airflow/.local/lib/python3.8/site-packages/airflow/example_dags/example_sla_dag.py took 0.113 seconds
[2023-08-24T09:36:27.932+0000] {processor.py:157} INFO - Started process (PID=619) to work on /home/airflow/.local/lib/python3.8/site-packages/airflow/example_dags/example_sla_dag.py
[2023-08-24T09:36:27.935+0000] {processor.py:829} INFO - Processing file /home/airflow/.local/lib/python3.8/site-packages/airflow/example_dags/example_sla_dag.py for tasks to queue
[2023-08-24T09:36:27.939+0000] {logging_mixin.py:151} INFO - [2023-08-24T09:36:27.939+0000] {dagbag.py:539} INFO - Filling up the DagBag from /home/airflow/.local/lib/python3.8/site-packages/airflow/example_dags/example_sla_dag.py
[2023-08-24T09:36:27.952+0000] {processor.py:839} INFO - DAG(s) dict_keys(['example_sla_dag']) retrieved from /home/airflow/.local/lib/python3.8/site-packages/airflow/example_dags/example_sla_dag.py
[2023-08-24T09:36:27.980+0000] {logging_mixin.py:151} INFO - [2023-08-24T09:36:27.980+0000] {dag.py:2907} INFO - Sync 1 DAGs
[2023-08-24T09:36:28.008+0000] {logging_mixin.py:151} INFO - [2023-08-24T09:36:28.008+0000] {dag.py:3677} INFO - Setting next_dagrun for example_sla_dag to 2023-08-24T09:34:00+00:00, run_after=2023-08-24T09:36:00+00:00
[2023-08-24T09:36:28.027+0000] {processor.py:179} INFO - Processing /home/airflow/.local/lib/python3.8/site-packages/airflow/example_dags/example_sla_dag.py took 0.101 seconds
[2023-08-24T09:36:58.475+0000] {processor.py:157} INFO - Started process (PID=675) to work on /home/airflow/.local/lib/python3.8/site-packages/airflow/example_dags/example_sla_dag.py
[2023-08-24T09:36:58.477+0000] {processor.py:829} INFO - Processing file /home/airflow/.local/lib/python3.8/site-packages/airflow/example_dags/example_sla_dag.py for tasks to queue
[2023-08-24T09:36:58.481+0000] {logging_mixin.py:151} INFO - [2023-08-24T09:36:58.480+0000] {dagbag.py:539} INFO - Filling up the DagBag from /home/airflow/.local/lib/python3.8/site-packages/airflow/example_dags/example_sla_dag.py
[2023-08-24T09:36:58.496+0000] {processor.py:839} INFO - DAG(s) dict_keys(['example_sla_dag']) retrieved from /home/airflow/.local/lib/python3.8/site-packages/airflow/example_dags/example_sla_dag.py
[2023-08-24T09:36:58.528+0000] {logging_mixin.py:151} INFO - [2023-08-24T09:36:58.528+0000] {dag.py:2907} INFO - Sync 1 DAGs
[2023-08-24T09:36:58.554+0000] {logging_mixin.py:151} INFO - [2023-08-24T09:36:58.554+0000] {dag.py:3677} INFO - Setting next_dagrun for example_sla_dag to 2023-08-24T09:34:00+00:00, run_after=2023-08-24T09:36:00+00:00
[2023-08-24T09:36:58.571+0000] {processor.py:179} INFO - Processing /home/airflow/.local/lib/python3.8/site-packages/airflow/example_dags/example_sla_dag.py took 0.100 seconds
