[2023-08-24T09:29:50.052+0000] {processor.py:157} INFO - Started process (PID=88) to work on /home/airflow/.local/lib/python3.8/site-packages/airflow/example_dags/example_dynamic_task_mapping_with_no_taskflow_operators.py
[2023-08-24T09:29:50.145+0000] {processor.py:829} INFO - Processing file /home/airflow/.local/lib/python3.8/site-packages/airflow/example_dags/example_dynamic_task_mapping_with_no_taskflow_operators.py for tasks to queue
[2023-08-24T09:29:50.285+0000] {logging_mixin.py:151} INFO - [2023-08-24T09:29:50.282+0000] {dagbag.py:539} INFO - Filling up the DagBag from /home/airflow/.local/lib/python3.8/site-packages/airflow/example_dags/example_dynamic_task_mapping_with_no_taskflow_operators.py
[2023-08-24T09:29:50.518+0000] {processor.py:839} INFO - DAG(s) dict_keys(['example_dynamic_task_mapping_with_no_taskflow_operators']) retrieved from /home/airflow/.local/lib/python3.8/site-packages/airflow/example_dags/example_dynamic_task_mapping_with_no_taskflow_operators.py
[2023-08-24T09:29:54.576+0000] {logging_mixin.py:151} INFO - [2023-08-24T09:29:54.492+0000] {manager.py:501} INFO - Created Permission View: can read on DAG:example_dynamic_task_mapping_with_no_taskflow_operators
[2023-08-24T09:29:54.936+0000] {logging_mixin.py:151} INFO - [2023-08-24T09:29:54.935+0000] {manager.py:501} INFO - Created Permission View: can edit on DAG:example_dynamic_task_mapping_with_no_taskflow_operators
[2023-08-24T09:29:55.048+0000] {logging_mixin.py:151} INFO - [2023-08-24T09:29:55.046+0000] {manager.py:501} INFO - Created Permission View: can delete on DAG:example_dynamic_task_mapping_with_no_taskflow_operators
[2023-08-24T09:29:56.188+0000] {logging_mixin.py:151} INFO - [2023-08-24T09:29:56.150+0000] {dag.py:2907} INFO - Sync 1 DAGs
[2023-08-24T09:29:56.455+0000] {logging_mixin.py:151} INFO - [2023-08-24T09:29:56.454+0000] {dag.py:2929} INFO - Creating ORM DAG for example_dynamic_task_mapping_with_no_taskflow_operators
[2023-08-24T09:29:56.623+0000] {logging_mixin.py:151} INFO - [2023-08-24T09:29:56.622+0000] {dag.py:3677} INFO - Setting next_dagrun for example_dynamic_task_mapping_with_no_taskflow_operators to 2023-08-23T09:29:56.607642+00:00, run_after=2023-08-24T09:29:56.607642+00:00
[2023-08-24T09:29:56.955+0000] {processor.py:179} INFO - Processing /home/airflow/.local/lib/python3.8/site-packages/airflow/example_dags/example_dynamic_task_mapping_with_no_taskflow_operators.py took 6.982 seconds
[2023-08-24T09:31:12.672+0000] {processor.py:157} INFO - Started process (PID=163) to work on /home/airflow/.local/lib/python3.8/site-packages/airflow/example_dags/example_dynamic_task_mapping_with_no_taskflow_operators.py
[2023-08-24T09:31:12.726+0000] {processor.py:829} INFO - Processing file /home/airflow/.local/lib/python3.8/site-packages/airflow/example_dags/example_dynamic_task_mapping_with_no_taskflow_operators.py for tasks to queue
[2023-08-24T09:31:12.837+0000] {logging_mixin.py:151} INFO - [2023-08-24T09:31:12.815+0000] {dagbag.py:539} INFO - Filling up the DagBag from /home/airflow/.local/lib/python3.8/site-packages/airflow/example_dags/example_dynamic_task_mapping_with_no_taskflow_operators.py
[2023-08-24T09:31:12.968+0000] {processor.py:839} INFO - DAG(s) dict_keys(['example_dynamic_task_mapping_with_no_taskflow_operators']) retrieved from /home/airflow/.local/lib/python3.8/site-packages/airflow/example_dags/example_dynamic_task_mapping_with_no_taskflow_operators.py
[2023-08-24T09:31:13.114+0000] {logging_mixin.py:151} INFO - [2023-08-24T09:31:13.113+0000] {dag.py:2907} INFO - Sync 1 DAGs
[2023-08-24T09:31:13.391+0000] {logging_mixin.py:151} INFO - [2023-08-24T09:31:13.390+0000] {dag.py:3677} INFO - Setting next_dagrun for example_dynamic_task_mapping_with_no_taskflow_operators to 2023-08-23T09:31:13.389248+00:00, run_after=2023-08-24T09:31:13.389248+00:00
[2023-08-24T09:31:13.502+0000] {processor.py:179} INFO - Processing /home/airflow/.local/lib/python3.8/site-packages/airflow/example_dags/example_dynamic_task_mapping_with_no_taskflow_operators.py took 0.883 seconds
[2023-08-24T09:32:03.643+0000] {processor.py:157} INFO - Started process (PID=224) to work on /home/airflow/.local/lib/python3.8/site-packages/airflow/example_dags/example_dynamic_task_mapping_with_no_taskflow_operators.py
[2023-08-24T09:32:03.713+0000] {processor.py:829} INFO - Processing file /home/airflow/.local/lib/python3.8/site-packages/airflow/example_dags/example_dynamic_task_mapping_with_no_taskflow_operators.py for tasks to queue
[2023-08-24T09:32:03.831+0000] {logging_mixin.py:151} INFO - [2023-08-24T09:32:03.826+0000] {dagbag.py:539} INFO - Filling up the DagBag from /home/airflow/.local/lib/python3.8/site-packages/airflow/example_dags/example_dynamic_task_mapping_with_no_taskflow_operators.py
[2023-08-24T09:32:04.476+0000] {processor.py:839} INFO - DAG(s) dict_keys(['example_dynamic_task_mapping_with_no_taskflow_operators']) retrieved from /home/airflow/.local/lib/python3.8/site-packages/airflow/example_dags/example_dynamic_task_mapping_with_no_taskflow_operators.py
[2023-08-24T09:32:05.756+0000] {logging_mixin.py:151} INFO - [2023-08-24T09:32:05.713+0000] {dag.py:2907} INFO - Sync 1 DAGs
[2023-08-24T09:32:06.828+0000] {logging_mixin.py:151} INFO - [2023-08-24T09:32:06.820+0000] {dag.py:3677} INFO - Setting next_dagrun for example_dynamic_task_mapping_with_no_taskflow_operators to 2023-08-23T09:32:06.813033+00:00, run_after=2023-08-24T09:32:06.813033+00:00
[2023-08-24T09:32:07.410+0000] {processor.py:179} INFO - Processing /home/airflow/.local/lib/python3.8/site-packages/airflow/example_dags/example_dynamic_task_mapping_with_no_taskflow_operators.py took 3.868 seconds
[2023-08-24T09:33:13.218+0000] {processor.py:157} INFO - Started process (PID=294) to work on /home/airflow/.local/lib/python3.8/site-packages/airflow/example_dags/example_dynamic_task_mapping_with_no_taskflow_operators.py
[2023-08-24T09:33:13.266+0000] {processor.py:829} INFO - Processing file /home/airflow/.local/lib/python3.8/site-packages/airflow/example_dags/example_dynamic_task_mapping_with_no_taskflow_operators.py for tasks to queue
[2023-08-24T09:33:13.373+0000] {logging_mixin.py:151} INFO - [2023-08-24T09:33:13.338+0000] {dagbag.py:539} INFO - Filling up the DagBag from /home/airflow/.local/lib/python3.8/site-packages/airflow/example_dags/example_dynamic_task_mapping_with_no_taskflow_operators.py
[2023-08-24T09:33:13.544+0000] {processor.py:839} INFO - DAG(s) dict_keys(['example_dynamic_task_mapping_with_no_taskflow_operators']) retrieved from /home/airflow/.local/lib/python3.8/site-packages/airflow/example_dags/example_dynamic_task_mapping_with_no_taskflow_operators.py
[2023-08-24T09:33:13.997+0000] {logging_mixin.py:151} INFO - [2023-08-24T09:33:13.995+0000] {dag.py:2907} INFO - Sync 1 DAGs
[2023-08-24T09:33:14.216+0000] {logging_mixin.py:151} INFO - [2023-08-24T09:33:14.215+0000] {dag.py:3677} INFO - Setting next_dagrun for example_dynamic_task_mapping_with_no_taskflow_operators to 2023-08-23T09:33:14.205294+00:00, run_after=2023-08-24T09:33:14.205294+00:00
[2023-08-24T09:33:14.348+0000] {processor.py:179} INFO - Processing /home/airflow/.local/lib/python3.8/site-packages/airflow/example_dags/example_dynamic_task_mapping_with_no_taskflow_operators.py took 1.377 seconds
[2023-08-24T09:33:54.734+0000] {processor.py:157} INFO - Started process (PID=345) to work on /home/airflow/.local/lib/python3.8/site-packages/airflow/example_dags/example_dynamic_task_mapping_with_no_taskflow_operators.py
[2023-08-24T09:33:54.737+0000] {processor.py:829} INFO - Processing file /home/airflow/.local/lib/python3.8/site-packages/airflow/example_dags/example_dynamic_task_mapping_with_no_taskflow_operators.py for tasks to queue
[2023-08-24T09:33:54.743+0000] {logging_mixin.py:151} INFO - [2023-08-24T09:33:54.743+0000] {dagbag.py:539} INFO - Filling up the DagBag from /home/airflow/.local/lib/python3.8/site-packages/airflow/example_dags/example_dynamic_task_mapping_with_no_taskflow_operators.py
[2023-08-24T09:33:54.757+0000] {processor.py:839} INFO - DAG(s) dict_keys(['example_dynamic_task_mapping_with_no_taskflow_operators']) retrieved from /home/airflow/.local/lib/python3.8/site-packages/airflow/example_dags/example_dynamic_task_mapping_with_no_taskflow_operators.py
[2023-08-24T09:33:54.791+0000] {logging_mixin.py:151} INFO - [2023-08-24T09:33:54.791+0000] {dag.py:2907} INFO - Sync 1 DAGs
[2023-08-24T09:33:54.824+0000] {logging_mixin.py:151} INFO - [2023-08-24T09:33:54.823+0000] {dag.py:3677} INFO - Setting next_dagrun for example_dynamic_task_mapping_with_no_taskflow_operators to 2023-08-23T09:33:54.823352+00:00, run_after=2023-08-24T09:33:54.823352+00:00
[2023-08-24T09:33:54.851+0000] {processor.py:179} INFO - Processing /home/airflow/.local/lib/python3.8/site-packages/airflow/example_dags/example_dynamic_task_mapping_with_no_taskflow_operators.py took 0.123 seconds
[2023-08-24T09:34:26.442+0000] {processor.py:157} INFO - Started process (PID=401) to work on /home/airflow/.local/lib/python3.8/site-packages/airflow/example_dags/example_dynamic_task_mapping_with_no_taskflow_operators.py
[2023-08-24T09:34:26.446+0000] {processor.py:829} INFO - Processing file /home/airflow/.local/lib/python3.8/site-packages/airflow/example_dags/example_dynamic_task_mapping_with_no_taskflow_operators.py for tasks to queue
[2023-08-24T09:34:26.451+0000] {logging_mixin.py:151} INFO - [2023-08-24T09:34:26.450+0000] {dagbag.py:539} INFO - Filling up the DagBag from /home/airflow/.local/lib/python3.8/site-packages/airflow/example_dags/example_dynamic_task_mapping_with_no_taskflow_operators.py
[2023-08-24T09:34:26.465+0000] {processor.py:839} INFO - DAG(s) dict_keys(['example_dynamic_task_mapping_with_no_taskflow_operators']) retrieved from /home/airflow/.local/lib/python3.8/site-packages/airflow/example_dags/example_dynamic_task_mapping_with_no_taskflow_operators.py
[2023-08-24T09:34:26.508+0000] {logging_mixin.py:151} INFO - [2023-08-24T09:34:26.507+0000] {dag.py:2907} INFO - Sync 1 DAGs
[2023-08-24T09:34:26.554+0000] {logging_mixin.py:151} INFO - [2023-08-24T09:34:26.554+0000] {dag.py:3677} INFO - Setting next_dagrun for example_dynamic_task_mapping_with_no_taskflow_operators to 2023-08-23T09:34:26.553964+00:00, run_after=2023-08-24T09:34:26.553964+00:00
[2023-08-24T09:34:26.585+0000] {processor.py:179} INFO - Processing /home/airflow/.local/lib/python3.8/site-packages/airflow/example_dags/example_dynamic_task_mapping_with_no_taskflow_operators.py took 0.162 seconds
[2023-08-24T09:34:56.976+0000] {processor.py:157} INFO - Started process (PID=456) to work on /home/airflow/.local/lib/python3.8/site-packages/airflow/example_dags/example_dynamic_task_mapping_with_no_taskflow_operators.py
[2023-08-24T09:34:56.981+0000] {processor.py:829} INFO - Processing file /home/airflow/.local/lib/python3.8/site-packages/airflow/example_dags/example_dynamic_task_mapping_with_no_taskflow_operators.py for tasks to queue
[2023-08-24T09:34:56.985+0000] {logging_mixin.py:151} INFO - [2023-08-24T09:34:56.985+0000] {dagbag.py:539} INFO - Filling up the DagBag from /home/airflow/.local/lib/python3.8/site-packages/airflow/example_dags/example_dynamic_task_mapping_with_no_taskflow_operators.py
[2023-08-24T09:34:56.996+0000] {processor.py:839} INFO - DAG(s) dict_keys(['example_dynamic_task_mapping_with_no_taskflow_operators']) retrieved from /home/airflow/.local/lib/python3.8/site-packages/airflow/example_dags/example_dynamic_task_mapping_with_no_taskflow_operators.py
[2023-08-24T09:34:57.028+0000] {logging_mixin.py:151} INFO - [2023-08-24T09:34:57.028+0000] {dag.py:2907} INFO - Sync 1 DAGs
[2023-08-24T09:34:57.053+0000] {logging_mixin.py:151} INFO - [2023-08-24T09:34:57.053+0000] {dag.py:3677} INFO - Setting next_dagrun for example_dynamic_task_mapping_with_no_taskflow_operators to 2023-08-23T09:34:57.053264+00:00, run_after=2023-08-24T09:34:57.053264+00:00
[2023-08-24T09:34:57.086+0000] {processor.py:179} INFO - Processing /home/airflow/.local/lib/python3.8/site-packages/airflow/example_dags/example_dynamic_task_mapping_with_no_taskflow_operators.py took 0.116 seconds
[2023-08-24T09:35:28.069+0000] {processor.py:157} INFO - Started process (PID=512) to work on /home/airflow/.local/lib/python3.8/site-packages/airflow/example_dags/example_dynamic_task_mapping_with_no_taskflow_operators.py
[2023-08-24T09:35:28.072+0000] {processor.py:829} INFO - Processing file /home/airflow/.local/lib/python3.8/site-packages/airflow/example_dags/example_dynamic_task_mapping_with_no_taskflow_operators.py for tasks to queue
[2023-08-24T09:35:28.077+0000] {logging_mixin.py:151} INFO - [2023-08-24T09:35:28.076+0000] {dagbag.py:539} INFO - Filling up the DagBag from /home/airflow/.local/lib/python3.8/site-packages/airflow/example_dags/example_dynamic_task_mapping_with_no_taskflow_operators.py
[2023-08-24T09:35:28.086+0000] {processor.py:839} INFO - DAG(s) dict_keys(['example_dynamic_task_mapping_with_no_taskflow_operators']) retrieved from /home/airflow/.local/lib/python3.8/site-packages/airflow/example_dags/example_dynamic_task_mapping_with_no_taskflow_operators.py
[2023-08-24T09:35:28.117+0000] {logging_mixin.py:151} INFO - [2023-08-24T09:35:28.117+0000] {dag.py:2907} INFO - Sync 1 DAGs
[2023-08-24T09:35:28.139+0000] {logging_mixin.py:151} INFO - [2023-08-24T09:35:28.139+0000] {dag.py:3677} INFO - Setting next_dagrun for example_dynamic_task_mapping_with_no_taskflow_operators to 2023-08-23T09:35:28.139057+00:00, run_after=2023-08-24T09:35:28.139057+00:00
[2023-08-24T09:35:28.158+0000] {processor.py:179} INFO - Processing /home/airflow/.local/lib/python3.8/site-packages/airflow/example_dags/example_dynamic_task_mapping_with_no_taskflow_operators.py took 0.094 seconds
[2023-08-24T09:35:58.752+0000] {processor.py:157} INFO - Started process (PID=568) to work on /home/airflow/.local/lib/python3.8/site-packages/airflow/example_dags/example_dynamic_task_mapping_with_no_taskflow_operators.py
[2023-08-24T09:35:58.754+0000] {processor.py:829} INFO - Processing file /home/airflow/.local/lib/python3.8/site-packages/airflow/example_dags/example_dynamic_task_mapping_with_no_taskflow_operators.py for tasks to queue
[2023-08-24T09:35:58.759+0000] {logging_mixin.py:151} INFO - [2023-08-24T09:35:58.759+0000] {dagbag.py:539} INFO - Filling up the DagBag from /home/airflow/.local/lib/python3.8/site-packages/airflow/example_dags/example_dynamic_task_mapping_with_no_taskflow_operators.py
[2023-08-24T09:35:58.769+0000] {processor.py:839} INFO - DAG(s) dict_keys(['example_dynamic_task_mapping_with_no_taskflow_operators']) retrieved from /home/airflow/.local/lib/python3.8/site-packages/airflow/example_dags/example_dynamic_task_mapping_with_no_taskflow_operators.py
[2023-08-24T09:35:58.797+0000] {logging_mixin.py:151} INFO - [2023-08-24T09:35:58.796+0000] {dag.py:2907} INFO - Sync 1 DAGs
[2023-08-24T09:35:58.820+0000] {logging_mixin.py:151} INFO - [2023-08-24T09:35:58.820+0000] {dag.py:3677} INFO - Setting next_dagrun for example_dynamic_task_mapping_with_no_taskflow_operators to 2023-08-23T09:35:58.819808+00:00, run_after=2023-08-24T09:35:58.819808+00:00
[2023-08-24T09:35:58.840+0000] {processor.py:179} INFO - Processing /home/airflow/.local/lib/python3.8/site-packages/airflow/example_dags/example_dynamic_task_mapping_with_no_taskflow_operators.py took 0.093 seconds
[2023-08-24T09:36:29.259+0000] {processor.py:157} INFO - Started process (PID=624) to work on /home/airflow/.local/lib/python3.8/site-packages/airflow/example_dags/example_dynamic_task_mapping_with_no_taskflow_operators.py
[2023-08-24T09:36:29.262+0000] {processor.py:829} INFO - Processing file /home/airflow/.local/lib/python3.8/site-packages/airflow/example_dags/example_dynamic_task_mapping_with_no_taskflow_operators.py for tasks to queue
[2023-08-24T09:36:29.267+0000] {logging_mixin.py:151} INFO - [2023-08-24T09:36:29.266+0000] {dagbag.py:539} INFO - Filling up the DagBag from /home/airflow/.local/lib/python3.8/site-packages/airflow/example_dags/example_dynamic_task_mapping_with_no_taskflow_operators.py
[2023-08-24T09:36:29.277+0000] {processor.py:839} INFO - DAG(s) dict_keys(['example_dynamic_task_mapping_with_no_taskflow_operators']) retrieved from /home/airflow/.local/lib/python3.8/site-packages/airflow/example_dags/example_dynamic_task_mapping_with_no_taskflow_operators.py
[2023-08-24T09:36:29.308+0000] {logging_mixin.py:151} INFO - [2023-08-24T09:36:29.308+0000] {dag.py:2907} INFO - Sync 1 DAGs
[2023-08-24T09:36:29.333+0000] {logging_mixin.py:151} INFO - [2023-08-24T09:36:29.332+0000] {dag.py:3677} INFO - Setting next_dagrun for example_dynamic_task_mapping_with_no_taskflow_operators to 2023-08-23T09:36:29.332521+00:00, run_after=2023-08-24T09:36:29.332521+00:00
[2023-08-24T09:36:29.354+0000] {processor.py:179} INFO - Processing /home/airflow/.local/lib/python3.8/site-packages/airflow/example_dags/example_dynamic_task_mapping_with_no_taskflow_operators.py took 0.100 seconds
