[2023-08-24T09:28:39.765+0000] {processor.py:157} INFO - Started process (PID=50) to work on /home/airflow/.local/lib/python3.8/site-packages/airflow/example_dags/example_subdag_operator.py
[2023-08-24T09:28:39.801+0000] {processor.py:829} INFO - Processing file /home/airflow/.local/lib/python3.8/site-packages/airflow/example_dags/example_subdag_operator.py for tasks to queue
[2023-08-24T09:28:39.885+0000] {logging_mixin.py:151} INFO - [2023-08-24T09:28:39.882+0000] {dagbag.py:539} INFO - Filling up the DagBag from /home/airflow/.local/lib/python3.8/site-packages/airflow/example_dags/example_subdag_operator.py
[2023-08-24T09:28:40.648+0000] {processor.py:839} INFO - DAG(s) dict_keys(['example_subdag_operator.section-1', 'example_subdag_operator.section-2', 'example_subdag_operator']) retrieved from /home/airflow/.local/lib/python3.8/site-packages/airflow/example_dags/example_subdag_operator.py
[2023-08-24T09:28:45.979+0000] {logging_mixin.py:151} INFO - [2023-08-24T09:28:45.974+0000] {manager.py:501} INFO - Created Permission View: can read on DAG:example_subdag_operator
[2023-08-24T09:28:46.146+0000] {logging_mixin.py:151} INFO - [2023-08-24T09:28:46.145+0000] {manager.py:501} INFO - Created Permission View: can edit on DAG:example_subdag_operator
[2023-08-24T09:28:46.277+0000] {logging_mixin.py:151} INFO - [2023-08-24T09:28:46.270+0000] {manager.py:501} INFO - Created Permission View: can delete on DAG:example_subdag_operator
[2023-08-24T09:28:46.501+0000] {logging_mixin.py:151} INFO - [2023-08-24T09:28:46.486+0000] {dag.py:2907} INFO - Sync 3 DAGs
[2023-08-24T09:28:46.638+0000] {logging_mixin.py:151} INFO - [2023-08-24T09:28:46.637+0000] {dag.py:2929} INFO - Creating ORM DAG for example_subdag_operator.section-1
[2023-08-24T09:28:46.656+0000] {logging_mixin.py:151} INFO - [2023-08-24T09:28:46.655+0000] {dag.py:2929} INFO - Creating ORM DAG for example_subdag_operator.section-2
[2023-08-24T09:28:46.679+0000] {logging_mixin.py:151} INFO - [2023-08-24T09:28:46.679+0000] {dag.py:2929} INFO - Creating ORM DAG for example_subdag_operator
[2023-08-24T09:28:46.759+0000] {logging_mixin.py:151} INFO - [2023-08-24T09:28:46.758+0000] {dag.py:3677} INFO - Setting next_dagrun for example_subdag_operator to 2022-01-01T00:00:00+00:00, run_after=2022-01-01T00:00:00+00:00
[2023-08-24T09:28:46.777+0000] {logging_mixin.py:151} INFO - [2023-08-24T09:28:46.777+0000] {dag.py:3677} INFO - Setting next_dagrun for example_subdag_operator.section-1 to None, run_after=None
[2023-08-24T09:28:46.796+0000] {logging_mixin.py:151} INFO - [2023-08-24T09:28:46.795+0000] {dag.py:3677} INFO - Setting next_dagrun for example_subdag_operator.section-2 to None, run_after=None
[2023-08-24T09:28:46.871+0000] {logging_mixin.py:151} INFO - [2023-08-24T09:28:46.870+0000] {dag.py:2907} INFO - Sync 2 DAGs
[2023-08-24T09:28:46.967+0000] {logging_mixin.py:151} INFO - [2023-08-24T09:28:46.967+0000] {dag.py:3677} INFO - Setting next_dagrun for example_subdag_operator.section-1 to None, run_after=None
[2023-08-24T09:28:47.026+0000] {logging_mixin.py:151} INFO - [2023-08-24T09:28:47.026+0000] {dag.py:3677} INFO - Setting next_dagrun for example_subdag_operator.section-2 to None, run_after=None
[2023-08-24T09:28:47.184+0000] {processor.py:179} INFO - Processing /home/airflow/.local/lib/python3.8/site-packages/airflow/example_dags/example_subdag_operator.py took 7.517 seconds
[2023-08-24T09:30:38.424+0000] {processor.py:157} INFO - Started process (PID=126) to work on /home/airflow/.local/lib/python3.8/site-packages/airflow/example_dags/example_subdag_operator.py
[2023-08-24T09:30:38.448+0000] {processor.py:829} INFO - Processing file /home/airflow/.local/lib/python3.8/site-packages/airflow/example_dags/example_subdag_operator.py for tasks to queue
[2023-08-24T09:30:38.549+0000] {logging_mixin.py:151} INFO - [2023-08-24T09:30:38.546+0000] {dagbag.py:539} INFO - Filling up the DagBag from /home/airflow/.local/lib/python3.8/site-packages/airflow/example_dags/example_subdag_operator.py
[2023-08-24T09:30:39.980+0000] {processor.py:839} INFO - DAG(s) dict_keys(['example_subdag_operator.section-1', 'example_subdag_operator.section-2', 'example_subdag_operator']) retrieved from /home/airflow/.local/lib/python3.8/site-packages/airflow/example_dags/example_subdag_operator.py
[2023-08-24T09:30:40.659+0000] {logging_mixin.py:151} INFO - [2023-08-24T09:30:40.622+0000] {dag.py:2907} INFO - Sync 3 DAGs
[2023-08-24T09:30:41.653+0000] {logging_mixin.py:151} INFO - [2023-08-24T09:30:41.650+0000] {dag.py:3677} INFO - Setting next_dagrun for example_subdag_operator to 2022-01-01T00:00:00+00:00, run_after=2022-01-01T00:00:00+00:00
[2023-08-24T09:30:41.708+0000] {logging_mixin.py:151} INFO - [2023-08-24T09:30:41.707+0000] {dag.py:3677} INFO - Setting next_dagrun for example_subdag_operator.section-1 to None, run_after=None
[2023-08-24T09:30:41.720+0000] {logging_mixin.py:151} INFO - [2023-08-24T09:30:41.719+0000] {dag.py:3677} INFO - Setting next_dagrun for example_subdag_operator.section-2 to None, run_after=None
[2023-08-24T09:30:41.785+0000] {logging_mixin.py:151} INFO - [2023-08-24T09:30:41.781+0000] {dag.py:2907} INFO - Sync 2 DAGs
[2023-08-24T09:30:41.857+0000] {logging_mixin.py:151} INFO - [2023-08-24T09:30:41.856+0000] {dag.py:3677} INFO - Setting next_dagrun for example_subdag_operator.section-1 to None, run_after=None
[2023-08-24T09:30:41.866+0000] {logging_mixin.py:151} INFO - [2023-08-24T09:30:41.865+0000] {dag.py:3677} INFO - Setting next_dagrun for example_subdag_operator.section-2 to None, run_after=None
[2023-08-24T09:30:41.964+0000] {processor.py:179} INFO - Processing /home/airflow/.local/lib/python3.8/site-packages/airflow/example_dags/example_subdag_operator.py took 3.643 seconds
[2023-08-24T09:31:28.588+0000] {processor.py:157} INFO - Started process (PID=182) to work on /home/airflow/.local/lib/python3.8/site-packages/airflow/example_dags/example_subdag_operator.py
[2023-08-24T09:31:28.618+0000] {processor.py:829} INFO - Processing file /home/airflow/.local/lib/python3.8/site-packages/airflow/example_dags/example_subdag_operator.py for tasks to queue
[2023-08-24T09:31:28.638+0000] {logging_mixin.py:151} INFO - [2023-08-24T09:31:28.636+0000] {dagbag.py:539} INFO - Filling up the DagBag from /home/airflow/.local/lib/python3.8/site-packages/airflow/example_dags/example_subdag_operator.py
[2023-08-24T09:31:28.828+0000] {processor.py:839} INFO - DAG(s) dict_keys(['example_subdag_operator.section-1', 'example_subdag_operator.section-2', 'example_subdag_operator']) retrieved from /home/airflow/.local/lib/python3.8/site-packages/airflow/example_dags/example_subdag_operator.py
[2023-08-24T09:31:28.890+0000] {logging_mixin.py:151} INFO - [2023-08-24T09:31:28.889+0000] {dag.py:2907} INFO - Sync 3 DAGs
[2023-08-24T09:31:28.983+0000] {logging_mixin.py:151} INFO - [2023-08-24T09:31:28.981+0000] {dag.py:3677} INFO - Setting next_dagrun for example_subdag_operator to 2022-01-01T00:00:00+00:00, run_after=2022-01-01T00:00:00+00:00
[2023-08-24T09:31:29.001+0000] {logging_mixin.py:151} INFO - [2023-08-24T09:31:29.000+0000] {dag.py:3677} INFO - Setting next_dagrun for example_subdag_operator.section-1 to None, run_after=None
[2023-08-24T09:31:29.010+0000] {logging_mixin.py:151} INFO - [2023-08-24T09:31:29.009+0000] {dag.py:3677} INFO - Setting next_dagrun for example_subdag_operator.section-2 to None, run_after=None
[2023-08-24T09:31:29.049+0000] {logging_mixin.py:151} INFO - [2023-08-24T09:31:29.048+0000] {dag.py:2907} INFO - Sync 2 DAGs
[2023-08-24T09:31:29.070+0000] {logging_mixin.py:151} INFO - [2023-08-24T09:31:29.070+0000] {dag.py:3677} INFO - Setting next_dagrun for example_subdag_operator.section-1 to None, run_after=None
[2023-08-24T09:31:29.079+0000] {logging_mixin.py:151} INFO - [2023-08-24T09:31:29.079+0000] {dag.py:3677} INFO - Setting next_dagrun for example_subdag_operator.section-2 to None, run_after=None
[2023-08-24T09:31:29.112+0000] {processor.py:179} INFO - Processing /home/airflow/.local/lib/python3.8/site-packages/airflow/example_dags/example_subdag_operator.py took 0.543 seconds
[2023-08-24T09:32:14.750+0000] {processor.py:157} INFO - Started process (PID=231) to work on /home/airflow/.local/lib/python3.8/site-packages/airflow/example_dags/example_subdag_operator.py
[2023-08-24T09:32:14.882+0000] {processor.py:829} INFO - Processing file /home/airflow/.local/lib/python3.8/site-packages/airflow/example_dags/example_subdag_operator.py for tasks to queue
[2023-08-24T09:32:15.416+0000] {logging_mixin.py:151} INFO - [2023-08-24T09:32:15.308+0000] {dagbag.py:539} INFO - Filling up the DagBag from /home/airflow/.local/lib/python3.8/site-packages/airflow/example_dags/example_subdag_operator.py
[2023-08-24T09:32:16.475+0000] {processor.py:839} INFO - DAG(s) dict_keys(['example_subdag_operator.section-1', 'example_subdag_operator.section-2', 'example_subdag_operator']) retrieved from /home/airflow/.local/lib/python3.8/site-packages/airflow/example_dags/example_subdag_operator.py
[2023-08-24T09:32:17.011+0000] {logging_mixin.py:151} INFO - [2023-08-24T09:32:17.009+0000] {dag.py:2907} INFO - Sync 3 DAGs
[2023-08-24T09:32:17.502+0000] {logging_mixin.py:151} INFO - [2023-08-24T09:32:17.500+0000] {dag.py:3677} INFO - Setting next_dagrun for example_subdag_operator to 2022-01-01T00:00:00+00:00, run_after=2022-01-01T00:00:00+00:00
[2023-08-24T09:32:17.590+0000] {logging_mixin.py:151} INFO - [2023-08-24T09:32:17.572+0000] {dag.py:3677} INFO - Setting next_dagrun for example_subdag_operator.section-1 to None, run_after=None
[2023-08-24T09:32:17.634+0000] {logging_mixin.py:151} INFO - [2023-08-24T09:32:17.634+0000] {dag.py:3677} INFO - Setting next_dagrun for example_subdag_operator.section-2 to None, run_after=None
[2023-08-24T09:32:17.707+0000] {logging_mixin.py:151} INFO - [2023-08-24T09:32:17.706+0000] {dag.py:2907} INFO - Sync 2 DAGs
[2023-08-24T09:32:17.764+0000] {logging_mixin.py:151} INFO - [2023-08-24T09:32:17.764+0000] {dag.py:3677} INFO - Setting next_dagrun for example_subdag_operator.section-1 to None, run_after=None
[2023-08-24T09:32:17.773+0000] {logging_mixin.py:151} INFO - [2023-08-24T09:32:17.771+0000] {dag.py:3677} INFO - Setting next_dagrun for example_subdag_operator.section-2 to None, run_after=None
[2023-08-24T09:32:18.050+0000] {processor.py:179} INFO - Processing /home/airflow/.local/lib/python3.8/site-packages/airflow/example_dags/example_subdag_operator.py took 4.016 seconds
[2023-08-24T09:32:59.042+0000] {processor.py:157} INFO - Started process (PID=268) to work on /home/airflow/.local/lib/python3.8/site-packages/airflow/example_dags/example_subdag_operator.py
[2023-08-24T09:32:59.050+0000] {processor.py:829} INFO - Processing file /home/airflow/.local/lib/python3.8/site-packages/airflow/example_dags/example_subdag_operator.py for tasks to queue
[2023-08-24T09:32:59.094+0000] {logging_mixin.py:151} INFO - [2023-08-24T09:32:59.092+0000] {dagbag.py:539} INFO - Filling up the DagBag from /home/airflow/.local/lib/python3.8/site-packages/airflow/example_dags/example_subdag_operator.py
[2023-08-24T09:32:59.377+0000] {processor.py:839} INFO - DAG(s) dict_keys(['example_subdag_operator.section-1', 'example_subdag_operator.section-2', 'example_subdag_operator']) retrieved from /home/airflow/.local/lib/python3.8/site-packages/airflow/example_dags/example_subdag_operator.py
[2023-08-24T09:32:59.568+0000] {logging_mixin.py:151} INFO - [2023-08-24T09:32:59.568+0000] {dag.py:2907} INFO - Sync 3 DAGs
[2023-08-24T09:32:59.810+0000] {logging_mixin.py:151} INFO - [2023-08-24T09:32:59.807+0000] {dag.py:3677} INFO - Setting next_dagrun for example_subdag_operator to 2022-01-01T00:00:00+00:00, run_after=2022-01-01T00:00:00+00:00
[2023-08-24T09:32:59.843+0000] {logging_mixin.py:151} INFO - [2023-08-24T09:32:59.842+0000] {dag.py:3677} INFO - Setting next_dagrun for example_subdag_operator.section-1 to None, run_after=None
[2023-08-24T09:32:59.966+0000] {logging_mixin.py:151} INFO - [2023-08-24T09:32:59.953+0000] {dag.py:3677} INFO - Setting next_dagrun for example_subdag_operator.section-2 to None, run_after=None
[2023-08-24T09:33:00.183+0000] {logging_mixin.py:151} INFO - [2023-08-24T09:33:00.181+0000] {dag.py:2907} INFO - Sync 2 DAGs
[2023-08-24T09:33:00.296+0000] {logging_mixin.py:151} INFO - [2023-08-24T09:33:00.295+0000] {dag.py:3677} INFO - Setting next_dagrun for example_subdag_operator.section-1 to None, run_after=None
[2023-08-24T09:33:00.322+0000] {logging_mixin.py:151} INFO - [2023-08-24T09:33:00.322+0000] {dag.py:3677} INFO - Setting next_dagrun for example_subdag_operator.section-2 to None, run_after=None
[2023-08-24T09:33:01.041+0000] {processor.py:179} INFO - Processing /home/airflow/.local/lib/python3.8/site-packages/airflow/example_dags/example_subdag_operator.py took 2.026 seconds
[2023-08-24T09:33:51.080+0000] {processor.py:157} INFO - Started process (PID=326) to work on /home/airflow/.local/lib/python3.8/site-packages/airflow/example_dags/example_subdag_operator.py
[2023-08-24T09:33:51.086+0000] {processor.py:829} INFO - Processing file /home/airflow/.local/lib/python3.8/site-packages/airflow/example_dags/example_subdag_operator.py for tasks to queue
[2023-08-24T09:33:51.110+0000] {logging_mixin.py:151} INFO - [2023-08-24T09:33:51.108+0000] {dagbag.py:539} INFO - Filling up the DagBag from /home/airflow/.local/lib/python3.8/site-packages/airflow/example_dags/example_subdag_operator.py
[2023-08-24T09:33:51.260+0000] {processor.py:839} INFO - DAG(s) dict_keys(['example_subdag_operator.section-1', 'example_subdag_operator.section-2', 'example_subdag_operator']) retrieved from /home/airflow/.local/lib/python3.8/site-packages/airflow/example_dags/example_subdag_operator.py
[2023-08-24T09:33:51.358+0000] {logging_mixin.py:151} INFO - [2023-08-24T09:33:51.357+0000] {dag.py:2907} INFO - Sync 3 DAGs
[2023-08-24T09:33:51.505+0000] {logging_mixin.py:151} INFO - [2023-08-24T09:33:51.504+0000] {dag.py:3677} INFO - Setting next_dagrun for example_subdag_operator to 2022-01-01T00:00:00+00:00, run_after=2022-01-01T00:00:00+00:00
[2023-08-24T09:33:51.528+0000] {logging_mixin.py:151} INFO - [2023-08-24T09:33:51.527+0000] {dag.py:3677} INFO - Setting next_dagrun for example_subdag_operator.section-1 to None, run_after=None
[2023-08-24T09:33:51.541+0000] {logging_mixin.py:151} INFO - [2023-08-24T09:33:51.541+0000] {dag.py:3677} INFO - Setting next_dagrun for example_subdag_operator.section-2 to None, run_after=None
[2023-08-24T09:33:51.597+0000] {logging_mixin.py:151} INFO - [2023-08-24T09:33:51.596+0000] {dag.py:2907} INFO - Sync 2 DAGs
[2023-08-24T09:33:51.617+0000] {logging_mixin.py:151} INFO - [2023-08-24T09:33:51.616+0000] {dag.py:3677} INFO - Setting next_dagrun for example_subdag_operator.section-1 to None, run_after=None
[2023-08-24T09:33:51.629+0000] {logging_mixin.py:151} INFO - [2023-08-24T09:33:51.627+0000] {dag.py:3677} INFO - Setting next_dagrun for example_subdag_operator.section-2 to None, run_after=None
[2023-08-24T09:33:51.665+0000] {processor.py:179} INFO - Processing /home/airflow/.local/lib/python3.8/site-packages/airflow/example_dags/example_subdag_operator.py took 0.600 seconds
[2023-08-24T09:34:22.125+0000] {processor.py:157} INFO - Started process (PID=382) to work on /home/airflow/.local/lib/python3.8/site-packages/airflow/example_dags/example_subdag_operator.py
[2023-08-24T09:34:22.128+0000] {processor.py:829} INFO - Processing file /home/airflow/.local/lib/python3.8/site-packages/airflow/example_dags/example_subdag_operator.py for tasks to queue
[2023-08-24T09:34:22.132+0000] {logging_mixin.py:151} INFO - [2023-08-24T09:34:22.131+0000] {dagbag.py:539} INFO - Filling up the DagBag from /home/airflow/.local/lib/python3.8/site-packages/airflow/example_dags/example_subdag_operator.py
[2023-08-24T09:34:22.164+0000] {processor.py:839} INFO - DAG(s) dict_keys(['example_subdag_operator.section-1', 'example_subdag_operator.section-2', 'example_subdag_operator']) retrieved from /home/airflow/.local/lib/python3.8/site-packages/airflow/example_dags/example_subdag_operator.py
[2023-08-24T09:34:22.180+0000] {logging_mixin.py:151} INFO - [2023-08-24T09:34:22.180+0000] {dag.py:2907} INFO - Sync 3 DAGs
[2023-08-24T09:34:22.202+0000] {logging_mixin.py:151} INFO - [2023-08-24T09:34:22.202+0000] {dag.py:3677} INFO - Setting next_dagrun for example_subdag_operator to 2022-01-01T00:00:00+00:00, run_after=2022-01-01T00:00:00+00:00
[2023-08-24T09:34:22.211+0000] {logging_mixin.py:151} INFO - [2023-08-24T09:34:22.211+0000] {dag.py:3677} INFO - Setting next_dagrun for example_subdag_operator.section-1 to None, run_after=None
[2023-08-24T09:34:22.215+0000] {logging_mixin.py:151} INFO - [2023-08-24T09:34:22.215+0000] {dag.py:3677} INFO - Setting next_dagrun for example_subdag_operator.section-2 to None, run_after=None
[2023-08-24T09:34:22.229+0000] {logging_mixin.py:151} INFO - [2023-08-24T09:34:22.229+0000] {dag.py:2907} INFO - Sync 2 DAGs
[2023-08-24T09:34:22.251+0000] {logging_mixin.py:151} INFO - [2023-08-24T09:34:22.250+0000] {dag.py:3677} INFO - Setting next_dagrun for example_subdag_operator.section-1 to None, run_after=None
[2023-08-24T09:34:22.254+0000] {logging_mixin.py:151} INFO - [2023-08-24T09:34:22.253+0000] {dag.py:3677} INFO - Setting next_dagrun for example_subdag_operator.section-2 to None, run_after=None
[2023-08-24T09:34:22.299+0000] {processor.py:179} INFO - Processing /home/airflow/.local/lib/python3.8/site-packages/airflow/example_dags/example_subdag_operator.py took 0.180 seconds
[2023-08-24T09:34:52.367+0000] {processor.py:157} INFO - Started process (PID=437) to work on /home/airflow/.local/lib/python3.8/site-packages/airflow/example_dags/example_subdag_operator.py
[2023-08-24T09:34:52.370+0000] {processor.py:829} INFO - Processing file /home/airflow/.local/lib/python3.8/site-packages/airflow/example_dags/example_subdag_operator.py for tasks to queue
[2023-08-24T09:34:52.374+0000] {logging_mixin.py:151} INFO - [2023-08-24T09:34:52.373+0000] {dagbag.py:539} INFO - Filling up the DagBag from /home/airflow/.local/lib/python3.8/site-packages/airflow/example_dags/example_subdag_operator.py
[2023-08-24T09:34:52.410+0000] {processor.py:839} INFO - DAG(s) dict_keys(['example_subdag_operator.section-1', 'example_subdag_operator.section-2', 'example_subdag_operator']) retrieved from /home/airflow/.local/lib/python3.8/site-packages/airflow/example_dags/example_subdag_operator.py
[2023-08-24T09:34:52.428+0000] {logging_mixin.py:151} INFO - [2023-08-24T09:34:52.428+0000] {dag.py:2907} INFO - Sync 3 DAGs
[2023-08-24T09:34:52.462+0000] {logging_mixin.py:151} INFO - [2023-08-24T09:34:52.461+0000] {dag.py:3677} INFO - Setting next_dagrun for example_subdag_operator to 2022-01-01T00:00:00+00:00, run_after=2022-01-01T00:00:00+00:00
[2023-08-24T09:34:52.467+0000] {logging_mixin.py:151} INFO - [2023-08-24T09:34:52.467+0000] {dag.py:3677} INFO - Setting next_dagrun for example_subdag_operator.section-1 to None, run_after=None
[2023-08-24T09:34:52.469+0000] {logging_mixin.py:151} INFO - [2023-08-24T09:34:52.469+0000] {dag.py:3677} INFO - Setting next_dagrun for example_subdag_operator.section-2 to None, run_after=None
[2023-08-24T09:34:52.479+0000] {logging_mixin.py:151} INFO - [2023-08-24T09:34:52.479+0000] {dag.py:2907} INFO - Sync 2 DAGs
[2023-08-24T09:34:52.486+0000] {logging_mixin.py:151} INFO - [2023-08-24T09:34:52.486+0000] {dag.py:3677} INFO - Setting next_dagrun for example_subdag_operator.section-1 to None, run_after=None
[2023-08-24T09:34:52.488+0000] {logging_mixin.py:151} INFO - [2023-08-24T09:34:52.488+0000] {dag.py:3677} INFO - Setting next_dagrun for example_subdag_operator.section-2 to None, run_after=None
[2023-08-24T09:34:52.500+0000] {processor.py:179} INFO - Processing /home/airflow/.local/lib/python3.8/site-packages/airflow/example_dags/example_subdag_operator.py took 0.138 seconds
[2023-08-24T09:35:22.696+0000] {processor.py:157} INFO - Started process (PID=493) to work on /home/airflow/.local/lib/python3.8/site-packages/airflow/example_dags/example_subdag_operator.py
[2023-08-24T09:35:22.698+0000] {processor.py:829} INFO - Processing file /home/airflow/.local/lib/python3.8/site-packages/airflow/example_dags/example_subdag_operator.py for tasks to queue
[2023-08-24T09:35:22.702+0000] {logging_mixin.py:151} INFO - [2023-08-24T09:35:22.702+0000] {dagbag.py:539} INFO - Filling up the DagBag from /home/airflow/.local/lib/python3.8/site-packages/airflow/example_dags/example_subdag_operator.py
[2023-08-24T09:35:22.737+0000] {processor.py:839} INFO - DAG(s) dict_keys(['example_subdag_operator.section-1', 'example_subdag_operator.section-2', 'example_subdag_operator']) retrieved from /home/airflow/.local/lib/python3.8/site-packages/airflow/example_dags/example_subdag_operator.py
[2023-08-24T09:35:22.755+0000] {logging_mixin.py:151} INFO - [2023-08-24T09:35:22.755+0000] {dag.py:2907} INFO - Sync 3 DAGs
[2023-08-24T09:35:22.779+0000] {logging_mixin.py:151} INFO - [2023-08-24T09:35:22.779+0000] {dag.py:3677} INFO - Setting next_dagrun for example_subdag_operator to 2022-01-01T00:00:00+00:00, run_after=2022-01-01T00:00:00+00:00
[2023-08-24T09:35:22.783+0000] {logging_mixin.py:151} INFO - [2023-08-24T09:35:22.783+0000] {dag.py:3677} INFO - Setting next_dagrun for example_subdag_operator.section-1 to None, run_after=None
[2023-08-24T09:35:22.786+0000] {logging_mixin.py:151} INFO - [2023-08-24T09:35:22.786+0000] {dag.py:3677} INFO - Setting next_dagrun for example_subdag_operator.section-2 to None, run_after=None
[2023-08-24T09:35:22.794+0000] {logging_mixin.py:151} INFO - [2023-08-24T09:35:22.793+0000] {dag.py:2907} INFO - Sync 2 DAGs
[2023-08-24T09:35:22.801+0000] {logging_mixin.py:151} INFO - [2023-08-24T09:35:22.800+0000] {dag.py:3677} INFO - Setting next_dagrun for example_subdag_operator.section-1 to None, run_after=None
[2023-08-24T09:35:22.802+0000] {logging_mixin.py:151} INFO - [2023-08-24T09:35:22.802+0000] {dag.py:3677} INFO - Setting next_dagrun for example_subdag_operator.section-2 to None, run_after=None
[2023-08-24T09:35:22.815+0000] {processor.py:179} INFO - Processing /home/airflow/.local/lib/python3.8/site-packages/airflow/example_dags/example_subdag_operator.py took 0.125 seconds
[2023-08-24T09:35:53.374+0000] {processor.py:157} INFO - Started process (PID=549) to work on /home/airflow/.local/lib/python3.8/site-packages/airflow/example_dags/example_subdag_operator.py
[2023-08-24T09:35:53.377+0000] {processor.py:829} INFO - Processing file /home/airflow/.local/lib/python3.8/site-packages/airflow/example_dags/example_subdag_operator.py for tasks to queue
[2023-08-24T09:35:53.382+0000] {logging_mixin.py:151} INFO - [2023-08-24T09:35:53.381+0000] {dagbag.py:539} INFO - Filling up the DagBag from /home/airflow/.local/lib/python3.8/site-packages/airflow/example_dags/example_subdag_operator.py
[2023-08-24T09:35:53.423+0000] {processor.py:839} INFO - DAG(s) dict_keys(['example_subdag_operator.section-1', 'example_subdag_operator.section-2', 'example_subdag_operator']) retrieved from /home/airflow/.local/lib/python3.8/site-packages/airflow/example_dags/example_subdag_operator.py
[2023-08-24T09:35:53.445+0000] {logging_mixin.py:151} INFO - [2023-08-24T09:35:53.445+0000] {dag.py:2907} INFO - Sync 3 DAGs
[2023-08-24T09:35:53.477+0000] {logging_mixin.py:151} INFO - [2023-08-24T09:35:53.477+0000] {dag.py:3677} INFO - Setting next_dagrun for example_subdag_operator to 2022-01-01T00:00:00+00:00, run_after=2022-01-01T00:00:00+00:00
[2023-08-24T09:35:53.483+0000] {logging_mixin.py:151} INFO - [2023-08-24T09:35:53.483+0000] {dag.py:3677} INFO - Setting next_dagrun for example_subdag_operator.section-1 to None, run_after=None
[2023-08-24T09:35:53.486+0000] {logging_mixin.py:151} INFO - [2023-08-24T09:35:53.486+0000] {dag.py:3677} INFO - Setting next_dagrun for example_subdag_operator.section-2 to None, run_after=None
[2023-08-24T09:35:53.495+0000] {logging_mixin.py:151} INFO - [2023-08-24T09:35:53.495+0000] {dag.py:2907} INFO - Sync 2 DAGs
[2023-08-24T09:35:53.501+0000] {logging_mixin.py:151} INFO - [2023-08-24T09:35:53.501+0000] {dag.py:3677} INFO - Setting next_dagrun for example_subdag_operator.section-1 to None, run_after=None
[2023-08-24T09:35:53.503+0000] {logging_mixin.py:151} INFO - [2023-08-24T09:35:53.503+0000] {dag.py:3677} INFO - Setting next_dagrun for example_subdag_operator.section-2 to None, run_after=None
[2023-08-24T09:35:53.515+0000] {processor.py:179} INFO - Processing /home/airflow/.local/lib/python3.8/site-packages/airflow/example_dags/example_subdag_operator.py took 0.147 seconds
[2023-08-24T09:36:23.918+0000] {processor.py:157} INFO - Started process (PID=605) to work on /home/airflow/.local/lib/python3.8/site-packages/airflow/example_dags/example_subdag_operator.py
[2023-08-24T09:36:23.922+0000] {processor.py:829} INFO - Processing file /home/airflow/.local/lib/python3.8/site-packages/airflow/example_dags/example_subdag_operator.py for tasks to queue
[2023-08-24T09:36:23.926+0000] {logging_mixin.py:151} INFO - [2023-08-24T09:36:23.925+0000] {dagbag.py:539} INFO - Filling up the DagBag from /home/airflow/.local/lib/python3.8/site-packages/airflow/example_dags/example_subdag_operator.py
[2023-08-24T09:36:23.966+0000] {processor.py:839} INFO - DAG(s) dict_keys(['example_subdag_operator.section-1', 'example_subdag_operator.section-2', 'example_subdag_operator']) retrieved from /home/airflow/.local/lib/python3.8/site-packages/airflow/example_dags/example_subdag_operator.py
[2023-08-24T09:36:23.984+0000] {logging_mixin.py:151} INFO - [2023-08-24T09:36:23.983+0000] {dag.py:2907} INFO - Sync 3 DAGs
[2023-08-24T09:36:24.005+0000] {logging_mixin.py:151} INFO - [2023-08-24T09:36:24.005+0000] {dag.py:3677} INFO - Setting next_dagrun for example_subdag_operator to 2022-01-01T00:00:00+00:00, run_after=2022-01-01T00:00:00+00:00
[2023-08-24T09:36:24.013+0000] {logging_mixin.py:151} INFO - [2023-08-24T09:36:24.012+0000] {dag.py:3677} INFO - Setting next_dagrun for example_subdag_operator.section-1 to None, run_after=None
[2023-08-24T09:36:24.015+0000] {logging_mixin.py:151} INFO - [2023-08-24T09:36:24.015+0000] {dag.py:3677} INFO - Setting next_dagrun for example_subdag_operator.section-2 to None, run_after=None
[2023-08-24T09:36:24.028+0000] {logging_mixin.py:151} INFO - [2023-08-24T09:36:24.027+0000] {dag.py:2907} INFO - Sync 2 DAGs
[2023-08-24T09:36:24.037+0000] {logging_mixin.py:151} INFO - [2023-08-24T09:36:24.037+0000] {dag.py:3677} INFO - Setting next_dagrun for example_subdag_operator.section-1 to None, run_after=None
[2023-08-24T09:36:24.042+0000] {logging_mixin.py:151} INFO - [2023-08-24T09:36:24.041+0000] {dag.py:3677} INFO - Setting next_dagrun for example_subdag_operator.section-2 to None, run_after=None
[2023-08-24T09:36:24.056+0000] {processor.py:179} INFO - Processing /home/airflow/.local/lib/python3.8/site-packages/airflow/example_dags/example_subdag_operator.py took 0.142 seconds
[2023-08-24T09:36:54.371+0000] {processor.py:157} INFO - Started process (PID=661) to work on /home/airflow/.local/lib/python3.8/site-packages/airflow/example_dags/example_subdag_operator.py
[2023-08-24T09:36:54.374+0000] {processor.py:829} INFO - Processing file /home/airflow/.local/lib/python3.8/site-packages/airflow/example_dags/example_subdag_operator.py for tasks to queue
[2023-08-24T09:36:54.379+0000] {logging_mixin.py:151} INFO - [2023-08-24T09:36:54.377+0000] {dagbag.py:539} INFO - Filling up the DagBag from /home/airflow/.local/lib/python3.8/site-packages/airflow/example_dags/example_subdag_operator.py
[2023-08-24T09:36:54.423+0000] {processor.py:839} INFO - DAG(s) dict_keys(['example_subdag_operator.section-1', 'example_subdag_operator.section-2', 'example_subdag_operator']) retrieved from /home/airflow/.local/lib/python3.8/site-packages/airflow/example_dags/example_subdag_operator.py
[2023-08-24T09:36:54.441+0000] {logging_mixin.py:151} INFO - [2023-08-24T09:36:54.441+0000] {dag.py:2907} INFO - Sync 3 DAGs
[2023-08-24T09:36:54.463+0000] {logging_mixin.py:151} INFO - [2023-08-24T09:36:54.463+0000] {dag.py:3677} INFO - Setting next_dagrun for example_subdag_operator to 2022-01-01T00:00:00+00:00, run_after=2022-01-01T00:00:00+00:00
[2023-08-24T09:36:54.470+0000] {logging_mixin.py:151} INFO - [2023-08-24T09:36:54.470+0000] {dag.py:3677} INFO - Setting next_dagrun for example_subdag_operator.section-1 to None, run_after=None
[2023-08-24T09:36:54.473+0000] {logging_mixin.py:151} INFO - [2023-08-24T09:36:54.472+0000] {dag.py:3677} INFO - Setting next_dagrun for example_subdag_operator.section-2 to None, run_after=None
[2023-08-24T09:36:54.481+0000] {logging_mixin.py:151} INFO - [2023-08-24T09:36:54.481+0000] {dag.py:2907} INFO - Sync 2 DAGs
[2023-08-24T09:36:54.489+0000] {logging_mixin.py:151} INFO - [2023-08-24T09:36:54.489+0000] {dag.py:3677} INFO - Setting next_dagrun for example_subdag_operator.section-1 to None, run_after=None
[2023-08-24T09:36:54.493+0000] {logging_mixin.py:151} INFO - [2023-08-24T09:36:54.493+0000] {dag.py:3677} INFO - Setting next_dagrun for example_subdag_operator.section-2 to None, run_after=None
[2023-08-24T09:36:54.507+0000] {processor.py:179} INFO - Processing /home/airflow/.local/lib/python3.8/site-packages/airflow/example_dags/example_subdag_operator.py took 0.145 seconds
