[2023-08-24T09:28:39.664+0000] {processor.py:157} INFO - Started process (PID=49) to work on /home/airflow/.local/lib/python3.8/site-packages/airflow/example_dags/example_task_group_decorator.py
[2023-08-24T09:28:39.711+0000] {processor.py:829} INFO - Processing file /home/airflow/.local/lib/python3.8/site-packages/airflow/example_dags/example_task_group_decorator.py for tasks to queue
[2023-08-24T09:28:39.829+0000] {logging_mixin.py:151} INFO - [2023-08-24T09:28:39.821+0000] {dagbag.py:539} INFO - Filling up the DagBag from /home/airflow/.local/lib/python3.8/site-packages/airflow/example_dags/example_task_group_decorator.py
[2023-08-24T09:28:40.551+0000] {processor.py:839} INFO - DAG(s) dict_keys(['example_task_group_decorator']) retrieved from /home/airflow/.local/lib/python3.8/site-packages/airflow/example_dags/example_task_group_decorator.py
[2023-08-24T09:28:46.636+0000] {logging_mixin.py:151} INFO - [2023-08-24T09:28:46.618+0000] {manager.py:501} INFO - Created Permission View: can read on DAG:example_task_group_decorator
[2023-08-24T09:28:46.716+0000] {logging_mixin.py:151} INFO - [2023-08-24T09:28:46.715+0000] {manager.py:501} INFO - Created Permission View: can edit on DAG:example_task_group_decorator
[2023-08-24T09:28:46.767+0000] {logging_mixin.py:151} INFO - [2023-08-24T09:28:46.767+0000] {manager.py:501} INFO - Created Permission View: can delete on DAG:example_task_group_decorator
[2023-08-24T09:28:46.827+0000] {logging_mixin.py:151} INFO - [2023-08-24T09:28:46.827+0000] {dag.py:2907} INFO - Sync 1 DAGs
[2023-08-24T09:28:46.983+0000] {logging_mixin.py:151} INFO - [2023-08-24T09:28:46.973+0000] {dag.py:2929} INFO - Creating ORM DAG for example_task_group_decorator
[2023-08-24T09:28:47.060+0000] {logging_mixin.py:151} INFO - [2023-08-24T09:28:47.057+0000] {dag.py:3677} INFO - Setting next_dagrun for example_task_group_decorator to 2023-08-23T09:28:47.049420+00:00, run_after=2023-08-24T09:28:47.049420+00:00
[2023-08-24T09:28:47.455+0000] {processor.py:179} INFO - Processing /home/airflow/.local/lib/python3.8/site-packages/airflow/example_dags/example_task_group_decorator.py took 8.009 seconds
[2023-08-24T09:30:38.289+0000] {processor.py:157} INFO - Started process (PID=125) to work on /home/airflow/.local/lib/python3.8/site-packages/airflow/example_dags/example_task_group_decorator.py
[2023-08-24T09:30:38.308+0000] {processor.py:829} INFO - Processing file /home/airflow/.local/lib/python3.8/site-packages/airflow/example_dags/example_task_group_decorator.py for tasks to queue
[2023-08-24T09:30:38.405+0000] {logging_mixin.py:151} INFO - [2023-08-24T09:30:38.403+0000] {dagbag.py:539} INFO - Filling up the DagBag from /home/airflow/.local/lib/python3.8/site-packages/airflow/example_dags/example_task_group_decorator.py
[2023-08-24T09:30:38.676+0000] {processor.py:839} INFO - DAG(s) dict_keys(['example_task_group_decorator']) retrieved from /home/airflow/.local/lib/python3.8/site-packages/airflow/example_dags/example_task_group_decorator.py
[2023-08-24T09:30:39.800+0000] {logging_mixin.py:151} INFO - [2023-08-24T09:30:39.787+0000] {dag.py:2907} INFO - Sync 1 DAGs
[2023-08-24T09:30:40.123+0000] {logging_mixin.py:151} INFO - [2023-08-24T09:30:40.123+0000] {dag.py:3677} INFO - Setting next_dagrun for example_task_group_decorator to 2023-08-23T09:30:40.120669+00:00, run_after=2023-08-24T09:30:40.120669+00:00
[2023-08-24T09:30:41.086+0000] {processor.py:179} INFO - Processing /home/airflow/.local/lib/python3.8/site-packages/airflow/example_dags/example_task_group_decorator.py took 2.851 seconds
[2023-08-24T09:31:27.082+0000] {processor.py:157} INFO - Started process (PID=181) to work on /home/airflow/.local/lib/python3.8/site-packages/airflow/example_dags/example_task_group_decorator.py
[2023-08-24T09:31:27.092+0000] {processor.py:829} INFO - Processing file /home/airflow/.local/lib/python3.8/site-packages/airflow/example_dags/example_task_group_decorator.py for tasks to queue
[2023-08-24T09:31:27.103+0000] {logging_mixin.py:151} INFO - [2023-08-24T09:31:27.102+0000] {dagbag.py:539} INFO - Filling up the DagBag from /home/airflow/.local/lib/python3.8/site-packages/airflow/example_dags/example_task_group_decorator.py
[2023-08-24T09:31:27.184+0000] {processor.py:839} INFO - DAG(s) dict_keys(['example_task_group_decorator']) retrieved from /home/airflow/.local/lib/python3.8/site-packages/airflow/example_dags/example_task_group_decorator.py
[2023-08-24T09:31:27.942+0000] {logging_mixin.py:151} INFO - [2023-08-24T09:31:27.938+0000] {dag.py:2907} INFO - Sync 1 DAGs
[2023-08-24T09:31:28.237+0000] {logging_mixin.py:151} INFO - [2023-08-24T09:31:28.237+0000] {dag.py:3677} INFO - Setting next_dagrun for example_task_group_decorator to 2023-08-23T09:31:28.232898+00:00, run_after=2023-08-24T09:31:28.232898+00:00
[2023-08-24T09:31:28.350+0000] {processor.py:179} INFO - Processing /home/airflow/.local/lib/python3.8/site-packages/airflow/example_dags/example_task_group_decorator.py took 1.280 seconds
[2023-08-24T09:32:11.434+0000] {processor.py:157} INFO - Started process (PID=230) to work on /home/airflow/.local/lib/python3.8/site-packages/airflow/example_dags/example_task_group_decorator.py
[2023-08-24T09:32:11.448+0000] {processor.py:829} INFO - Processing file /home/airflow/.local/lib/python3.8/site-packages/airflow/example_dags/example_task_group_decorator.py for tasks to queue
[2023-08-24T09:32:11.499+0000] {logging_mixin.py:151} INFO - [2023-08-24T09:32:11.497+0000] {dagbag.py:539} INFO - Filling up the DagBag from /home/airflow/.local/lib/python3.8/site-packages/airflow/example_dags/example_task_group_decorator.py
[2023-08-24T09:32:12.288+0000] {processor.py:839} INFO - DAG(s) dict_keys(['example_task_group_decorator']) retrieved from /home/airflow/.local/lib/python3.8/site-packages/airflow/example_dags/example_task_group_decorator.py
[2023-08-24T09:32:14.871+0000] {logging_mixin.py:151} INFO - [2023-08-24T09:32:14.731+0000] {dag.py:2907} INFO - Sync 1 DAGs
[2023-08-24T09:32:16.264+0000] {logging_mixin.py:151} INFO - [2023-08-24T09:32:16.260+0000] {dag.py:3677} INFO - Setting next_dagrun for example_task_group_decorator to 2023-08-23T09:32:16.257340+00:00, run_after=2023-08-24T09:32:16.257340+00:00
[2023-08-24T09:32:16.990+0000] {processor.py:179} INFO - Processing /home/airflow/.local/lib/python3.8/site-packages/airflow/example_dags/example_task_group_decorator.py took 5.619 seconds
[2023-08-24T09:32:57.162+0000] {processor.py:157} INFO - Started process (PID=267) to work on /home/airflow/.local/lib/python3.8/site-packages/airflow/example_dags/example_task_group_decorator.py
[2023-08-24T09:32:57.196+0000] {processor.py:829} INFO - Processing file /home/airflow/.local/lib/python3.8/site-packages/airflow/example_dags/example_task_group_decorator.py for tasks to queue
[2023-08-24T09:32:57.256+0000] {logging_mixin.py:151} INFO - [2023-08-24T09:32:57.252+0000] {dagbag.py:539} INFO - Filling up the DagBag from /home/airflow/.local/lib/python3.8/site-packages/airflow/example_dags/example_task_group_decorator.py
[2023-08-24T09:32:57.497+0000] {processor.py:839} INFO - DAG(s) dict_keys(['example_task_group_decorator']) retrieved from /home/airflow/.local/lib/python3.8/site-packages/airflow/example_dags/example_task_group_decorator.py
[2023-08-24T09:32:58.565+0000] {logging_mixin.py:151} INFO - [2023-08-24T09:32:58.560+0000] {dag.py:2907} INFO - Sync 1 DAGs
[2023-08-24T09:32:58.804+0000] {logging_mixin.py:151} INFO - [2023-08-24T09:32:58.802+0000] {dag.py:3677} INFO - Setting next_dagrun for example_task_group_decorator to 2023-08-23T09:32:58.796989+00:00, run_after=2023-08-24T09:32:58.796989+00:00
[2023-08-24T09:32:58.909+0000] {processor.py:179} INFO - Processing /home/airflow/.local/lib/python3.8/site-packages/airflow/example_dags/example_task_group_decorator.py took 2.330 seconds
[2023-08-24T09:33:50.766+0000] {processor.py:157} INFO - Started process (PID=325) to work on /home/airflow/.local/lib/python3.8/site-packages/airflow/example_dags/example_task_group_decorator.py
[2023-08-24T09:33:50.770+0000] {processor.py:829} INFO - Processing file /home/airflow/.local/lib/python3.8/site-packages/airflow/example_dags/example_task_group_decorator.py for tasks to queue
[2023-08-24T09:33:50.783+0000] {logging_mixin.py:151} INFO - [2023-08-24T09:33:50.782+0000] {dagbag.py:539} INFO - Filling up the DagBag from /home/airflow/.local/lib/python3.8/site-packages/airflow/example_dags/example_task_group_decorator.py
[2023-08-24T09:33:50.814+0000] {processor.py:839} INFO - DAG(s) dict_keys(['example_task_group_decorator']) retrieved from /home/airflow/.local/lib/python3.8/site-packages/airflow/example_dags/example_task_group_decorator.py
[2023-08-24T09:33:50.873+0000] {logging_mixin.py:151} INFO - [2023-08-24T09:33:50.872+0000] {dag.py:2907} INFO - Sync 1 DAGs
[2023-08-24T09:33:50.934+0000] {logging_mixin.py:151} INFO - [2023-08-24T09:33:50.933+0000] {dag.py:3677} INFO - Setting next_dagrun for example_task_group_decorator to 2023-08-23T09:33:50.933004+00:00, run_after=2023-08-24T09:33:50.933004+00:00
[2023-08-24T09:33:50.977+0000] {processor.py:179} INFO - Processing /home/airflow/.local/lib/python3.8/site-packages/airflow/example_dags/example_task_group_decorator.py took 0.223 seconds
[2023-08-24T09:34:21.084+0000] {processor.py:157} INFO - Started process (PID=381) to work on /home/airflow/.local/lib/python3.8/site-packages/airflow/example_dags/example_task_group_decorator.py
[2023-08-24T09:34:21.086+0000] {processor.py:829} INFO - Processing file /home/airflow/.local/lib/python3.8/site-packages/airflow/example_dags/example_task_group_decorator.py for tasks to queue
[2023-08-24T09:34:21.090+0000] {logging_mixin.py:151} INFO - [2023-08-24T09:34:21.089+0000] {dagbag.py:539} INFO - Filling up the DagBag from /home/airflow/.local/lib/python3.8/site-packages/airflow/example_dags/example_task_group_decorator.py
[2023-08-24T09:34:21.105+0000] {processor.py:839} INFO - DAG(s) dict_keys(['example_task_group_decorator']) retrieved from /home/airflow/.local/lib/python3.8/site-packages/airflow/example_dags/example_task_group_decorator.py
[2023-08-24T09:34:21.135+0000] {logging_mixin.py:151} INFO - [2023-08-24T09:34:21.135+0000] {dag.py:2907} INFO - Sync 1 DAGs
[2023-08-24T09:34:21.155+0000] {logging_mixin.py:151} INFO - [2023-08-24T09:34:21.155+0000] {dag.py:3677} INFO - Setting next_dagrun for example_task_group_decorator to 2023-08-23T09:34:21.155503+00:00, run_after=2023-08-24T09:34:21.155503+00:00
[2023-08-24T09:34:21.171+0000] {processor.py:179} INFO - Processing /home/airflow/.local/lib/python3.8/site-packages/airflow/example_dags/example_task_group_decorator.py took 0.092 seconds
[2023-08-24T09:34:51.278+0000] {processor.py:157} INFO - Started process (PID=436) to work on /home/airflow/.local/lib/python3.8/site-packages/airflow/example_dags/example_task_group_decorator.py
[2023-08-24T09:34:51.282+0000] {processor.py:829} INFO - Processing file /home/airflow/.local/lib/python3.8/site-packages/airflow/example_dags/example_task_group_decorator.py for tasks to queue
[2023-08-24T09:34:51.286+0000] {logging_mixin.py:151} INFO - [2023-08-24T09:34:51.286+0000] {dagbag.py:539} INFO - Filling up the DagBag from /home/airflow/.local/lib/python3.8/site-packages/airflow/example_dags/example_task_group_decorator.py
[2023-08-24T09:34:51.303+0000] {processor.py:839} INFO - DAG(s) dict_keys(['example_task_group_decorator']) retrieved from /home/airflow/.local/lib/python3.8/site-packages/airflow/example_dags/example_task_group_decorator.py
[2023-08-24T09:34:51.342+0000] {logging_mixin.py:151} INFO - [2023-08-24T09:34:51.341+0000] {dag.py:2907} INFO - Sync 1 DAGs
[2023-08-24T09:34:51.363+0000] {logging_mixin.py:151} INFO - [2023-08-24T09:34:51.363+0000] {dag.py:3677} INFO - Setting next_dagrun for example_task_group_decorator to 2023-08-23T09:34:51.362691+00:00, run_after=2023-08-24T09:34:51.362691+00:00
[2023-08-24T09:34:51.380+0000] {processor.py:179} INFO - Processing /home/airflow/.local/lib/python3.8/site-packages/airflow/example_dags/example_task_group_decorator.py took 0.106 seconds
[2023-08-24T09:35:21.547+0000] {processor.py:157} INFO - Started process (PID=492) to work on /home/airflow/.local/lib/python3.8/site-packages/airflow/example_dags/example_task_group_decorator.py
[2023-08-24T09:35:21.550+0000] {processor.py:829} INFO - Processing file /home/airflow/.local/lib/python3.8/site-packages/airflow/example_dags/example_task_group_decorator.py for tasks to queue
[2023-08-24T09:35:21.554+0000] {logging_mixin.py:151} INFO - [2023-08-24T09:35:21.554+0000] {dagbag.py:539} INFO - Filling up the DagBag from /home/airflow/.local/lib/python3.8/site-packages/airflow/example_dags/example_task_group_decorator.py
[2023-08-24T09:35:21.572+0000] {processor.py:839} INFO - DAG(s) dict_keys(['example_task_group_decorator']) retrieved from /home/airflow/.local/lib/python3.8/site-packages/airflow/example_dags/example_task_group_decorator.py
[2023-08-24T09:35:21.606+0000] {logging_mixin.py:151} INFO - [2023-08-24T09:35:21.606+0000] {dag.py:2907} INFO - Sync 1 DAGs
[2023-08-24T09:35:21.630+0000] {logging_mixin.py:151} INFO - [2023-08-24T09:35:21.630+0000] {dag.py:3677} INFO - Setting next_dagrun for example_task_group_decorator to 2023-08-23T09:35:21.630070+00:00, run_after=2023-08-24T09:35:21.630070+00:00
[2023-08-24T09:35:21.653+0000] {processor.py:179} INFO - Processing /home/airflow/.local/lib/python3.8/site-packages/airflow/example_dags/example_task_group_decorator.py took 0.111 seconds
[2023-08-24T09:35:52.051+0000] {processor.py:157} INFO - Started process (PID=546) to work on /home/airflow/.local/lib/python3.8/site-packages/airflow/example_dags/example_task_group_decorator.py
[2023-08-24T09:35:52.053+0000] {processor.py:829} INFO - Processing file /home/airflow/.local/lib/python3.8/site-packages/airflow/example_dags/example_task_group_decorator.py for tasks to queue
[2023-08-24T09:35:52.057+0000] {logging_mixin.py:151} INFO - [2023-08-24T09:35:52.056+0000] {dagbag.py:539} INFO - Filling up the DagBag from /home/airflow/.local/lib/python3.8/site-packages/airflow/example_dags/example_task_group_decorator.py
[2023-08-24T09:35:52.072+0000] {processor.py:839} INFO - DAG(s) dict_keys(['example_task_group_decorator']) retrieved from /home/airflow/.local/lib/python3.8/site-packages/airflow/example_dags/example_task_group_decorator.py
[2023-08-24T09:35:52.105+0000] {logging_mixin.py:151} INFO - [2023-08-24T09:35:52.105+0000] {dag.py:2907} INFO - Sync 1 DAGs
[2023-08-24T09:35:52.132+0000] {logging_mixin.py:151} INFO - [2023-08-24T09:35:52.132+0000] {dag.py:3677} INFO - Setting next_dagrun for example_task_group_decorator to 2023-08-23T09:35:52.132473+00:00, run_after=2023-08-24T09:35:52.132473+00:00
[2023-08-24T09:35:52.149+0000] {processor.py:179} INFO - Processing /home/airflow/.local/lib/python3.8/site-packages/airflow/example_dags/example_task_group_decorator.py took 0.102 seconds
[2023-08-24T09:36:22.285+0000] {processor.py:157} INFO - Started process (PID=602) to work on /home/airflow/.local/lib/python3.8/site-packages/airflow/example_dags/example_task_group_decorator.py
[2023-08-24T09:36:22.294+0000] {processor.py:829} INFO - Processing file /home/airflow/.local/lib/python3.8/site-packages/airflow/example_dags/example_task_group_decorator.py for tasks to queue
[2023-08-24T09:36:22.302+0000] {logging_mixin.py:151} INFO - [2023-08-24T09:36:22.302+0000] {dagbag.py:539} INFO - Filling up the DagBag from /home/airflow/.local/lib/python3.8/site-packages/airflow/example_dags/example_task_group_decorator.py
[2023-08-24T09:36:22.322+0000] {processor.py:839} INFO - DAG(s) dict_keys(['example_task_group_decorator']) retrieved from /home/airflow/.local/lib/python3.8/site-packages/airflow/example_dags/example_task_group_decorator.py
[2023-08-24T09:36:22.357+0000] {logging_mixin.py:151} INFO - [2023-08-24T09:36:22.357+0000] {dag.py:2907} INFO - Sync 1 DAGs
[2023-08-24T09:36:22.381+0000] {logging_mixin.py:151} INFO - [2023-08-24T09:36:22.381+0000] {dag.py:3677} INFO - Setting next_dagrun for example_task_group_decorator to 2023-08-23T09:36:22.381334+00:00, run_after=2023-08-24T09:36:22.381334+00:00
[2023-08-24T09:36:22.400+0000] {processor.py:179} INFO - Processing /home/airflow/.local/lib/python3.8/site-packages/airflow/example_dags/example_task_group_decorator.py took 0.121 seconds
[2023-08-24T09:36:52.743+0000] {processor.py:157} INFO - Started process (PID=658) to work on /home/airflow/.local/lib/python3.8/site-packages/airflow/example_dags/example_task_group_decorator.py
[2023-08-24T09:36:52.748+0000] {processor.py:829} INFO - Processing file /home/airflow/.local/lib/python3.8/site-packages/airflow/example_dags/example_task_group_decorator.py for tasks to queue
[2023-08-24T09:36:52.752+0000] {logging_mixin.py:151} INFO - [2023-08-24T09:36:52.751+0000] {dagbag.py:539} INFO - Filling up the DagBag from /home/airflow/.local/lib/python3.8/site-packages/airflow/example_dags/example_task_group_decorator.py
[2023-08-24T09:36:52.766+0000] {processor.py:839} INFO - DAG(s) dict_keys(['example_task_group_decorator']) retrieved from /home/airflow/.local/lib/python3.8/site-packages/airflow/example_dags/example_task_group_decorator.py
[2023-08-24T09:36:52.798+0000] {logging_mixin.py:151} INFO - [2023-08-24T09:36:52.797+0000] {dag.py:2907} INFO - Sync 1 DAGs
[2023-08-24T09:36:52.822+0000] {logging_mixin.py:151} INFO - [2023-08-24T09:36:52.822+0000] {dag.py:3677} INFO - Setting next_dagrun for example_task_group_decorator to 2023-08-23T09:36:52.822231+00:00, run_after=2023-08-24T09:36:52.822231+00:00
[2023-08-24T09:36:52.846+0000] {processor.py:179} INFO - Processing /home/airflow/.local/lib/python3.8/site-packages/airflow/example_dags/example_task_group_decorator.py took 0.109 seconds
