[2023-08-24T09:30:09.809+0000] {processor.py:157} INFO - Started process (PID=104) to work on /home/airflow/.local/lib/python3.8/site-packages/airflow/example_dags/example_local_kubernetes_executor.py
[2023-08-24T09:30:09.821+0000] {processor.py:829} INFO - Processing file /home/airflow/.local/lib/python3.8/site-packages/airflow/example_dags/example_local_kubernetes_executor.py for tasks to queue
[2023-08-24T09:30:09.841+0000] {logging_mixin.py:151} INFO - [2023-08-24T09:30:09.836+0000] {dagbag.py:539} INFO - Filling up the DagBag from /home/airflow/.local/lib/python3.8/site-packages/airflow/example_dags/example_local_kubernetes_executor.py
[2023-08-24T09:30:12.246+0000] {processor.py:839} INFO - DAG(s) dict_keys(['example_local_kubernetes_executor']) retrieved from /home/airflow/.local/lib/python3.8/site-packages/airflow/example_dags/example_local_kubernetes_executor.py
[2023-08-24T09:30:13.144+0000] {logging_mixin.py:151} INFO - [2023-08-24T09:30:13.143+0000] {manager.py:501} INFO - Created Permission View: can read on DAG:example_local_kubernetes_executor
[2023-08-24T09:30:13.191+0000] {logging_mixin.py:151} INFO - [2023-08-24T09:30:13.190+0000] {manager.py:501} INFO - Created Permission View: can edit on DAG:example_local_kubernetes_executor
[2023-08-24T09:30:13.265+0000] {logging_mixin.py:151} INFO - [2023-08-24T09:30:13.263+0000] {manager.py:501} INFO - Created Permission View: can delete on DAG:example_local_kubernetes_executor
[2023-08-24T09:30:13.431+0000] {logging_mixin.py:151} INFO - [2023-08-24T09:30:13.415+0000] {dag.py:2907} INFO - Sync 1 DAGs
[2023-08-24T09:30:13.594+0000] {logging_mixin.py:151} INFO - [2023-08-24T09:30:13.576+0000] {dag.py:2929} INFO - Creating ORM DAG for example_local_kubernetes_executor
[2023-08-24T09:30:13.910+0000] {logging_mixin.py:151} INFO - [2023-08-24T09:30:13.898+0000] {dag.py:3677} INFO - Setting next_dagrun for example_local_kubernetes_executor to None, run_after=None
[2023-08-24T09:30:14.614+0000] {processor.py:179} INFO - Processing /home/airflow/.local/lib/python3.8/site-packages/airflow/example_dags/example_local_kubernetes_executor.py took 4.822 seconds
[2023-08-24T09:31:21.961+0000] {processor.py:157} INFO - Started process (PID=172) to work on /home/airflow/.local/lib/python3.8/site-packages/airflow/example_dags/example_local_kubernetes_executor.py
[2023-08-24T09:31:21.972+0000] {processor.py:829} INFO - Processing file /home/airflow/.local/lib/python3.8/site-packages/airflow/example_dags/example_local_kubernetes_executor.py for tasks to queue
[2023-08-24T09:31:21.997+0000] {logging_mixin.py:151} INFO - [2023-08-24T09:31:21.988+0000] {dagbag.py:539} INFO - Filling up the DagBag from /home/airflow/.local/lib/python3.8/site-packages/airflow/example_dags/example_local_kubernetes_executor.py
[2023-08-24T09:31:23.898+0000] {processor.py:839} INFO - DAG(s) dict_keys(['example_local_kubernetes_executor']) retrieved from /home/airflow/.local/lib/python3.8/site-packages/airflow/example_dags/example_local_kubernetes_executor.py
[2023-08-24T09:31:24.183+0000] {logging_mixin.py:151} INFO - [2023-08-24T09:31:24.180+0000] {dag.py:2907} INFO - Sync 1 DAGs
[2023-08-24T09:31:24.273+0000] {logging_mixin.py:151} INFO - [2023-08-24T09:31:24.271+0000] {dag.py:3677} INFO - Setting next_dagrun for example_local_kubernetes_executor to None, run_after=None
[2023-08-24T09:31:24.379+0000] {processor.py:179} INFO - Processing /home/airflow/.local/lib/python3.8/site-packages/airflow/example_dags/example_local_kubernetes_executor.py took 2.459 seconds
[2023-08-24T09:32:38.921+0000] {processor.py:157} INFO - Started process (PID=253) to work on /home/airflow/.local/lib/python3.8/site-packages/airflow/example_dags/example_local_kubernetes_executor.py
[2023-08-24T09:32:38.939+0000] {processor.py:829} INFO - Processing file /home/airflow/.local/lib/python3.8/site-packages/airflow/example_dags/example_local_kubernetes_executor.py for tasks to queue
[2023-08-24T09:32:39.034+0000] {logging_mixin.py:151} INFO - [2023-08-24T09:32:39.010+0000] {dagbag.py:539} INFO - Filling up the DagBag from /home/airflow/.local/lib/python3.8/site-packages/airflow/example_dags/example_local_kubernetes_executor.py
[2023-08-24T09:32:44.562+0000] {processor.py:839} INFO - DAG(s) dict_keys(['example_local_kubernetes_executor']) retrieved from /home/airflow/.local/lib/python3.8/site-packages/airflow/example_dags/example_local_kubernetes_executor.py
[2023-08-24T09:32:45.865+0000] {logging_mixin.py:151} INFO - [2023-08-24T09:32:45.822+0000] {dag.py:2907} INFO - Sync 1 DAGs
[2023-08-24T09:32:46.747+0000] {logging_mixin.py:151} INFO - [2023-08-24T09:32:46.743+0000] {dag.py:3677} INFO - Setting next_dagrun for example_local_kubernetes_executor to None, run_after=None
[2023-08-24T09:32:47.047+0000] {processor.py:179} INFO - Processing /home/airflow/.local/lib/python3.8/site-packages/airflow/example_dags/example_local_kubernetes_executor.py took 8.288 seconds
[2023-08-24T09:33:46.837+0000] {processor.py:157} INFO - Started process (PID=316) to work on /home/airflow/.local/lib/python3.8/site-packages/airflow/example_dags/example_local_kubernetes_executor.py
[2023-08-24T09:33:46.851+0000] {processor.py:829} INFO - Processing file /home/airflow/.local/lib/python3.8/site-packages/airflow/example_dags/example_local_kubernetes_executor.py for tasks to queue
[2023-08-24T09:33:46.868+0000] {logging_mixin.py:151} INFO - [2023-08-24T09:33:46.866+0000] {dagbag.py:539} INFO - Filling up the DagBag from /home/airflow/.local/lib/python3.8/site-packages/airflow/example_dags/example_local_kubernetes_executor.py
[2023-08-24T09:33:48.839+0000] {processor.py:839} INFO - DAG(s) dict_keys(['example_local_kubernetes_executor']) retrieved from /home/airflow/.local/lib/python3.8/site-packages/airflow/example_dags/example_local_kubernetes_executor.py
[2023-08-24T09:33:49.027+0000] {logging_mixin.py:151} INFO - [2023-08-24T09:33:49.025+0000] {dag.py:2907} INFO - Sync 1 DAGs
[2023-08-24T09:33:49.075+0000] {logging_mixin.py:151} INFO - [2023-08-24T09:33:49.074+0000] {dag.py:3677} INFO - Setting next_dagrun for example_local_kubernetes_executor to None, run_after=None
[2023-08-24T09:33:49.139+0000] {processor.py:179} INFO - Processing /home/airflow/.local/lib/python3.8/site-packages/airflow/example_dags/example_local_kubernetes_executor.py took 2.377 seconds
[2023-08-24T09:34:20.127+0000] {processor.py:157} INFO - Started process (PID=375) to work on /home/airflow/.local/lib/python3.8/site-packages/airflow/example_dags/example_local_kubernetes_executor.py
[2023-08-24T09:34:20.130+0000] {processor.py:829} INFO - Processing file /home/airflow/.local/lib/python3.8/site-packages/airflow/example_dags/example_local_kubernetes_executor.py for tasks to queue
[2023-08-24T09:34:20.134+0000] {logging_mixin.py:151} INFO - [2023-08-24T09:34:20.133+0000] {dagbag.py:539} INFO - Filling up the DagBag from /home/airflow/.local/lib/python3.8/site-packages/airflow/example_dags/example_local_kubernetes_executor.py
[2023-08-24T09:34:20.356+0000] {processor.py:839} INFO - DAG(s) dict_keys(['example_local_kubernetes_executor']) retrieved from /home/airflow/.local/lib/python3.8/site-packages/airflow/example_dags/example_local_kubernetes_executor.py
[2023-08-24T09:34:20.396+0000] {logging_mixin.py:151} INFO - [2023-08-24T09:34:20.396+0000] {dag.py:2907} INFO - Sync 1 DAGs
[2023-08-24T09:34:20.413+0000] {logging_mixin.py:151} INFO - [2023-08-24T09:34:20.413+0000] {dag.py:3677} INFO - Setting next_dagrun for example_local_kubernetes_executor to None, run_after=None
[2023-08-24T09:34:20.431+0000] {processor.py:179} INFO - Processing /home/airflow/.local/lib/python3.8/site-packages/airflow/example_dags/example_local_kubernetes_executor.py took 0.308 seconds
[2023-08-24T09:34:50.600+0000] {processor.py:157} INFO - Started process (PID=430) to work on /home/airflow/.local/lib/python3.8/site-packages/airflow/example_dags/example_local_kubernetes_executor.py
[2023-08-24T09:34:50.606+0000] {processor.py:829} INFO - Processing file /home/airflow/.local/lib/python3.8/site-packages/airflow/example_dags/example_local_kubernetes_executor.py for tasks to queue
[2023-08-24T09:34:50.610+0000] {logging_mixin.py:151} INFO - [2023-08-24T09:34:50.609+0000] {dagbag.py:539} INFO - Filling up the DagBag from /home/airflow/.local/lib/python3.8/site-packages/airflow/example_dags/example_local_kubernetes_executor.py
[2023-08-24T09:34:50.956+0000] {processor.py:839} INFO - DAG(s) dict_keys(['example_local_kubernetes_executor']) retrieved from /home/airflow/.local/lib/python3.8/site-packages/airflow/example_dags/example_local_kubernetes_executor.py
[2023-08-24T09:34:51.012+0000] {logging_mixin.py:151} INFO - [2023-08-24T09:34:51.011+0000] {dag.py:2907} INFO - Sync 1 DAGs
[2023-08-24T09:34:51.034+0000] {logging_mixin.py:151} INFO - [2023-08-24T09:34:51.034+0000] {dag.py:3677} INFO - Setting next_dagrun for example_local_kubernetes_executor to None, run_after=None
[2023-08-24T09:34:51.060+0000] {processor.py:179} INFO - Processing /home/airflow/.local/lib/python3.8/site-packages/airflow/example_dags/example_local_kubernetes_executor.py took 0.467 seconds
[2023-08-24T09:35:21.164+0000] {processor.py:157} INFO - Started process (PID=488) to work on /home/airflow/.local/lib/python3.8/site-packages/airflow/example_dags/example_local_kubernetes_executor.py
[2023-08-24T09:35:21.168+0000] {processor.py:829} INFO - Processing file /home/airflow/.local/lib/python3.8/site-packages/airflow/example_dags/example_local_kubernetes_executor.py for tasks to queue
[2023-08-24T09:35:21.172+0000] {logging_mixin.py:151} INFO - [2023-08-24T09:35:21.172+0000] {dagbag.py:539} INFO - Filling up the DagBag from /home/airflow/.local/lib/python3.8/site-packages/airflow/example_dags/example_local_kubernetes_executor.py
[2023-08-24T09:35:21.416+0000] {processor.py:839} INFO - DAG(s) dict_keys(['example_local_kubernetes_executor']) retrieved from /home/airflow/.local/lib/python3.8/site-packages/airflow/example_dags/example_local_kubernetes_executor.py
[2023-08-24T09:35:21.461+0000] {logging_mixin.py:151} INFO - [2023-08-24T09:35:21.460+0000] {dag.py:2907} INFO - Sync 1 DAGs
[2023-08-24T09:35:21.474+0000] {logging_mixin.py:151} INFO - [2023-08-24T09:35:21.474+0000] {dag.py:3677} INFO - Setting next_dagrun for example_local_kubernetes_executor to None, run_after=None
[2023-08-24T09:35:21.491+0000] {processor.py:179} INFO - Processing /home/airflow/.local/lib/python3.8/site-packages/airflow/example_dags/example_local_kubernetes_executor.py took 0.333 seconds
[2023-08-24T09:35:52.126+0000] {processor.py:157} INFO - Started process (PID=547) to work on /home/airflow/.local/lib/python3.8/site-packages/airflow/example_dags/example_local_kubernetes_executor.py
[2023-08-24T09:35:52.129+0000] {processor.py:829} INFO - Processing file /home/airflow/.local/lib/python3.8/site-packages/airflow/example_dags/example_local_kubernetes_executor.py for tasks to queue
[2023-08-24T09:35:52.132+0000] {logging_mixin.py:151} INFO - [2023-08-24T09:35:52.132+0000] {dagbag.py:539} INFO - Filling up the DagBag from /home/airflow/.local/lib/python3.8/site-packages/airflow/example_dags/example_local_kubernetes_executor.py
[2023-08-24T09:35:52.392+0000] {processor.py:839} INFO - DAG(s) dict_keys(['example_local_kubernetes_executor']) retrieved from /home/airflow/.local/lib/python3.8/site-packages/airflow/example_dags/example_local_kubernetes_executor.py
[2023-08-24T09:35:52.431+0000] {logging_mixin.py:151} INFO - [2023-08-24T09:35:52.430+0000] {dag.py:2907} INFO - Sync 1 DAGs
[2023-08-24T09:35:52.447+0000] {logging_mixin.py:151} INFO - [2023-08-24T09:35:52.446+0000] {dag.py:3677} INFO - Setting next_dagrun for example_local_kubernetes_executor to None, run_after=None
[2023-08-24T09:35:52.464+0000] {processor.py:179} INFO - Processing /home/airflow/.local/lib/python3.8/site-packages/airflow/example_dags/example_local_kubernetes_executor.py took 0.342 seconds
[2023-08-24T09:36:23.470+0000] {processor.py:157} INFO - Started process (PID=604) to work on /home/airflow/.local/lib/python3.8/site-packages/airflow/example_dags/example_local_kubernetes_executor.py
[2023-08-24T09:36:23.476+0000] {processor.py:829} INFO - Processing file /home/airflow/.local/lib/python3.8/site-packages/airflow/example_dags/example_local_kubernetes_executor.py for tasks to queue
[2023-08-24T09:36:23.488+0000] {logging_mixin.py:151} INFO - [2023-08-24T09:36:23.487+0000] {dagbag.py:539} INFO - Filling up the DagBag from /home/airflow/.local/lib/python3.8/site-packages/airflow/example_dags/example_local_kubernetes_executor.py
[2023-08-24T09:36:23.772+0000] {processor.py:839} INFO - DAG(s) dict_keys(['example_local_kubernetes_executor']) retrieved from /home/airflow/.local/lib/python3.8/site-packages/airflow/example_dags/example_local_kubernetes_executor.py
[2023-08-24T09:36:23.826+0000] {logging_mixin.py:151} INFO - [2023-08-24T09:36:23.825+0000] {dag.py:2907} INFO - Sync 1 DAGs
[2023-08-24T09:36:23.846+0000] {logging_mixin.py:151} INFO - [2023-08-24T09:36:23.845+0000] {dag.py:3677} INFO - Setting next_dagrun for example_local_kubernetes_executor to None, run_after=None
[2023-08-24T09:36:23.864+0000] {processor.py:179} INFO - Processing /home/airflow/.local/lib/python3.8/site-packages/airflow/example_dags/example_local_kubernetes_executor.py took 0.402 seconds
[2023-08-24T09:36:53.988+0000] {processor.py:157} INFO - Started process (PID=660) to work on /home/airflow/.local/lib/python3.8/site-packages/airflow/example_dags/example_local_kubernetes_executor.py
[2023-08-24T09:36:53.993+0000] {processor.py:829} INFO - Processing file /home/airflow/.local/lib/python3.8/site-packages/airflow/example_dags/example_local_kubernetes_executor.py for tasks to queue
[2023-08-24T09:36:54.001+0000] {logging_mixin.py:151} INFO - [2023-08-24T09:36:54.000+0000] {dagbag.py:539} INFO - Filling up the DagBag from /home/airflow/.local/lib/python3.8/site-packages/airflow/example_dags/example_local_kubernetes_executor.py
[2023-08-24T09:36:54.247+0000] {processor.py:839} INFO - DAG(s) dict_keys(['example_local_kubernetes_executor']) retrieved from /home/airflow/.local/lib/python3.8/site-packages/airflow/example_dags/example_local_kubernetes_executor.py
[2023-08-24T09:36:54.288+0000] {logging_mixin.py:151} INFO - [2023-08-24T09:36:54.287+0000] {dag.py:2907} INFO - Sync 1 DAGs
[2023-08-24T09:36:54.300+0000] {logging_mixin.py:151} INFO - [2023-08-24T09:36:54.300+0000] {dag.py:3677} INFO - Setting next_dagrun for example_local_kubernetes_executor to None, run_after=None
[2023-08-24T09:36:54.317+0000] {processor.py:179} INFO - Processing /home/airflow/.local/lib/python3.8/site-packages/airflow/example_dags/example_local_kubernetes_executor.py took 0.337 seconds
