[2023-08-24T09:28:55.908+0000] {processor.py:157} INFO - Started process (PID=60) to work on /home/airflow/.local/lib/python3.8/site-packages/airflow/example_dags/example_params_trigger_ui.py
[2023-08-24T09:28:55.943+0000] {processor.py:829} INFO - Processing file /home/airflow/.local/lib/python3.8/site-packages/airflow/example_dags/example_params_trigger_ui.py for tasks to queue
[2023-08-24T09:28:55.996+0000] {logging_mixin.py:151} INFO - [2023-08-24T09:28:55.994+0000] {dagbag.py:539} INFO - Filling up the DagBag from /home/airflow/.local/lib/python3.8/site-packages/airflow/example_dags/example_params_trigger_ui.py
[2023-08-24T09:28:58.575+0000] {processor.py:839} INFO - DAG(s) dict_keys(['example_params_trigger_ui']) retrieved from /home/airflow/.local/lib/python3.8/site-packages/airflow/example_dags/example_params_trigger_ui.py
[2023-08-24T09:29:01.217+0000] {logging_mixin.py:151} INFO - [2023-08-24T09:29:01.209+0000] {manager.py:501} INFO - Created Permission View: can read on DAG:example_params_trigger_ui
[2023-08-24T09:29:01.350+0000] {logging_mixin.py:151} INFO - [2023-08-24T09:29:01.350+0000] {manager.py:501} INFO - Created Permission View: can edit on DAG:example_params_trigger_ui
[2023-08-24T09:29:01.509+0000] {logging_mixin.py:151} INFO - [2023-08-24T09:29:01.507+0000] {manager.py:501} INFO - Created Permission View: can delete on DAG:example_params_trigger_ui
[2023-08-24T09:29:01.708+0000] {logging_mixin.py:151} INFO - [2023-08-24T09:29:01.707+0000] {dag.py:2907} INFO - Sync 1 DAGs
[2023-08-24T09:29:01.822+0000] {logging_mixin.py:151} INFO - [2023-08-24T09:29:01.809+0000] {dag.py:2929} INFO - Creating ORM DAG for example_params_trigger_ui
[2023-08-24T09:29:01.831+0000] {logging_mixin.py:151} INFO - [2023-08-24T09:29:01.830+0000] {dag.py:3677} INFO - Setting next_dagrun for example_params_trigger_ui to None, run_after=None
[2023-08-24T09:29:02.088+0000] {processor.py:179} INFO - Processing /home/airflow/.local/lib/python3.8/site-packages/airflow/example_dags/example_params_trigger_ui.py took 6.299 seconds
[2023-08-24T09:30:44.996+0000] {processor.py:157} INFO - Started process (PID=129) to work on /home/airflow/.local/lib/python3.8/site-packages/airflow/example_dags/example_params_trigger_ui.py
[2023-08-24T09:30:45.014+0000] {processor.py:829} INFO - Processing file /home/airflow/.local/lib/python3.8/site-packages/airflow/example_dags/example_params_trigger_ui.py for tasks to queue
[2023-08-24T09:30:45.055+0000] {logging_mixin.py:151} INFO - [2023-08-24T09:30:45.045+0000] {dagbag.py:539} INFO - Filling up the DagBag from /home/airflow/.local/lib/python3.8/site-packages/airflow/example_dags/example_params_trigger_ui.py
[2023-08-24T09:30:45.643+0000] {processor.py:839} INFO - DAG(s) dict_keys(['example_params_trigger_ui']) retrieved from /home/airflow/.local/lib/python3.8/site-packages/airflow/example_dags/example_params_trigger_ui.py
[2023-08-24T09:30:46.064+0000] {logging_mixin.py:151} INFO - [2023-08-24T09:30:46.063+0000] {dag.py:2907} INFO - Sync 1 DAGs
[2023-08-24T09:30:46.315+0000] {logging_mixin.py:151} INFO - [2023-08-24T09:30:46.308+0000] {dag.py:3677} INFO - Setting next_dagrun for example_params_trigger_ui to None, run_after=None
[2023-08-24T09:30:46.809+0000] {processor.py:179} INFO - Processing /home/airflow/.local/lib/python3.8/site-packages/airflow/example_dags/example_params_trigger_ui.py took 1.900 seconds
[2023-08-24T09:31:29.368+0000] {processor.py:157} INFO - Started process (PID=185) to work on /home/airflow/.local/lib/python3.8/site-packages/airflow/example_dags/example_params_trigger_ui.py
[2023-08-24T09:31:29.377+0000] {processor.py:829} INFO - Processing file /home/airflow/.local/lib/python3.8/site-packages/airflow/example_dags/example_params_trigger_ui.py for tasks to queue
[2023-08-24T09:31:29.388+0000] {logging_mixin.py:151} INFO - [2023-08-24T09:31:29.386+0000] {dagbag.py:539} INFO - Filling up the DagBag from /home/airflow/.local/lib/python3.8/site-packages/airflow/example_dags/example_params_trigger_ui.py
[2023-08-24T09:31:29.485+0000] {processor.py:839} INFO - DAG(s) dict_keys(['example_params_trigger_ui']) retrieved from /home/airflow/.local/lib/python3.8/site-packages/airflow/example_dags/example_params_trigger_ui.py
[2023-08-24T09:31:29.820+0000] {logging_mixin.py:151} INFO - [2023-08-24T09:31:29.819+0000] {dag.py:2907} INFO - Sync 1 DAGs
[2023-08-24T09:31:29.969+0000] {logging_mixin.py:151} INFO - [2023-08-24T09:31:29.969+0000] {dag.py:3677} INFO - Setting next_dagrun for example_params_trigger_ui to None, run_after=None
[2023-08-24T09:31:30.164+0000] {processor.py:179} INFO - Processing /home/airflow/.local/lib/python3.8/site-packages/airflow/example_dags/example_params_trigger_ui.py took 0.810 seconds
[2023-08-24T09:32:21.055+0000] {processor.py:157} INFO - Started process (PID=234) to work on /home/airflow/.local/lib/python3.8/site-packages/airflow/example_dags/example_params_trigger_ui.py
[2023-08-24T09:32:21.064+0000] {processor.py:829} INFO - Processing file /home/airflow/.local/lib/python3.8/site-packages/airflow/example_dags/example_params_trigger_ui.py for tasks to queue
[2023-08-24T09:32:21.098+0000] {logging_mixin.py:151} INFO - [2023-08-24T09:32:21.096+0000] {dagbag.py:539} INFO - Filling up the DagBag from /home/airflow/.local/lib/python3.8/site-packages/airflow/example_dags/example_params_trigger_ui.py
[2023-08-24T09:32:21.274+0000] {processor.py:839} INFO - DAG(s) dict_keys(['example_params_trigger_ui']) retrieved from /home/airflow/.local/lib/python3.8/site-packages/airflow/example_dags/example_params_trigger_ui.py
[2023-08-24T09:32:21.606+0000] {logging_mixin.py:151} INFO - [2023-08-24T09:32:21.601+0000] {dag.py:2907} INFO - Sync 1 DAGs
[2023-08-24T09:32:21.786+0000] {logging_mixin.py:151} INFO - [2023-08-24T09:32:21.785+0000] {dag.py:3677} INFO - Setting next_dagrun for example_params_trigger_ui to None, run_after=None
[2023-08-24T09:32:22.098+0000] {processor.py:179} INFO - Processing /home/airflow/.local/lib/python3.8/site-packages/airflow/example_dags/example_params_trigger_ui.py took 1.067 seconds
[2023-08-24T09:33:02.157+0000] {processor.py:157} INFO - Started process (PID=271) to work on /home/airflow/.local/lib/python3.8/site-packages/airflow/example_dags/example_params_trigger_ui.py
[2023-08-24T09:33:02.164+0000] {processor.py:829} INFO - Processing file /home/airflow/.local/lib/python3.8/site-packages/airflow/example_dags/example_params_trigger_ui.py for tasks to queue
[2023-08-24T09:33:02.177+0000] {logging_mixin.py:151} INFO - [2023-08-24T09:33:02.174+0000] {dagbag.py:539} INFO - Filling up the DagBag from /home/airflow/.local/lib/python3.8/site-packages/airflow/example_dags/example_params_trigger_ui.py
[2023-08-24T09:33:02.301+0000] {processor.py:839} INFO - DAG(s) dict_keys(['example_params_trigger_ui']) retrieved from /home/airflow/.local/lib/python3.8/site-packages/airflow/example_dags/example_params_trigger_ui.py
[2023-08-24T09:33:02.677+0000] {logging_mixin.py:151} INFO - [2023-08-24T09:33:02.675+0000] {dag.py:2907} INFO - Sync 1 DAGs
[2023-08-24T09:33:02.771+0000] {logging_mixin.py:151} INFO - [2023-08-24T09:33:02.769+0000] {dag.py:3677} INFO - Setting next_dagrun for example_params_trigger_ui to None, run_after=None
[2023-08-24T09:33:02.902+0000] {processor.py:179} INFO - Processing /home/airflow/.local/lib/python3.8/site-packages/airflow/example_dags/example_params_trigger_ui.py took 0.755 seconds
[2023-08-24T09:33:51.900+0000] {processor.py:157} INFO - Started process (PID=329) to work on /home/airflow/.local/lib/python3.8/site-packages/airflow/example_dags/example_params_trigger_ui.py
[2023-08-24T09:33:51.918+0000] {processor.py:829} INFO - Processing file /home/airflow/.local/lib/python3.8/site-packages/airflow/example_dags/example_params_trigger_ui.py for tasks to queue
[2023-08-24T09:33:51.935+0000] {logging_mixin.py:151} INFO - [2023-08-24T09:33:51.934+0000] {dagbag.py:539} INFO - Filling up the DagBag from /home/airflow/.local/lib/python3.8/site-packages/airflow/example_dags/example_params_trigger_ui.py
[2023-08-24T09:33:51.988+0000] {processor.py:839} INFO - DAG(s) dict_keys(['example_params_trigger_ui']) retrieved from /home/airflow/.local/lib/python3.8/site-packages/airflow/example_dags/example_params_trigger_ui.py
[2023-08-24T09:33:52.143+0000] {logging_mixin.py:151} INFO - [2023-08-24T09:33:52.143+0000] {dag.py:2907} INFO - Sync 1 DAGs
[2023-08-24T09:33:52.213+0000] {logging_mixin.py:151} INFO - [2023-08-24T09:33:52.213+0000] {dag.py:3677} INFO - Setting next_dagrun for example_params_trigger_ui to None, run_after=None
[2023-08-24T09:33:52.359+0000] {processor.py:179} INFO - Processing /home/airflow/.local/lib/python3.8/site-packages/airflow/example_dags/example_params_trigger_ui.py took 0.512 seconds
[2023-08-24T09:34:22.494+0000] {processor.py:157} INFO - Started process (PID=385) to work on /home/airflow/.local/lib/python3.8/site-packages/airflow/example_dags/example_params_trigger_ui.py
[2023-08-24T09:34:22.497+0000] {processor.py:829} INFO - Processing file /home/airflow/.local/lib/python3.8/site-packages/airflow/example_dags/example_params_trigger_ui.py for tasks to queue
[2023-08-24T09:34:22.502+0000] {logging_mixin.py:151} INFO - [2023-08-24T09:34:22.501+0000] {dagbag.py:539} INFO - Filling up the DagBag from /home/airflow/.local/lib/python3.8/site-packages/airflow/example_dags/example_params_trigger_ui.py
[2023-08-24T09:34:22.526+0000] {processor.py:839} INFO - DAG(s) dict_keys(['example_params_trigger_ui']) retrieved from /home/airflow/.local/lib/python3.8/site-packages/airflow/example_dags/example_params_trigger_ui.py
[2023-08-24T09:34:22.578+0000] {logging_mixin.py:151} INFO - [2023-08-24T09:34:22.578+0000] {dag.py:2907} INFO - Sync 1 DAGs
[2023-08-24T09:34:22.593+0000] {logging_mixin.py:151} INFO - [2023-08-24T09:34:22.593+0000] {dag.py:3677} INFO - Setting next_dagrun for example_params_trigger_ui to None, run_after=None
[2023-08-24T09:34:22.612+0000] {processor.py:179} INFO - Processing /home/airflow/.local/lib/python3.8/site-packages/airflow/example_dags/example_params_trigger_ui.py took 0.124 seconds
[2023-08-24T09:34:53.581+0000] {processor.py:157} INFO - Started process (PID=440) to work on /home/airflow/.local/lib/python3.8/site-packages/airflow/example_dags/example_params_trigger_ui.py
[2023-08-24T09:34:53.585+0000] {processor.py:829} INFO - Processing file /home/airflow/.local/lib/python3.8/site-packages/airflow/example_dags/example_params_trigger_ui.py for tasks to queue
[2023-08-24T09:34:53.589+0000] {logging_mixin.py:151} INFO - [2023-08-24T09:34:53.589+0000] {dagbag.py:539} INFO - Filling up the DagBag from /home/airflow/.local/lib/python3.8/site-packages/airflow/example_dags/example_params_trigger_ui.py
[2023-08-24T09:34:53.613+0000] {processor.py:839} INFO - DAG(s) dict_keys(['example_params_trigger_ui']) retrieved from /home/airflow/.local/lib/python3.8/site-packages/airflow/example_dags/example_params_trigger_ui.py
[2023-08-24T09:34:53.663+0000] {logging_mixin.py:151} INFO - [2023-08-24T09:34:53.663+0000] {dag.py:2907} INFO - Sync 1 DAGs
[2023-08-24T09:34:53.683+0000] {logging_mixin.py:151} INFO - [2023-08-24T09:34:53.683+0000] {dag.py:3677} INFO - Setting next_dagrun for example_params_trigger_ui to None, run_after=None
[2023-08-24T09:34:53.716+0000] {processor.py:179} INFO - Processing /home/airflow/.local/lib/python3.8/site-packages/airflow/example_dags/example_params_trigger_ui.py took 0.140 seconds
[2023-08-24T09:35:23.892+0000] {processor.py:157} INFO - Started process (PID=496) to work on /home/airflow/.local/lib/python3.8/site-packages/airflow/example_dags/example_params_trigger_ui.py
[2023-08-24T09:35:23.894+0000] {processor.py:829} INFO - Processing file /home/airflow/.local/lib/python3.8/site-packages/airflow/example_dags/example_params_trigger_ui.py for tasks to queue
[2023-08-24T09:35:23.898+0000] {logging_mixin.py:151} INFO - [2023-08-24T09:35:23.898+0000] {dagbag.py:539} INFO - Filling up the DagBag from /home/airflow/.local/lib/python3.8/site-packages/airflow/example_dags/example_params_trigger_ui.py
[2023-08-24T09:35:23.918+0000] {processor.py:839} INFO - DAG(s) dict_keys(['example_params_trigger_ui']) retrieved from /home/airflow/.local/lib/python3.8/site-packages/airflow/example_dags/example_params_trigger_ui.py
[2023-08-24T09:35:23.976+0000] {logging_mixin.py:151} INFO - [2023-08-24T09:35:23.976+0000] {dag.py:2907} INFO - Sync 1 DAGs
[2023-08-24T09:35:23.990+0000] {logging_mixin.py:151} INFO - [2023-08-24T09:35:23.990+0000] {dag.py:3677} INFO - Setting next_dagrun for example_params_trigger_ui to None, run_after=None
[2023-08-24T09:35:24.008+0000] {processor.py:179} INFO - Processing /home/airflow/.local/lib/python3.8/site-packages/airflow/example_dags/example_params_trigger_ui.py took 0.122 seconds
[2023-08-24T09:35:54.595+0000] {processor.py:157} INFO - Started process (PID=552) to work on /home/airflow/.local/lib/python3.8/site-packages/airflow/example_dags/example_params_trigger_ui.py
[2023-08-24T09:35:54.598+0000] {processor.py:829} INFO - Processing file /home/airflow/.local/lib/python3.8/site-packages/airflow/example_dags/example_params_trigger_ui.py for tasks to queue
[2023-08-24T09:35:54.602+0000] {logging_mixin.py:151} INFO - [2023-08-24T09:35:54.601+0000] {dagbag.py:539} INFO - Filling up the DagBag from /home/airflow/.local/lib/python3.8/site-packages/airflow/example_dags/example_params_trigger_ui.py
[2023-08-24T09:35:54.625+0000] {processor.py:839} INFO - DAG(s) dict_keys(['example_params_trigger_ui']) retrieved from /home/airflow/.local/lib/python3.8/site-packages/airflow/example_dags/example_params_trigger_ui.py
[2023-08-24T09:35:54.672+0000] {logging_mixin.py:151} INFO - [2023-08-24T09:35:54.672+0000] {dag.py:2907} INFO - Sync 1 DAGs
[2023-08-24T09:35:54.686+0000] {logging_mixin.py:151} INFO - [2023-08-24T09:35:54.686+0000] {dag.py:3677} INFO - Setting next_dagrun for example_params_trigger_ui to None, run_after=None
[2023-08-24T09:35:54.705+0000] {processor.py:179} INFO - Processing /home/airflow/.local/lib/python3.8/site-packages/airflow/example_dags/example_params_trigger_ui.py took 0.114 seconds
[2023-08-24T09:36:25.112+0000] {processor.py:157} INFO - Started process (PID=608) to work on /home/airflow/.local/lib/python3.8/site-packages/airflow/example_dags/example_params_trigger_ui.py
[2023-08-24T09:36:25.115+0000] {processor.py:829} INFO - Processing file /home/airflow/.local/lib/python3.8/site-packages/airflow/example_dags/example_params_trigger_ui.py for tasks to queue
[2023-08-24T09:36:25.120+0000] {logging_mixin.py:151} INFO - [2023-08-24T09:36:25.119+0000] {dagbag.py:539} INFO - Filling up the DagBag from /home/airflow/.local/lib/python3.8/site-packages/airflow/example_dags/example_params_trigger_ui.py
[2023-08-24T09:36:25.146+0000] {processor.py:839} INFO - DAG(s) dict_keys(['example_params_trigger_ui']) retrieved from /home/airflow/.local/lib/python3.8/site-packages/airflow/example_dags/example_params_trigger_ui.py
[2023-08-24T09:36:25.199+0000] {logging_mixin.py:151} INFO - [2023-08-24T09:36:25.199+0000] {dag.py:2907} INFO - Sync 1 DAGs
[2023-08-24T09:36:25.214+0000] {logging_mixin.py:151} INFO - [2023-08-24T09:36:25.214+0000] {dag.py:3677} INFO - Setting next_dagrun for example_params_trigger_ui to None, run_after=None
[2023-08-24T09:36:25.236+0000] {processor.py:179} INFO - Processing /home/airflow/.local/lib/python3.8/site-packages/airflow/example_dags/example_params_trigger_ui.py took 0.129 seconds
[2023-08-24T09:36:55.626+0000] {processor.py:157} INFO - Started process (PID=664) to work on /home/airflow/.local/lib/python3.8/site-packages/airflow/example_dags/example_params_trigger_ui.py
[2023-08-24T09:36:55.630+0000] {processor.py:829} INFO - Processing file /home/airflow/.local/lib/python3.8/site-packages/airflow/example_dags/example_params_trigger_ui.py for tasks to queue
[2023-08-24T09:36:55.636+0000] {logging_mixin.py:151} INFO - [2023-08-24T09:36:55.635+0000] {dagbag.py:539} INFO - Filling up the DagBag from /home/airflow/.local/lib/python3.8/site-packages/airflow/example_dags/example_params_trigger_ui.py
[2023-08-24T09:36:55.673+0000] {processor.py:839} INFO - DAG(s) dict_keys(['example_params_trigger_ui']) retrieved from /home/airflow/.local/lib/python3.8/site-packages/airflow/example_dags/example_params_trigger_ui.py
[2023-08-24T09:36:55.729+0000] {logging_mixin.py:151} INFO - [2023-08-24T09:36:55.729+0000] {dag.py:2907} INFO - Sync 1 DAGs
[2023-08-24T09:36:55.750+0000] {logging_mixin.py:151} INFO - [2023-08-24T09:36:55.749+0000] {dag.py:3677} INFO - Setting next_dagrun for example_params_trigger_ui to None, run_after=None
[2023-08-24T09:36:55.781+0000] {processor.py:179} INFO - Processing /home/airflow/.local/lib/python3.8/site-packages/airflow/example_dags/example_params_trigger_ui.py took 0.163 seconds
