[2023-08-24T09:29:25.972+0000] {processor.py:157} INFO - Started process (PID=78) to work on /home/airflow/.local/lib/python3.8/site-packages/airflow/example_dags/example_branch_datetime_operator.py
[2023-08-24T09:29:25.979+0000] {processor.py:829} INFO - Processing file /home/airflow/.local/lib/python3.8/site-packages/airflow/example_dags/example_branch_datetime_operator.py for tasks to queue
[2023-08-24T09:29:26.002+0000] {logging_mixin.py:151} INFO - [2023-08-24T09:29:26.001+0000] {dagbag.py:539} INFO - Filling up the DagBag from /home/airflow/.local/lib/python3.8/site-packages/airflow/example_dags/example_branch_datetime_operator.py
[2023-08-24T09:29:26.135+0000] {processor.py:839} INFO - DAG(s) dict_keys(['example_branch_datetime_operator_3', 'example_branch_datetime_operator_2', 'example_branch_datetime_operator']) retrieved from /home/airflow/.local/lib/python3.8/site-packages/airflow/example_dags/example_branch_datetime_operator.py
[2023-08-24T09:29:27.561+0000] {logging_mixin.py:151} INFO - [2023-08-24T09:29:27.538+0000] {manager.py:501} INFO - Created Permission View: can read on DAG:example_branch_datetime_operator_3
[2023-08-24T09:29:27.640+0000] {logging_mixin.py:151} INFO - [2023-08-24T09:29:27.639+0000] {manager.py:501} INFO - Created Permission View: can edit on DAG:example_branch_datetime_operator_3
[2023-08-24T09:29:27.700+0000] {logging_mixin.py:151} INFO - [2023-08-24T09:29:27.700+0000] {manager.py:501} INFO - Created Permission View: can delete on DAG:example_branch_datetime_operator_3
[2023-08-24T09:29:27.906+0000] {logging_mixin.py:151} INFO - [2023-08-24T09:29:27.904+0000] {manager.py:501} INFO - Created Permission View: can read on DAG:example_branch_datetime_operator_2
[2023-08-24T09:29:27.957+0000] {logging_mixin.py:151} INFO - [2023-08-24T09:29:27.955+0000] {manager.py:501} INFO - Created Permission View: can edit on DAG:example_branch_datetime_operator_2
[2023-08-24T09:29:28.026+0000] {logging_mixin.py:151} INFO - [2023-08-24T09:29:28.025+0000] {manager.py:501} INFO - Created Permission View: can delete on DAG:example_branch_datetime_operator_2
[2023-08-24T09:29:28.166+0000] {logging_mixin.py:151} INFO - [2023-08-24T09:29:28.163+0000] {manager.py:501} INFO - Created Permission View: can read on DAG:example_branch_datetime_operator
[2023-08-24T09:29:28.228+0000] {logging_mixin.py:151} INFO - [2023-08-24T09:29:28.227+0000] {manager.py:501} INFO - Created Permission View: can edit on DAG:example_branch_datetime_operator
[2023-08-24T09:29:28.288+0000] {logging_mixin.py:151} INFO - [2023-08-24T09:29:28.287+0000] {manager.py:501} INFO - Created Permission View: can delete on DAG:example_branch_datetime_operator
[2023-08-24T09:29:28.362+0000] {logging_mixin.py:151} INFO - [2023-08-24T09:29:28.361+0000] {dag.py:2907} INFO - Sync 3 DAGs
[2023-08-24T09:29:28.535+0000] {logging_mixin.py:151} INFO - [2023-08-24T09:29:28.534+0000] {dag.py:2929} INFO - Creating ORM DAG for example_branch_datetime_operator
[2023-08-24T09:29:28.560+0000] {logging_mixin.py:151} INFO - [2023-08-24T09:29:28.556+0000] {dag.py:2929} INFO - Creating ORM DAG for example_branch_datetime_operator_3
[2023-08-24T09:29:28.573+0000] {logging_mixin.py:151} INFO - [2023-08-24T09:29:28.571+0000] {dag.py:2929} INFO - Creating ORM DAG for example_branch_datetime_operator_2
[2023-08-24T09:29:28.686+0000] {logging_mixin.py:151} INFO - [2023-08-24T09:29:28.685+0000] {dag.py:3677} INFO - Setting next_dagrun for example_branch_datetime_operator to 2023-08-23T00:00:00+00:00, run_after=2023-08-24T00:00:00+00:00
[2023-08-24T09:29:28.699+0000] {logging_mixin.py:151} INFO - [2023-08-24T09:29:28.699+0000] {dag.py:3677} INFO - Setting next_dagrun for example_branch_datetime_operator_2 to 2023-08-23T00:00:00+00:00, run_after=2023-08-24T00:00:00+00:00
[2023-08-24T09:29:28.720+0000] {logging_mixin.py:151} INFO - [2023-08-24T09:29:28.720+0000] {dag.py:3677} INFO - Setting next_dagrun for example_branch_datetime_operator_3 to 2023-08-23T00:00:00+00:00, run_after=2023-08-24T00:00:00+00:00
[2023-08-24T09:29:28.960+0000] {processor.py:179} INFO - Processing /home/airflow/.local/lib/python3.8/site-packages/airflow/example_dags/example_branch_datetime_operator.py took 3.026 seconds
[2023-08-24T09:31:05.502+0000] {processor.py:157} INFO - Started process (PID=148) to work on /home/airflow/.local/lib/python3.8/site-packages/airflow/example_dags/example_branch_datetime_operator.py
[2023-08-24T09:31:05.517+0000] {processor.py:829} INFO - Processing file /home/airflow/.local/lib/python3.8/site-packages/airflow/example_dags/example_branch_datetime_operator.py for tasks to queue
[2023-08-24T09:31:05.557+0000] {logging_mixin.py:151} INFO - [2023-08-24T09:31:05.550+0000] {dagbag.py:539} INFO - Filling up the DagBag from /home/airflow/.local/lib/python3.8/site-packages/airflow/example_dags/example_branch_datetime_operator.py
[2023-08-24T09:31:05.698+0000] {processor.py:839} INFO - DAG(s) dict_keys(['example_branch_datetime_operator_3', 'example_branch_datetime_operator_2', 'example_branch_datetime_operator']) retrieved from /home/airflow/.local/lib/python3.8/site-packages/airflow/example_dags/example_branch_datetime_operator.py
[2023-08-24T09:31:05.906+0000] {logging_mixin.py:151} INFO - [2023-08-24T09:31:05.906+0000] {dag.py:2907} INFO - Sync 3 DAGs
[2023-08-24T09:31:06.058+0000] {logging_mixin.py:151} INFO - [2023-08-24T09:31:06.058+0000] {dag.py:3677} INFO - Setting next_dagrun for example_branch_datetime_operator to 2023-08-23T00:00:00+00:00, run_after=2023-08-24T00:00:00+00:00
[2023-08-24T09:31:06.075+0000] {logging_mixin.py:151} INFO - [2023-08-24T09:31:06.075+0000] {dag.py:3677} INFO - Setting next_dagrun for example_branch_datetime_operator_2 to 2023-08-23T00:00:00+00:00, run_after=2023-08-24T00:00:00+00:00
[2023-08-24T09:31:06.098+0000] {logging_mixin.py:151} INFO - [2023-08-24T09:31:06.097+0000] {dag.py:3677} INFO - Setting next_dagrun for example_branch_datetime_operator_3 to 2023-08-23T00:00:00+00:00, run_after=2023-08-24T00:00:00+00:00
[2023-08-24T09:31:06.184+0000] {processor.py:179} INFO - Processing /home/airflow/.local/lib/python3.8/site-packages/airflow/example_dags/example_branch_datetime_operator.py took 0.749 seconds
[2023-08-24T09:31:42.180+0000] {processor.py:157} INFO - Started process (PID=204) to work on /home/airflow/.local/lib/python3.8/site-packages/airflow/example_dags/example_branch_datetime_operator.py
[2023-08-24T09:31:42.186+0000] {processor.py:829} INFO - Processing file /home/airflow/.local/lib/python3.8/site-packages/airflow/example_dags/example_branch_datetime_operator.py for tasks to queue
[2023-08-24T09:31:42.214+0000] {logging_mixin.py:151} INFO - [2023-08-24T09:31:42.212+0000] {dagbag.py:539} INFO - Filling up the DagBag from /home/airflow/.local/lib/python3.8/site-packages/airflow/example_dags/example_branch_datetime_operator.py
[2023-08-24T09:31:42.306+0000] {processor.py:839} INFO - DAG(s) dict_keys(['example_branch_datetime_operator_2', 'example_branch_datetime_operator_3', 'example_branch_datetime_operator']) retrieved from /home/airflow/.local/lib/python3.8/site-packages/airflow/example_dags/example_branch_datetime_operator.py
[2023-08-24T09:31:42.485+0000] {logging_mixin.py:151} INFO - [2023-08-24T09:31:42.485+0000] {dag.py:2907} INFO - Sync 3 DAGs
[2023-08-24T09:31:42.623+0000] {logging_mixin.py:151} INFO - [2023-08-24T09:31:42.622+0000] {dag.py:3677} INFO - Setting next_dagrun for example_branch_datetime_operator to 2023-08-23T00:00:00+00:00, run_after=2023-08-24T00:00:00+00:00
[2023-08-24T09:31:42.644+0000] {logging_mixin.py:151} INFO - [2023-08-24T09:31:42.643+0000] {dag.py:3677} INFO - Setting next_dagrun for example_branch_datetime_operator_2 to 2023-08-23T00:00:00+00:00, run_after=2023-08-24T00:00:00+00:00
[2023-08-24T09:31:42.666+0000] {logging_mixin.py:151} INFO - [2023-08-24T09:31:42.666+0000] {dag.py:3677} INFO - Setting next_dagrun for example_branch_datetime_operator_3 to 2023-08-23T00:00:00+00:00, run_after=2023-08-24T00:00:00+00:00
[2023-08-24T09:31:42.818+0000] {processor.py:179} INFO - Processing /home/airflow/.local/lib/python3.8/site-packages/airflow/example_dags/example_branch_datetime_operator.py took 0.647 seconds
[2023-08-24T09:33:04.592+0000] {processor.py:157} INFO - Started process (PID=277) to work on /home/airflow/.local/lib/python3.8/site-packages/airflow/example_dags/example_branch_datetime_operator.py
[2023-08-24T09:33:04.604+0000] {processor.py:829} INFO - Processing file /home/airflow/.local/lib/python3.8/site-packages/airflow/example_dags/example_branch_datetime_operator.py for tasks to queue
[2023-08-24T09:33:04.620+0000] {logging_mixin.py:151} INFO - [2023-08-24T09:33:04.619+0000] {dagbag.py:539} INFO - Filling up the DagBag from /home/airflow/.local/lib/python3.8/site-packages/airflow/example_dags/example_branch_datetime_operator.py
[2023-08-24T09:33:04.732+0000] {processor.py:839} INFO - DAG(s) dict_keys(['example_branch_datetime_operator_2', 'example_branch_datetime_operator', 'example_branch_datetime_operator_3']) retrieved from /home/airflow/.local/lib/python3.8/site-packages/airflow/example_dags/example_branch_datetime_operator.py
[2023-08-24T09:33:05.103+0000] {logging_mixin.py:151} INFO - [2023-08-24T09:33:05.096+0000] {dag.py:2907} INFO - Sync 3 DAGs
[2023-08-24T09:33:05.252+0000] {logging_mixin.py:151} INFO - [2023-08-24T09:33:05.251+0000] {dag.py:3677} INFO - Setting next_dagrun for example_branch_datetime_operator to 2023-08-23T00:00:00+00:00, run_after=2023-08-24T00:00:00+00:00
[2023-08-24T09:33:05.275+0000] {logging_mixin.py:151} INFO - [2023-08-24T09:33:05.274+0000] {dag.py:3677} INFO - Setting next_dagrun for example_branch_datetime_operator_2 to 2023-08-23T00:00:00+00:00, run_after=2023-08-24T00:00:00+00:00
[2023-08-24T09:33:05.295+0000] {logging_mixin.py:151} INFO - [2023-08-24T09:33:05.295+0000] {dag.py:3677} INFO - Setting next_dagrun for example_branch_datetime_operator_3 to 2023-08-23T00:00:00+00:00, run_after=2023-08-24T00:00:00+00:00
[2023-08-24T09:33:05.394+0000] {processor.py:179} INFO - Processing /home/airflow/.local/lib/python3.8/site-packages/airflow/example_dags/example_branch_datetime_operator.py took 0.818 seconds
[2023-08-24T09:33:53.325+0000] {processor.py:157} INFO - Started process (PID=335) to work on /home/airflow/.local/lib/python3.8/site-packages/airflow/example_dags/example_branch_datetime_operator.py
[2023-08-24T09:33:53.338+0000] {processor.py:829} INFO - Processing file /home/airflow/.local/lib/python3.8/site-packages/airflow/example_dags/example_branch_datetime_operator.py for tasks to queue
[2023-08-24T09:33:53.346+0000] {logging_mixin.py:151} INFO - [2023-08-24T09:33:53.345+0000] {dagbag.py:539} INFO - Filling up the DagBag from /home/airflow/.local/lib/python3.8/site-packages/airflow/example_dags/example_branch_datetime_operator.py
[2023-08-24T09:33:53.388+0000] {processor.py:839} INFO - DAG(s) dict_keys(['example_branch_datetime_operator', 'example_branch_datetime_operator_2', 'example_branch_datetime_operator_3']) retrieved from /home/airflow/.local/lib/python3.8/site-packages/airflow/example_dags/example_branch_datetime_operator.py
[2023-08-24T09:33:53.460+0000] {logging_mixin.py:151} INFO - [2023-08-24T09:33:53.459+0000] {dag.py:2907} INFO - Sync 3 DAGs
[2023-08-24T09:33:53.558+0000] {logging_mixin.py:151} INFO - [2023-08-24T09:33:53.558+0000] {dag.py:3677} INFO - Setting next_dagrun for example_branch_datetime_operator to 2023-08-23T00:00:00+00:00, run_after=2023-08-24T00:00:00+00:00
[2023-08-24T09:33:53.572+0000] {logging_mixin.py:151} INFO - [2023-08-24T09:33:53.572+0000] {dag.py:3677} INFO - Setting next_dagrun for example_branch_datetime_operator_2 to 2023-08-23T00:00:00+00:00, run_after=2023-08-24T00:00:00+00:00
[2023-08-24T09:33:53.581+0000] {logging_mixin.py:151} INFO - [2023-08-24T09:33:53.580+0000] {dag.py:3677} INFO - Setting next_dagrun for example_branch_datetime_operator_3 to 2023-08-23T00:00:00+00:00, run_after=2023-08-24T00:00:00+00:00
[2023-08-24T09:33:53.656+0000] {processor.py:179} INFO - Processing /home/airflow/.local/lib/python3.8/site-packages/airflow/example_dags/example_branch_datetime_operator.py took 0.337 seconds
[2023-08-24T09:34:23.908+0000] {processor.py:157} INFO - Started process (PID=391) to work on /home/airflow/.local/lib/python3.8/site-packages/airflow/example_dags/example_branch_datetime_operator.py
[2023-08-24T09:34:23.912+0000] {processor.py:829} INFO - Processing file /home/airflow/.local/lib/python3.8/site-packages/airflow/example_dags/example_branch_datetime_operator.py for tasks to queue
[2023-08-24T09:34:23.916+0000] {logging_mixin.py:151} INFO - [2023-08-24T09:34:23.916+0000] {dagbag.py:539} INFO - Filling up the DagBag from /home/airflow/.local/lib/python3.8/site-packages/airflow/example_dags/example_branch_datetime_operator.py
[2023-08-24T09:34:23.930+0000] {processor.py:839} INFO - DAG(s) dict_keys(['example_branch_datetime_operator_3', 'example_branch_datetime_operator', 'example_branch_datetime_operator_2']) retrieved from /home/airflow/.local/lib/python3.8/site-packages/airflow/example_dags/example_branch_datetime_operator.py
[2023-08-24T09:34:23.964+0000] {logging_mixin.py:151} INFO - [2023-08-24T09:34:23.964+0000] {dag.py:2907} INFO - Sync 3 DAGs
[2023-08-24T09:34:23.987+0000] {logging_mixin.py:151} INFO - [2023-08-24T09:34:23.987+0000] {dag.py:3677} INFO - Setting next_dagrun for example_branch_datetime_operator to 2023-08-23T00:00:00+00:00, run_after=2023-08-24T00:00:00+00:00
[2023-08-24T09:34:23.992+0000] {logging_mixin.py:151} INFO - [2023-08-24T09:34:23.992+0000] {dag.py:3677} INFO - Setting next_dagrun for example_branch_datetime_operator_2 to 2023-08-23T00:00:00+00:00, run_after=2023-08-24T00:00:00+00:00
[2023-08-24T09:34:23.996+0000] {logging_mixin.py:151} INFO - [2023-08-24T09:34:23.996+0000] {dag.py:3677} INFO - Setting next_dagrun for example_branch_datetime_operator_3 to 2023-08-23T00:00:00+00:00, run_after=2023-08-24T00:00:00+00:00
[2023-08-24T09:34:24.012+0000] {processor.py:179} INFO - Processing /home/airflow/.local/lib/python3.8/site-packages/airflow/example_dags/example_branch_datetime_operator.py took 0.108 seconds
[2023-08-24T09:34:54.156+0000] {processor.py:157} INFO - Started process (PID=446) to work on /home/airflow/.local/lib/python3.8/site-packages/airflow/example_dags/example_branch_datetime_operator.py
[2023-08-24T09:34:54.158+0000] {processor.py:829} INFO - Processing file /home/airflow/.local/lib/python3.8/site-packages/airflow/example_dags/example_branch_datetime_operator.py for tasks to queue
[2023-08-24T09:34:54.162+0000] {logging_mixin.py:151} INFO - [2023-08-24T09:34:54.161+0000] {dagbag.py:539} INFO - Filling up the DagBag from /home/airflow/.local/lib/python3.8/site-packages/airflow/example_dags/example_branch_datetime_operator.py
[2023-08-24T09:34:54.174+0000] {processor.py:839} INFO - DAG(s) dict_keys(['example_branch_datetime_operator_3', 'example_branch_datetime_operator', 'example_branch_datetime_operator_2']) retrieved from /home/airflow/.local/lib/python3.8/site-packages/airflow/example_dags/example_branch_datetime_operator.py
[2023-08-24T09:34:54.207+0000] {logging_mixin.py:151} INFO - [2023-08-24T09:34:54.207+0000] {dag.py:2907} INFO - Sync 3 DAGs
[2023-08-24T09:34:54.234+0000] {logging_mixin.py:151} INFO - [2023-08-24T09:34:54.234+0000] {dag.py:3677} INFO - Setting next_dagrun for example_branch_datetime_operator to 2023-08-23T00:00:00+00:00, run_after=2023-08-24T00:00:00+00:00
[2023-08-24T09:34:54.240+0000] {logging_mixin.py:151} INFO - [2023-08-24T09:34:54.240+0000] {dag.py:3677} INFO - Setting next_dagrun for example_branch_datetime_operator_2 to 2023-08-23T00:00:00+00:00, run_after=2023-08-24T00:00:00+00:00
[2023-08-24T09:34:54.245+0000] {logging_mixin.py:151} INFO - [2023-08-24T09:34:54.244+0000] {dag.py:3677} INFO - Setting next_dagrun for example_branch_datetime_operator_3 to 2023-08-23T00:00:00+00:00, run_after=2023-08-24T00:00:00+00:00
[2023-08-24T09:34:54.264+0000] {processor.py:179} INFO - Processing /home/airflow/.local/lib/python3.8/site-packages/airflow/example_dags/example_branch_datetime_operator.py took 0.113 seconds
[2023-08-24T09:35:24.321+0000] {processor.py:157} INFO - Started process (PID=502) to work on /home/airflow/.local/lib/python3.8/site-packages/airflow/example_dags/example_branch_datetime_operator.py
[2023-08-24T09:35:24.324+0000] {processor.py:829} INFO - Processing file /home/airflow/.local/lib/python3.8/site-packages/airflow/example_dags/example_branch_datetime_operator.py for tasks to queue
[2023-08-24T09:35:24.328+0000] {logging_mixin.py:151} INFO - [2023-08-24T09:35:24.328+0000] {dagbag.py:539} INFO - Filling up the DagBag from /home/airflow/.local/lib/python3.8/site-packages/airflow/example_dags/example_branch_datetime_operator.py
[2023-08-24T09:35:24.340+0000] {processor.py:839} INFO - DAG(s) dict_keys(['example_branch_datetime_operator', 'example_branch_datetime_operator_3', 'example_branch_datetime_operator_2']) retrieved from /home/airflow/.local/lib/python3.8/site-packages/airflow/example_dags/example_branch_datetime_operator.py
[2023-08-24T09:35:24.374+0000] {logging_mixin.py:151} INFO - [2023-08-24T09:35:24.373+0000] {dag.py:2907} INFO - Sync 3 DAGs
[2023-08-24T09:35:24.397+0000] {logging_mixin.py:151} INFO - [2023-08-24T09:35:24.397+0000] {dag.py:3677} INFO - Setting next_dagrun for example_branch_datetime_operator to 2023-08-23T00:00:00+00:00, run_after=2023-08-24T00:00:00+00:00
[2023-08-24T09:35:24.403+0000] {logging_mixin.py:151} INFO - [2023-08-24T09:35:24.403+0000] {dag.py:3677} INFO - Setting next_dagrun for example_branch_datetime_operator_2 to 2023-08-23T00:00:00+00:00, run_after=2023-08-24T00:00:00+00:00
[2023-08-24T09:35:24.408+0000] {logging_mixin.py:151} INFO - [2023-08-24T09:35:24.408+0000] {dag.py:3677} INFO - Setting next_dagrun for example_branch_datetime_operator_3 to 2023-08-23T00:00:00+00:00, run_after=2023-08-24T00:00:00+00:00
[2023-08-24T09:35:24.425+0000] {processor.py:179} INFO - Processing /home/airflow/.local/lib/python3.8/site-packages/airflow/example_dags/example_branch_datetime_operator.py took 0.108 seconds
[2023-08-24T09:35:55.139+0000] {processor.py:157} INFO - Started process (PID=558) to work on /home/airflow/.local/lib/python3.8/site-packages/airflow/example_dags/example_branch_datetime_operator.py
[2023-08-24T09:35:55.142+0000] {processor.py:829} INFO - Processing file /home/airflow/.local/lib/python3.8/site-packages/airflow/example_dags/example_branch_datetime_operator.py for tasks to queue
[2023-08-24T09:35:55.148+0000] {logging_mixin.py:151} INFO - [2023-08-24T09:35:55.147+0000] {dagbag.py:539} INFO - Filling up the DagBag from /home/airflow/.local/lib/python3.8/site-packages/airflow/example_dags/example_branch_datetime_operator.py
[2023-08-24T09:35:55.165+0000] {processor.py:839} INFO - DAG(s) dict_keys(['example_branch_datetime_operator_3', 'example_branch_datetime_operator', 'example_branch_datetime_operator_2']) retrieved from /home/airflow/.local/lib/python3.8/site-packages/airflow/example_dags/example_branch_datetime_operator.py
[2023-08-24T09:35:55.202+0000] {logging_mixin.py:151} INFO - [2023-08-24T09:35:55.202+0000] {dag.py:2907} INFO - Sync 3 DAGs
[2023-08-24T09:35:55.231+0000] {logging_mixin.py:151} INFO - [2023-08-24T09:35:55.231+0000] {dag.py:3677} INFO - Setting next_dagrun for example_branch_datetime_operator to 2023-08-23T00:00:00+00:00, run_after=2023-08-24T00:00:00+00:00
[2023-08-24T09:35:55.237+0000] {logging_mixin.py:151} INFO - [2023-08-24T09:35:55.237+0000] {dag.py:3677} INFO - Setting next_dagrun for example_branch_datetime_operator_2 to 2023-08-23T00:00:00+00:00, run_after=2023-08-24T00:00:00+00:00
[2023-08-24T09:35:55.241+0000] {logging_mixin.py:151} INFO - [2023-08-24T09:35:55.241+0000] {dag.py:3677} INFO - Setting next_dagrun for example_branch_datetime_operator_3 to 2023-08-23T00:00:00+00:00, run_after=2023-08-24T00:00:00+00:00
[2023-08-24T09:35:55.260+0000] {processor.py:179} INFO - Processing /home/airflow/.local/lib/python3.8/site-packages/airflow/example_dags/example_branch_datetime_operator.py took 0.127 seconds
[2023-08-24T09:36:25.588+0000] {processor.py:157} INFO - Started process (PID=614) to work on /home/airflow/.local/lib/python3.8/site-packages/airflow/example_dags/example_branch_datetime_operator.py
[2023-08-24T09:36:25.591+0000] {processor.py:829} INFO - Processing file /home/airflow/.local/lib/python3.8/site-packages/airflow/example_dags/example_branch_datetime_operator.py for tasks to queue
[2023-08-24T09:36:25.597+0000] {logging_mixin.py:151} INFO - [2023-08-24T09:36:25.597+0000] {dagbag.py:539} INFO - Filling up the DagBag from /home/airflow/.local/lib/python3.8/site-packages/airflow/example_dags/example_branch_datetime_operator.py
[2023-08-24T09:36:25.611+0000] {processor.py:839} INFO - DAG(s) dict_keys(['example_branch_datetime_operator_2', 'example_branch_datetime_operator', 'example_branch_datetime_operator_3']) retrieved from /home/airflow/.local/lib/python3.8/site-packages/airflow/example_dags/example_branch_datetime_operator.py
[2023-08-24T09:36:25.650+0000] {logging_mixin.py:151} INFO - [2023-08-24T09:36:25.650+0000] {dag.py:2907} INFO - Sync 3 DAGs
[2023-08-24T09:36:25.676+0000] {logging_mixin.py:151} INFO - [2023-08-24T09:36:25.676+0000] {dag.py:3677} INFO - Setting next_dagrun for example_branch_datetime_operator to 2023-08-23T00:00:00+00:00, run_after=2023-08-24T00:00:00+00:00
[2023-08-24T09:36:25.682+0000] {logging_mixin.py:151} INFO - [2023-08-24T09:36:25.682+0000] {dag.py:3677} INFO - Setting next_dagrun for example_branch_datetime_operator_2 to 2023-08-23T00:00:00+00:00, run_after=2023-08-24T00:00:00+00:00
[2023-08-24T09:36:25.686+0000] {logging_mixin.py:151} INFO - [2023-08-24T09:36:25.686+0000] {dag.py:3677} INFO - Setting next_dagrun for example_branch_datetime_operator_3 to 2023-08-23T00:00:00+00:00, run_after=2023-08-24T00:00:00+00:00
[2023-08-24T09:36:25.703+0000] {processor.py:179} INFO - Processing /home/airflow/.local/lib/python3.8/site-packages/airflow/example_dags/example_branch_datetime_operator.py took 0.120 seconds
[2023-08-24T09:36:56.097+0000] {processor.py:157} INFO - Started process (PID=670) to work on /home/airflow/.local/lib/python3.8/site-packages/airflow/example_dags/example_branch_datetime_operator.py
[2023-08-24T09:36:56.100+0000] {processor.py:829} INFO - Processing file /home/airflow/.local/lib/python3.8/site-packages/airflow/example_dags/example_branch_datetime_operator.py for tasks to queue
[2023-08-24T09:36:56.104+0000] {logging_mixin.py:151} INFO - [2023-08-24T09:36:56.103+0000] {dagbag.py:539} INFO - Filling up the DagBag from /home/airflow/.local/lib/python3.8/site-packages/airflow/example_dags/example_branch_datetime_operator.py
[2023-08-24T09:36:56.120+0000] {processor.py:839} INFO - DAG(s) dict_keys(['example_branch_datetime_operator', 'example_branch_datetime_operator_2', 'example_branch_datetime_operator_3']) retrieved from /home/airflow/.local/lib/python3.8/site-packages/airflow/example_dags/example_branch_datetime_operator.py
[2023-08-24T09:36:56.160+0000] {logging_mixin.py:151} INFO - [2023-08-24T09:36:56.160+0000] {dag.py:2907} INFO - Sync 3 DAGs
[2023-08-24T09:36:56.184+0000] {logging_mixin.py:151} INFO - [2023-08-24T09:36:56.184+0000] {dag.py:3677} INFO - Setting next_dagrun for example_branch_datetime_operator to 2023-08-23T00:00:00+00:00, run_after=2023-08-24T00:00:00+00:00
[2023-08-24T09:36:56.190+0000] {logging_mixin.py:151} INFO - [2023-08-24T09:36:56.190+0000] {dag.py:3677} INFO - Setting next_dagrun for example_branch_datetime_operator_2 to 2023-08-23T00:00:00+00:00, run_after=2023-08-24T00:00:00+00:00
[2023-08-24T09:36:56.195+0000] {logging_mixin.py:151} INFO - [2023-08-24T09:36:56.195+0000] {dag.py:3677} INFO - Setting next_dagrun for example_branch_datetime_operator_3 to 2023-08-23T00:00:00+00:00, run_after=2023-08-24T00:00:00+00:00
[2023-08-24T09:36:56.227+0000] {processor.py:179} INFO - Processing /home/airflow/.local/lib/python3.8/site-packages/airflow/example_dags/example_branch_datetime_operator.py took 0.134 seconds
