[2023-08-24T09:29:18.110+0000] {processor.py:157} INFO - Started process (PID=67) to work on /home/airflow/.local/lib/python3.8/site-packages/airflow/example_dags/example_setup_teardown.py
[2023-08-24T09:29:18.120+0000] {processor.py:829} INFO - Processing file /home/airflow/.local/lib/python3.8/site-packages/airflow/example_dags/example_setup_teardown.py for tasks to queue
[2023-08-24T09:29:18.167+0000] {logging_mixin.py:151} INFO - [2023-08-24T09:29:18.165+0000] {dagbag.py:539} INFO - Filling up the DagBag from /home/airflow/.local/lib/python3.8/site-packages/airflow/example_dags/example_setup_teardown.py
[2023-08-24T09:29:18.340+0000] {processor.py:839} INFO - DAG(s) dict_keys(['example_setup_teardown']) retrieved from /home/airflow/.local/lib/python3.8/site-packages/airflow/example_dags/example_setup_teardown.py
[2023-08-24T09:29:19.428+0000] {logging_mixin.py:151} INFO - [2023-08-24T09:29:19.413+0000] {manager.py:501} INFO - Created Permission View: can read on DAG:example_setup_teardown
[2023-08-24T09:29:19.524+0000] {logging_mixin.py:151} INFO - [2023-08-24T09:29:19.523+0000] {manager.py:501} INFO - Created Permission View: can edit on DAG:example_setup_teardown
[2023-08-24T09:29:19.593+0000] {logging_mixin.py:151} INFO - [2023-08-24T09:29:19.592+0000] {manager.py:501} INFO - Created Permission View: can delete on DAG:example_setup_teardown
[2023-08-24T09:29:19.706+0000] {logging_mixin.py:151} INFO - [2023-08-24T09:29:19.706+0000] {dag.py:2907} INFO - Sync 1 DAGs
[2023-08-24T09:29:19.777+0000] {logging_mixin.py:151} INFO - [2023-08-24T09:29:19.777+0000] {dag.py:2929} INFO - Creating ORM DAG for example_setup_teardown
[2023-08-24T09:29:19.918+0000] {logging_mixin.py:151} INFO - [2023-08-24T09:29:19.918+0000] {dag.py:3677} INFO - Setting next_dagrun for example_setup_teardown to 2023-08-23T09:29:19.916796+00:00, run_after=2023-08-24T09:29:19.916796+00:00
[2023-08-24T09:29:20.026+0000] {processor.py:179} INFO - Processing /home/airflow/.local/lib/python3.8/site-packages/airflow/example_dags/example_setup_teardown.py took 1.933 seconds
[2023-08-24T09:31:01.792+0000] {processor.py:157} INFO - Started process (PID=143) to work on /home/airflow/.local/lib/python3.8/site-packages/airflow/example_dags/example_setup_teardown.py
[2023-08-24T09:31:01.890+0000] {processor.py:829} INFO - Processing file /home/airflow/.local/lib/python3.8/site-packages/airflow/example_dags/example_setup_teardown.py for tasks to queue
[2023-08-24T09:31:02.122+0000] {logging_mixin.py:151} INFO - [2023-08-24T09:31:02.107+0000] {dagbag.py:539} INFO - Filling up the DagBag from /home/airflow/.local/lib/python3.8/site-packages/airflow/example_dags/example_setup_teardown.py
[2023-08-24T09:31:02.613+0000] {processor.py:839} INFO - DAG(s) dict_keys(['example_setup_teardown']) retrieved from /home/airflow/.local/lib/python3.8/site-packages/airflow/example_dags/example_setup_teardown.py
[2023-08-24T09:31:03.056+0000] {logging_mixin.py:151} INFO - [2023-08-24T09:31:03.055+0000] {dag.py:2907} INFO - Sync 1 DAGs
[2023-08-24T09:31:03.188+0000] {logging_mixin.py:151} INFO - [2023-08-24T09:31:03.187+0000] {dag.py:3677} INFO - Setting next_dagrun for example_setup_teardown to 2023-08-23T09:31:03.184491+00:00, run_after=2023-08-24T09:31:03.184491+00:00
[2023-08-24T09:31:03.352+0000] {processor.py:179} INFO - Processing /home/airflow/.local/lib/python3.8/site-packages/airflow/example_dags/example_setup_teardown.py took 1.647 seconds
[2023-08-24T09:31:35.788+0000] {processor.py:157} INFO - Started process (PID=199) to work on /home/airflow/.local/lib/python3.8/site-packages/airflow/example_dags/example_setup_teardown.py
[2023-08-24T09:31:35.821+0000] {processor.py:829} INFO - Processing file /home/airflow/.local/lib/python3.8/site-packages/airflow/example_dags/example_setup_teardown.py for tasks to queue
[2023-08-24T09:31:35.895+0000] {logging_mixin.py:151} INFO - [2023-08-24T09:31:35.891+0000] {dagbag.py:539} INFO - Filling up the DagBag from /home/airflow/.local/lib/python3.8/site-packages/airflow/example_dags/example_setup_teardown.py
[2023-08-24T09:31:36.011+0000] {processor.py:839} INFO - DAG(s) dict_keys(['example_setup_teardown']) retrieved from /home/airflow/.local/lib/python3.8/site-packages/airflow/example_dags/example_setup_teardown.py
[2023-08-24T09:31:36.498+0000] {logging_mixin.py:151} INFO - [2023-08-24T09:31:36.494+0000] {dag.py:2907} INFO - Sync 1 DAGs
[2023-08-24T09:31:38.755+0000] {logging_mixin.py:151} INFO - [2023-08-24T09:31:38.752+0000] {dag.py:3677} INFO - Setting next_dagrun for example_setup_teardown to 2023-08-23T09:31:38.748385+00:00, run_after=2023-08-24T09:31:38.748385+00:00
[2023-08-24T09:31:39.042+0000] {processor.py:179} INFO - Processing /home/airflow/.local/lib/python3.8/site-packages/airflow/example_dags/example_setup_teardown.py took 3.756 seconds
[2023-08-24T09:32:27.945+0000] {processor.py:157} INFO - Started process (PID=241) to work on /home/airflow/.local/lib/python3.8/site-packages/airflow/example_dags/example_setup_teardown.py
[2023-08-24T09:32:27.958+0000] {processor.py:829} INFO - Processing file /home/airflow/.local/lib/python3.8/site-packages/airflow/example_dags/example_setup_teardown.py for tasks to queue
[2023-08-24T09:32:27.993+0000] {logging_mixin.py:151} INFO - [2023-08-24T09:32:27.989+0000] {dagbag.py:539} INFO - Filling up the DagBag from /home/airflow/.local/lib/python3.8/site-packages/airflow/example_dags/example_setup_teardown.py
[2023-08-24T09:32:28.029+0000] {processor.py:839} INFO - DAG(s) dict_keys(['example_setup_teardown']) retrieved from /home/airflow/.local/lib/python3.8/site-packages/airflow/example_dags/example_setup_teardown.py
[2023-08-24T09:32:28.191+0000] {logging_mixin.py:151} INFO - [2023-08-24T09:32:28.190+0000] {dag.py:2907} INFO - Sync 1 DAGs
[2023-08-24T09:32:28.325+0000] {logging_mixin.py:151} INFO - [2023-08-24T09:32:28.320+0000] {dag.py:3677} INFO - Setting next_dagrun for example_setup_teardown to 2023-08-23T09:32:28.313343+00:00, run_after=2023-08-24T09:32:28.313343+00:00
[2023-08-24T09:32:28.503+0000] {processor.py:179} INFO - Processing /home/airflow/.local/lib/python3.8/site-packages/airflow/example_dags/example_setup_teardown.py took 0.602 seconds
[2023-08-24T09:33:40.262+0000] {processor.py:157} INFO - Started process (PID=311) to work on /home/airflow/.local/lib/python3.8/site-packages/airflow/example_dags/example_setup_teardown.py
[2023-08-24T09:33:40.287+0000] {processor.py:829} INFO - Processing file /home/airflow/.local/lib/python3.8/site-packages/airflow/example_dags/example_setup_teardown.py for tasks to queue
[2023-08-24T09:33:40.362+0000] {logging_mixin.py:151} INFO - [2023-08-24T09:33:40.359+0000] {dagbag.py:539} INFO - Filling up the DagBag from /home/airflow/.local/lib/python3.8/site-packages/airflow/example_dags/example_setup_teardown.py
[2023-08-24T09:33:40.449+0000] {processor.py:839} INFO - DAG(s) dict_keys(['example_setup_teardown']) retrieved from /home/airflow/.local/lib/python3.8/site-packages/airflow/example_dags/example_setup_teardown.py
[2023-08-24T09:33:40.710+0000] {logging_mixin.py:151} INFO - [2023-08-24T09:33:40.709+0000] {dag.py:2907} INFO - Sync 1 DAGs
[2023-08-24T09:33:41.525+0000] {logging_mixin.py:151} INFO - [2023-08-24T09:33:41.520+0000] {dag.py:3677} INFO - Setting next_dagrun for example_setup_teardown to 2023-08-23T09:33:41.475802+00:00, run_after=2023-08-24T09:33:41.475802+00:00
[2023-08-24T09:33:41.901+0000] {processor.py:179} INFO - Processing /home/airflow/.local/lib/python3.8/site-packages/airflow/example_dags/example_setup_teardown.py took 1.757 seconds
[2023-08-24T09:34:12.412+0000] {processor.py:157} INFO - Started process (PID=367) to work on /home/airflow/.local/lib/python3.8/site-packages/airflow/example_dags/example_setup_teardown.py
[2023-08-24T09:34:12.415+0000] {processor.py:829} INFO - Processing file /home/airflow/.local/lib/python3.8/site-packages/airflow/example_dags/example_setup_teardown.py for tasks to queue
[2023-08-24T09:34:12.419+0000] {logging_mixin.py:151} INFO - [2023-08-24T09:34:12.418+0000] {dagbag.py:539} INFO - Filling up the DagBag from /home/airflow/.local/lib/python3.8/site-packages/airflow/example_dags/example_setup_teardown.py
[2023-08-24T09:34:12.429+0000] {processor.py:839} INFO - DAG(s) dict_keys(['example_setup_teardown']) retrieved from /home/airflow/.local/lib/python3.8/site-packages/airflow/example_dags/example_setup_teardown.py
[2023-08-24T09:34:12.463+0000] {logging_mixin.py:151} INFO - [2023-08-24T09:34:12.463+0000] {dag.py:2907} INFO - Sync 1 DAGs
[2023-08-24T09:34:12.490+0000] {logging_mixin.py:151} INFO - [2023-08-24T09:34:12.490+0000] {dag.py:3677} INFO - Setting next_dagrun for example_setup_teardown to 2023-08-23T09:34:12.489691+00:00, run_after=2023-08-24T09:34:12.489691+00:00
[2023-08-24T09:34:12.509+0000] {processor.py:179} INFO - Processing /home/airflow/.local/lib/python3.8/site-packages/airflow/example_dags/example_setup_teardown.py took 0.101 seconds
[2023-08-24T09:34:42.886+0000] {processor.py:157} INFO - Started process (PID=422) to work on /home/airflow/.local/lib/python3.8/site-packages/airflow/example_dags/example_setup_teardown.py
[2023-08-24T09:34:42.889+0000] {processor.py:829} INFO - Processing file /home/airflow/.local/lib/python3.8/site-packages/airflow/example_dags/example_setup_teardown.py for tasks to queue
[2023-08-24T09:34:42.893+0000] {logging_mixin.py:151} INFO - [2023-08-24T09:34:42.893+0000] {dagbag.py:539} INFO - Filling up the DagBag from /home/airflow/.local/lib/python3.8/site-packages/airflow/example_dags/example_setup_teardown.py
[2023-08-24T09:34:42.903+0000] {processor.py:839} INFO - DAG(s) dict_keys(['example_setup_teardown']) retrieved from /home/airflow/.local/lib/python3.8/site-packages/airflow/example_dags/example_setup_teardown.py
[2023-08-24T09:34:42.932+0000] {logging_mixin.py:151} INFO - [2023-08-24T09:34:42.931+0000] {dag.py:2907} INFO - Sync 1 DAGs
[2023-08-24T09:34:42.952+0000] {logging_mixin.py:151} INFO - [2023-08-24T09:34:42.952+0000] {dag.py:3677} INFO - Setting next_dagrun for example_setup_teardown to 2023-08-23T09:34:42.952364+00:00, run_after=2023-08-24T09:34:42.952364+00:00
[2023-08-24T09:34:42.969+0000] {processor.py:179} INFO - Processing /home/airflow/.local/lib/python3.8/site-packages/airflow/example_dags/example_setup_teardown.py took 0.088 seconds
[2023-08-24T09:35:13.229+0000] {processor.py:157} INFO - Started process (PID=478) to work on /home/airflow/.local/lib/python3.8/site-packages/airflow/example_dags/example_setup_teardown.py
[2023-08-24T09:35:13.232+0000] {processor.py:829} INFO - Processing file /home/airflow/.local/lib/python3.8/site-packages/airflow/example_dags/example_setup_teardown.py for tasks to queue
[2023-08-24T09:35:13.236+0000] {logging_mixin.py:151} INFO - [2023-08-24T09:35:13.236+0000] {dagbag.py:539} INFO - Filling up the DagBag from /home/airflow/.local/lib/python3.8/site-packages/airflow/example_dags/example_setup_teardown.py
[2023-08-24T09:35:13.246+0000] {processor.py:839} INFO - DAG(s) dict_keys(['example_setup_teardown']) retrieved from /home/airflow/.local/lib/python3.8/site-packages/airflow/example_dags/example_setup_teardown.py
[2023-08-24T09:35:13.276+0000] {logging_mixin.py:151} INFO - [2023-08-24T09:35:13.275+0000] {dag.py:2907} INFO - Sync 1 DAGs
[2023-08-24T09:35:13.304+0000] {logging_mixin.py:151} INFO - [2023-08-24T09:35:13.303+0000] {dag.py:3677} INFO - Setting next_dagrun for example_setup_teardown to 2023-08-23T09:35:13.303333+00:00, run_after=2023-08-24T09:35:13.303333+00:00
[2023-08-24T09:35:13.321+0000] {processor.py:179} INFO - Processing /home/airflow/.local/lib/python3.8/site-packages/airflow/example_dags/example_setup_teardown.py took 0.096 seconds
[2023-08-24T09:35:43.957+0000] {processor.py:157} INFO - Started process (PID=534) to work on /home/airflow/.local/lib/python3.8/site-packages/airflow/example_dags/example_setup_teardown.py
[2023-08-24T09:35:43.960+0000] {processor.py:829} INFO - Processing file /home/airflow/.local/lib/python3.8/site-packages/airflow/example_dags/example_setup_teardown.py for tasks to queue
[2023-08-24T09:35:43.965+0000] {logging_mixin.py:151} INFO - [2023-08-24T09:35:43.964+0000] {dagbag.py:539} INFO - Filling up the DagBag from /home/airflow/.local/lib/python3.8/site-packages/airflow/example_dags/example_setup_teardown.py
[2023-08-24T09:35:43.979+0000] {processor.py:839} INFO - DAG(s) dict_keys(['example_setup_teardown']) retrieved from /home/airflow/.local/lib/python3.8/site-packages/airflow/example_dags/example_setup_teardown.py
[2023-08-24T09:35:44.016+0000] {logging_mixin.py:151} INFO - [2023-08-24T09:35:44.016+0000] {dag.py:2907} INFO - Sync 1 DAGs
[2023-08-24T09:35:44.042+0000] {logging_mixin.py:151} INFO - [2023-08-24T09:35:44.042+0000] {dag.py:3677} INFO - Setting next_dagrun for example_setup_teardown to 2023-08-23T09:35:44.042332+00:00, run_after=2023-08-24T09:35:44.042332+00:00
[2023-08-24T09:35:44.064+0000] {processor.py:179} INFO - Processing /home/airflow/.local/lib/python3.8/site-packages/airflow/example_dags/example_setup_teardown.py took 0.112 seconds
[2023-08-24T09:36:14.411+0000] {processor.py:157} INFO - Started process (PID=590) to work on /home/airflow/.local/lib/python3.8/site-packages/airflow/example_dags/example_setup_teardown.py
[2023-08-24T09:36:14.414+0000] {processor.py:829} INFO - Processing file /home/airflow/.local/lib/python3.8/site-packages/airflow/example_dags/example_setup_teardown.py for tasks to queue
[2023-08-24T09:36:14.418+0000] {logging_mixin.py:151} INFO - [2023-08-24T09:36:14.417+0000] {dagbag.py:539} INFO - Filling up the DagBag from /home/airflow/.local/lib/python3.8/site-packages/airflow/example_dags/example_setup_teardown.py
[2023-08-24T09:36:14.426+0000] {processor.py:839} INFO - DAG(s) dict_keys(['example_setup_teardown']) retrieved from /home/airflow/.local/lib/python3.8/site-packages/airflow/example_dags/example_setup_teardown.py
[2023-08-24T09:36:14.454+0000] {logging_mixin.py:151} INFO - [2023-08-24T09:36:14.453+0000] {dag.py:2907} INFO - Sync 1 DAGs
[2023-08-24T09:36:14.477+0000] {logging_mixin.py:151} INFO - [2023-08-24T09:36:14.476+0000] {dag.py:3677} INFO - Setting next_dagrun for example_setup_teardown to 2023-08-23T09:36:14.476556+00:00, run_after=2023-08-24T09:36:14.476556+00:00
[2023-08-24T09:36:14.494+0000] {processor.py:179} INFO - Processing /home/airflow/.local/lib/python3.8/site-packages/airflow/example_dags/example_setup_teardown.py took 0.088 seconds
[2023-08-24T09:36:44.675+0000] {processor.py:157} INFO - Started process (PID=646) to work on /home/airflow/.local/lib/python3.8/site-packages/airflow/example_dags/example_setup_teardown.py
[2023-08-24T09:36:44.678+0000] {processor.py:829} INFO - Processing file /home/airflow/.local/lib/python3.8/site-packages/airflow/example_dags/example_setup_teardown.py for tasks to queue
[2023-08-24T09:36:44.684+0000] {logging_mixin.py:151} INFO - [2023-08-24T09:36:44.683+0000] {dagbag.py:539} INFO - Filling up the DagBag from /home/airflow/.local/lib/python3.8/site-packages/airflow/example_dags/example_setup_teardown.py
[2023-08-24T09:36:44.694+0000] {processor.py:839} INFO - DAG(s) dict_keys(['example_setup_teardown']) retrieved from /home/airflow/.local/lib/python3.8/site-packages/airflow/example_dags/example_setup_teardown.py
[2023-08-24T09:36:44.729+0000] {logging_mixin.py:151} INFO - [2023-08-24T09:36:44.729+0000] {dag.py:2907} INFO - Sync 1 DAGs
[2023-08-24T09:36:44.754+0000] {logging_mixin.py:151} INFO - [2023-08-24T09:36:44.754+0000] {dag.py:3677} INFO - Setting next_dagrun for example_setup_teardown to 2023-08-23T09:36:44.753783+00:00, run_after=2023-08-24T09:36:44.753783+00:00
[2023-08-24T09:36:44.772+0000] {processor.py:179} INFO - Processing /home/airflow/.local/lib/python3.8/site-packages/airflow/example_dags/example_setup_teardown.py took 0.102 seconds
