[2023-08-24T09:28:20.384+0000] {processor.py:157} INFO - Started process (PID=39) to work on /home/airflow/.local/lib/python3.8/site-packages/airflow/example_dags/example_task_group.py
[2023-08-24T09:28:20.450+0000] {processor.py:829} INFO - Processing file /home/airflow/.local/lib/python3.8/site-packages/airflow/example_dags/example_task_group.py for tasks to queue
[2023-08-24T09:28:20.684+0000] {logging_mixin.py:151} INFO - [2023-08-24T09:28:20.681+0000] {dagbag.py:539} INFO - Filling up the DagBag from /home/airflow/.local/lib/python3.8/site-packages/airflow/example_dags/example_task_group.py
[2023-08-24T09:28:20.988+0000] {processor.py:839} INFO - DAG(s) dict_keys(['example_task_group']) retrieved from /home/airflow/.local/lib/python3.8/site-packages/airflow/example_dags/example_task_group.py
[2023-08-24T09:28:26.401+0000] {logging_mixin.py:151} INFO - [2023-08-24T09:28:26.396+0000] {manager.py:501} INFO - Created Permission View: can read on DAG:example_task_group
[2023-08-24T09:28:26.748+0000] {logging_mixin.py:151} INFO - [2023-08-24T09:28:26.737+0000] {manager.py:501} INFO - Created Permission View: can edit on DAG:example_task_group
[2023-08-24T09:28:26.865+0000] {logging_mixin.py:151} INFO - [2023-08-24T09:28:26.860+0000] {manager.py:501} INFO - Created Permission View: can delete on DAG:example_task_group
[2023-08-24T09:28:27.128+0000] {logging_mixin.py:151} INFO - [2023-08-24T09:28:27.127+0000] {dag.py:2907} INFO - Sync 1 DAGs
[2023-08-24T09:28:27.284+0000] {logging_mixin.py:151} INFO - [2023-08-24T09:28:27.283+0000] {dag.py:2929} INFO - Creating ORM DAG for example_task_group
[2023-08-24T09:28:27.478+0000] {logging_mixin.py:151} INFO - [2023-08-24T09:28:27.476+0000] {dag.py:3677} INFO - Setting next_dagrun for example_task_group to 2023-08-23T09:28:27.471109+00:00, run_after=2023-08-24T09:28:27.471109+00:00
[2023-08-24T09:28:27.627+0000] {processor.py:179} INFO - Processing /home/airflow/.local/lib/python3.8/site-packages/airflow/example_dags/example_task_group.py took 7.333 seconds
[2023-08-24T09:30:31.570+0000] {processor.py:157} INFO - Started process (PID=122) to work on /home/airflow/.local/lib/python3.8/site-packages/airflow/example_dags/example_task_group.py
[2023-08-24T09:30:31.600+0000] {processor.py:829} INFO - Processing file /home/airflow/.local/lib/python3.8/site-packages/airflow/example_dags/example_task_group.py for tasks to queue
[2023-08-24T09:30:31.650+0000] {logging_mixin.py:151} INFO - [2023-08-24T09:30:31.648+0000] {dagbag.py:539} INFO - Filling up the DagBag from /home/airflow/.local/lib/python3.8/site-packages/airflow/example_dags/example_task_group.py
[2023-08-24T09:30:32.181+0000] {processor.py:839} INFO - DAG(s) dict_keys(['example_task_group']) retrieved from /home/airflow/.local/lib/python3.8/site-packages/airflow/example_dags/example_task_group.py
[2023-08-24T09:30:32.977+0000] {logging_mixin.py:151} INFO - [2023-08-24T09:30:32.969+0000] {dag.py:2907} INFO - Sync 1 DAGs
[2023-08-24T09:30:33.627+0000] {logging_mixin.py:151} INFO - [2023-08-24T09:30:33.622+0000] {dag.py:3677} INFO - Setting next_dagrun for example_task_group to 2023-08-23T09:30:33.619684+00:00, run_after=2023-08-24T09:30:33.619684+00:00
[2023-08-24T09:30:33.748+0000] {processor.py:179} INFO - Processing /home/airflow/.local/lib/python3.8/site-packages/airflow/example_dags/example_task_group.py took 2.379 seconds
[2023-08-24T09:31:10.430+0000] {processor.py:157} INFO - Started process (PID=160) to work on /home/airflow/.local/lib/python3.8/site-packages/airflow/example_dags/example_task_group.py
[2023-08-24T09:31:10.445+0000] {processor.py:829} INFO - Processing file /home/airflow/.local/lib/python3.8/site-packages/airflow/example_dags/example_task_group.py for tasks to queue
[2023-08-24T09:31:10.493+0000] {logging_mixin.py:151} INFO - [2023-08-24T09:31:10.487+0000] {dagbag.py:539} INFO - Filling up the DagBag from /home/airflow/.local/lib/python3.8/site-packages/airflow/example_dags/example_task_group.py
[2023-08-24T09:31:10.564+0000] {processor.py:839} INFO - DAG(s) dict_keys(['example_task_group']) retrieved from /home/airflow/.local/lib/python3.8/site-packages/airflow/example_dags/example_task_group.py
[2023-08-24T09:31:10.757+0000] {logging_mixin.py:151} INFO - [2023-08-24T09:31:10.756+0000] {dag.py:2907} INFO - Sync 1 DAGs
[2023-08-24T09:31:10.879+0000] {logging_mixin.py:151} INFO - [2023-08-24T09:31:10.879+0000] {dag.py:3677} INFO - Setting next_dagrun for example_task_group to 2023-08-23T09:31:10.878227+00:00, run_after=2023-08-24T09:31:10.878227+00:00
[2023-08-24T09:31:11.130+0000] {processor.py:179} INFO - Processing /home/airflow/.local/lib/python3.8/site-packages/airflow/example_dags/example_task_group.py took 0.743 seconds
[2023-08-24T09:31:51.522+0000] {processor.py:157} INFO - Started process (PID=216) to work on /home/airflow/.local/lib/python3.8/site-packages/airflow/example_dags/example_task_group.py
[2023-08-24T09:31:51.539+0000] {processor.py:829} INFO - Processing file /home/airflow/.local/lib/python3.8/site-packages/airflow/example_dags/example_task_group.py for tasks to queue
[2023-08-24T09:31:51.593+0000] {logging_mixin.py:151} INFO - [2023-08-24T09:31:51.589+0000] {dagbag.py:539} INFO - Filling up the DagBag from /home/airflow/.local/lib/python3.8/site-packages/airflow/example_dags/example_task_group.py
[2023-08-24T09:31:51.779+0000] {processor.py:839} INFO - DAG(s) dict_keys(['example_task_group']) retrieved from /home/airflow/.local/lib/python3.8/site-packages/airflow/example_dags/example_task_group.py
[2023-08-24T09:31:52.305+0000] {logging_mixin.py:151} INFO - [2023-08-24T09:31:52.304+0000] {dag.py:2907} INFO - Sync 1 DAGs
[2023-08-24T09:31:53.290+0000] {logging_mixin.py:151} INFO - [2023-08-24T09:31:53.285+0000] {dag.py:3677} INFO - Setting next_dagrun for example_task_group to 2023-08-23T09:31:53.274163+00:00, run_after=2023-08-24T09:31:53.274163+00:00
[2023-08-24T09:31:53.570+0000] {processor.py:179} INFO - Processing /home/airflow/.local/lib/python3.8/site-packages/airflow/example_dags/example_task_group.py took 2.151 seconds
[2023-08-24T09:32:55.468+0000] {processor.py:157} INFO - Started process (PID=264) to work on /home/airflow/.local/lib/python3.8/site-packages/airflow/example_dags/example_task_group.py
[2023-08-24T09:32:55.477+0000] {processor.py:829} INFO - Processing file /home/airflow/.local/lib/python3.8/site-packages/airflow/example_dags/example_task_group.py for tasks to queue
[2023-08-24T09:32:55.496+0000] {logging_mixin.py:151} INFO - [2023-08-24T09:32:55.492+0000] {dagbag.py:539} INFO - Filling up the DagBag from /home/airflow/.local/lib/python3.8/site-packages/airflow/example_dags/example_task_group.py
[2023-08-24T09:32:55.566+0000] {processor.py:839} INFO - DAG(s) dict_keys(['example_task_group']) retrieved from /home/airflow/.local/lib/python3.8/site-packages/airflow/example_dags/example_task_group.py
[2023-08-24T09:32:55.741+0000] {logging_mixin.py:151} INFO - [2023-08-24T09:32:55.740+0000] {dag.py:2907} INFO - Sync 1 DAGs
[2023-08-24T09:32:55.872+0000] {logging_mixin.py:151} INFO - [2023-08-24T09:32:55.871+0000] {dag.py:3677} INFO - Setting next_dagrun for example_task_group to 2023-08-23T09:32:55.867307+00:00, run_after=2023-08-24T09:32:55.867307+00:00
[2023-08-24T09:32:55.981+0000] {processor.py:179} INFO - Processing /home/airflow/.local/lib/python3.8/site-packages/airflow/example_dags/example_task_group.py took 0.556 seconds
[2023-08-24T09:33:49.716+0000] {processor.py:157} INFO - Started process (PID=322) to work on /home/airflow/.local/lib/python3.8/site-packages/airflow/example_dags/example_task_group.py
[2023-08-24T09:33:49.725+0000] {processor.py:829} INFO - Processing file /home/airflow/.local/lib/python3.8/site-packages/airflow/example_dags/example_task_group.py for tasks to queue
[2023-08-24T09:33:49.745+0000] {logging_mixin.py:151} INFO - [2023-08-24T09:33:49.743+0000] {dagbag.py:539} INFO - Filling up the DagBag from /home/airflow/.local/lib/python3.8/site-packages/airflow/example_dags/example_task_group.py
[2023-08-24T09:33:49.840+0000] {processor.py:839} INFO - DAG(s) dict_keys(['example_task_group']) retrieved from /home/airflow/.local/lib/python3.8/site-packages/airflow/example_dags/example_task_group.py
[2023-08-24T09:33:49.941+0000] {logging_mixin.py:151} INFO - [2023-08-24T09:33:49.940+0000] {dag.py:2907} INFO - Sync 1 DAGs
[2023-08-24T09:33:50.027+0000] {logging_mixin.py:151} INFO - [2023-08-24T09:33:50.026+0000] {dag.py:3677} INFO - Setting next_dagrun for example_task_group to 2023-08-23T09:33:50.025572+00:00, run_after=2023-08-24T09:33:50.025572+00:00
[2023-08-24T09:33:50.145+0000] {processor.py:179} INFO - Processing /home/airflow/.local/lib/python3.8/site-packages/airflow/example_dags/example_task_group.py took 0.452 seconds
[2023-08-24T09:34:20.688+0000] {processor.py:157} INFO - Started process (PID=378) to work on /home/airflow/.local/lib/python3.8/site-packages/airflow/example_dags/example_task_group.py
[2023-08-24T09:34:20.691+0000] {processor.py:829} INFO - Processing file /home/airflow/.local/lib/python3.8/site-packages/airflow/example_dags/example_task_group.py for tasks to queue
[2023-08-24T09:34:20.696+0000] {logging_mixin.py:151} INFO - [2023-08-24T09:34:20.695+0000] {dagbag.py:539} INFO - Filling up the DagBag from /home/airflow/.local/lib/python3.8/site-packages/airflow/example_dags/example_task_group.py
[2023-08-24T09:34:20.706+0000] {processor.py:839} INFO - DAG(s) dict_keys(['example_task_group']) retrieved from /home/airflow/.local/lib/python3.8/site-packages/airflow/example_dags/example_task_group.py
[2023-08-24T09:34:20.742+0000] {logging_mixin.py:151} INFO - [2023-08-24T09:34:20.742+0000] {dag.py:2907} INFO - Sync 1 DAGs
[2023-08-24T09:34:20.770+0000] {logging_mixin.py:151} INFO - [2023-08-24T09:34:20.770+0000] {dag.py:3677} INFO - Setting next_dagrun for example_task_group to 2023-08-23T09:34:20.770057+00:00, run_after=2023-08-24T09:34:20.770057+00:00
[2023-08-24T09:34:20.790+0000] {processor.py:179} INFO - Processing /home/airflow/.local/lib/python3.8/site-packages/airflow/example_dags/example_task_group.py took 0.106 seconds
[2023-08-24T09:34:51.061+0000] {processor.py:157} INFO - Started process (PID=433) to work on /home/airflow/.local/lib/python3.8/site-packages/airflow/example_dags/example_task_group.py
[2023-08-24T09:34:51.064+0000] {processor.py:829} INFO - Processing file /home/airflow/.local/lib/python3.8/site-packages/airflow/example_dags/example_task_group.py for tasks to queue
[2023-08-24T09:34:51.071+0000] {logging_mixin.py:151} INFO - [2023-08-24T09:34:51.070+0000] {dagbag.py:539} INFO - Filling up the DagBag from /home/airflow/.local/lib/python3.8/site-packages/airflow/example_dags/example_task_group.py
[2023-08-24T09:34:51.083+0000] {processor.py:839} INFO - DAG(s) dict_keys(['example_task_group']) retrieved from /home/airflow/.local/lib/python3.8/site-packages/airflow/example_dags/example_task_group.py
[2023-08-24T09:34:51.119+0000] {logging_mixin.py:151} INFO - [2023-08-24T09:34:51.118+0000] {dag.py:2907} INFO - Sync 1 DAGs
[2023-08-24T09:34:51.144+0000] {logging_mixin.py:151} INFO - [2023-08-24T09:34:51.144+0000] {dag.py:3677} INFO - Setting next_dagrun for example_task_group to 2023-08-23T09:34:51.144083+00:00, run_after=2023-08-24T09:34:51.144083+00:00
[2023-08-24T09:34:51.162+0000] {processor.py:179} INFO - Processing /home/airflow/.local/lib/python3.8/site-packages/airflow/example_dags/example_task_group.py took 0.106 seconds
[2023-08-24T09:35:21.253+0000] {processor.py:157} INFO - Started process (PID=489) to work on /home/airflow/.local/lib/python3.8/site-packages/airflow/example_dags/example_task_group.py
[2023-08-24T09:35:21.255+0000] {processor.py:829} INFO - Processing file /home/airflow/.local/lib/python3.8/site-packages/airflow/example_dags/example_task_group.py for tasks to queue
[2023-08-24T09:35:21.259+0000] {logging_mixin.py:151} INFO - [2023-08-24T09:35:21.259+0000] {dagbag.py:539} INFO - Filling up the DagBag from /home/airflow/.local/lib/python3.8/site-packages/airflow/example_dags/example_task_group.py
[2023-08-24T09:35:21.268+0000] {processor.py:839} INFO - DAG(s) dict_keys(['example_task_group']) retrieved from /home/airflow/.local/lib/python3.8/site-packages/airflow/example_dags/example_task_group.py
[2023-08-24T09:35:21.296+0000] {logging_mixin.py:151} INFO - [2023-08-24T09:35:21.296+0000] {dag.py:2907} INFO - Sync 1 DAGs
[2023-08-24T09:35:21.320+0000] {logging_mixin.py:151} INFO - [2023-08-24T09:35:21.319+0000] {dag.py:3677} INFO - Setting next_dagrun for example_task_group to 2023-08-23T09:35:21.319533+00:00, run_after=2023-08-24T09:35:21.319533+00:00
[2023-08-24T09:35:21.337+0000] {processor.py:179} INFO - Processing /home/airflow/.local/lib/python3.8/site-packages/airflow/example_dags/example_task_group.py took 0.089 seconds
[2023-08-24T09:35:51.852+0000] {processor.py:157} INFO - Started process (PID=543) to work on /home/airflow/.local/lib/python3.8/site-packages/airflow/example_dags/example_task_group.py
[2023-08-24T09:35:51.855+0000] {processor.py:829} INFO - Processing file /home/airflow/.local/lib/python3.8/site-packages/airflow/example_dags/example_task_group.py for tasks to queue
[2023-08-24T09:35:51.859+0000] {logging_mixin.py:151} INFO - [2023-08-24T09:35:51.858+0000] {dagbag.py:539} INFO - Filling up the DagBag from /home/airflow/.local/lib/python3.8/site-packages/airflow/example_dags/example_task_group.py
[2023-08-24T09:35:51.869+0000] {processor.py:839} INFO - DAG(s) dict_keys(['example_task_group']) retrieved from /home/airflow/.local/lib/python3.8/site-packages/airflow/example_dags/example_task_group.py
[2023-08-24T09:35:51.900+0000] {logging_mixin.py:151} INFO - [2023-08-24T09:35:51.900+0000] {dag.py:2907} INFO - Sync 1 DAGs
[2023-08-24T09:35:51.923+0000] {logging_mixin.py:151} INFO - [2023-08-24T09:35:51.923+0000] {dag.py:3677} INFO - Setting next_dagrun for example_task_group to 2023-08-23T09:35:51.922962+00:00, run_after=2023-08-24T09:35:51.922962+00:00
[2023-08-24T09:35:51.943+0000] {processor.py:179} INFO - Processing /home/airflow/.local/lib/python3.8/site-packages/airflow/example_dags/example_task_group.py took 0.097 seconds
[2023-08-24T09:36:22.050+0000] {processor.py:157} INFO - Started process (PID=599) to work on /home/airflow/.local/lib/python3.8/site-packages/airflow/example_dags/example_task_group.py
[2023-08-24T09:36:22.054+0000] {processor.py:829} INFO - Processing file /home/airflow/.local/lib/python3.8/site-packages/airflow/example_dags/example_task_group.py for tasks to queue
[2023-08-24T09:36:22.058+0000] {logging_mixin.py:151} INFO - [2023-08-24T09:36:22.057+0000] {dagbag.py:539} INFO - Filling up the DagBag from /home/airflow/.local/lib/python3.8/site-packages/airflow/example_dags/example_task_group.py
[2023-08-24T09:36:22.066+0000] {processor.py:839} INFO - DAG(s) dict_keys(['example_task_group']) retrieved from /home/airflow/.local/lib/python3.8/site-packages/airflow/example_dags/example_task_group.py
[2023-08-24T09:36:22.098+0000] {logging_mixin.py:151} INFO - [2023-08-24T09:36:22.097+0000] {dag.py:2907} INFO - Sync 1 DAGs
[2023-08-24T09:36:22.123+0000] {logging_mixin.py:151} INFO - [2023-08-24T09:36:22.122+0000] {dag.py:3677} INFO - Setting next_dagrun for example_task_group to 2023-08-23T09:36:22.122541+00:00, run_after=2023-08-24T09:36:22.122541+00:00
[2023-08-24T09:36:22.141+0000] {processor.py:179} INFO - Processing /home/airflow/.local/lib/python3.8/site-packages/airflow/example_dags/example_task_group.py took 0.094 seconds
[2023-08-24T09:36:52.421+0000] {processor.py:157} INFO - Started process (PID=655) to work on /home/airflow/.local/lib/python3.8/site-packages/airflow/example_dags/example_task_group.py
[2023-08-24T09:36:52.424+0000] {processor.py:829} INFO - Processing file /home/airflow/.local/lib/python3.8/site-packages/airflow/example_dags/example_task_group.py for tasks to queue
[2023-08-24T09:36:52.428+0000] {logging_mixin.py:151} INFO - [2023-08-24T09:36:52.428+0000] {dagbag.py:539} INFO - Filling up the DagBag from /home/airflow/.local/lib/python3.8/site-packages/airflow/example_dags/example_task_group.py
[2023-08-24T09:36:52.438+0000] {processor.py:839} INFO - DAG(s) dict_keys(['example_task_group']) retrieved from /home/airflow/.local/lib/python3.8/site-packages/airflow/example_dags/example_task_group.py
[2023-08-24T09:36:52.474+0000] {logging_mixin.py:151} INFO - [2023-08-24T09:36:52.474+0000] {dag.py:2907} INFO - Sync 1 DAGs
[2023-08-24T09:36:52.513+0000] {logging_mixin.py:151} INFO - [2023-08-24T09:36:52.512+0000] {dag.py:3677} INFO - Setting next_dagrun for example_task_group to 2023-08-23T09:36:52.510467+00:00, run_after=2023-08-24T09:36:52.510467+00:00
[2023-08-24T09:36:52.535+0000] {processor.py:179} INFO - Processing /home/airflow/.local/lib/python3.8/site-packages/airflow/example_dags/example_task_group.py took 0.119 seconds
