[2023-08-24T09:30:02.908+0000] {processor.py:157} INFO - Started process (PID=101) to work on /home/airflow/.local/lib/python3.8/site-packages/airflow/example_dags/example_skip_dag.py
[2023-08-24T09:30:02.928+0000] {processor.py:829} INFO - Processing file /home/airflow/.local/lib/python3.8/site-packages/airflow/example_dags/example_skip_dag.py for tasks to queue
[2023-08-24T09:30:02.965+0000] {logging_mixin.py:151} INFO - [2023-08-24T09:30:02.961+0000] {dagbag.py:539} INFO - Filling up the DagBag from /home/airflow/.local/lib/python3.8/site-packages/airflow/example_dags/example_skip_dag.py
[2023-08-24T09:30:03.095+0000] {processor.py:839} INFO - DAG(s) dict_keys(['example_skip_dag']) retrieved from /home/airflow/.local/lib/python3.8/site-packages/airflow/example_dags/example_skip_dag.py
[2023-08-24T09:30:04.565+0000] {logging_mixin.py:151} INFO - [2023-08-24T09:30:04.548+0000] {manager.py:501} INFO - Created Permission View: can read on DAG:example_skip_dag
[2023-08-24T09:30:04.670+0000] {logging_mixin.py:151} INFO - [2023-08-24T09:30:04.669+0000] {manager.py:501} INFO - Created Permission View: can edit on DAG:example_skip_dag
[2023-08-24T09:30:04.726+0000] {logging_mixin.py:151} INFO - [2023-08-24T09:30:04.725+0000] {manager.py:501} INFO - Created Permission View: can delete on DAG:example_skip_dag
[2023-08-24T09:30:04.850+0000] {logging_mixin.py:151} INFO - [2023-08-24T09:30:04.849+0000] {dag.py:2907} INFO - Sync 1 DAGs
[2023-08-24T09:30:05.055+0000] {logging_mixin.py:151} INFO - [2023-08-24T09:30:05.054+0000] {dag.py:2929} INFO - Creating ORM DAG for example_skip_dag
[2023-08-24T09:30:05.169+0000] {logging_mixin.py:151} INFO - [2023-08-24T09:30:05.168+0000] {dag.py:3677} INFO - Setting next_dagrun for example_skip_dag to 2023-08-23T09:30:05.167482+00:00, run_after=2023-08-24T09:30:05.167482+00:00
[2023-08-24T09:30:05.316+0000] {processor.py:179} INFO - Processing /home/airflow/.local/lib/python3.8/site-packages/airflow/example_dags/example_skip_dag.py took 2.428 seconds
[2023-08-24T09:31:18.331+0000] {processor.py:157} INFO - Started process (PID=169) to work on /home/airflow/.local/lib/python3.8/site-packages/airflow/example_dags/example_skip_dag.py
[2023-08-24T09:31:18.435+0000] {processor.py:829} INFO - Processing file /home/airflow/.local/lib/python3.8/site-packages/airflow/example_dags/example_skip_dag.py for tasks to queue
[2023-08-24T09:31:18.525+0000] {logging_mixin.py:151} INFO - [2023-08-24T09:31:18.512+0000] {dagbag.py:539} INFO - Filling up the DagBag from /home/airflow/.local/lib/python3.8/site-packages/airflow/example_dags/example_skip_dag.py
[2023-08-24T09:31:18.780+0000] {processor.py:839} INFO - DAG(s) dict_keys(['example_skip_dag']) retrieved from /home/airflow/.local/lib/python3.8/site-packages/airflow/example_dags/example_skip_dag.py
[2023-08-24T09:31:19.099+0000] {logging_mixin.py:151} INFO - [2023-08-24T09:31:19.085+0000] {dag.py:2907} INFO - Sync 1 DAGs
[2023-08-24T09:31:19.448+0000] {logging_mixin.py:151} INFO - [2023-08-24T09:31:19.447+0000] {dag.py:3677} INFO - Setting next_dagrun for example_skip_dag to 2023-08-23T09:31:19.446418+00:00, run_after=2023-08-24T09:31:19.446418+00:00
[2023-08-24T09:31:19.626+0000] {processor.py:179} INFO - Processing /home/airflow/.local/lib/python3.8/site-packages/airflow/example_dags/example_skip_dag.py took 1.484 seconds
[2023-08-24T09:32:28.876+0000] {processor.py:157} INFO - Started process (PID=243) to work on /home/airflow/.local/lib/python3.8/site-packages/airflow/example_dags/example_skip_dag.py
[2023-08-24T09:32:28.949+0000] {processor.py:829} INFO - Processing file /home/airflow/.local/lib/python3.8/site-packages/airflow/example_dags/example_skip_dag.py for tasks to queue
[2023-08-24T09:32:28.970+0000] {logging_mixin.py:151} INFO - [2023-08-24T09:32:28.968+0000] {dagbag.py:539} INFO - Filling up the DagBag from /home/airflow/.local/lib/python3.8/site-packages/airflow/example_dags/example_skip_dag.py
[2023-08-24T09:32:29.036+0000] {processor.py:839} INFO - DAG(s) dict_keys(['example_skip_dag']) retrieved from /home/airflow/.local/lib/python3.8/site-packages/airflow/example_dags/example_skip_dag.py
[2023-08-24T09:32:29.949+0000] {logging_mixin.py:151} INFO - [2023-08-24T09:32:29.922+0000] {dag.py:2907} INFO - Sync 1 DAGs
[2023-08-24T09:32:30.231+0000] {logging_mixin.py:151} INFO - [2023-08-24T09:32:30.231+0000] {dag.py:3677} INFO - Setting next_dagrun for example_skip_dag to 2023-08-23T09:32:30.225661+00:00, run_after=2023-08-24T09:32:30.225661+00:00
[2023-08-24T09:32:30.497+0000] {processor.py:179} INFO - Processing /home/airflow/.local/lib/python3.8/site-packages/airflow/example_dags/example_skip_dag.py took 1.697 seconds
[2023-08-24T09:33:42.514+0000] {processor.py:157} INFO - Started process (PID=313) to work on /home/airflow/.local/lib/python3.8/site-packages/airflow/example_dags/example_skip_dag.py
[2023-08-24T09:33:42.571+0000] {processor.py:829} INFO - Processing file /home/airflow/.local/lib/python3.8/site-packages/airflow/example_dags/example_skip_dag.py for tasks to queue
[2023-08-24T09:33:42.623+0000] {logging_mixin.py:151} INFO - [2023-08-24T09:33:42.618+0000] {dagbag.py:539} INFO - Filling up the DagBag from /home/airflow/.local/lib/python3.8/site-packages/airflow/example_dags/example_skip_dag.py
[2023-08-24T09:33:42.728+0000] {processor.py:839} INFO - DAG(s) dict_keys(['example_skip_dag']) retrieved from /home/airflow/.local/lib/python3.8/site-packages/airflow/example_dags/example_skip_dag.py
[2023-08-24T09:33:42.988+0000] {logging_mixin.py:151} INFO - [2023-08-24T09:33:42.987+0000] {dag.py:2907} INFO - Sync 1 DAGs
[2023-08-24T09:33:43.152+0000] {logging_mixin.py:151} INFO - [2023-08-24T09:33:43.151+0000] {dag.py:3677} INFO - Setting next_dagrun for example_skip_dag to 2023-08-23T09:33:43.149985+00:00, run_after=2023-08-24T09:33:43.149985+00:00
[2023-08-24T09:33:43.429+0000] {processor.py:179} INFO - Processing /home/airflow/.local/lib/python3.8/site-packages/airflow/example_dags/example_skip_dag.py took 0.990 seconds
[2023-08-24T09:34:14.609+0000] {processor.py:157} INFO - Started process (PID=368) to work on /home/airflow/.local/lib/python3.8/site-packages/airflow/example_dags/example_skip_dag.py
[2023-08-24T09:34:14.614+0000] {processor.py:829} INFO - Processing file /home/airflow/.local/lib/python3.8/site-packages/airflow/example_dags/example_skip_dag.py for tasks to queue
[2023-08-24T09:34:14.625+0000] {logging_mixin.py:151} INFO - [2023-08-24T09:34:14.624+0000] {dagbag.py:539} INFO - Filling up the DagBag from /home/airflow/.local/lib/python3.8/site-packages/airflow/example_dags/example_skip_dag.py
[2023-08-24T09:34:14.650+0000] {processor.py:839} INFO - DAG(s) dict_keys(['example_skip_dag']) retrieved from /home/airflow/.local/lib/python3.8/site-packages/airflow/example_dags/example_skip_dag.py
[2023-08-24T09:34:14.707+0000] {logging_mixin.py:151} INFO - [2023-08-24T09:34:14.707+0000] {dag.py:2907} INFO - Sync 1 DAGs
[2023-08-24T09:34:14.748+0000] {logging_mixin.py:151} INFO - [2023-08-24T09:34:14.748+0000] {dag.py:3677} INFO - Setting next_dagrun for example_skip_dag to 2023-08-23T09:34:14.748124+00:00, run_after=2023-08-24T09:34:14.748124+00:00
[2023-08-24T09:34:14.775+0000] {processor.py:179} INFO - Processing /home/airflow/.local/lib/python3.8/site-packages/airflow/example_dags/example_skip_dag.py took 0.176 seconds
[2023-08-24T09:34:44.979+0000] {processor.py:157} INFO - Started process (PID=423) to work on /home/airflow/.local/lib/python3.8/site-packages/airflow/example_dags/example_skip_dag.py
[2023-08-24T09:34:44.983+0000] {processor.py:829} INFO - Processing file /home/airflow/.local/lib/python3.8/site-packages/airflow/example_dags/example_skip_dag.py for tasks to queue
[2023-08-24T09:34:44.989+0000] {logging_mixin.py:151} INFO - [2023-08-24T09:34:44.989+0000] {dagbag.py:539} INFO - Filling up the DagBag from /home/airflow/.local/lib/python3.8/site-packages/airflow/example_dags/example_skip_dag.py
[2023-08-24T09:34:45.004+0000] {processor.py:839} INFO - DAG(s) dict_keys(['example_skip_dag']) retrieved from /home/airflow/.local/lib/python3.8/site-packages/airflow/example_dags/example_skip_dag.py
[2023-08-24T09:34:45.044+0000] {logging_mixin.py:151} INFO - [2023-08-24T09:34:45.044+0000] {dag.py:2907} INFO - Sync 1 DAGs
[2023-08-24T09:34:45.071+0000] {logging_mixin.py:151} INFO - [2023-08-24T09:34:45.071+0000] {dag.py:3677} INFO - Setting next_dagrun for example_skip_dag to 2023-08-23T09:34:45.071084+00:00, run_after=2023-08-24T09:34:45.071084+00:00
[2023-08-24T09:34:45.090+0000] {processor.py:179} INFO - Processing /home/airflow/.local/lib/python3.8/site-packages/airflow/example_dags/example_skip_dag.py took 0.119 seconds
[2023-08-24T09:35:15.280+0000] {processor.py:157} INFO - Started process (PID=479) to work on /home/airflow/.local/lib/python3.8/site-packages/airflow/example_dags/example_skip_dag.py
[2023-08-24T09:35:15.284+0000] {processor.py:829} INFO - Processing file /home/airflow/.local/lib/python3.8/site-packages/airflow/example_dags/example_skip_dag.py for tasks to queue
[2023-08-24T09:35:15.288+0000] {logging_mixin.py:151} INFO - [2023-08-24T09:35:15.287+0000] {dagbag.py:539} INFO - Filling up the DagBag from /home/airflow/.local/lib/python3.8/site-packages/airflow/example_dags/example_skip_dag.py
[2023-08-24T09:35:15.296+0000] {processor.py:839} INFO - DAG(s) dict_keys(['example_skip_dag']) retrieved from /home/airflow/.local/lib/python3.8/site-packages/airflow/example_dags/example_skip_dag.py
[2023-08-24T09:35:15.327+0000] {logging_mixin.py:151} INFO - [2023-08-24T09:35:15.327+0000] {dag.py:2907} INFO - Sync 1 DAGs
[2023-08-24T09:35:15.347+0000] {logging_mixin.py:151} INFO - [2023-08-24T09:35:15.347+0000] {dag.py:3677} INFO - Setting next_dagrun for example_skip_dag to 2023-08-23T09:35:15.346714+00:00, run_after=2023-08-24T09:35:15.346714+00:00
[2023-08-24T09:35:15.364+0000] {processor.py:179} INFO - Processing /home/airflow/.local/lib/python3.8/site-packages/airflow/example_dags/example_skip_dag.py took 0.088 seconds
[2023-08-24T09:35:46.120+0000] {processor.py:157} INFO - Started process (PID=535) to work on /home/airflow/.local/lib/python3.8/site-packages/airflow/example_dags/example_skip_dag.py
[2023-08-24T09:35:46.123+0000] {processor.py:829} INFO - Processing file /home/airflow/.local/lib/python3.8/site-packages/airflow/example_dags/example_skip_dag.py for tasks to queue
[2023-08-24T09:35:46.127+0000] {logging_mixin.py:151} INFO - [2023-08-24T09:35:46.127+0000] {dagbag.py:539} INFO - Filling up the DagBag from /home/airflow/.local/lib/python3.8/site-packages/airflow/example_dags/example_skip_dag.py
[2023-08-24T09:35:46.137+0000] {processor.py:839} INFO - DAG(s) dict_keys(['example_skip_dag']) retrieved from /home/airflow/.local/lib/python3.8/site-packages/airflow/example_dags/example_skip_dag.py
[2023-08-24T09:35:46.164+0000] {logging_mixin.py:151} INFO - [2023-08-24T09:35:46.164+0000] {dag.py:2907} INFO - Sync 1 DAGs
[2023-08-24T09:35:46.187+0000] {logging_mixin.py:151} INFO - [2023-08-24T09:35:46.186+0000] {dag.py:3677} INFO - Setting next_dagrun for example_skip_dag to 2023-08-23T09:35:46.186339+00:00, run_after=2023-08-24T09:35:46.186339+00:00
[2023-08-24T09:35:46.204+0000] {processor.py:179} INFO - Processing /home/airflow/.local/lib/python3.8/site-packages/airflow/example_dags/example_skip_dag.py took 0.090 seconds
[2023-08-24T09:36:16.461+0000] {processor.py:157} INFO - Started process (PID=591) to work on /home/airflow/.local/lib/python3.8/site-packages/airflow/example_dags/example_skip_dag.py
[2023-08-24T09:36:16.464+0000] {processor.py:829} INFO - Processing file /home/airflow/.local/lib/python3.8/site-packages/airflow/example_dags/example_skip_dag.py for tasks to queue
[2023-08-24T09:36:16.469+0000] {logging_mixin.py:151} INFO - [2023-08-24T09:36:16.468+0000] {dagbag.py:539} INFO - Filling up the DagBag from /home/airflow/.local/lib/python3.8/site-packages/airflow/example_dags/example_skip_dag.py
[2023-08-24T09:36:16.478+0000] {processor.py:839} INFO - DAG(s) dict_keys(['example_skip_dag']) retrieved from /home/airflow/.local/lib/python3.8/site-packages/airflow/example_dags/example_skip_dag.py
[2023-08-24T09:36:16.508+0000] {logging_mixin.py:151} INFO - [2023-08-24T09:36:16.508+0000] {dag.py:2907} INFO - Sync 1 DAGs
[2023-08-24T09:36:16.530+0000] {logging_mixin.py:151} INFO - [2023-08-24T09:36:16.530+0000] {dag.py:3677} INFO - Setting next_dagrun for example_skip_dag to 2023-08-23T09:36:16.530077+00:00, run_after=2023-08-24T09:36:16.530077+00:00
[2023-08-24T09:36:16.549+0000] {processor.py:179} INFO - Processing /home/airflow/.local/lib/python3.8/site-packages/airflow/example_dags/example_skip_dag.py took 0.093 seconds
[2023-08-24T09:36:46.722+0000] {processor.py:157} INFO - Started process (PID=647) to work on /home/airflow/.local/lib/python3.8/site-packages/airflow/example_dags/example_skip_dag.py
[2023-08-24T09:36:46.726+0000] {processor.py:829} INFO - Processing file /home/airflow/.local/lib/python3.8/site-packages/airflow/example_dags/example_skip_dag.py for tasks to queue
[2023-08-24T09:36:46.730+0000] {logging_mixin.py:151} INFO - [2023-08-24T09:36:46.729+0000] {dagbag.py:539} INFO - Filling up the DagBag from /home/airflow/.local/lib/python3.8/site-packages/airflow/example_dags/example_skip_dag.py
[2023-08-24T09:36:46.742+0000] {processor.py:839} INFO - DAG(s) dict_keys(['example_skip_dag']) retrieved from /home/airflow/.local/lib/python3.8/site-packages/airflow/example_dags/example_skip_dag.py
[2023-08-24T09:36:46.777+0000] {logging_mixin.py:151} INFO - [2023-08-24T09:36:46.777+0000] {dag.py:2907} INFO - Sync 1 DAGs
[2023-08-24T09:36:46.798+0000] {logging_mixin.py:151} INFO - [2023-08-24T09:36:46.798+0000] {dag.py:3677} INFO - Setting next_dagrun for example_skip_dag to 2023-08-23T09:36:46.797910+00:00, run_after=2023-08-24T09:36:46.797910+00:00
[2023-08-24T09:36:46.816+0000] {processor.py:179} INFO - Processing /home/airflow/.local/lib/python3.8/site-packages/airflow/example_dags/example_skip_dag.py took 0.102 seconds
