[2023-08-24T09:29:22.268+0000] {processor.py:157} INFO - Started process (PID=70) to work on /home/airflow/.local/lib/python3.8/site-packages/airflow/example_dags/example_short_circuit_operator.py
[2023-08-24T09:29:22.279+0000] {processor.py:829} INFO - Processing file /home/airflow/.local/lib/python3.8/site-packages/airflow/example_dags/example_short_circuit_operator.py for tasks to queue
[2023-08-24T09:29:22.323+0000] {logging_mixin.py:151} INFO - [2023-08-24T09:29:22.321+0000] {dagbag.py:539} INFO - Filling up the DagBag from /home/airflow/.local/lib/python3.8/site-packages/airflow/example_dags/example_short_circuit_operator.py
[2023-08-24T09:29:22.415+0000] {processor.py:839} INFO - DAG(s) dict_keys(['example_short_circuit_operator']) retrieved from /home/airflow/.local/lib/python3.8/site-packages/airflow/example_dags/example_short_circuit_operator.py
[2023-08-24T09:29:23.685+0000] {logging_mixin.py:151} INFO - [2023-08-24T09:29:23.684+0000] {manager.py:501} INFO - Created Permission View: can read on DAG:example_short_circuit_operator
[2023-08-24T09:29:23.976+0000] {logging_mixin.py:151} INFO - [2023-08-24T09:29:23.975+0000] {manager.py:501} INFO - Created Permission View: can edit on DAG:example_short_circuit_operator
[2023-08-24T09:29:24.114+0000] {logging_mixin.py:151} INFO - [2023-08-24T09:29:24.113+0000] {manager.py:501} INFO - Created Permission View: can delete on DAG:example_short_circuit_operator
[2023-08-24T09:29:24.354+0000] {logging_mixin.py:151} INFO - [2023-08-24T09:29:24.353+0000] {dag.py:2907} INFO - Sync 1 DAGs
[2023-08-24T09:29:24.774+0000] {logging_mixin.py:151} INFO - [2023-08-24T09:29:24.764+0000] {dag.py:2929} INFO - Creating ORM DAG for example_short_circuit_operator
[2023-08-24T09:29:25.017+0000] {logging_mixin.py:151} INFO - [2023-08-24T09:29:25.015+0000] {dag.py:3677} INFO - Setting next_dagrun for example_short_circuit_operator to 2023-08-23T09:29:24.997781+00:00, run_after=2023-08-24T09:29:24.997781+00:00
[2023-08-24T09:29:25.184+0000] {processor.py:179} INFO - Processing /home/airflow/.local/lib/python3.8/site-packages/airflow/example_dags/example_short_circuit_operator.py took 2.964 seconds
[2023-08-24T09:31:03.978+0000] {processor.py:157} INFO - Started process (PID=146) to work on /home/airflow/.local/lib/python3.8/site-packages/airflow/example_dags/example_short_circuit_operator.py
[2023-08-24T09:31:03.990+0000] {processor.py:829} INFO - Processing file /home/airflow/.local/lib/python3.8/site-packages/airflow/example_dags/example_short_circuit_operator.py for tasks to queue
[2023-08-24T09:31:04.003+0000] {logging_mixin.py:151} INFO - [2023-08-24T09:31:04.002+0000] {dagbag.py:539} INFO - Filling up the DagBag from /home/airflow/.local/lib/python3.8/site-packages/airflow/example_dags/example_short_circuit_operator.py
[2023-08-24T09:31:04.066+0000] {processor.py:839} INFO - DAG(s) dict_keys(['example_short_circuit_operator']) retrieved from /home/airflow/.local/lib/python3.8/site-packages/airflow/example_dags/example_short_circuit_operator.py
[2023-08-24T09:31:04.273+0000] {logging_mixin.py:151} INFO - [2023-08-24T09:31:04.272+0000] {dag.py:2907} INFO - Sync 1 DAGs
[2023-08-24T09:31:04.610+0000] {logging_mixin.py:151} INFO - [2023-08-24T09:31:04.607+0000] {dag.py:3677} INFO - Setting next_dagrun for example_short_circuit_operator to 2023-08-23T09:31:04.606460+00:00, run_after=2023-08-24T09:31:04.606460+00:00
[2023-08-24T09:31:04.846+0000] {processor.py:179} INFO - Processing /home/airflow/.local/lib/python3.8/site-packages/airflow/example_dags/example_short_circuit_operator.py took 0.896 seconds
[2023-08-24T09:31:41.104+0000] {processor.py:157} INFO - Started process (PID=202) to work on /home/airflow/.local/lib/python3.8/site-packages/airflow/example_dags/example_short_circuit_operator.py
[2023-08-24T09:31:41.126+0000] {processor.py:829} INFO - Processing file /home/airflow/.local/lib/python3.8/site-packages/airflow/example_dags/example_short_circuit_operator.py for tasks to queue
[2023-08-24T09:31:41.239+0000] {logging_mixin.py:151} INFO - [2023-08-24T09:31:41.234+0000] {dagbag.py:539} INFO - Filling up the DagBag from /home/airflow/.local/lib/python3.8/site-packages/airflow/example_dags/example_short_circuit_operator.py
[2023-08-24T09:31:41.390+0000] {processor.py:839} INFO - DAG(s) dict_keys(['example_short_circuit_operator']) retrieved from /home/airflow/.local/lib/python3.8/site-packages/airflow/example_dags/example_short_circuit_operator.py
[2023-08-24T09:31:41.711+0000] {logging_mixin.py:151} INFO - [2023-08-24T09:31:41.709+0000] {dag.py:2907} INFO - Sync 1 DAGs
[2023-08-24T09:31:41.848+0000] {logging_mixin.py:151} INFO - [2023-08-24T09:31:41.848+0000] {dag.py:3677} INFO - Setting next_dagrun for example_short_circuit_operator to 2023-08-23T09:31:41.847143+00:00, run_after=2023-08-24T09:31:41.847143+00:00
[2023-08-24T09:31:42.015+0000] {processor.py:179} INFO - Processing /home/airflow/.local/lib/python3.8/site-packages/airflow/example_dags/example_short_circuit_operator.py took 1.049 seconds
[2023-08-24T09:33:03.920+0000] {processor.py:157} INFO - Started process (PID=275) to work on /home/airflow/.local/lib/python3.8/site-packages/airflow/example_dags/example_short_circuit_operator.py
[2023-08-24T09:33:03.936+0000] {processor.py:829} INFO - Processing file /home/airflow/.local/lib/python3.8/site-packages/airflow/example_dags/example_short_circuit_operator.py for tasks to queue
[2023-08-24T09:33:03.955+0000] {logging_mixin.py:151} INFO - [2023-08-24T09:33:03.953+0000] {dagbag.py:539} INFO - Filling up the DagBag from /home/airflow/.local/lib/python3.8/site-packages/airflow/example_dags/example_short_circuit_operator.py
[2023-08-24T09:33:04.058+0000] {processor.py:839} INFO - DAG(s) dict_keys(['example_short_circuit_operator']) retrieved from /home/airflow/.local/lib/python3.8/site-packages/airflow/example_dags/example_short_circuit_operator.py
[2023-08-24T09:33:04.263+0000] {logging_mixin.py:151} INFO - [2023-08-24T09:33:04.262+0000] {dag.py:2907} INFO - Sync 1 DAGs
[2023-08-24T09:33:04.361+0000] {logging_mixin.py:151} INFO - [2023-08-24T09:33:04.360+0000] {dag.py:3677} INFO - Setting next_dagrun for example_short_circuit_operator to 2023-08-23T09:33:04.359962+00:00, run_after=2023-08-24T09:33:04.359962+00:00
[2023-08-24T09:33:04.452+0000] {processor.py:179} INFO - Processing /home/airflow/.local/lib/python3.8/site-packages/airflow/example_dags/example_short_circuit_operator.py took 0.555 seconds
[2023-08-24T09:33:52.966+0000] {processor.py:157} INFO - Started process (PID=333) to work on /home/airflow/.local/lib/python3.8/site-packages/airflow/example_dags/example_short_circuit_operator.py
[2023-08-24T09:33:52.971+0000] {processor.py:829} INFO - Processing file /home/airflow/.local/lib/python3.8/site-packages/airflow/example_dags/example_short_circuit_operator.py for tasks to queue
[2023-08-24T09:33:52.983+0000] {logging_mixin.py:151} INFO - [2023-08-24T09:33:52.982+0000] {dagbag.py:539} INFO - Filling up the DagBag from /home/airflow/.local/lib/python3.8/site-packages/airflow/example_dags/example_short_circuit_operator.py
[2023-08-24T09:33:53.022+0000] {processor.py:839} INFO - DAG(s) dict_keys(['example_short_circuit_operator']) retrieved from /home/airflow/.local/lib/python3.8/site-packages/airflow/example_dags/example_short_circuit_operator.py
[2023-08-24T09:33:53.083+0000] {logging_mixin.py:151} INFO - [2023-08-24T09:33:53.082+0000] {dag.py:2907} INFO - Sync 1 DAGs
[2023-08-24T09:33:53.173+0000] {logging_mixin.py:151} INFO - [2023-08-24T09:33:53.160+0000] {dag.py:3677} INFO - Setting next_dagrun for example_short_circuit_operator to 2023-08-23T09:33:53.154404+00:00, run_after=2023-08-24T09:33:53.154404+00:00
[2023-08-24T09:33:53.245+0000] {processor.py:179} INFO - Processing /home/airflow/.local/lib/python3.8/site-packages/airflow/example_dags/example_short_circuit_operator.py took 0.302 seconds
[2023-08-24T09:34:23.776+0000] {processor.py:157} INFO - Started process (PID=389) to work on /home/airflow/.local/lib/python3.8/site-packages/airflow/example_dags/example_short_circuit_operator.py
[2023-08-24T09:34:23.779+0000] {processor.py:829} INFO - Processing file /home/airflow/.local/lib/python3.8/site-packages/airflow/example_dags/example_short_circuit_operator.py for tasks to queue
[2023-08-24T09:34:23.784+0000] {logging_mixin.py:151} INFO - [2023-08-24T09:34:23.783+0000] {dagbag.py:539} INFO - Filling up the DagBag from /home/airflow/.local/lib/python3.8/site-packages/airflow/example_dags/example_short_circuit_operator.py
[2023-08-24T09:34:23.794+0000] {processor.py:839} INFO - DAG(s) dict_keys(['example_short_circuit_operator']) retrieved from /home/airflow/.local/lib/python3.8/site-packages/airflow/example_dags/example_short_circuit_operator.py
[2023-08-24T09:34:23.824+0000] {logging_mixin.py:151} INFO - [2023-08-24T09:34:23.824+0000] {dag.py:2907} INFO - Sync 1 DAGs
[2023-08-24T09:34:23.846+0000] {logging_mixin.py:151} INFO - [2023-08-24T09:34:23.846+0000] {dag.py:3677} INFO - Setting next_dagrun for example_short_circuit_operator to 2023-08-23T09:34:23.845902+00:00, run_after=2023-08-24T09:34:23.845902+00:00
[2023-08-24T09:34:23.865+0000] {processor.py:179} INFO - Processing /home/airflow/.local/lib/python3.8/site-packages/airflow/example_dags/example_short_circuit_operator.py took 0.094 seconds
[2023-08-24T09:34:54.029+0000] {processor.py:157} INFO - Started process (PID=444) to work on /home/airflow/.local/lib/python3.8/site-packages/airflow/example_dags/example_short_circuit_operator.py
[2023-08-24T09:34:54.031+0000] {processor.py:829} INFO - Processing file /home/airflow/.local/lib/python3.8/site-packages/airflow/example_dags/example_short_circuit_operator.py for tasks to queue
[2023-08-24T09:34:54.035+0000] {logging_mixin.py:151} INFO - [2023-08-24T09:34:54.035+0000] {dagbag.py:539} INFO - Filling up the DagBag from /home/airflow/.local/lib/python3.8/site-packages/airflow/example_dags/example_short_circuit_operator.py
[2023-08-24T09:34:54.044+0000] {processor.py:839} INFO - DAG(s) dict_keys(['example_short_circuit_operator']) retrieved from /home/airflow/.local/lib/python3.8/site-packages/airflow/example_dags/example_short_circuit_operator.py
[2023-08-24T09:34:54.073+0000] {logging_mixin.py:151} INFO - [2023-08-24T09:34:54.073+0000] {dag.py:2907} INFO - Sync 1 DAGs
[2023-08-24T09:34:54.094+0000] {logging_mixin.py:151} INFO - [2023-08-24T09:34:54.094+0000] {dag.py:3677} INFO - Setting next_dagrun for example_short_circuit_operator to 2023-08-23T09:34:54.094415+00:00, run_after=2023-08-24T09:34:54.094415+00:00
[2023-08-24T09:34:54.110+0000] {processor.py:179} INFO - Processing /home/airflow/.local/lib/python3.8/site-packages/airflow/example_dags/example_short_circuit_operator.py took 0.086 seconds
[2023-08-24T09:35:24.190+0000] {processor.py:157} INFO - Started process (PID=500) to work on /home/airflow/.local/lib/python3.8/site-packages/airflow/example_dags/example_short_circuit_operator.py
[2023-08-24T09:35:24.192+0000] {processor.py:829} INFO - Processing file /home/airflow/.local/lib/python3.8/site-packages/airflow/example_dags/example_short_circuit_operator.py for tasks to queue
[2023-08-24T09:35:24.197+0000] {logging_mixin.py:151} INFO - [2023-08-24T09:35:24.196+0000] {dagbag.py:539} INFO - Filling up the DagBag from /home/airflow/.local/lib/python3.8/site-packages/airflow/example_dags/example_short_circuit_operator.py
[2023-08-24T09:35:24.208+0000] {processor.py:839} INFO - DAG(s) dict_keys(['example_short_circuit_operator']) retrieved from /home/airflow/.local/lib/python3.8/site-packages/airflow/example_dags/example_short_circuit_operator.py
[2023-08-24T09:35:24.239+0000] {logging_mixin.py:151} INFO - [2023-08-24T09:35:24.239+0000] {dag.py:2907} INFO - Sync 1 DAGs
[2023-08-24T09:35:24.259+0000] {logging_mixin.py:151} INFO - [2023-08-24T09:35:24.259+0000] {dag.py:3677} INFO - Setting next_dagrun for example_short_circuit_operator to 2023-08-23T09:35:24.259498+00:00, run_after=2023-08-24T09:35:24.259498+00:00
[2023-08-24T09:35:24.275+0000] {processor.py:179} INFO - Processing /home/airflow/.local/lib/python3.8/site-packages/airflow/example_dags/example_short_circuit_operator.py took 0.090 seconds
[2023-08-24T09:35:54.863+0000] {processor.py:157} INFO - Started process (PID=556) to work on /home/airflow/.local/lib/python3.8/site-packages/airflow/example_dags/example_short_circuit_operator.py
[2023-08-24T09:35:54.866+0000] {processor.py:829} INFO - Processing file /home/airflow/.local/lib/python3.8/site-packages/airflow/example_dags/example_short_circuit_operator.py for tasks to queue
[2023-08-24T09:35:54.870+0000] {logging_mixin.py:151} INFO - [2023-08-24T09:35:54.869+0000] {dagbag.py:539} INFO - Filling up the DagBag from /home/airflow/.local/lib/python3.8/site-packages/airflow/example_dags/example_short_circuit_operator.py
[2023-08-24T09:35:54.879+0000] {processor.py:839} INFO - DAG(s) dict_keys(['example_short_circuit_operator']) retrieved from /home/airflow/.local/lib/python3.8/site-packages/airflow/example_dags/example_short_circuit_operator.py
[2023-08-24T09:35:54.907+0000] {logging_mixin.py:151} INFO - [2023-08-24T09:35:54.907+0000] {dag.py:2907} INFO - Sync 1 DAGs
[2023-08-24T09:35:54.928+0000] {logging_mixin.py:151} INFO - [2023-08-24T09:35:54.928+0000] {dag.py:3677} INFO - Setting next_dagrun for example_short_circuit_operator to 2023-08-23T09:35:54.928449+00:00, run_after=2023-08-24T09:35:54.928449+00:00
[2023-08-24T09:35:54.946+0000] {processor.py:179} INFO - Processing /home/airflow/.local/lib/python3.8/site-packages/airflow/example_dags/example_short_circuit_operator.py took 0.088 seconds
[2023-08-24T09:36:25.440+0000] {processor.py:157} INFO - Started process (PID=612) to work on /home/airflow/.local/lib/python3.8/site-packages/airflow/example_dags/example_short_circuit_operator.py
[2023-08-24T09:36:25.443+0000] {processor.py:829} INFO - Processing file /home/airflow/.local/lib/python3.8/site-packages/airflow/example_dags/example_short_circuit_operator.py for tasks to queue
[2023-08-24T09:36:25.448+0000] {logging_mixin.py:151} INFO - [2023-08-24T09:36:25.448+0000] {dagbag.py:539} INFO - Filling up the DagBag from /home/airflow/.local/lib/python3.8/site-packages/airflow/example_dags/example_short_circuit_operator.py
[2023-08-24T09:36:25.460+0000] {processor.py:839} INFO - DAG(s) dict_keys(['example_short_circuit_operator']) retrieved from /home/airflow/.local/lib/python3.8/site-packages/airflow/example_dags/example_short_circuit_operator.py
[2023-08-24T09:36:25.500+0000] {logging_mixin.py:151} INFO - [2023-08-24T09:36:25.500+0000] {dag.py:2907} INFO - Sync 1 DAGs
[2023-08-24T09:36:25.525+0000] {logging_mixin.py:151} INFO - [2023-08-24T09:36:25.525+0000] {dag.py:3677} INFO - Setting next_dagrun for example_short_circuit_operator to 2023-08-23T09:36:25.525070+00:00, run_after=2023-08-24T09:36:25.525070+00:00
[2023-08-24T09:36:25.544+0000] {processor.py:179} INFO - Processing /home/airflow/.local/lib/python3.8/site-packages/airflow/example_dags/example_short_circuit_operator.py took 0.110 seconds
[2023-08-24T09:36:55.951+0000] {processor.py:157} INFO - Started process (PID=668) to work on /home/airflow/.local/lib/python3.8/site-packages/airflow/example_dags/example_short_circuit_operator.py
[2023-08-24T09:36:55.955+0000] {processor.py:829} INFO - Processing file /home/airflow/.local/lib/python3.8/site-packages/airflow/example_dags/example_short_circuit_operator.py for tasks to queue
[2023-08-24T09:36:55.960+0000] {logging_mixin.py:151} INFO - [2023-08-24T09:36:55.959+0000] {dagbag.py:539} INFO - Filling up the DagBag from /home/airflow/.local/lib/python3.8/site-packages/airflow/example_dags/example_short_circuit_operator.py
[2023-08-24T09:36:55.970+0000] {processor.py:839} INFO - DAG(s) dict_keys(['example_short_circuit_operator']) retrieved from /home/airflow/.local/lib/python3.8/site-packages/airflow/example_dags/example_short_circuit_operator.py
[2023-08-24T09:36:56.011+0000] {logging_mixin.py:151} INFO - [2023-08-24T09:36:56.011+0000] {dag.py:2907} INFO - Sync 1 DAGs
[2023-08-24T09:36:56.033+0000] {logging_mixin.py:151} INFO - [2023-08-24T09:36:56.033+0000] {dag.py:3677} INFO - Setting next_dagrun for example_short_circuit_operator to 2023-08-23T09:36:56.033288+00:00, run_after=2023-08-24T09:36:56.033288+00:00
[2023-08-24T09:36:56.052+0000] {processor.py:179} INFO - Processing /home/airflow/.local/lib/python3.8/site-packages/airflow/example_dags/example_short_circuit_operator.py took 0.107 seconds
