[2023-08-24T09:29:37.818+0000] {processor.py:157} INFO - Started process (PID=82) to work on /home/airflow/.local/lib/python3.8/site-packages/airflow/example_dags/example_complex.py
[2023-08-24T09:29:37.848+0000] {processor.py:829} INFO - Processing file /home/airflow/.local/lib/python3.8/site-packages/airflow/example_dags/example_complex.py for tasks to queue
[2023-08-24T09:29:37.901+0000] {logging_mixin.py:151} INFO - [2023-08-24T09:29:37.899+0000] {dagbag.py:539} INFO - Filling up the DagBag from /home/airflow/.local/lib/python3.8/site-packages/airflow/example_dags/example_complex.py
[2023-08-24T09:29:38.422+0000] {processor.py:839} INFO - DAG(s) dict_keys(['example_complex']) retrieved from /home/airflow/.local/lib/python3.8/site-packages/airflow/example_dags/example_complex.py
[2023-08-24T09:29:40.019+0000] {logging_mixin.py:151} INFO - [2023-08-24T09:29:40.016+0000] {manager.py:501} INFO - Created Permission View: can read on DAG:example_complex
[2023-08-24T09:29:40.173+0000] {logging_mixin.py:151} INFO - [2023-08-24T09:29:40.169+0000] {manager.py:501} INFO - Created Permission View: can edit on DAG:example_complex
[2023-08-24T09:29:40.313+0000] {logging_mixin.py:151} INFO - [2023-08-24T09:29:40.312+0000] {manager.py:501} INFO - Created Permission View: can delete on DAG:example_complex
[2023-08-24T09:29:40.752+0000] {logging_mixin.py:151} INFO - [2023-08-24T09:29:40.747+0000] {dag.py:2907} INFO - Sync 1 DAGs
[2023-08-24T09:29:41.008+0000] {logging_mixin.py:151} INFO - [2023-08-24T09:29:41.007+0000] {dag.py:2929} INFO - Creating ORM DAG for example_complex
[2023-08-24T09:29:41.021+0000] {logging_mixin.py:151} INFO - [2023-08-24T09:29:41.021+0000] {dag.py:3677} INFO - Setting next_dagrun for example_complex to None, run_after=None
[2023-08-24T09:29:41.307+0000] {processor.py:179} INFO - Processing /home/airflow/.local/lib/python3.8/site-packages/airflow/example_dags/example_complex.py took 3.949 seconds
[2023-08-24T09:31:06.783+0000] {processor.py:157} INFO - Started process (PID=152) to work on /home/airflow/.local/lib/python3.8/site-packages/airflow/example_dags/example_complex.py
[2023-08-24T09:31:06.790+0000] {processor.py:829} INFO - Processing file /home/airflow/.local/lib/python3.8/site-packages/airflow/example_dags/example_complex.py for tasks to queue
[2023-08-24T09:31:06.802+0000] {logging_mixin.py:151} INFO - [2023-08-24T09:31:06.801+0000] {dagbag.py:539} INFO - Filling up the DagBag from /home/airflow/.local/lib/python3.8/site-packages/airflow/example_dags/example_complex.py
[2023-08-24T09:31:06.851+0000] {processor.py:839} INFO - DAG(s) dict_keys(['example_complex']) retrieved from /home/airflow/.local/lib/python3.8/site-packages/airflow/example_dags/example_complex.py
[2023-08-24T09:31:07.099+0000] {logging_mixin.py:151} INFO - [2023-08-24T09:31:07.096+0000] {dag.py:2907} INFO - Sync 1 DAGs
[2023-08-24T09:31:07.240+0000] {logging_mixin.py:151} INFO - [2023-08-24T09:31:07.239+0000] {dag.py:3677} INFO - Setting next_dagrun for example_complex to None, run_after=None
[2023-08-24T09:31:07.397+0000] {processor.py:179} INFO - Processing /home/airflow/.local/lib/python3.8/site-packages/airflow/example_dags/example_complex.py took 0.628 seconds
[2023-08-24T09:31:43.935+0000] {processor.py:157} INFO - Started process (PID=208) to work on /home/airflow/.local/lib/python3.8/site-packages/airflow/example_dags/example_complex.py
[2023-08-24T09:31:43.946+0000] {processor.py:829} INFO - Processing file /home/airflow/.local/lib/python3.8/site-packages/airflow/example_dags/example_complex.py for tasks to queue
[2023-08-24T09:31:43.962+0000] {logging_mixin.py:151} INFO - [2023-08-24T09:31:43.958+0000] {dagbag.py:539} INFO - Filling up the DagBag from /home/airflow/.local/lib/python3.8/site-packages/airflow/example_dags/example_complex.py
[2023-08-24T09:31:44.039+0000] {processor.py:839} INFO - DAG(s) dict_keys(['example_complex']) retrieved from /home/airflow/.local/lib/python3.8/site-packages/airflow/example_dags/example_complex.py
[2023-08-24T09:31:44.171+0000] {logging_mixin.py:151} INFO - [2023-08-24T09:31:44.171+0000] {dag.py:2907} INFO - Sync 1 DAGs
[2023-08-24T09:31:44.244+0000] {logging_mixin.py:151} INFO - [2023-08-24T09:31:44.243+0000] {dag.py:3677} INFO - Setting next_dagrun for example_complex to None, run_after=None
[2023-08-24T09:31:44.595+0000] {processor.py:179} INFO - Processing /home/airflow/.local/lib/python3.8/site-packages/airflow/example_dags/example_complex.py took 0.677 seconds
[2023-08-24T09:33:06.116+0000] {processor.py:157} INFO - Started process (PID=281) to work on /home/airflow/.local/lib/python3.8/site-packages/airflow/example_dags/example_complex.py
[2023-08-24T09:33:06.124+0000] {processor.py:829} INFO - Processing file /home/airflow/.local/lib/python3.8/site-packages/airflow/example_dags/example_complex.py for tasks to queue
[2023-08-24T09:33:06.143+0000] {logging_mixin.py:151} INFO - [2023-08-24T09:33:06.141+0000] {dagbag.py:539} INFO - Filling up the DagBag from /home/airflow/.local/lib/python3.8/site-packages/airflow/example_dags/example_complex.py
[2023-08-24T09:33:06.200+0000] {processor.py:839} INFO - DAG(s) dict_keys(['example_complex']) retrieved from /home/airflow/.local/lib/python3.8/site-packages/airflow/example_dags/example_complex.py
[2023-08-24T09:33:06.398+0000] {logging_mixin.py:151} INFO - [2023-08-24T09:33:06.397+0000] {dag.py:2907} INFO - Sync 1 DAGs
[2023-08-24T09:33:06.465+0000] {logging_mixin.py:151} INFO - [2023-08-24T09:33:06.464+0000] {dag.py:3677} INFO - Setting next_dagrun for example_complex to None, run_after=None
[2023-08-24T09:33:06.572+0000] {processor.py:179} INFO - Processing /home/airflow/.local/lib/python3.8/site-packages/airflow/example_dags/example_complex.py took 0.467 seconds
[2023-08-24T09:33:53.988+0000] {processor.py:157} INFO - Started process (PID=339) to work on /home/airflow/.local/lib/python3.8/site-packages/airflow/example_dags/example_complex.py
[2023-08-24T09:33:53.993+0000] {processor.py:829} INFO - Processing file /home/airflow/.local/lib/python3.8/site-packages/airflow/example_dags/example_complex.py for tasks to queue
[2023-08-24T09:33:54.008+0000] {logging_mixin.py:151} INFO - [2023-08-24T09:33:54.007+0000] {dagbag.py:539} INFO - Filling up the DagBag from /home/airflow/.local/lib/python3.8/site-packages/airflow/example_dags/example_complex.py
[2023-08-24T09:33:54.055+0000] {processor.py:839} INFO - DAG(s) dict_keys(['example_complex']) retrieved from /home/airflow/.local/lib/python3.8/site-packages/airflow/example_dags/example_complex.py
[2023-08-24T09:33:54.180+0000] {logging_mixin.py:151} INFO - [2023-08-24T09:33:54.180+0000] {dag.py:2907} INFO - Sync 1 DAGs
[2023-08-24T09:33:54.215+0000] {logging_mixin.py:151} INFO - [2023-08-24T09:33:54.215+0000] {dag.py:3677} INFO - Setting next_dagrun for example_complex to None, run_after=None
[2023-08-24T09:33:54.252+0000] {processor.py:179} INFO - Processing /home/airflow/.local/lib/python3.8/site-packages/airflow/example_dags/example_complex.py took 0.281 seconds
[2023-08-24T09:34:25.224+0000] {processor.py:157} INFO - Started process (PID=395) to work on /home/airflow/.local/lib/python3.8/site-packages/airflow/example_dags/example_complex.py
[2023-08-24T09:34:25.246+0000] {processor.py:829} INFO - Processing file /home/airflow/.local/lib/python3.8/site-packages/airflow/example_dags/example_complex.py for tasks to queue
[2023-08-24T09:34:25.276+0000] {logging_mixin.py:151} INFO - [2023-08-24T09:34:25.263+0000] {dagbag.py:539} INFO - Filling up the DagBag from /home/airflow/.local/lib/python3.8/site-packages/airflow/example_dags/example_complex.py
[2023-08-24T09:34:25.326+0000] {processor.py:839} INFO - DAG(s) dict_keys(['example_complex']) retrieved from /home/airflow/.local/lib/python3.8/site-packages/airflow/example_dags/example_complex.py
[2023-08-24T09:34:25.464+0000] {logging_mixin.py:151} INFO - [2023-08-24T09:34:25.464+0000] {dag.py:2907} INFO - Sync 1 DAGs
[2023-08-24T09:34:25.544+0000] {logging_mixin.py:151} INFO - [2023-08-24T09:34:25.544+0000] {dag.py:3677} INFO - Setting next_dagrun for example_complex to None, run_after=None
[2023-08-24T09:34:25.645+0000] {processor.py:179} INFO - Processing /home/airflow/.local/lib/python3.8/site-packages/airflow/example_dags/example_complex.py took 0.438 seconds
[2023-08-24T09:34:56.483+0000] {processor.py:157} INFO - Started process (PID=450) to work on /home/airflow/.local/lib/python3.8/site-packages/airflow/example_dags/example_complex.py
[2023-08-24T09:34:56.487+0000] {processor.py:829} INFO - Processing file /home/airflow/.local/lib/python3.8/site-packages/airflow/example_dags/example_complex.py for tasks to queue
[2023-08-24T09:34:56.493+0000] {logging_mixin.py:151} INFO - [2023-08-24T09:34:56.493+0000] {dagbag.py:539} INFO - Filling up the DagBag from /home/airflow/.local/lib/python3.8/site-packages/airflow/example_dags/example_complex.py
[2023-08-24T09:34:56.512+0000] {processor.py:839} INFO - DAG(s) dict_keys(['example_complex']) retrieved from /home/airflow/.local/lib/python3.8/site-packages/airflow/example_dags/example_complex.py
[2023-08-24T09:34:56.551+0000] {logging_mixin.py:151} INFO - [2023-08-24T09:34:56.550+0000] {dag.py:2907} INFO - Sync 1 DAGs
[2023-08-24T09:34:56.564+0000] {logging_mixin.py:151} INFO - [2023-08-24T09:34:56.564+0000] {dag.py:3677} INFO - Setting next_dagrun for example_complex to None, run_after=None
[2023-08-24T09:34:56.584+0000] {processor.py:179} INFO - Processing /home/airflow/.local/lib/python3.8/site-packages/airflow/example_dags/example_complex.py took 0.108 seconds
[2023-08-24T09:35:26.670+0000] {processor.py:157} INFO - Started process (PID=506) to work on /home/airflow/.local/lib/python3.8/site-packages/airflow/example_dags/example_complex.py
[2023-08-24T09:35:26.673+0000] {processor.py:829} INFO - Processing file /home/airflow/.local/lib/python3.8/site-packages/airflow/example_dags/example_complex.py for tasks to queue
[2023-08-24T09:35:26.678+0000] {logging_mixin.py:151} INFO - [2023-08-24T09:35:26.677+0000] {dagbag.py:539} INFO - Filling up the DagBag from /home/airflow/.local/lib/python3.8/site-packages/airflow/example_dags/example_complex.py
[2023-08-24T09:35:26.693+0000] {processor.py:839} INFO - DAG(s) dict_keys(['example_complex']) retrieved from /home/airflow/.local/lib/python3.8/site-packages/airflow/example_dags/example_complex.py
[2023-08-24T09:35:26.732+0000] {logging_mixin.py:151} INFO - [2023-08-24T09:35:26.732+0000] {dag.py:2907} INFO - Sync 1 DAGs
[2023-08-24T09:35:26.746+0000] {logging_mixin.py:151} INFO - [2023-08-24T09:35:26.746+0000] {dag.py:3677} INFO - Setting next_dagrun for example_complex to None, run_after=None
[2023-08-24T09:35:26.767+0000] {processor.py:179} INFO - Processing /home/airflow/.local/lib/python3.8/site-packages/airflow/example_dags/example_complex.py took 0.103 seconds
[2023-08-24T09:35:57.427+0000] {processor.py:157} INFO - Started process (PID=562) to work on /home/airflow/.local/lib/python3.8/site-packages/airflow/example_dags/example_complex.py
[2023-08-24T09:35:57.430+0000] {processor.py:829} INFO - Processing file /home/airflow/.local/lib/python3.8/site-packages/airflow/example_dags/example_complex.py for tasks to queue
[2023-08-24T09:35:57.436+0000] {logging_mixin.py:151} INFO - [2023-08-24T09:35:57.436+0000] {dagbag.py:539} INFO - Filling up the DagBag from /home/airflow/.local/lib/python3.8/site-packages/airflow/example_dags/example_complex.py
[2023-08-24T09:35:57.457+0000] {processor.py:839} INFO - DAG(s) dict_keys(['example_complex']) retrieved from /home/airflow/.local/lib/python3.8/site-packages/airflow/example_dags/example_complex.py
[2023-08-24T09:35:57.502+0000] {logging_mixin.py:151} INFO - [2023-08-24T09:35:57.502+0000] {dag.py:2907} INFO - Sync 1 DAGs
[2023-08-24T09:35:57.519+0000] {logging_mixin.py:151} INFO - [2023-08-24T09:35:57.519+0000] {dag.py:3677} INFO - Setting next_dagrun for example_complex to None, run_after=None
[2023-08-24T09:35:57.541+0000] {processor.py:179} INFO - Processing /home/airflow/.local/lib/python3.8/site-packages/airflow/example_dags/example_complex.py took 0.122 seconds
[2023-08-24T09:36:27.922+0000] {processor.py:157} INFO - Started process (PID=618) to work on /home/airflow/.local/lib/python3.8/site-packages/airflow/example_dags/example_complex.py
[2023-08-24T09:36:27.926+0000] {processor.py:829} INFO - Processing file /home/airflow/.local/lib/python3.8/site-packages/airflow/example_dags/example_complex.py for tasks to queue
[2023-08-24T09:36:27.930+0000] {logging_mixin.py:151} INFO - [2023-08-24T09:36:27.930+0000] {dagbag.py:539} INFO - Filling up the DagBag from /home/airflow/.local/lib/python3.8/site-packages/airflow/example_dags/example_complex.py
[2023-08-24T09:36:27.944+0000] {processor.py:839} INFO - DAG(s) dict_keys(['example_complex']) retrieved from /home/airflow/.local/lib/python3.8/site-packages/airflow/example_dags/example_complex.py
[2023-08-24T09:36:27.983+0000] {logging_mixin.py:151} INFO - [2023-08-24T09:36:27.983+0000] {dag.py:2907} INFO - Sync 1 DAGs
[2023-08-24T09:36:27.996+0000] {logging_mixin.py:151} INFO - [2023-08-24T09:36:27.996+0000] {dag.py:3677} INFO - Setting next_dagrun for example_complex to None, run_after=None
[2023-08-24T09:36:28.015+0000] {processor.py:179} INFO - Processing /home/airflow/.local/lib/python3.8/site-packages/airflow/example_dags/example_complex.py took 0.099 seconds
[2023-08-24T09:36:58.470+0000] {processor.py:157} INFO - Started process (PID=674) to work on /home/airflow/.local/lib/python3.8/site-packages/airflow/example_dags/example_complex.py
[2023-08-24T09:36:58.475+0000] {processor.py:829} INFO - Processing file /home/airflow/.local/lib/python3.8/site-packages/airflow/example_dags/example_complex.py for tasks to queue
[2023-08-24T09:36:58.479+0000] {logging_mixin.py:151} INFO - [2023-08-24T09:36:58.478+0000] {dagbag.py:539} INFO - Filling up the DagBag from /home/airflow/.local/lib/python3.8/site-packages/airflow/example_dags/example_complex.py
[2023-08-24T09:36:58.498+0000] {processor.py:839} INFO - DAG(s) dict_keys(['example_complex']) retrieved from /home/airflow/.local/lib/python3.8/site-packages/airflow/example_dags/example_complex.py
[2023-08-24T09:36:58.537+0000] {logging_mixin.py:151} INFO - [2023-08-24T09:36:58.537+0000] {dag.py:2907} INFO - Sync 1 DAGs
[2023-08-24T09:36:58.551+0000] {logging_mixin.py:151} INFO - [2023-08-24T09:36:58.551+0000] {dag.py:3677} INFO - Setting next_dagrun for example_complex to None, run_after=None
[2023-08-24T09:36:58.571+0000] {processor.py:179} INFO - Processing /home/airflow/.local/lib/python3.8/site-packages/airflow/example_dags/example_complex.py took 0.109 seconds
