[2023-08-24T09:29:57.464+0000] {processor.py:157} INFO - Started process (PID=98) to work on /home/airflow/.local/lib/python3.8/site-packages/airflow/example_dags/example_dynamic_task_mapping.py
[2023-08-24T09:29:57.479+0000] {processor.py:829} INFO - Processing file /home/airflow/.local/lib/python3.8/site-packages/airflow/example_dags/example_dynamic_task_mapping.py for tasks to queue
[2023-08-24T09:29:57.546+0000] {logging_mixin.py:151} INFO - [2023-08-24T09:29:57.527+0000] {dagbag.py:539} INFO - Filling up the DagBag from /home/airflow/.local/lib/python3.8/site-packages/airflow/example_dags/example_dynamic_task_mapping.py
[2023-08-24T09:29:57.686+0000] {processor.py:839} INFO - DAG(s) dict_keys(['example_dynamic_task_mapping']) retrieved from /home/airflow/.local/lib/python3.8/site-packages/airflow/example_dags/example_dynamic_task_mapping.py
[2023-08-24T09:29:58.834+0000] {logging_mixin.py:151} INFO - [2023-08-24T09:29:58.825+0000] {manager.py:501} INFO - Created Permission View: can read on DAG:example_dynamic_task_mapping
[2023-08-24T09:29:59.026+0000] {logging_mixin.py:151} INFO - [2023-08-24T09:29:59.009+0000] {manager.py:501} INFO - Created Permission View: can edit on DAG:example_dynamic_task_mapping
[2023-08-24T09:29:59.265+0000] {logging_mixin.py:151} INFO - [2023-08-24T09:29:59.261+0000] {manager.py:501} INFO - Created Permission View: can delete on DAG:example_dynamic_task_mapping
[2023-08-24T09:29:59.486+0000] {logging_mixin.py:151} INFO - [2023-08-24T09:29:59.483+0000] {dag.py:2907} INFO - Sync 1 DAGs
[2023-08-24T09:29:59.800+0000] {logging_mixin.py:151} INFO - [2023-08-24T09:29:59.799+0000] {dag.py:2929} INFO - Creating ORM DAG for example_dynamic_task_mapping
[2023-08-24T09:29:59.954+0000] {logging_mixin.py:151} INFO - [2023-08-24T09:29:59.953+0000] {dag.py:3677} INFO - Setting next_dagrun for example_dynamic_task_mapping to 2022-03-04T00:00:00+00:00, run_after=2022-03-05T00:00:00+00:00
[2023-08-24T09:30:00.072+0000] {processor.py:179} INFO - Processing /home/airflow/.local/lib/python3.8/site-packages/airflow/example_dags/example_dynamic_task_mapping.py took 2.631 seconds
[2023-08-24T09:31:14.457+0000] {processor.py:157} INFO - Started process (PID=166) to work on /home/airflow/.local/lib/python3.8/site-packages/airflow/example_dags/example_dynamic_task_mapping.py
[2023-08-24T09:31:14.471+0000] {processor.py:829} INFO - Processing file /home/airflow/.local/lib/python3.8/site-packages/airflow/example_dags/example_dynamic_task_mapping.py for tasks to queue
[2023-08-24T09:31:14.580+0000] {logging_mixin.py:151} INFO - [2023-08-24T09:31:14.560+0000] {dagbag.py:539} INFO - Filling up the DagBag from /home/airflow/.local/lib/python3.8/site-packages/airflow/example_dags/example_dynamic_task_mapping.py
[2023-08-24T09:31:14.717+0000] {processor.py:839} INFO - DAG(s) dict_keys(['example_dynamic_task_mapping']) retrieved from /home/airflow/.local/lib/python3.8/site-packages/airflow/example_dags/example_dynamic_task_mapping.py
[2023-08-24T09:31:15.042+0000] {logging_mixin.py:151} INFO - [2023-08-24T09:31:15.042+0000] {dag.py:2907} INFO - Sync 1 DAGs
[2023-08-24T09:31:15.310+0000] {logging_mixin.py:151} INFO - [2023-08-24T09:31:15.310+0000] {dag.py:3677} INFO - Setting next_dagrun for example_dynamic_task_mapping to 2022-03-04T00:00:00+00:00, run_after=2022-03-05T00:00:00+00:00
[2023-08-24T09:31:15.524+0000] {processor.py:179} INFO - Processing /home/airflow/.local/lib/python3.8/site-packages/airflow/example_dags/example_dynamic_task_mapping.py took 1.181 seconds
[2023-08-24T09:32:09.466+0000] {processor.py:157} INFO - Started process (PID=228) to work on /home/airflow/.local/lib/python3.8/site-packages/airflow/example_dags/example_dynamic_task_mapping.py
[2023-08-24T09:32:09.517+0000] {processor.py:829} INFO - Processing file /home/airflow/.local/lib/python3.8/site-packages/airflow/example_dags/example_dynamic_task_mapping.py for tasks to queue
[2023-08-24T09:32:09.541+0000] {logging_mixin.py:151} INFO - [2023-08-24T09:32:09.538+0000] {dagbag.py:539} INFO - Filling up the DagBag from /home/airflow/.local/lib/python3.8/site-packages/airflow/example_dags/example_dynamic_task_mapping.py
[2023-08-24T09:32:09.797+0000] {processor.py:839} INFO - DAG(s) dict_keys(['example_dynamic_task_mapping']) retrieved from /home/airflow/.local/lib/python3.8/site-packages/airflow/example_dags/example_dynamic_task_mapping.py
[2023-08-24T09:32:10.293+0000] {logging_mixin.py:151} INFO - [2023-08-24T09:32:10.292+0000] {dag.py:2907} INFO - Sync 1 DAGs
[2023-08-24T09:32:10.790+0000] {logging_mixin.py:151} INFO - [2023-08-24T09:32:10.790+0000] {dag.py:3677} INFO - Setting next_dagrun for example_dynamic_task_mapping to 2022-03-04T00:00:00+00:00, run_after=2022-03-05T00:00:00+00:00
[2023-08-24T09:32:11.020+0000] {processor.py:179} INFO - Processing /home/airflow/.local/lib/python3.8/site-packages/airflow/example_dags/example_dynamic_task_mapping.py took 1.602 seconds
[2023-08-24T09:33:16.224+0000] {processor.py:157} INFO - Started process (PID=297) to work on /home/airflow/.local/lib/python3.8/site-packages/airflow/example_dags/example_dynamic_task_mapping.py
[2023-08-24T09:33:16.271+0000] {processor.py:829} INFO - Processing file /home/airflow/.local/lib/python3.8/site-packages/airflow/example_dags/example_dynamic_task_mapping.py for tasks to queue
[2023-08-24T09:33:16.346+0000] {logging_mixin.py:151} INFO - [2023-08-24T09:33:16.344+0000] {dagbag.py:539} INFO - Filling up the DagBag from /home/airflow/.local/lib/python3.8/site-packages/airflow/example_dags/example_dynamic_task_mapping.py
[2023-08-24T09:33:16.604+0000] {processor.py:839} INFO - DAG(s) dict_keys(['example_dynamic_task_mapping']) retrieved from /home/airflow/.local/lib/python3.8/site-packages/airflow/example_dags/example_dynamic_task_mapping.py
[2023-08-24T09:33:18.587+0000] {logging_mixin.py:151} INFO - [2023-08-24T09:33:18.532+0000] {dag.py:2907} INFO - Sync 1 DAGs
[2023-08-24T09:33:19.643+0000] {logging_mixin.py:151} INFO - [2023-08-24T09:33:19.623+0000] {dag.py:3677} INFO - Setting next_dagrun for example_dynamic_task_mapping to 2022-03-04T00:00:00+00:00, run_after=2022-03-05T00:00:00+00:00
[2023-08-24T09:33:19.854+0000] {processor.py:179} INFO - Processing /home/airflow/.local/lib/python3.8/site-packages/airflow/example_dags/example_dynamic_task_mapping.py took 3.692 seconds
[2023-08-24T09:33:55.661+0000] {processor.py:157} INFO - Started process (PID=354) to work on /home/airflow/.local/lib/python3.8/site-packages/airflow/example_dags/example_dynamic_task_mapping.py
[2023-08-24T09:33:55.665+0000] {processor.py:829} INFO - Processing file /home/airflow/.local/lib/python3.8/site-packages/airflow/example_dags/example_dynamic_task_mapping.py for tasks to queue
[2023-08-24T09:33:55.670+0000] {logging_mixin.py:151} INFO - [2023-08-24T09:33:55.669+0000] {dagbag.py:539} INFO - Filling up the DagBag from /home/airflow/.local/lib/python3.8/site-packages/airflow/example_dags/example_dynamic_task_mapping.py
[2023-08-24T09:33:55.683+0000] {processor.py:839} INFO - DAG(s) dict_keys(['example_dynamic_task_mapping']) retrieved from /home/airflow/.local/lib/python3.8/site-packages/airflow/example_dags/example_dynamic_task_mapping.py
[2023-08-24T09:33:55.719+0000] {logging_mixin.py:151} INFO - [2023-08-24T09:33:55.719+0000] {dag.py:2907} INFO - Sync 1 DAGs
[2023-08-24T09:33:55.750+0000] {logging_mixin.py:151} INFO - [2023-08-24T09:33:55.749+0000] {dag.py:3677} INFO - Setting next_dagrun for example_dynamic_task_mapping to 2022-03-04T00:00:00+00:00, run_after=2022-03-05T00:00:00+00:00
[2023-08-24T09:33:55.772+0000] {processor.py:179} INFO - Processing /home/airflow/.local/lib/python3.8/site-packages/airflow/example_dags/example_dynamic_task_mapping.py took 0.124 seconds
[2023-08-24T09:34:27.531+0000] {processor.py:157} INFO - Started process (PID=407) to work on /home/airflow/.local/lib/python3.8/site-packages/airflow/example_dags/example_dynamic_task_mapping.py
[2023-08-24T09:34:27.540+0000] {processor.py:829} INFO - Processing file /home/airflow/.local/lib/python3.8/site-packages/airflow/example_dags/example_dynamic_task_mapping.py for tasks to queue
[2023-08-24T09:34:27.558+0000] {logging_mixin.py:151} INFO - [2023-08-24T09:34:27.556+0000] {dagbag.py:539} INFO - Filling up the DagBag from /home/airflow/.local/lib/python3.8/site-packages/airflow/example_dags/example_dynamic_task_mapping.py
[2023-08-24T09:34:27.602+0000] {processor.py:839} INFO - DAG(s) dict_keys(['example_dynamic_task_mapping']) retrieved from /home/airflow/.local/lib/python3.8/site-packages/airflow/example_dags/example_dynamic_task_mapping.py
[2023-08-24T09:34:27.684+0000] {logging_mixin.py:151} INFO - [2023-08-24T09:34:27.683+0000] {dag.py:2907} INFO - Sync 1 DAGs
[2023-08-24T09:34:27.740+0000] {logging_mixin.py:151} INFO - [2023-08-24T09:34:27.739+0000] {dag.py:3677} INFO - Setting next_dagrun for example_dynamic_task_mapping to 2022-03-04T00:00:00+00:00, run_after=2022-03-05T00:00:00+00:00
[2023-08-24T09:34:27.789+0000] {processor.py:179} INFO - Processing /home/airflow/.local/lib/python3.8/site-packages/airflow/example_dags/example_dynamic_task_mapping.py took 0.286 seconds
[2023-08-24T09:34:58.664+0000] {processor.py:157} INFO - Started process (PID=462) to work on /home/airflow/.local/lib/python3.8/site-packages/airflow/example_dags/example_dynamic_task_mapping.py
[2023-08-24T09:34:58.683+0000] {processor.py:829} INFO - Processing file /home/airflow/.local/lib/python3.8/site-packages/airflow/example_dags/example_dynamic_task_mapping.py for tasks to queue
[2023-08-24T09:34:58.704+0000] {logging_mixin.py:151} INFO - [2023-08-24T09:34:58.703+0000] {dagbag.py:539} INFO - Filling up the DagBag from /home/airflow/.local/lib/python3.8/site-packages/airflow/example_dags/example_dynamic_task_mapping.py
[2023-08-24T09:34:58.766+0000] {processor.py:839} INFO - DAG(s) dict_keys(['example_dynamic_task_mapping']) retrieved from /home/airflow/.local/lib/python3.8/site-packages/airflow/example_dags/example_dynamic_task_mapping.py
[2023-08-24T09:34:58.837+0000] {logging_mixin.py:151} INFO - [2023-08-24T09:34:58.837+0000] {dag.py:2907} INFO - Sync 1 DAGs
[2023-08-24T09:34:58.904+0000] {logging_mixin.py:151} INFO - [2023-08-24T09:34:58.903+0000] {dag.py:3677} INFO - Setting next_dagrun for example_dynamic_task_mapping to 2022-03-04T00:00:00+00:00, run_after=2022-03-05T00:00:00+00:00
[2023-08-24T09:34:58.946+0000] {processor.py:179} INFO - Processing /home/airflow/.local/lib/python3.8/site-packages/airflow/example_dags/example_dynamic_task_mapping.py took 0.339 seconds
[2023-08-24T09:35:29.370+0000] {processor.py:157} INFO - Started process (PID=518) to work on /home/airflow/.local/lib/python3.8/site-packages/airflow/example_dags/example_dynamic_task_mapping.py
[2023-08-24T09:35:29.372+0000] {processor.py:829} INFO - Processing file /home/airflow/.local/lib/python3.8/site-packages/airflow/example_dags/example_dynamic_task_mapping.py for tasks to queue
[2023-08-24T09:35:29.378+0000] {logging_mixin.py:151} INFO - [2023-08-24T09:35:29.377+0000] {dagbag.py:539} INFO - Filling up the DagBag from /home/airflow/.local/lib/python3.8/site-packages/airflow/example_dags/example_dynamic_task_mapping.py
[2023-08-24T09:35:29.387+0000] {processor.py:839} INFO - DAG(s) dict_keys(['example_dynamic_task_mapping']) retrieved from /home/airflow/.local/lib/python3.8/site-packages/airflow/example_dags/example_dynamic_task_mapping.py
[2023-08-24T09:35:29.416+0000] {logging_mixin.py:151} INFO - [2023-08-24T09:35:29.416+0000] {dag.py:2907} INFO - Sync 1 DAGs
[2023-08-24T09:35:29.437+0000] {logging_mixin.py:151} INFO - [2023-08-24T09:35:29.437+0000] {dag.py:3677} INFO - Setting next_dagrun for example_dynamic_task_mapping to 2022-03-04T00:00:00+00:00, run_after=2022-03-05T00:00:00+00:00
[2023-08-24T09:35:29.454+0000] {processor.py:179} INFO - Processing /home/airflow/.local/lib/python3.8/site-packages/airflow/example_dags/example_dynamic_task_mapping.py took 0.090 seconds
[2023-08-24T09:36:00.214+0000] {processor.py:157} INFO - Started process (PID=574) to work on /home/airflow/.local/lib/python3.8/site-packages/airflow/example_dags/example_dynamic_task_mapping.py
[2023-08-24T09:36:00.223+0000] {processor.py:829} INFO - Processing file /home/airflow/.local/lib/python3.8/site-packages/airflow/example_dags/example_dynamic_task_mapping.py for tasks to queue
[2023-08-24T09:36:00.234+0000] {logging_mixin.py:151} INFO - [2023-08-24T09:36:00.233+0000] {dagbag.py:539} INFO - Filling up the DagBag from /home/airflow/.local/lib/python3.8/site-packages/airflow/example_dags/example_dynamic_task_mapping.py
[2023-08-24T09:36:00.268+0000] {processor.py:839} INFO - DAG(s) dict_keys(['example_dynamic_task_mapping']) retrieved from /home/airflow/.local/lib/python3.8/site-packages/airflow/example_dags/example_dynamic_task_mapping.py
[2023-08-24T09:36:00.352+0000] {logging_mixin.py:151} INFO - [2023-08-24T09:36:00.351+0000] {dag.py:2907} INFO - Sync 1 DAGs
[2023-08-24T09:36:00.402+0000] {logging_mixin.py:151} INFO - [2023-08-24T09:36:00.401+0000] {dag.py:3677} INFO - Setting next_dagrun for example_dynamic_task_mapping to 2022-03-04T00:00:00+00:00, run_after=2022-03-05T00:00:00+00:00
[2023-08-24T09:36:00.432+0000] {processor.py:179} INFO - Processing /home/airflow/.local/lib/python3.8/site-packages/airflow/example_dags/example_dynamic_task_mapping.py took 0.237 seconds
[2023-08-24T09:36:30.622+0000] {processor.py:157} INFO - Started process (PID=630) to work on /home/airflow/.local/lib/python3.8/site-packages/airflow/example_dags/example_dynamic_task_mapping.py
[2023-08-24T09:36:30.625+0000] {processor.py:829} INFO - Processing file /home/airflow/.local/lib/python3.8/site-packages/airflow/example_dags/example_dynamic_task_mapping.py for tasks to queue
[2023-08-24T09:36:30.628+0000] {logging_mixin.py:151} INFO - [2023-08-24T09:36:30.628+0000] {dagbag.py:539} INFO - Filling up the DagBag from /home/airflow/.local/lib/python3.8/site-packages/airflow/example_dags/example_dynamic_task_mapping.py
[2023-08-24T09:36:30.636+0000] {processor.py:839} INFO - DAG(s) dict_keys(['example_dynamic_task_mapping']) retrieved from /home/airflow/.local/lib/python3.8/site-packages/airflow/example_dags/example_dynamic_task_mapping.py
[2023-08-24T09:36:30.664+0000] {logging_mixin.py:151} INFO - [2023-08-24T09:36:30.664+0000] {dag.py:2907} INFO - Sync 1 DAGs
[2023-08-24T09:36:30.686+0000] {logging_mixin.py:151} INFO - [2023-08-24T09:36:30.686+0000] {dag.py:3677} INFO - Setting next_dagrun for example_dynamic_task_mapping to 2022-03-04T00:00:00+00:00, run_after=2022-03-05T00:00:00+00:00
[2023-08-24T09:36:30.703+0000] {processor.py:179} INFO - Processing /home/airflow/.local/lib/python3.8/site-packages/airflow/example_dags/example_dynamic_task_mapping.py took 0.086 seconds
