[2023-08-24T09:29:22.728+0000] {processor.py:157} INFO - Started process (PID=71) to work on /home/airflow/.local/lib/python3.8/site-packages/airflow/example_dags/example_xcom.py
[2023-08-24T09:29:22.752+0000] {processor.py:829} INFO - Processing file /home/airflow/.local/lib/python3.8/site-packages/airflow/example_dags/example_xcom.py for tasks to queue
[2023-08-24T09:29:22.780+0000] {logging_mixin.py:151} INFO - [2023-08-24T09:29:22.777+0000] {dagbag.py:539} INFO - Filling up the DagBag from /home/airflow/.local/lib/python3.8/site-packages/airflow/example_dags/example_xcom.py
[2023-08-24T09:29:22.897+0000] {processor.py:839} INFO - DAG(s) dict_keys(['example_xcom']) retrieved from /home/airflow/.local/lib/python3.8/site-packages/airflow/example_dags/example_xcom.py
[2023-08-24T09:29:24.892+0000] {logging_mixin.py:151} INFO - [2023-08-24T09:29:24.872+0000] {manager.py:501} INFO - Created Permission View: can read on DAG:example_xcom
[2023-08-24T09:29:25.025+0000] {logging_mixin.py:151} INFO - [2023-08-24T09:29:25.023+0000] {manager.py:501} INFO - Created Permission View: can edit on DAG:example_xcom
[2023-08-24T09:29:25.101+0000] {logging_mixin.py:151} INFO - [2023-08-24T09:29:25.100+0000] {manager.py:501} INFO - Created Permission View: can delete on DAG:example_xcom
[2023-08-24T09:29:25.232+0000] {logging_mixin.py:151} INFO - [2023-08-24T09:29:25.231+0000] {dag.py:2907} INFO - Sync 1 DAGs
[2023-08-24T09:29:25.445+0000] {logging_mixin.py:151} INFO - [2023-08-24T09:29:25.435+0000] {dag.py:2929} INFO - Creating ORM DAG for example_xcom
[2023-08-24T09:29:25.534+0000] {logging_mixin.py:151} INFO - [2023-08-24T09:29:25.533+0000] {dag.py:3677} INFO - Setting next_dagrun for example_xcom to 2021-01-01T00:00:00+00:00, run_after=2021-01-01T00:00:00+00:00
[2023-08-24T09:29:25.809+0000] {processor.py:179} INFO - Processing /home/airflow/.local/lib/python3.8/site-packages/airflow/example_dags/example_xcom.py took 3.129 seconds
[2023-08-24T09:31:04.571+0000] {processor.py:157} INFO - Started process (PID=147) to work on /home/airflow/.local/lib/python3.8/site-packages/airflow/example_dags/example_xcom.py
[2023-08-24T09:31:04.594+0000] {processor.py:829} INFO - Processing file /home/airflow/.local/lib/python3.8/site-packages/airflow/example_dags/example_xcom.py for tasks to queue
[2023-08-24T09:31:04.615+0000] {logging_mixin.py:151} INFO - [2023-08-24T09:31:04.613+0000] {dagbag.py:539} INFO - Filling up the DagBag from /home/airflow/.local/lib/python3.8/site-packages/airflow/example_dags/example_xcom.py
[2023-08-24T09:31:04.709+0000] {processor.py:839} INFO - DAG(s) dict_keys(['example_xcom']) retrieved from /home/airflow/.local/lib/python3.8/site-packages/airflow/example_dags/example_xcom.py
[2023-08-24T09:31:05.218+0000] {logging_mixin.py:151} INFO - [2023-08-24T09:31:05.215+0000] {dag.py:2907} INFO - Sync 1 DAGs
[2023-08-24T09:31:05.450+0000] {logging_mixin.py:151} INFO - [2023-08-24T09:31:05.448+0000] {dag.py:3677} INFO - Setting next_dagrun for example_xcom to 2021-01-01T00:00:00+00:00, run_after=2021-01-01T00:00:00+00:00
[2023-08-24T09:31:05.635+0000] {processor.py:179} INFO - Processing /home/airflow/.local/lib/python3.8/site-packages/airflow/example_dags/example_xcom.py took 1.125 seconds
[2023-08-24T09:31:41.530+0000] {processor.py:157} INFO - Started process (PID=203) to work on /home/airflow/.local/lib/python3.8/site-packages/airflow/example_dags/example_xcom.py
[2023-08-24T09:31:41.540+0000] {processor.py:829} INFO - Processing file /home/airflow/.local/lib/python3.8/site-packages/airflow/example_dags/example_xcom.py for tasks to queue
[2023-08-24T09:31:41.604+0000] {logging_mixin.py:151} INFO - [2023-08-24T09:31:41.603+0000] {dagbag.py:539} INFO - Filling up the DagBag from /home/airflow/.local/lib/python3.8/site-packages/airflow/example_dags/example_xcom.py
[2023-08-24T09:31:41.643+0000] {processor.py:839} INFO - DAG(s) dict_keys(['example_xcom']) retrieved from /home/airflow/.local/lib/python3.8/site-packages/airflow/example_dags/example_xcom.py
[2023-08-24T09:31:41.809+0000] {logging_mixin.py:151} INFO - [2023-08-24T09:31:41.805+0000] {dag.py:2907} INFO - Sync 1 DAGs
[2023-08-24T09:31:41.932+0000] {logging_mixin.py:151} INFO - [2023-08-24T09:31:41.931+0000] {dag.py:3677} INFO - Setting next_dagrun for example_xcom to 2021-01-01T00:00:00+00:00, run_after=2021-01-01T00:00:00+00:00
[2023-08-24T09:31:42.065+0000] {processor.py:179} INFO - Processing /home/airflow/.local/lib/python3.8/site-packages/airflow/example_dags/example_xcom.py took 0.557 seconds
[2023-08-24T09:33:04.159+0000] {processor.py:157} INFO - Started process (PID=276) to work on /home/airflow/.local/lib/python3.8/site-packages/airflow/example_dags/example_xcom.py
[2023-08-24T09:33:04.166+0000] {processor.py:829} INFO - Processing file /home/airflow/.local/lib/python3.8/site-packages/airflow/example_dags/example_xcom.py for tasks to queue
[2023-08-24T09:33:04.180+0000] {logging_mixin.py:151} INFO - [2023-08-24T09:33:04.179+0000] {dagbag.py:539} INFO - Filling up the DagBag from /home/airflow/.local/lib/python3.8/site-packages/airflow/example_dags/example_xcom.py
[2023-08-24T09:33:04.282+0000] {processor.py:839} INFO - DAG(s) dict_keys(['example_xcom']) retrieved from /home/airflow/.local/lib/python3.8/site-packages/airflow/example_dags/example_xcom.py
[2023-08-24T09:33:04.401+0000] {logging_mixin.py:151} INFO - [2023-08-24T09:33:04.400+0000] {dag.py:2907} INFO - Sync 1 DAGs
[2023-08-24T09:33:04.484+0000] {logging_mixin.py:151} INFO - [2023-08-24T09:33:04.483+0000] {dag.py:3677} INFO - Setting next_dagrun for example_xcom to 2021-01-01T00:00:00+00:00, run_after=2021-01-01T00:00:00+00:00
[2023-08-24T09:33:04.559+0000] {processor.py:179} INFO - Processing /home/airflow/.local/lib/python3.8/site-packages/airflow/example_dags/example_xcom.py took 0.423 seconds
[2023-08-24T09:33:53.071+0000] {processor.py:157} INFO - Started process (PID=334) to work on /home/airflow/.local/lib/python3.8/site-packages/airflow/example_dags/example_xcom.py
[2023-08-24T09:33:53.080+0000] {processor.py:829} INFO - Processing file /home/airflow/.local/lib/python3.8/site-packages/airflow/example_dags/example_xcom.py for tasks to queue
[2023-08-24T09:33:53.093+0000] {logging_mixin.py:151} INFO - [2023-08-24T09:33:53.092+0000] {dagbag.py:539} INFO - Filling up the DagBag from /home/airflow/.local/lib/python3.8/site-packages/airflow/example_dags/example_xcom.py
[2023-08-24T09:33:53.107+0000] {processor.py:839} INFO - DAG(s) dict_keys(['example_xcom']) retrieved from /home/airflow/.local/lib/python3.8/site-packages/airflow/example_dags/example_xcom.py
[2023-08-24T09:33:53.163+0000] {logging_mixin.py:151} INFO - [2023-08-24T09:33:53.163+0000] {dag.py:2907} INFO - Sync 1 DAGs
[2023-08-24T09:33:53.207+0000] {logging_mixin.py:151} INFO - [2023-08-24T09:33:53.207+0000] {dag.py:3677} INFO - Setting next_dagrun for example_xcom to 2021-01-01T00:00:00+00:00, run_after=2021-01-01T00:00:00+00:00
[2023-08-24T09:33:53.272+0000] {processor.py:179} INFO - Processing /home/airflow/.local/lib/python3.8/site-packages/airflow/example_dags/example_xcom.py took 0.236 seconds
[2023-08-24T09:34:23.787+0000] {processor.py:157} INFO - Started process (PID=390) to work on /home/airflow/.local/lib/python3.8/site-packages/airflow/example_dags/example_xcom.py
[2023-08-24T09:34:23.790+0000] {processor.py:829} INFO - Processing file /home/airflow/.local/lib/python3.8/site-packages/airflow/example_dags/example_xcom.py for tasks to queue
[2023-08-24T09:34:23.793+0000] {logging_mixin.py:151} INFO - [2023-08-24T09:34:23.793+0000] {dagbag.py:539} INFO - Filling up the DagBag from /home/airflow/.local/lib/python3.8/site-packages/airflow/example_dags/example_xcom.py
[2023-08-24T09:34:23.803+0000] {processor.py:839} INFO - DAG(s) dict_keys(['example_xcom']) retrieved from /home/airflow/.local/lib/python3.8/site-packages/airflow/example_dags/example_xcom.py
[2023-08-24T09:34:23.831+0000] {logging_mixin.py:151} INFO - [2023-08-24T09:34:23.831+0000] {dag.py:2907} INFO - Sync 1 DAGs
[2023-08-24T09:34:23.851+0000] {logging_mixin.py:151} INFO - [2023-08-24T09:34:23.850+0000] {dag.py:3677} INFO - Setting next_dagrun for example_xcom to 2021-01-01T00:00:00+00:00, run_after=2021-01-01T00:00:00+00:00
[2023-08-24T09:34:23.877+0000] {processor.py:179} INFO - Processing /home/airflow/.local/lib/python3.8/site-packages/airflow/example_dags/example_xcom.py took 0.095 seconds
[2023-08-24T09:34:54.152+0000] {processor.py:157} INFO - Started process (PID=445) to work on /home/airflow/.local/lib/python3.8/site-packages/airflow/example_dags/example_xcom.py
[2023-08-24T09:34:54.155+0000] {processor.py:829} INFO - Processing file /home/airflow/.local/lib/python3.8/site-packages/airflow/example_dags/example_xcom.py for tasks to queue
[2023-08-24T09:34:54.159+0000] {logging_mixin.py:151} INFO - [2023-08-24T09:34:54.159+0000] {dagbag.py:539} INFO - Filling up the DagBag from /home/airflow/.local/lib/python3.8/site-packages/airflow/example_dags/example_xcom.py
[2023-08-24T09:34:54.168+0000] {processor.py:839} INFO - DAG(s) dict_keys(['example_xcom']) retrieved from /home/airflow/.local/lib/python3.8/site-packages/airflow/example_dags/example_xcom.py
[2023-08-24T09:34:54.195+0000] {logging_mixin.py:151} INFO - [2023-08-24T09:34:54.195+0000] {dag.py:2907} INFO - Sync 1 DAGs
[2023-08-24T09:34:54.218+0000] {logging_mixin.py:151} INFO - [2023-08-24T09:34:54.218+0000] {dag.py:3677} INFO - Setting next_dagrun for example_xcom to 2021-01-01T00:00:00+00:00, run_after=2021-01-01T00:00:00+00:00
[2023-08-24T09:34:54.240+0000] {processor.py:179} INFO - Processing /home/airflow/.local/lib/python3.8/site-packages/airflow/example_dags/example_xcom.py took 0.096 seconds
[2023-08-24T09:35:24.312+0000] {processor.py:157} INFO - Started process (PID=501) to work on /home/airflow/.local/lib/python3.8/site-packages/airflow/example_dags/example_xcom.py
[2023-08-24T09:35:24.315+0000] {processor.py:829} INFO - Processing file /home/airflow/.local/lib/python3.8/site-packages/airflow/example_dags/example_xcom.py for tasks to queue
[2023-08-24T09:35:24.319+0000] {logging_mixin.py:151} INFO - [2023-08-24T09:35:24.318+0000] {dagbag.py:539} INFO - Filling up the DagBag from /home/airflow/.local/lib/python3.8/site-packages/airflow/example_dags/example_xcom.py
[2023-08-24T09:35:24.329+0000] {processor.py:839} INFO - DAG(s) dict_keys(['example_xcom']) retrieved from /home/airflow/.local/lib/python3.8/site-packages/airflow/example_dags/example_xcom.py
[2023-08-24T09:35:24.360+0000] {logging_mixin.py:151} INFO - [2023-08-24T09:35:24.359+0000] {dag.py:2907} INFO - Sync 1 DAGs
[2023-08-24T09:35:24.380+0000] {logging_mixin.py:151} INFO - [2023-08-24T09:35:24.380+0000] {dag.py:3677} INFO - Setting next_dagrun for example_xcom to 2021-01-01T00:00:00+00:00, run_after=2021-01-01T00:00:00+00:00
[2023-08-24T09:35:24.397+0000] {processor.py:179} INFO - Processing /home/airflow/.local/lib/python3.8/site-packages/airflow/example_dags/example_xcom.py took 0.090 seconds
[2023-08-24T09:35:54.986+0000] {processor.py:157} INFO - Started process (PID=557) to work on /home/airflow/.local/lib/python3.8/site-packages/airflow/example_dags/example_xcom.py
[2023-08-24T09:35:54.989+0000] {processor.py:829} INFO - Processing file /home/airflow/.local/lib/python3.8/site-packages/airflow/example_dags/example_xcom.py for tasks to queue
[2023-08-24T09:35:54.994+0000] {logging_mixin.py:151} INFO - [2023-08-24T09:35:54.993+0000] {dagbag.py:539} INFO - Filling up the DagBag from /home/airflow/.local/lib/python3.8/site-packages/airflow/example_dags/example_xcom.py
[2023-08-24T09:35:55.009+0000] {processor.py:839} INFO - DAG(s) dict_keys(['example_xcom']) retrieved from /home/airflow/.local/lib/python3.8/site-packages/airflow/example_dags/example_xcom.py
[2023-08-24T09:35:55.049+0000] {logging_mixin.py:151} INFO - [2023-08-24T09:35:55.049+0000] {dag.py:2907} INFO - Sync 1 DAGs
[2023-08-24T09:35:55.074+0000] {logging_mixin.py:151} INFO - [2023-08-24T09:35:55.074+0000] {dag.py:3677} INFO - Setting next_dagrun for example_xcom to 2021-01-01T00:00:00+00:00, run_after=2021-01-01T00:00:00+00:00
[2023-08-24T09:35:55.094+0000] {processor.py:179} INFO - Processing /home/airflow/.local/lib/python3.8/site-packages/airflow/example_dags/example_xcom.py took 0.112 seconds
[2023-08-24T09:36:25.475+0000] {processor.py:157} INFO - Started process (PID=613) to work on /home/airflow/.local/lib/python3.8/site-packages/airflow/example_dags/example_xcom.py
[2023-08-24T09:36:25.477+0000] {processor.py:829} INFO - Processing file /home/airflow/.local/lib/python3.8/site-packages/airflow/example_dags/example_xcom.py for tasks to queue
[2023-08-24T09:36:25.482+0000] {logging_mixin.py:151} INFO - [2023-08-24T09:36:25.481+0000] {dagbag.py:539} INFO - Filling up the DagBag from /home/airflow/.local/lib/python3.8/site-packages/airflow/example_dags/example_xcom.py
[2023-08-24T09:36:25.493+0000] {processor.py:839} INFO - DAG(s) dict_keys(['example_xcom']) retrieved from /home/airflow/.local/lib/python3.8/site-packages/airflow/example_dags/example_xcom.py
[2023-08-24T09:36:25.526+0000] {logging_mixin.py:151} INFO - [2023-08-24T09:36:25.526+0000] {dag.py:2907} INFO - Sync 1 DAGs
[2023-08-24T09:36:25.552+0000] {logging_mixin.py:151} INFO - [2023-08-24T09:36:25.552+0000] {dag.py:3677} INFO - Setting next_dagrun for example_xcom to 2021-01-01T00:00:00+00:00, run_after=2021-01-01T00:00:00+00:00
[2023-08-24T09:36:25.578+0000] {processor.py:179} INFO - Processing /home/airflow/.local/lib/python3.8/site-packages/airflow/example_dags/example_xcom.py took 0.110 seconds
[2023-08-24T09:36:55.987+0000] {processor.py:157} INFO - Started process (PID=669) to work on /home/airflow/.local/lib/python3.8/site-packages/airflow/example_dags/example_xcom.py
[2023-08-24T09:36:55.990+0000] {processor.py:829} INFO - Processing file /home/airflow/.local/lib/python3.8/site-packages/airflow/example_dags/example_xcom.py for tasks to queue
[2023-08-24T09:36:55.995+0000] {logging_mixin.py:151} INFO - [2023-08-24T09:36:55.994+0000] {dagbag.py:539} INFO - Filling up the DagBag from /home/airflow/.local/lib/python3.8/site-packages/airflow/example_dags/example_xcom.py
[2023-08-24T09:36:56.005+0000] {processor.py:839} INFO - DAG(s) dict_keys(['example_xcom']) retrieved from /home/airflow/.local/lib/python3.8/site-packages/airflow/example_dags/example_xcom.py
[2023-08-24T09:36:56.035+0000] {logging_mixin.py:151} INFO - [2023-08-24T09:36:56.035+0000] {dag.py:2907} INFO - Sync 1 DAGs
[2023-08-24T09:36:56.059+0000] {logging_mixin.py:151} INFO - [2023-08-24T09:36:56.059+0000] {dag.py:3677} INFO - Setting next_dagrun for example_xcom to 2021-01-01T00:00:00+00:00, run_after=2021-01-01T00:00:00+00:00
[2023-08-24T09:36:56.078+0000] {processor.py:179} INFO - Processing /home/airflow/.local/lib/python3.8/site-packages/airflow/example_dags/example_xcom.py took 0.096 seconds
