[2023-08-24T09:29:30.991+0000] {processor.py:157} INFO - Started process (PID=81) to work on /home/airflow/.local/lib/python3.8/site-packages/airflow/example_dags/example_trigger_controller_dag.py
[2023-08-24T09:29:31.034+0000] {processor.py:829} INFO - Processing file /home/airflow/.local/lib/python3.8/site-packages/airflow/example_dags/example_trigger_controller_dag.py for tasks to queue
[2023-08-24T09:29:31.101+0000] {logging_mixin.py:151} INFO - [2023-08-24T09:29:31.097+0000] {dagbag.py:539} INFO - Filling up the DagBag from /home/airflow/.local/lib/python3.8/site-packages/airflow/example_dags/example_trigger_controller_dag.py
[2023-08-24T09:29:31.267+0000] {processor.py:839} INFO - DAG(s) dict_keys(['example_trigger_controller_dag']) retrieved from /home/airflow/.local/lib/python3.8/site-packages/airflow/example_dags/example_trigger_controller_dag.py
[2023-08-24T09:29:33.893+0000] {logging_mixin.py:151} INFO - [2023-08-24T09:29:33.868+0000] {manager.py:501} INFO - Created Permission View: can read on DAG:example_trigger_controller_dag
[2023-08-24T09:29:34.190+0000] {logging_mixin.py:151} INFO - [2023-08-24T09:29:34.189+0000] {manager.py:501} INFO - Created Permission View: can edit on DAG:example_trigger_controller_dag
[2023-08-24T09:29:34.226+0000] {logging_mixin.py:151} INFO - [2023-08-24T09:29:34.224+0000] {manager.py:501} INFO - Created Permission View: can delete on DAG:example_trigger_controller_dag
[2023-08-24T09:29:34.374+0000] {logging_mixin.py:151} INFO - [2023-08-24T09:29:34.373+0000] {dag.py:2907} INFO - Sync 1 DAGs
[2023-08-24T09:29:34.618+0000] {logging_mixin.py:151} INFO - [2023-08-24T09:29:34.617+0000] {dag.py:2929} INFO - Creating ORM DAG for example_trigger_controller_dag
[2023-08-24T09:29:35.509+0000] {logging_mixin.py:151} INFO - [2023-08-24T09:29:35.502+0000] {dag.py:3677} INFO - Setting next_dagrun for example_trigger_controller_dag to 2021-01-01T00:00:00+00:00, run_after=2021-01-01T00:00:00+00:00
[2023-08-24T09:29:37.145+0000] {processor.py:179} INFO - Processing /home/airflow/.local/lib/python3.8/site-packages/airflow/example_dags/example_trigger_controller_dag.py took 6.213 seconds
[2023-08-24T09:31:06.427+0000] {processor.py:157} INFO - Started process (PID=151) to work on /home/airflow/.local/lib/python3.8/site-packages/airflow/example_dags/example_trigger_controller_dag.py
[2023-08-24T09:31:06.437+0000] {processor.py:829} INFO - Processing file /home/airflow/.local/lib/python3.8/site-packages/airflow/example_dags/example_trigger_controller_dag.py for tasks to queue
[2023-08-24T09:31:06.448+0000] {logging_mixin.py:151} INFO - [2023-08-24T09:31:06.447+0000] {dagbag.py:539} INFO - Filling up the DagBag from /home/airflow/.local/lib/python3.8/site-packages/airflow/example_dags/example_trigger_controller_dag.py
[2023-08-24T09:31:06.466+0000] {processor.py:839} INFO - DAG(s) dict_keys(['example_trigger_controller_dag']) retrieved from /home/airflow/.local/lib/python3.8/site-packages/airflow/example_dags/example_trigger_controller_dag.py
[2023-08-24T09:31:06.545+0000] {logging_mixin.py:151} INFO - [2023-08-24T09:31:06.544+0000] {dag.py:2907} INFO - Sync 1 DAGs
[2023-08-24T09:31:06.627+0000] {logging_mixin.py:151} INFO - [2023-08-24T09:31:06.627+0000] {dag.py:3677} INFO - Setting next_dagrun for example_trigger_controller_dag to 2021-01-01T00:00:00+00:00, run_after=2021-01-01T00:00:00+00:00
[2023-08-24T09:31:06.729+0000] {processor.py:179} INFO - Processing /home/airflow/.local/lib/python3.8/site-packages/airflow/example_dags/example_trigger_controller_dag.py took 0.313 seconds
[2023-08-24T09:31:43.382+0000] {processor.py:157} INFO - Started process (PID=207) to work on /home/airflow/.local/lib/python3.8/site-packages/airflow/example_dags/example_trigger_controller_dag.py
[2023-08-24T09:31:43.392+0000] {processor.py:829} INFO - Processing file /home/airflow/.local/lib/python3.8/site-packages/airflow/example_dags/example_trigger_controller_dag.py for tasks to queue
[2023-08-24T09:31:43.411+0000] {logging_mixin.py:151} INFO - [2023-08-24T09:31:43.409+0000] {dagbag.py:539} INFO - Filling up the DagBag from /home/airflow/.local/lib/python3.8/site-packages/airflow/example_dags/example_trigger_controller_dag.py
[2023-08-24T09:31:43.433+0000] {processor.py:839} INFO - DAG(s) dict_keys(['example_trigger_controller_dag']) retrieved from /home/airflow/.local/lib/python3.8/site-packages/airflow/example_dags/example_trigger_controller_dag.py
[2023-08-24T09:31:43.595+0000] {logging_mixin.py:151} INFO - [2023-08-24T09:31:43.595+0000] {dag.py:2907} INFO - Sync 1 DAGs
[2023-08-24T09:31:43.720+0000] {logging_mixin.py:151} INFO - [2023-08-24T09:31:43.720+0000] {dag.py:3677} INFO - Setting next_dagrun for example_trigger_controller_dag to 2021-01-01T00:00:00+00:00, run_after=2021-01-01T00:00:00+00:00
[2023-08-24T09:31:43.851+0000] {processor.py:179} INFO - Processing /home/airflow/.local/lib/python3.8/site-packages/airflow/example_dags/example_trigger_controller_dag.py took 0.502 seconds
[2023-08-24T09:33:05.810+0000] {processor.py:157} INFO - Started process (PID=280) to work on /home/airflow/.local/lib/python3.8/site-packages/airflow/example_dags/example_trigger_controller_dag.py
[2023-08-24T09:33:05.819+0000] {processor.py:829} INFO - Processing file /home/airflow/.local/lib/python3.8/site-packages/airflow/example_dags/example_trigger_controller_dag.py for tasks to queue
[2023-08-24T09:33:05.863+0000] {logging_mixin.py:151} INFO - [2023-08-24T09:33:05.861+0000] {dagbag.py:539} INFO - Filling up the DagBag from /home/airflow/.local/lib/python3.8/site-packages/airflow/example_dags/example_trigger_controller_dag.py
[2023-08-24T09:33:05.900+0000] {processor.py:839} INFO - DAG(s) dict_keys(['example_trigger_controller_dag']) retrieved from /home/airflow/.local/lib/python3.8/site-packages/airflow/example_dags/example_trigger_controller_dag.py
[2023-08-24T09:33:06.034+0000] {logging_mixin.py:151} INFO - [2023-08-24T09:33:06.034+0000] {dag.py:2907} INFO - Sync 1 DAGs
[2023-08-24T09:33:06.127+0000] {logging_mixin.py:151} INFO - [2023-08-24T09:33:06.127+0000] {dag.py:3677} INFO - Setting next_dagrun for example_trigger_controller_dag to 2021-01-01T00:00:00+00:00, run_after=2021-01-01T00:00:00+00:00
[2023-08-24T09:33:06.223+0000] {processor.py:179} INFO - Processing /home/airflow/.local/lib/python3.8/site-packages/airflow/example_dags/example_trigger_controller_dag.py took 0.424 seconds
[2023-08-24T09:33:53.743+0000] {processor.py:157} INFO - Started process (PID=338) to work on /home/airflow/.local/lib/python3.8/site-packages/airflow/example_dags/example_trigger_controller_dag.py
[2023-08-24T09:33:53.765+0000] {processor.py:829} INFO - Processing file /home/airflow/.local/lib/python3.8/site-packages/airflow/example_dags/example_trigger_controller_dag.py for tasks to queue
[2023-08-24T09:33:53.772+0000] {logging_mixin.py:151} INFO - [2023-08-24T09:33:53.771+0000] {dagbag.py:539} INFO - Filling up the DagBag from /home/airflow/.local/lib/python3.8/site-packages/airflow/example_dags/example_trigger_controller_dag.py
[2023-08-24T09:33:53.797+0000] {processor.py:839} INFO - DAG(s) dict_keys(['example_trigger_controller_dag']) retrieved from /home/airflow/.local/lib/python3.8/site-packages/airflow/example_dags/example_trigger_controller_dag.py
[2023-08-24T09:33:53.926+0000] {logging_mixin.py:151} INFO - [2023-08-24T09:33:53.925+0000] {dag.py:2907} INFO - Sync 1 DAGs
[2023-08-24T09:33:54.005+0000] {logging_mixin.py:151} INFO - [2023-08-24T09:33:54.005+0000] {dag.py:3677} INFO - Setting next_dagrun for example_trigger_controller_dag to 2021-01-01T00:00:00+00:00, run_after=2021-01-01T00:00:00+00:00
[2023-08-24T09:33:54.036+0000] {processor.py:179} INFO - Processing /home/airflow/.local/lib/python3.8/site-packages/airflow/example_dags/example_trigger_controller_dag.py took 0.301 seconds
[2023-08-24T09:34:24.160+0000] {processor.py:157} INFO - Started process (PID=394) to work on /home/airflow/.local/lib/python3.8/site-packages/airflow/example_dags/example_trigger_controller_dag.py
[2023-08-24T09:34:24.163+0000] {processor.py:829} INFO - Processing file /home/airflow/.local/lib/python3.8/site-packages/airflow/example_dags/example_trigger_controller_dag.py for tasks to queue
[2023-08-24T09:34:24.168+0000] {logging_mixin.py:151} INFO - [2023-08-24T09:34:24.167+0000] {dagbag.py:539} INFO - Filling up the DagBag from /home/airflow/.local/lib/python3.8/site-packages/airflow/example_dags/example_trigger_controller_dag.py
[2023-08-24T09:34:24.175+0000] {processor.py:839} INFO - DAG(s) dict_keys(['example_trigger_controller_dag']) retrieved from /home/airflow/.local/lib/python3.8/site-packages/airflow/example_dags/example_trigger_controller_dag.py
[2023-08-24T09:34:24.208+0000] {logging_mixin.py:151} INFO - [2023-08-24T09:34:24.208+0000] {dag.py:2907} INFO - Sync 1 DAGs
[2023-08-24T09:34:24.229+0000] {logging_mixin.py:151} INFO - [2023-08-24T09:34:24.229+0000] {dag.py:3677} INFO - Setting next_dagrun for example_trigger_controller_dag to 2021-01-01T00:00:00+00:00, run_after=2021-01-01T00:00:00+00:00
[2023-08-24T09:34:24.247+0000] {processor.py:179} INFO - Processing /home/airflow/.local/lib/python3.8/site-packages/airflow/example_dags/example_trigger_controller_dag.py took 0.092 seconds
[2023-08-24T09:34:54.393+0000] {processor.py:157} INFO - Started process (PID=449) to work on /home/airflow/.local/lib/python3.8/site-packages/airflow/example_dags/example_trigger_controller_dag.py
[2023-08-24T09:34:54.395+0000] {processor.py:829} INFO - Processing file /home/airflow/.local/lib/python3.8/site-packages/airflow/example_dags/example_trigger_controller_dag.py for tasks to queue
[2023-08-24T09:34:54.399+0000] {logging_mixin.py:151} INFO - [2023-08-24T09:34:54.398+0000] {dagbag.py:539} INFO - Filling up the DagBag from /home/airflow/.local/lib/python3.8/site-packages/airflow/example_dags/example_trigger_controller_dag.py
[2023-08-24T09:34:54.406+0000] {processor.py:839} INFO - DAG(s) dict_keys(['example_trigger_controller_dag']) retrieved from /home/airflow/.local/lib/python3.8/site-packages/airflow/example_dags/example_trigger_controller_dag.py
[2023-08-24T09:34:54.435+0000] {logging_mixin.py:151} INFO - [2023-08-24T09:34:54.434+0000] {dag.py:2907} INFO - Sync 1 DAGs
[2023-08-24T09:34:54.454+0000] {logging_mixin.py:151} INFO - [2023-08-24T09:34:54.454+0000] {dag.py:3677} INFO - Setting next_dagrun for example_trigger_controller_dag to 2021-01-01T00:00:00+00:00, run_after=2021-01-01T00:00:00+00:00
[2023-08-24T09:34:54.474+0000] {processor.py:179} INFO - Processing /home/airflow/.local/lib/python3.8/site-packages/airflow/example_dags/example_trigger_controller_dag.py took 0.085 seconds
[2023-08-24T09:35:24.566+0000] {processor.py:157} INFO - Started process (PID=505) to work on /home/airflow/.local/lib/python3.8/site-packages/airflow/example_dags/example_trigger_controller_dag.py
[2023-08-24T09:35:24.569+0000] {processor.py:829} INFO - Processing file /home/airflow/.local/lib/python3.8/site-packages/airflow/example_dags/example_trigger_controller_dag.py for tasks to queue
[2023-08-24T09:35:24.573+0000] {logging_mixin.py:151} INFO - [2023-08-24T09:35:24.572+0000] {dagbag.py:539} INFO - Filling up the DagBag from /home/airflow/.local/lib/python3.8/site-packages/airflow/example_dags/example_trigger_controller_dag.py
[2023-08-24T09:35:24.580+0000] {processor.py:839} INFO - DAG(s) dict_keys(['example_trigger_controller_dag']) retrieved from /home/airflow/.local/lib/python3.8/site-packages/airflow/example_dags/example_trigger_controller_dag.py
[2023-08-24T09:35:24.609+0000] {logging_mixin.py:151} INFO - [2023-08-24T09:35:24.609+0000] {dag.py:2907} INFO - Sync 1 DAGs
[2023-08-24T09:35:24.628+0000] {logging_mixin.py:151} INFO - [2023-08-24T09:35:24.628+0000] {dag.py:3677} INFO - Setting next_dagrun for example_trigger_controller_dag to 2021-01-01T00:00:00+00:00, run_after=2021-01-01T00:00:00+00:00
[2023-08-24T09:35:24.644+0000] {processor.py:179} INFO - Processing /home/airflow/.local/lib/python3.8/site-packages/airflow/example_dags/example_trigger_controller_dag.py took 0.083 seconds
[2023-08-24T09:35:55.311+0000] {processor.py:157} INFO - Started process (PID=561) to work on /home/airflow/.local/lib/python3.8/site-packages/airflow/example_dags/example_trigger_controller_dag.py
[2023-08-24T09:35:55.314+0000] {processor.py:829} INFO - Processing file /home/airflow/.local/lib/python3.8/site-packages/airflow/example_dags/example_trigger_controller_dag.py for tasks to queue
[2023-08-24T09:35:55.319+0000] {logging_mixin.py:151} INFO - [2023-08-24T09:35:55.319+0000] {dagbag.py:539} INFO - Filling up the DagBag from /home/airflow/.local/lib/python3.8/site-packages/airflow/example_dags/example_trigger_controller_dag.py
[2023-08-24T09:35:55.326+0000] {processor.py:839} INFO - DAG(s) dict_keys(['example_trigger_controller_dag']) retrieved from /home/airflow/.local/lib/python3.8/site-packages/airflow/example_dags/example_trigger_controller_dag.py
[2023-08-24T09:35:55.356+0000] {logging_mixin.py:151} INFO - [2023-08-24T09:35:55.356+0000] {dag.py:2907} INFO - Sync 1 DAGs
[2023-08-24T09:35:55.382+0000] {logging_mixin.py:151} INFO - [2023-08-24T09:35:55.382+0000] {dag.py:3677} INFO - Setting next_dagrun for example_trigger_controller_dag to 2021-01-01T00:00:00+00:00, run_after=2021-01-01T00:00:00+00:00
[2023-08-24T09:35:55.398+0000] {processor.py:179} INFO - Processing /home/airflow/.local/lib/python3.8/site-packages/airflow/example_dags/example_trigger_controller_dag.py took 0.095 seconds
[2023-08-24T09:36:25.862+0000] {processor.py:157} INFO - Started process (PID=617) to work on /home/airflow/.local/lib/python3.8/site-packages/airflow/example_dags/example_trigger_controller_dag.py
[2023-08-24T09:36:25.865+0000] {processor.py:829} INFO - Processing file /home/airflow/.local/lib/python3.8/site-packages/airflow/example_dags/example_trigger_controller_dag.py for tasks to queue
[2023-08-24T09:36:25.869+0000] {logging_mixin.py:151} INFO - [2023-08-24T09:36:25.868+0000] {dagbag.py:539} INFO - Filling up the DagBag from /home/airflow/.local/lib/python3.8/site-packages/airflow/example_dags/example_trigger_controller_dag.py
[2023-08-24T09:36:25.875+0000] {processor.py:839} INFO - DAG(s) dict_keys(['example_trigger_controller_dag']) retrieved from /home/airflow/.local/lib/python3.8/site-packages/airflow/example_dags/example_trigger_controller_dag.py
[2023-08-24T09:36:25.903+0000] {logging_mixin.py:151} INFO - [2023-08-24T09:36:25.903+0000] {dag.py:2907} INFO - Sync 1 DAGs
[2023-08-24T09:36:25.923+0000] {logging_mixin.py:151} INFO - [2023-08-24T09:36:25.923+0000] {dag.py:3677} INFO - Setting next_dagrun for example_trigger_controller_dag to 2021-01-01T00:00:00+00:00, run_after=2021-01-01T00:00:00+00:00
[2023-08-24T09:36:25.939+0000] {processor.py:179} INFO - Processing /home/airflow/.local/lib/python3.8/site-packages/airflow/example_dags/example_trigger_controller_dag.py took 0.081 seconds
[2023-08-24T09:36:56.309+0000] {processor.py:157} INFO - Started process (PID=673) to work on /home/airflow/.local/lib/python3.8/site-packages/airflow/example_dags/example_trigger_controller_dag.py
[2023-08-24T09:36:56.312+0000] {processor.py:829} INFO - Processing file /home/airflow/.local/lib/python3.8/site-packages/airflow/example_dags/example_trigger_controller_dag.py for tasks to queue
[2023-08-24T09:36:56.318+0000] {logging_mixin.py:151} INFO - [2023-08-24T09:36:56.317+0000] {dagbag.py:539} INFO - Filling up the DagBag from /home/airflow/.local/lib/python3.8/site-packages/airflow/example_dags/example_trigger_controller_dag.py
[2023-08-24T09:36:56.325+0000] {processor.py:839} INFO - DAG(s) dict_keys(['example_trigger_controller_dag']) retrieved from /home/airflow/.local/lib/python3.8/site-packages/airflow/example_dags/example_trigger_controller_dag.py
[2023-08-24T09:36:56.355+0000] {logging_mixin.py:151} INFO - [2023-08-24T09:36:56.355+0000] {dag.py:2907} INFO - Sync 1 DAGs
[2023-08-24T09:36:56.377+0000] {logging_mixin.py:151} INFO - [2023-08-24T09:36:56.377+0000] {dag.py:3677} INFO - Setting next_dagrun for example_trigger_controller_dag to 2021-01-01T00:00:00+00:00, run_after=2021-01-01T00:00:00+00:00
[2023-08-24T09:36:56.403+0000] {processor.py:179} INFO - Processing /home/airflow/.local/lib/python3.8/site-packages/airflow/example_dags/example_trigger_controller_dag.py took 0.100 seconds
