[2023-08-24T09:30:13.015+0000] {processor.py:157} INFO - Started process (PID=105) to work on /home/airflow/.local/lib/python3.8/site-packages/airflow/example_dags/example_datasets.py
[2023-08-24T09:30:13.023+0000] {processor.py:829} INFO - Processing file /home/airflow/.local/lib/python3.8/site-packages/airflow/example_dags/example_datasets.py for tasks to queue
[2023-08-24T09:30:13.043+0000] {logging_mixin.py:151} INFO - [2023-08-24T09:30:13.041+0000] {dagbag.py:539} INFO - Filling up the DagBag from /home/airflow/.local/lib/python3.8/site-packages/airflow/example_dags/example_datasets.py
[2023-08-24T09:30:13.093+0000] {processor.py:839} INFO - DAG(s) dict_keys(['dataset_consumes_1_and_2', 'dataset_consumes_1_never_scheduled', 'dataset_consumes_1', 'dataset_consumes_unknown_never_scheduled', 'dataset_produces_2', 'dataset_produces_1']) retrieved from /home/airflow/.local/lib/python3.8/site-packages/airflow/example_dags/example_datasets.py
[2023-08-24T09:30:15.601+0000] {logging_mixin.py:151} INFO - [2023-08-24T09:30:15.543+0000] {manager.py:501} INFO - Created Permission View: can read on DAG:dataset_consumes_1_and_2
[2023-08-24T09:30:15.813+0000] {logging_mixin.py:151} INFO - [2023-08-24T09:30:15.811+0000] {manager.py:501} INFO - Created Permission View: can edit on DAG:dataset_consumes_1_and_2
[2023-08-24T09:30:15.880+0000] {logging_mixin.py:151} INFO - [2023-08-24T09:30:15.878+0000] {manager.py:501} INFO - Created Permission View: can delete on DAG:dataset_consumes_1_and_2
[2023-08-24T09:30:16.057+0000] {logging_mixin.py:151} INFO - [2023-08-24T09:30:16.057+0000] {manager.py:501} INFO - Created Permission View: can read on DAG:dataset_consumes_1_never_scheduled
[2023-08-24T09:30:16.135+0000] {logging_mixin.py:151} INFO - [2023-08-24T09:30:16.134+0000] {manager.py:501} INFO - Created Permission View: can edit on DAG:dataset_consumes_1_never_scheduled
[2023-08-24T09:30:16.207+0000] {logging_mixin.py:151} INFO - [2023-08-24T09:30:16.205+0000] {manager.py:501} INFO - Created Permission View: can delete on DAG:dataset_consumes_1_never_scheduled
[2023-08-24T09:30:16.625+0000] {logging_mixin.py:151} INFO - [2023-08-24T09:30:16.577+0000] {manager.py:501} INFO - Created Permission View: can read on DAG:dataset_consumes_1
[2023-08-24T09:30:16.763+0000] {logging_mixin.py:151} INFO - [2023-08-24T09:30:16.763+0000] {manager.py:501} INFO - Created Permission View: can edit on DAG:dataset_consumes_1
[2023-08-24T09:30:16.892+0000] {logging_mixin.py:151} INFO - [2023-08-24T09:30:16.891+0000] {manager.py:501} INFO - Created Permission View: can delete on DAG:dataset_consumes_1
[2023-08-24T09:30:17.065+0000] {logging_mixin.py:151} INFO - [2023-08-24T09:30:17.061+0000] {manager.py:501} INFO - Created Permission View: can read on DAG:dataset_consumes_unknown_never_scheduled
[2023-08-24T09:30:17.130+0000] {logging_mixin.py:151} INFO - [2023-08-24T09:30:17.128+0000] {manager.py:501} INFO - Created Permission View: can edit on DAG:dataset_consumes_unknown_never_scheduled
[2023-08-24T09:30:17.167+0000] {logging_mixin.py:151} INFO - [2023-08-24T09:30:17.166+0000] {manager.py:501} INFO - Created Permission View: can delete on DAG:dataset_consumes_unknown_never_scheduled
[2023-08-24T09:30:17.261+0000] {logging_mixin.py:151} INFO - [2023-08-24T09:30:17.261+0000] {manager.py:501} INFO - Created Permission View: can read on DAG:dataset_produces_2
[2023-08-24T09:30:17.284+0000] {logging_mixin.py:151} INFO - [2023-08-24T09:30:17.284+0000] {manager.py:501} INFO - Created Permission View: can edit on DAG:dataset_produces_2
[2023-08-24T09:30:17.308+0000] {logging_mixin.py:151} INFO - [2023-08-24T09:30:17.307+0000] {manager.py:501} INFO - Created Permission View: can delete on DAG:dataset_produces_2
[2023-08-24T09:30:17.428+0000] {logging_mixin.py:151} INFO - [2023-08-24T09:30:17.428+0000] {manager.py:501} INFO - Created Permission View: can read on DAG:dataset_produces_1
[2023-08-24T09:30:17.475+0000] {logging_mixin.py:151} INFO - [2023-08-24T09:30:17.474+0000] {manager.py:501} INFO - Created Permission View: can edit on DAG:dataset_produces_1
[2023-08-24T09:30:17.517+0000] {logging_mixin.py:151} INFO - [2023-08-24T09:30:17.516+0000] {manager.py:501} INFO - Created Permission View: can delete on DAG:dataset_produces_1
[2023-08-24T09:30:17.558+0000] {logging_mixin.py:151} INFO - [2023-08-24T09:30:17.558+0000] {dag.py:2907} INFO - Sync 6 DAGs
[2023-08-24T09:30:17.638+0000] {logging_mixin.py:151} INFO - [2023-08-24T09:30:17.637+0000] {dag.py:2929} INFO - Creating ORM DAG for dataset_consumes_unknown_never_scheduled
[2023-08-24T09:30:17.650+0000] {logging_mixin.py:151} INFO - [2023-08-24T09:30:17.649+0000] {dag.py:2929} INFO - Creating ORM DAG for dataset_consumes_1_never_scheduled
[2023-08-24T09:30:17.656+0000] {logging_mixin.py:151} INFO - [2023-08-24T09:30:17.655+0000] {dag.py:2929} INFO - Creating ORM DAG for dataset_produces_1
[2023-08-24T09:30:17.666+0000] {logging_mixin.py:151} INFO - [2023-08-24T09:30:17.664+0000] {dag.py:2929} INFO - Creating ORM DAG for dataset_produces_2
[2023-08-24T09:30:17.670+0000] {logging_mixin.py:151} INFO - [2023-08-24T09:30:17.669+0000] {dag.py:2929} INFO - Creating ORM DAG for dataset_consumes_1
[2023-08-24T09:30:17.676+0000] {logging_mixin.py:151} INFO - [2023-08-24T09:30:17.675+0000] {dag.py:2929} INFO - Creating ORM DAG for dataset_consumes_1_and_2
[2023-08-24T09:30:17.845+0000] {logging_mixin.py:151} INFO - [2023-08-24T09:30:17.843+0000] {dag.py:3677} INFO - Setting next_dagrun for dataset_consumes_1 to None, run_after=None
[2023-08-24T09:30:17.851+0000] {logging_mixin.py:151} INFO - [2023-08-24T09:30:17.850+0000] {dag.py:3677} INFO - Setting next_dagrun for dataset_consumes_1_and_2 to None, run_after=None
[2023-08-24T09:30:17.856+0000] {logging_mixin.py:151} INFO - [2023-08-24T09:30:17.855+0000] {dag.py:3677} INFO - Setting next_dagrun for dataset_consumes_1_never_scheduled to None, run_after=None
[2023-08-24T09:30:17.867+0000] {logging_mixin.py:151} INFO - [2023-08-24T09:30:17.865+0000] {dag.py:3677} INFO - Setting next_dagrun for dataset_consumes_unknown_never_scheduled to None, run_after=None
[2023-08-24T09:30:17.883+0000] {logging_mixin.py:151} INFO - [2023-08-24T09:30:17.882+0000] {dag.py:3677} INFO - Setting next_dagrun for dataset_produces_1 to 2023-08-23T00:00:00+00:00, run_after=2023-08-24T00:00:00+00:00
[2023-08-24T09:30:17.893+0000] {logging_mixin.py:151} INFO - [2023-08-24T09:30:17.892+0000] {dag.py:3677} INFO - Setting next_dagrun for dataset_produces_2 to None, run_after=None
[2023-08-24T09:30:18.112+0000] {processor.py:179} INFO - Processing /home/airflow/.local/lib/python3.8/site-packages/airflow/example_dags/example_datasets.py took 5.122 seconds
[2023-08-24T09:31:21.982+0000] {processor.py:157} INFO - Started process (PID=173) to work on /home/airflow/.local/lib/python3.8/site-packages/airflow/example_dags/example_datasets.py
[2023-08-24T09:31:21.992+0000] {processor.py:829} INFO - Processing file /home/airflow/.local/lib/python3.8/site-packages/airflow/example_dags/example_datasets.py for tasks to queue
[2023-08-24T09:31:22.015+0000] {logging_mixin.py:151} INFO - [2023-08-24T09:31:22.001+0000] {dagbag.py:539} INFO - Filling up the DagBag from /home/airflow/.local/lib/python3.8/site-packages/airflow/example_dags/example_datasets.py
[2023-08-24T09:31:22.176+0000] {processor.py:839} INFO - DAG(s) dict_keys(['dataset_consumes_1_never_scheduled', 'dataset_consumes_1', 'dataset_produces_1', 'dataset_consumes_1_and_2', 'dataset_consumes_unknown_never_scheduled', 'dataset_produces_2']) retrieved from /home/airflow/.local/lib/python3.8/site-packages/airflow/example_dags/example_datasets.py
[2023-08-24T09:31:22.759+0000] {logging_mixin.py:151} INFO - [2023-08-24T09:31:22.757+0000] {dag.py:2907} INFO - Sync 6 DAGs
[2023-08-24T09:31:22.883+0000] {logging_mixin.py:151} INFO - [2023-08-24T09:31:22.882+0000] {dag.py:3677} INFO - Setting next_dagrun for dataset_consumes_1 to None, run_after=None
[2023-08-24T09:31:22.942+0000] {logging_mixin.py:151} INFO - [2023-08-24T09:31:22.936+0000] {dag.py:3677} INFO - Setting next_dagrun for dataset_consumes_1_and_2 to None, run_after=None
[2023-08-24T09:31:22.961+0000] {logging_mixin.py:151} INFO - [2023-08-24T09:31:22.961+0000] {dag.py:3677} INFO - Setting next_dagrun for dataset_consumes_1_never_scheduled to None, run_after=None
[2023-08-24T09:31:22.991+0000] {logging_mixin.py:151} INFO - [2023-08-24T09:31:22.987+0000] {dag.py:3677} INFO - Setting next_dagrun for dataset_consumes_unknown_never_scheduled to None, run_after=None
[2023-08-24T09:31:23.022+0000] {logging_mixin.py:151} INFO - [2023-08-24T09:31:23.021+0000] {dag.py:3677} INFO - Setting next_dagrun for dataset_produces_1 to 2023-08-23T00:00:00+00:00, run_after=2023-08-24T00:00:00+00:00
[2023-08-24T09:31:23.035+0000] {logging_mixin.py:151} INFO - [2023-08-24T09:31:23.034+0000] {dag.py:3677} INFO - Setting next_dagrun for dataset_produces_2 to None, run_after=None
[2023-08-24T09:31:23.215+0000] {processor.py:179} INFO - Processing /home/airflow/.local/lib/python3.8/site-packages/airflow/example_dags/example_datasets.py took 1.249 seconds
[2023-08-24T09:32:39.086+0000] {processor.py:157} INFO - Started process (PID=254) to work on /home/airflow/.local/lib/python3.8/site-packages/airflow/example_dags/example_datasets.py
[2023-08-24T09:32:39.098+0000] {processor.py:829} INFO - Processing file /home/airflow/.local/lib/python3.8/site-packages/airflow/example_dags/example_datasets.py for tasks to queue
[2023-08-24T09:32:39.132+0000] {logging_mixin.py:151} INFO - [2023-08-24T09:32:39.131+0000] {dagbag.py:539} INFO - Filling up the DagBag from /home/airflow/.local/lib/python3.8/site-packages/airflow/example_dags/example_datasets.py
[2023-08-24T09:32:39.265+0000] {processor.py:839} INFO - DAG(s) dict_keys(['dataset_consumes_1_and_2', 'dataset_consumes_1_never_scheduled', 'dataset_produces_2', 'dataset_consumes_1', 'dataset_produces_1', 'dataset_consumes_unknown_never_scheduled']) retrieved from /home/airflow/.local/lib/python3.8/site-packages/airflow/example_dags/example_datasets.py
[2023-08-24T09:32:40.255+0000] {logging_mixin.py:151} INFO - [2023-08-24T09:32:40.240+0000] {dag.py:2907} INFO - Sync 6 DAGs
[2023-08-24T09:32:40.860+0000] {logging_mixin.py:151} INFO - [2023-08-24T09:32:40.858+0000] {dag.py:3677} INFO - Setting next_dagrun for dataset_consumes_1 to None, run_after=None
[2023-08-24T09:32:40.921+0000] {logging_mixin.py:151} INFO - [2023-08-24T09:32:40.918+0000] {dag.py:3677} INFO - Setting next_dagrun for dataset_consumes_1_and_2 to None, run_after=None
[2023-08-24T09:32:40.937+0000] {logging_mixin.py:151} INFO - [2023-08-24T09:32:40.936+0000] {dag.py:3677} INFO - Setting next_dagrun for dataset_consumes_1_never_scheduled to None, run_after=None
[2023-08-24T09:32:40.958+0000] {logging_mixin.py:151} INFO - [2023-08-24T09:32:40.958+0000] {dag.py:3677} INFO - Setting next_dagrun for dataset_consumes_unknown_never_scheduled to None, run_after=None
[2023-08-24T09:32:40.995+0000] {logging_mixin.py:151} INFO - [2023-08-24T09:32:40.994+0000] {dag.py:3677} INFO - Setting next_dagrun for dataset_produces_1 to 2023-08-23T00:00:00+00:00, run_after=2023-08-24T00:00:00+00:00
[2023-08-24T09:32:41.034+0000] {logging_mixin.py:151} INFO - [2023-08-24T09:32:41.033+0000] {dag.py:3677} INFO - Setting next_dagrun for dataset_produces_2 to None, run_after=None
[2023-08-24T09:32:41.436+0000] {processor.py:179} INFO - Processing /home/airflow/.local/lib/python3.8/site-packages/airflow/example_dags/example_datasets.py took 2.415 seconds
[2023-08-24T09:33:47.027+0000] {processor.py:157} INFO - Started process (PID=317) to work on /home/airflow/.local/lib/python3.8/site-packages/airflow/example_dags/example_datasets.py
[2023-08-24T09:33:47.052+0000] {processor.py:829} INFO - Processing file /home/airflow/.local/lib/python3.8/site-packages/airflow/example_dags/example_datasets.py for tasks to queue
[2023-08-24T09:33:47.079+0000] {logging_mixin.py:151} INFO - [2023-08-24T09:33:47.068+0000] {dagbag.py:539} INFO - Filling up the DagBag from /home/airflow/.local/lib/python3.8/site-packages/airflow/example_dags/example_datasets.py
[2023-08-24T09:33:47.270+0000] {processor.py:839} INFO - DAG(s) dict_keys(['dataset_consumes_unknown_never_scheduled', 'dataset_consumes_1_never_scheduled', 'dataset_consumes_1', 'dataset_consumes_1_and_2', 'dataset_produces_2', 'dataset_produces_1']) retrieved from /home/airflow/.local/lib/python3.8/site-packages/airflow/example_dags/example_datasets.py
[2023-08-24T09:33:47.677+0000] {logging_mixin.py:151} INFO - [2023-08-24T09:33:47.675+0000] {dag.py:2907} INFO - Sync 6 DAGs
[2023-08-24T09:33:48.011+0000] {logging_mixin.py:151} INFO - [2023-08-24T09:33:48.009+0000] {dag.py:3677} INFO - Setting next_dagrun for dataset_consumes_1 to None, run_after=None
[2023-08-24T09:33:48.034+0000] {logging_mixin.py:151} INFO - [2023-08-24T09:33:48.033+0000] {dag.py:3677} INFO - Setting next_dagrun for dataset_consumes_1_and_2 to None, run_after=None
[2023-08-24T09:33:48.051+0000] {logging_mixin.py:151} INFO - [2023-08-24T09:33:48.050+0000] {dag.py:3677} INFO - Setting next_dagrun for dataset_consumes_1_never_scheduled to None, run_after=None
[2023-08-24T09:33:48.077+0000] {logging_mixin.py:151} INFO - [2023-08-24T09:33:48.072+0000] {dag.py:3677} INFO - Setting next_dagrun for dataset_consumes_unknown_never_scheduled to None, run_after=None
[2023-08-24T09:33:48.110+0000] {logging_mixin.py:151} INFO - [2023-08-24T09:33:48.110+0000] {dag.py:3677} INFO - Setting next_dagrun for dataset_produces_1 to 2023-08-23T00:00:00+00:00, run_after=2023-08-24T00:00:00+00:00
[2023-08-24T09:33:48.122+0000] {logging_mixin.py:151} INFO - [2023-08-24T09:33:48.122+0000] {dag.py:3677} INFO - Setting next_dagrun for dataset_produces_2 to None, run_after=None
[2023-08-24T09:33:48.290+0000] {processor.py:179} INFO - Processing /home/airflow/.local/lib/python3.8/site-packages/airflow/example_dags/example_datasets.py took 1.294 seconds
[2023-08-24T09:34:18.881+0000] {processor.py:157} INFO - Started process (PID=372) to work on /home/airflow/.local/lib/python3.8/site-packages/airflow/example_dags/example_datasets.py
[2023-08-24T09:34:18.885+0000] {processor.py:829} INFO - Processing file /home/airflow/.local/lib/python3.8/site-packages/airflow/example_dags/example_datasets.py for tasks to queue
[2023-08-24T09:34:18.892+0000] {logging_mixin.py:151} INFO - [2023-08-24T09:34:18.891+0000] {dagbag.py:539} INFO - Filling up the DagBag from /home/airflow/.local/lib/python3.8/site-packages/airflow/example_dags/example_datasets.py
[2023-08-24T09:34:18.922+0000] {processor.py:839} INFO - DAG(s) dict_keys(['dataset_consumes_1', 'dataset_produces_1', 'dataset_produces_2', 'dataset_consumes_1_and_2', 'dataset_consumes_1_never_scheduled', 'dataset_consumes_unknown_never_scheduled']) retrieved from /home/airflow/.local/lib/python3.8/site-packages/airflow/example_dags/example_datasets.py
[2023-08-24T09:34:18.975+0000] {logging_mixin.py:151} INFO - [2023-08-24T09:34:18.975+0000] {dag.py:2907} INFO - Sync 6 DAGs
[2023-08-24T09:34:19.000+0000] {logging_mixin.py:151} INFO - [2023-08-24T09:34:19.000+0000] {dag.py:3677} INFO - Setting next_dagrun for dataset_consumes_1 to None, run_after=None
[2023-08-24T09:34:19.005+0000] {logging_mixin.py:151} INFO - [2023-08-24T09:34:19.005+0000] {dag.py:3677} INFO - Setting next_dagrun for dataset_consumes_1_and_2 to None, run_after=None
[2023-08-24T09:34:19.007+0000] {logging_mixin.py:151} INFO - [2023-08-24T09:34:19.007+0000] {dag.py:3677} INFO - Setting next_dagrun for dataset_consumes_1_never_scheduled to None, run_after=None
[2023-08-24T09:34:19.010+0000] {logging_mixin.py:151} INFO - [2023-08-24T09:34:19.010+0000] {dag.py:3677} INFO - Setting next_dagrun for dataset_consumes_unknown_never_scheduled to None, run_after=None
[2023-08-24T09:34:19.013+0000] {logging_mixin.py:151} INFO - [2023-08-24T09:34:19.013+0000] {dag.py:3677} INFO - Setting next_dagrun for dataset_produces_1 to 2023-08-23T00:00:00+00:00, run_after=2023-08-24T00:00:00+00:00
[2023-08-24T09:34:19.015+0000] {logging_mixin.py:151} INFO - [2023-08-24T09:34:19.015+0000] {dag.py:3677} INFO - Setting next_dagrun for dataset_produces_2 to None, run_after=None
[2023-08-24T09:34:19.042+0000] {processor.py:179} INFO - Processing /home/airflow/.local/lib/python3.8/site-packages/airflow/example_dags/example_datasets.py took 0.170 seconds
[2023-08-24T09:34:49.349+0000] {processor.py:157} INFO - Started process (PID=427) to work on /home/airflow/.local/lib/python3.8/site-packages/airflow/example_dags/example_datasets.py
[2023-08-24T09:34:49.353+0000] {processor.py:829} INFO - Processing file /home/airflow/.local/lib/python3.8/site-packages/airflow/example_dags/example_datasets.py for tasks to queue
[2023-08-24T09:34:49.360+0000] {logging_mixin.py:151} INFO - [2023-08-24T09:34:49.359+0000] {dagbag.py:539} INFO - Filling up the DagBag from /home/airflow/.local/lib/python3.8/site-packages/airflow/example_dags/example_datasets.py
[2023-08-24T09:34:49.385+0000] {processor.py:839} INFO - DAG(s) dict_keys(['dataset_consumes_unknown_never_scheduled', 'dataset_produces_1', 'dataset_consumes_1_and_2', 'dataset_produces_2', 'dataset_consumes_1', 'dataset_consumes_1_never_scheduled']) retrieved from /home/airflow/.local/lib/python3.8/site-packages/airflow/example_dags/example_datasets.py
[2023-08-24T09:34:49.471+0000] {logging_mixin.py:151} INFO - [2023-08-24T09:34:49.470+0000] {dag.py:2907} INFO - Sync 6 DAGs
[2023-08-24T09:34:49.513+0000] {logging_mixin.py:151} INFO - [2023-08-24T09:34:49.513+0000] {dag.py:3677} INFO - Setting next_dagrun for dataset_consumes_1 to None, run_after=None
[2023-08-24T09:34:49.519+0000] {logging_mixin.py:151} INFO - [2023-08-24T09:34:49.519+0000] {dag.py:3677} INFO - Setting next_dagrun for dataset_consumes_1_and_2 to None, run_after=None
[2023-08-24T09:34:49.523+0000] {logging_mixin.py:151} INFO - [2023-08-24T09:34:49.523+0000] {dag.py:3677} INFO - Setting next_dagrun for dataset_consumes_1_never_scheduled to None, run_after=None
[2023-08-24T09:34:49.528+0000] {logging_mixin.py:151} INFO - [2023-08-24T09:34:49.527+0000] {dag.py:3677} INFO - Setting next_dagrun for dataset_consumes_unknown_never_scheduled to None, run_after=None
[2023-08-24T09:34:49.534+0000] {logging_mixin.py:151} INFO - [2023-08-24T09:34:49.534+0000] {dag.py:3677} INFO - Setting next_dagrun for dataset_produces_1 to 2023-08-23T00:00:00+00:00, run_after=2023-08-24T00:00:00+00:00
[2023-08-24T09:34:49.537+0000] {logging_mixin.py:151} INFO - [2023-08-24T09:34:49.537+0000] {dag.py:3677} INFO - Setting next_dagrun for dataset_produces_2 to None, run_after=None
[2023-08-24T09:34:49.582+0000] {processor.py:179} INFO - Processing /home/airflow/.local/lib/python3.8/site-packages/airflow/example_dags/example_datasets.py took 0.248 seconds
[2023-08-24T09:35:19.713+0000] {processor.py:157} INFO - Started process (PID=484) to work on /home/airflow/.local/lib/python3.8/site-packages/airflow/example_dags/example_datasets.py
[2023-08-24T09:35:19.716+0000] {processor.py:829} INFO - Processing file /home/airflow/.local/lib/python3.8/site-packages/airflow/example_dags/example_datasets.py for tasks to queue
[2023-08-24T09:35:19.722+0000] {logging_mixin.py:151} INFO - [2023-08-24T09:35:19.721+0000] {dagbag.py:539} INFO - Filling up the DagBag from /home/airflow/.local/lib/python3.8/site-packages/airflow/example_dags/example_datasets.py
[2023-08-24T09:35:19.739+0000] {processor.py:839} INFO - DAG(s) dict_keys(['dataset_consumes_1_never_scheduled', 'dataset_consumes_1_and_2', 'dataset_consumes_unknown_never_scheduled', 'dataset_consumes_1', 'dataset_produces_1', 'dataset_produces_2']) retrieved from /home/airflow/.local/lib/python3.8/site-packages/airflow/example_dags/example_datasets.py
[2023-08-24T09:35:19.793+0000] {logging_mixin.py:151} INFO - [2023-08-24T09:35:19.793+0000] {dag.py:2907} INFO - Sync 6 DAGs
[2023-08-24T09:35:19.829+0000] {logging_mixin.py:151} INFO - [2023-08-24T09:35:19.829+0000] {dag.py:3677} INFO - Setting next_dagrun for dataset_consumes_1 to None, run_after=None
[2023-08-24T09:35:19.834+0000] {logging_mixin.py:151} INFO - [2023-08-24T09:35:19.834+0000] {dag.py:3677} INFO - Setting next_dagrun for dataset_consumes_1_and_2 to None, run_after=None
[2023-08-24T09:35:19.837+0000] {logging_mixin.py:151} INFO - [2023-08-24T09:35:19.837+0000] {dag.py:3677} INFO - Setting next_dagrun for dataset_consumes_1_never_scheduled to None, run_after=None
[2023-08-24T09:35:19.839+0000] {logging_mixin.py:151} INFO - [2023-08-24T09:35:19.839+0000] {dag.py:3677} INFO - Setting next_dagrun for dataset_consumes_unknown_never_scheduled to None, run_after=None
[2023-08-24T09:35:19.845+0000] {logging_mixin.py:151} INFO - [2023-08-24T09:35:19.844+0000] {dag.py:3677} INFO - Setting next_dagrun for dataset_produces_1 to 2023-08-23T00:00:00+00:00, run_after=2023-08-24T00:00:00+00:00
[2023-08-24T09:35:19.848+0000] {logging_mixin.py:151} INFO - [2023-08-24T09:35:19.847+0000] {dag.py:3677} INFO - Setting next_dagrun for dataset_produces_2 to None, run_after=None
[2023-08-24T09:35:19.877+0000] {processor.py:179} INFO - Processing /home/airflow/.local/lib/python3.8/site-packages/airflow/example_dags/example_datasets.py took 0.169 seconds
[2023-08-24T09:35:50.362+0000] {processor.py:157} INFO - Started process (PID=539) to work on /home/airflow/.local/lib/python3.8/site-packages/airflow/example_dags/example_datasets.py
[2023-08-24T09:35:50.365+0000] {processor.py:829} INFO - Processing file /home/airflow/.local/lib/python3.8/site-packages/airflow/example_dags/example_datasets.py for tasks to queue
[2023-08-24T09:35:50.370+0000] {logging_mixin.py:151} INFO - [2023-08-24T09:35:50.369+0000] {dagbag.py:539} INFO - Filling up the DagBag from /home/airflow/.local/lib/python3.8/site-packages/airflow/example_dags/example_datasets.py
[2023-08-24T09:35:50.389+0000] {processor.py:839} INFO - DAG(s) dict_keys(['dataset_produces_1', 'dataset_produces_2', 'dataset_consumes_unknown_never_scheduled', 'dataset_consumes_1_and_2', 'dataset_consumes_1_never_scheduled', 'dataset_consumes_1']) retrieved from /home/airflow/.local/lib/python3.8/site-packages/airflow/example_dags/example_datasets.py
[2023-08-24T09:35:50.441+0000] {logging_mixin.py:151} INFO - [2023-08-24T09:35:50.441+0000] {dag.py:2907} INFO - Sync 6 DAGs
[2023-08-24T09:35:50.472+0000] {logging_mixin.py:151} INFO - [2023-08-24T09:35:50.472+0000] {dag.py:3677} INFO - Setting next_dagrun for dataset_consumes_1 to None, run_after=None
[2023-08-24T09:35:50.478+0000] {logging_mixin.py:151} INFO - [2023-08-24T09:35:50.478+0000] {dag.py:3677} INFO - Setting next_dagrun for dataset_consumes_1_and_2 to None, run_after=None
[2023-08-24T09:35:50.481+0000] {logging_mixin.py:151} INFO - [2023-08-24T09:35:50.481+0000] {dag.py:3677} INFO - Setting next_dagrun for dataset_consumes_1_never_scheduled to None, run_after=None
[2023-08-24T09:35:50.484+0000] {logging_mixin.py:151} INFO - [2023-08-24T09:35:50.484+0000] {dag.py:3677} INFO - Setting next_dagrun for dataset_consumes_unknown_never_scheduled to None, run_after=None
[2023-08-24T09:35:50.490+0000] {logging_mixin.py:151} INFO - [2023-08-24T09:35:50.490+0000] {dag.py:3677} INFO - Setting next_dagrun for dataset_produces_1 to 2023-08-23T00:00:00+00:00, run_after=2023-08-24T00:00:00+00:00
[2023-08-24T09:35:50.493+0000] {logging_mixin.py:151} INFO - [2023-08-24T09:35:50.493+0000] {dag.py:3677} INFO - Setting next_dagrun for dataset_produces_2 to None, run_after=None
[2023-08-24T09:35:50.527+0000] {processor.py:179} INFO - Processing /home/airflow/.local/lib/python3.8/site-packages/airflow/example_dags/example_datasets.py took 0.171 seconds
[2023-08-24T09:36:20.678+0000] {processor.py:157} INFO - Started process (PID=594) to work on /home/airflow/.local/lib/python3.8/site-packages/airflow/example_dags/example_datasets.py
[2023-08-24T09:36:20.681+0000] {processor.py:829} INFO - Processing file /home/airflow/.local/lib/python3.8/site-packages/airflow/example_dags/example_datasets.py for tasks to queue
[2023-08-24T09:36:20.685+0000] {logging_mixin.py:151} INFO - [2023-08-24T09:36:20.684+0000] {dagbag.py:539} INFO - Filling up the DagBag from /home/airflow/.local/lib/python3.8/site-packages/airflow/example_dags/example_datasets.py
[2023-08-24T09:36:20.697+0000] {processor.py:839} INFO - DAG(s) dict_keys(['dataset_produces_1', 'dataset_consumes_1_never_scheduled', 'dataset_produces_2', 'dataset_consumes_1', 'dataset_consumes_1_and_2', 'dataset_consumes_unknown_never_scheduled']) retrieved from /home/airflow/.local/lib/python3.8/site-packages/airflow/example_dags/example_datasets.py
[2023-08-24T09:36:20.735+0000] {logging_mixin.py:151} INFO - [2023-08-24T09:36:20.735+0000] {dag.py:2907} INFO - Sync 6 DAGs
[2023-08-24T09:36:20.758+0000] {logging_mixin.py:151} INFO - [2023-08-24T09:36:20.758+0000] {dag.py:3677} INFO - Setting next_dagrun for dataset_consumes_1 to None, run_after=None
[2023-08-24T09:36:20.763+0000] {logging_mixin.py:151} INFO - [2023-08-24T09:36:20.763+0000] {dag.py:3677} INFO - Setting next_dagrun for dataset_consumes_1_and_2 to None, run_after=None
[2023-08-24T09:36:20.765+0000] {logging_mixin.py:151} INFO - [2023-08-24T09:36:20.765+0000] {dag.py:3677} INFO - Setting next_dagrun for dataset_consumes_1_never_scheduled to None, run_after=None
[2023-08-24T09:36:20.768+0000] {logging_mixin.py:151} INFO - [2023-08-24T09:36:20.767+0000] {dag.py:3677} INFO - Setting next_dagrun for dataset_consumes_unknown_never_scheduled to None, run_after=None
[2023-08-24T09:36:20.773+0000] {logging_mixin.py:151} INFO - [2023-08-24T09:36:20.773+0000] {dag.py:3677} INFO - Setting next_dagrun for dataset_produces_1 to 2023-08-23T00:00:00+00:00, run_after=2023-08-24T00:00:00+00:00
[2023-08-24T09:36:20.775+0000] {logging_mixin.py:151} INFO - [2023-08-24T09:36:20.775+0000] {dag.py:3677} INFO - Setting next_dagrun for dataset_produces_2 to None, run_after=None
[2023-08-24T09:36:20.808+0000] {processor.py:179} INFO - Processing /home/airflow/.local/lib/python3.8/site-packages/airflow/example_dags/example_datasets.py took 0.134 seconds
[2023-08-24T09:36:50.910+0000] {processor.py:157} INFO - Started process (PID=650) to work on /home/airflow/.local/lib/python3.8/site-packages/airflow/example_dags/example_datasets.py
[2023-08-24T09:36:50.914+0000] {processor.py:829} INFO - Processing file /home/airflow/.local/lib/python3.8/site-packages/airflow/example_dags/example_datasets.py for tasks to queue
[2023-08-24T09:36:50.918+0000] {logging_mixin.py:151} INFO - [2023-08-24T09:36:50.917+0000] {dagbag.py:539} INFO - Filling up the DagBag from /home/airflow/.local/lib/python3.8/site-packages/airflow/example_dags/example_datasets.py
[2023-08-24T09:36:50.930+0000] {processor.py:839} INFO - DAG(s) dict_keys(['dataset_consumes_1', 'dataset_produces_2', 'dataset_produces_1', 'dataset_consumes_1_and_2', 'dataset_consumes_unknown_never_scheduled', 'dataset_consumes_1_never_scheduled']) retrieved from /home/airflow/.local/lib/python3.8/site-packages/airflow/example_dags/example_datasets.py
[2023-08-24T09:36:50.968+0000] {logging_mixin.py:151} INFO - [2023-08-24T09:36:50.968+0000] {dag.py:2907} INFO - Sync 6 DAGs
[2023-08-24T09:36:50.989+0000] {logging_mixin.py:151} INFO - [2023-08-24T09:36:50.989+0000] {dag.py:3677} INFO - Setting next_dagrun for dataset_consumes_1 to None, run_after=None
[2023-08-24T09:36:50.993+0000] {logging_mixin.py:151} INFO - [2023-08-24T09:36:50.993+0000] {dag.py:3677} INFO - Setting next_dagrun for dataset_consumes_1_and_2 to None, run_after=None
[2023-08-24T09:36:50.995+0000] {logging_mixin.py:151} INFO - [2023-08-24T09:36:50.995+0000] {dag.py:3677} INFO - Setting next_dagrun for dataset_consumes_1_never_scheduled to None, run_after=None
[2023-08-24T09:36:50.997+0000] {logging_mixin.py:151} INFO - [2023-08-24T09:36:50.997+0000] {dag.py:3677} INFO - Setting next_dagrun for dataset_consumes_unknown_never_scheduled to None, run_after=None
[2023-08-24T09:36:51.001+0000] {logging_mixin.py:151} INFO - [2023-08-24T09:36:51.001+0000] {dag.py:3677} INFO - Setting next_dagrun for dataset_produces_1 to 2023-08-23T00:00:00+00:00, run_after=2023-08-24T00:00:00+00:00
[2023-08-24T09:36:51.003+0000] {logging_mixin.py:151} INFO - [2023-08-24T09:36:51.002+0000] {dag.py:3677} INFO - Setting next_dagrun for dataset_produces_2 to None, run_after=None
[2023-08-24T09:36:51.034+0000] {processor.py:179} INFO - Processing /home/airflow/.local/lib/python3.8/site-packages/airflow/example_dags/example_datasets.py took 0.129 seconds
