[2023-08-24T09:30:16.217+0000] {processor.py:157} INFO - Started process (PID=106) to work on /home/airflow/.local/lib/python3.8/site-packages/airflow/example_dags/example_trigger_target_dag.py
[2023-08-24T09:30:16.375+0000] {processor.py:829} INFO - Processing file /home/airflow/.local/lib/python3.8/site-packages/airflow/example_dags/example_trigger_target_dag.py for tasks to queue
[2023-08-24T09:30:16.469+0000] {logging_mixin.py:151} INFO - [2023-08-24T09:30:16.463+0000] {dagbag.py:539} INFO - Filling up the DagBag from /home/airflow/.local/lib/python3.8/site-packages/airflow/example_dags/example_trigger_target_dag.py
[2023-08-24T09:30:16.897+0000] {processor.py:839} INFO - DAG(s) dict_keys(['example_trigger_target_dag']) retrieved from /home/airflow/.local/lib/python3.8/site-packages/airflow/example_dags/example_trigger_target_dag.py
[2023-08-24T09:30:18.023+0000] {logging_mixin.py:151} INFO - [2023-08-24T09:30:18.019+0000] {manager.py:501} INFO - Created Permission View: can read on DAG:example_trigger_target_dag
[2023-08-24T09:30:18.078+0000] {logging_mixin.py:151} INFO - [2023-08-24T09:30:18.077+0000] {manager.py:501} INFO - Created Permission View: can edit on DAG:example_trigger_target_dag
[2023-08-24T09:30:18.112+0000] {logging_mixin.py:151} INFO - [2023-08-24T09:30:18.111+0000] {manager.py:501} INFO - Created Permission View: can delete on DAG:example_trigger_target_dag
[2023-08-24T09:30:18.168+0000] {logging_mixin.py:151} INFO - [2023-08-24T09:30:18.167+0000] {dag.py:2907} INFO - Sync 1 DAGs
[2023-08-24T09:30:18.238+0000] {logging_mixin.py:151} INFO - [2023-08-24T09:30:18.236+0000] {dag.py:2929} INFO - Creating ORM DAG for example_trigger_target_dag
[2023-08-24T09:30:18.248+0000] {logging_mixin.py:151} INFO - [2023-08-24T09:30:18.248+0000] {dag.py:3677} INFO - Setting next_dagrun for example_trigger_target_dag to None, run_after=None
[2023-08-24T09:30:18.518+0000] {processor.py:179} INFO - Processing /home/airflow/.local/lib/python3.8/site-packages/airflow/example_dags/example_trigger_target_dag.py took 2.392 seconds
[2023-08-24T09:31:23.456+0000] {processor.py:157} INFO - Started process (PID=174) to work on /home/airflow/.local/lib/python3.8/site-packages/airflow/example_dags/example_trigger_target_dag.py
[2023-08-24T09:31:23.464+0000] {processor.py:829} INFO - Processing file /home/airflow/.local/lib/python3.8/site-packages/airflow/example_dags/example_trigger_target_dag.py for tasks to queue
[2023-08-24T09:31:23.482+0000] {logging_mixin.py:151} INFO - [2023-08-24T09:31:23.480+0000] {dagbag.py:539} INFO - Filling up the DagBag from /home/airflow/.local/lib/python3.8/site-packages/airflow/example_dags/example_trigger_target_dag.py
[2023-08-24T09:31:23.535+0000] {processor.py:839} INFO - DAG(s) dict_keys(['example_trigger_target_dag']) retrieved from /home/airflow/.local/lib/python3.8/site-packages/airflow/example_dags/example_trigger_target_dag.py
[2023-08-24T09:31:23.646+0000] {logging_mixin.py:151} INFO - [2023-08-24T09:31:23.645+0000] {dag.py:2907} INFO - Sync 1 DAGs
[2023-08-24T09:31:23.696+0000] {logging_mixin.py:151} INFO - [2023-08-24T09:31:23.695+0000] {dag.py:3677} INFO - Setting next_dagrun for example_trigger_target_dag to None, run_after=None
[2023-08-24T09:31:23.750+0000] {processor.py:179} INFO - Processing /home/airflow/.local/lib/python3.8/site-packages/airflow/example_dags/example_trigger_target_dag.py took 0.312 seconds
[2023-08-24T09:32:43.213+0000] {processor.py:157} INFO - Started process (PID=255) to work on /home/airflow/.local/lib/python3.8/site-packages/airflow/example_dags/example_trigger_target_dag.py
[2023-08-24T09:32:43.243+0000] {processor.py:829} INFO - Processing file /home/airflow/.local/lib/python3.8/site-packages/airflow/example_dags/example_trigger_target_dag.py for tasks to queue
[2023-08-24T09:32:43.338+0000] {logging_mixin.py:151} INFO - [2023-08-24T09:32:43.334+0000] {dagbag.py:539} INFO - Filling up the DagBag from /home/airflow/.local/lib/python3.8/site-packages/airflow/example_dags/example_trigger_target_dag.py
[2023-08-24T09:32:43.519+0000] {processor.py:839} INFO - DAG(s) dict_keys(['example_trigger_target_dag']) retrieved from /home/airflow/.local/lib/python3.8/site-packages/airflow/example_dags/example_trigger_target_dag.py
[2023-08-24T09:32:44.081+0000] {logging_mixin.py:151} INFO - [2023-08-24T09:32:44.079+0000] {dag.py:2907} INFO - Sync 1 DAGs
[2023-08-24T09:32:44.241+0000] {logging_mixin.py:151} INFO - [2023-08-24T09:32:44.238+0000] {dag.py:3677} INFO - Setting next_dagrun for example_trigger_target_dag to None, run_after=None
[2023-08-24T09:32:44.635+0000] {processor.py:179} INFO - Processing /home/airflow/.local/lib/python3.8/site-packages/airflow/example_dags/example_trigger_target_dag.py took 1.599 seconds
[2023-08-24T09:33:48.498+0000] {processor.py:157} INFO - Started process (PID=318) to work on /home/airflow/.local/lib/python3.8/site-packages/airflow/example_dags/example_trigger_target_dag.py
[2023-08-24T09:33:48.502+0000] {processor.py:829} INFO - Processing file /home/airflow/.local/lib/python3.8/site-packages/airflow/example_dags/example_trigger_target_dag.py for tasks to queue
[2023-08-24T09:33:48.513+0000] {logging_mixin.py:151} INFO - [2023-08-24T09:33:48.511+0000] {dagbag.py:539} INFO - Filling up the DagBag from /home/airflow/.local/lib/python3.8/site-packages/airflow/example_dags/example_trigger_target_dag.py
[2023-08-24T09:33:48.561+0000] {processor.py:839} INFO - DAG(s) dict_keys(['example_trigger_target_dag']) retrieved from /home/airflow/.local/lib/python3.8/site-packages/airflow/example_dags/example_trigger_target_dag.py
[2023-08-24T09:33:48.670+0000] {logging_mixin.py:151} INFO - [2023-08-24T09:33:48.669+0000] {dag.py:2907} INFO - Sync 1 DAGs
[2023-08-24T09:33:48.770+0000] {logging_mixin.py:151} INFO - [2023-08-24T09:33:48.770+0000] {dag.py:3677} INFO - Setting next_dagrun for example_trigger_target_dag to None, run_after=None
[2023-08-24T09:33:48.894+0000] {processor.py:179} INFO - Processing /home/airflow/.local/lib/python3.8/site-packages/airflow/example_dags/example_trigger_target_dag.py took 0.407 seconds
[2023-08-24T09:34:19.087+0000] {processor.py:157} INFO - Started process (PID=373) to work on /home/airflow/.local/lib/python3.8/site-packages/airflow/example_dags/example_trigger_target_dag.py
[2023-08-24T09:34:19.089+0000] {processor.py:829} INFO - Processing file /home/airflow/.local/lib/python3.8/site-packages/airflow/example_dags/example_trigger_target_dag.py for tasks to queue
[2023-08-24T09:34:19.093+0000] {logging_mixin.py:151} INFO - [2023-08-24T09:34:19.092+0000] {dagbag.py:539} INFO - Filling up the DagBag from /home/airflow/.local/lib/python3.8/site-packages/airflow/example_dags/example_trigger_target_dag.py
[2023-08-24T09:34:19.101+0000] {processor.py:839} INFO - DAG(s) dict_keys(['example_trigger_target_dag']) retrieved from /home/airflow/.local/lib/python3.8/site-packages/airflow/example_dags/example_trigger_target_dag.py
[2023-08-24T09:34:19.127+0000] {logging_mixin.py:151} INFO - [2023-08-24T09:34:19.127+0000] {dag.py:2907} INFO - Sync 1 DAGs
[2023-08-24T09:34:19.140+0000] {logging_mixin.py:151} INFO - [2023-08-24T09:34:19.140+0000] {dag.py:3677} INFO - Setting next_dagrun for example_trigger_target_dag to None, run_after=None
[2023-08-24T09:34:19.156+0000] {processor.py:179} INFO - Processing /home/airflow/.local/lib/python3.8/site-packages/airflow/example_dags/example_trigger_target_dag.py took 0.074 seconds
[2023-08-24T09:34:49.356+0000] {processor.py:157} INFO - Started process (PID=428) to work on /home/airflow/.local/lib/python3.8/site-packages/airflow/example_dags/example_trigger_target_dag.py
[2023-08-24T09:34:49.359+0000] {processor.py:829} INFO - Processing file /home/airflow/.local/lib/python3.8/site-packages/airflow/example_dags/example_trigger_target_dag.py for tasks to queue
[2023-08-24T09:34:49.370+0000] {logging_mixin.py:151} INFO - [2023-08-24T09:34:49.369+0000] {dagbag.py:539} INFO - Filling up the DagBag from /home/airflow/.local/lib/python3.8/site-packages/airflow/example_dags/example_trigger_target_dag.py
[2023-08-24T09:34:49.384+0000] {processor.py:839} INFO - DAG(s) dict_keys(['example_trigger_target_dag']) retrieved from /home/airflow/.local/lib/python3.8/site-packages/airflow/example_dags/example_trigger_target_dag.py
[2023-08-24T09:34:49.445+0000] {logging_mixin.py:151} INFO - [2023-08-24T09:34:49.445+0000] {dag.py:2907} INFO - Sync 1 DAGs
[2023-08-24T09:34:49.473+0000] {logging_mixin.py:151} INFO - [2023-08-24T09:34:49.473+0000] {dag.py:3677} INFO - Setting next_dagrun for example_trigger_target_dag to None, run_after=None
[2023-08-24T09:34:49.510+0000] {processor.py:179} INFO - Processing /home/airflow/.local/lib/python3.8/site-packages/airflow/example_dags/example_trigger_target_dag.py took 0.161 seconds
[2023-08-24T09:35:19.596+0000] {processor.py:157} INFO - Started process (PID=483) to work on /home/airflow/.local/lib/python3.8/site-packages/airflow/example_dags/example_trigger_target_dag.py
[2023-08-24T09:35:19.598+0000] {processor.py:829} INFO - Processing file /home/airflow/.local/lib/python3.8/site-packages/airflow/example_dags/example_trigger_target_dag.py for tasks to queue
[2023-08-24T09:35:19.602+0000] {logging_mixin.py:151} INFO - [2023-08-24T09:35:19.602+0000] {dagbag.py:539} INFO - Filling up the DagBag from /home/airflow/.local/lib/python3.8/site-packages/airflow/example_dags/example_trigger_target_dag.py
[2023-08-24T09:35:19.610+0000] {processor.py:839} INFO - DAG(s) dict_keys(['example_trigger_target_dag']) retrieved from /home/airflow/.local/lib/python3.8/site-packages/airflow/example_dags/example_trigger_target_dag.py
[2023-08-24T09:35:19.640+0000] {logging_mixin.py:151} INFO - [2023-08-24T09:35:19.640+0000] {dag.py:2907} INFO - Sync 1 DAGs
[2023-08-24T09:35:19.656+0000] {logging_mixin.py:151} INFO - [2023-08-24T09:35:19.656+0000] {dag.py:3677} INFO - Setting next_dagrun for example_trigger_target_dag to None, run_after=None
[2023-08-24T09:35:19.674+0000] {processor.py:179} INFO - Processing /home/airflow/.local/lib/python3.8/site-packages/airflow/example_dags/example_trigger_target_dag.py took 0.082 seconds
[2023-08-24T09:35:50.568+0000] {processor.py:157} INFO - Started process (PID=540) to work on /home/airflow/.local/lib/python3.8/site-packages/airflow/example_dags/example_trigger_target_dag.py
[2023-08-24T09:35:50.573+0000] {processor.py:829} INFO - Processing file /home/airflow/.local/lib/python3.8/site-packages/airflow/example_dags/example_trigger_target_dag.py for tasks to queue
[2023-08-24T09:35:50.577+0000] {logging_mixin.py:151} INFO - [2023-08-24T09:35:50.577+0000] {dagbag.py:539} INFO - Filling up the DagBag from /home/airflow/.local/lib/python3.8/site-packages/airflow/example_dags/example_trigger_target_dag.py
[2023-08-24T09:35:50.586+0000] {processor.py:839} INFO - DAG(s) dict_keys(['example_trigger_target_dag']) retrieved from /home/airflow/.local/lib/python3.8/site-packages/airflow/example_dags/example_trigger_target_dag.py
[2023-08-24T09:35:50.616+0000] {logging_mixin.py:151} INFO - [2023-08-24T09:35:50.616+0000] {dag.py:2907} INFO - Sync 1 DAGs
[2023-08-24T09:35:50.633+0000] {logging_mixin.py:151} INFO - [2023-08-24T09:35:50.633+0000] {dag.py:3677} INFO - Setting next_dagrun for example_trigger_target_dag to None, run_after=None
[2023-08-24T09:35:50.664+0000] {processor.py:179} INFO - Processing /home/airflow/.local/lib/python3.8/site-packages/airflow/example_dags/example_trigger_target_dag.py took 0.102 seconds
[2023-08-24T09:36:20.813+0000] {processor.py:157} INFO - Started process (PID=595) to work on /home/airflow/.local/lib/python3.8/site-packages/airflow/example_dags/example_trigger_target_dag.py
[2023-08-24T09:36:20.816+0000] {processor.py:829} INFO - Processing file /home/airflow/.local/lib/python3.8/site-packages/airflow/example_dags/example_trigger_target_dag.py for tasks to queue
[2023-08-24T09:36:20.821+0000] {logging_mixin.py:151} INFO - [2023-08-24T09:36:20.821+0000] {dagbag.py:539} INFO - Filling up the DagBag from /home/airflow/.local/lib/python3.8/site-packages/airflow/example_dags/example_trigger_target_dag.py
[2023-08-24T09:36:20.829+0000] {processor.py:839} INFO - DAG(s) dict_keys(['example_trigger_target_dag']) retrieved from /home/airflow/.local/lib/python3.8/site-packages/airflow/example_dags/example_trigger_target_dag.py
[2023-08-24T09:36:20.857+0000] {logging_mixin.py:151} INFO - [2023-08-24T09:36:20.857+0000] {dag.py:2907} INFO - Sync 1 DAGs
[2023-08-24T09:36:20.872+0000] {logging_mixin.py:151} INFO - [2023-08-24T09:36:20.872+0000] {dag.py:3677} INFO - Setting next_dagrun for example_trigger_target_dag to None, run_after=None
[2023-08-24T09:36:20.888+0000] {processor.py:179} INFO - Processing /home/airflow/.local/lib/python3.8/site-packages/airflow/example_dags/example_trigger_target_dag.py took 0.082 seconds
[2023-08-24T09:36:51.037+0000] {processor.py:157} INFO - Started process (PID=651) to work on /home/airflow/.local/lib/python3.8/site-packages/airflow/example_dags/example_trigger_target_dag.py
[2023-08-24T09:36:51.040+0000] {processor.py:829} INFO - Processing file /home/airflow/.local/lib/python3.8/site-packages/airflow/example_dags/example_trigger_target_dag.py for tasks to queue
[2023-08-24T09:36:51.044+0000] {logging_mixin.py:151} INFO - [2023-08-24T09:36:51.044+0000] {dagbag.py:539} INFO - Filling up the DagBag from /home/airflow/.local/lib/python3.8/site-packages/airflow/example_dags/example_trigger_target_dag.py
[2023-08-24T09:36:51.055+0000] {processor.py:839} INFO - DAG(s) dict_keys(['example_trigger_target_dag']) retrieved from /home/airflow/.local/lib/python3.8/site-packages/airflow/example_dags/example_trigger_target_dag.py
[2023-08-24T09:36:51.081+0000] {logging_mixin.py:151} INFO - [2023-08-24T09:36:51.080+0000] {dag.py:2907} INFO - Sync 1 DAGs
[2023-08-24T09:36:51.093+0000] {logging_mixin.py:151} INFO - [2023-08-24T09:36:51.093+0000] {dag.py:3677} INFO - Setting next_dagrun for example_trigger_target_dag to None, run_after=None
[2023-08-24T09:36:51.108+0000] {processor.py:179} INFO - Processing /home/airflow/.local/lib/python3.8/site-packages/airflow/example_dags/example_trigger_target_dag.py took 0.076 seconds
