[2023-08-24T09:29:42.495+0000] {processor.py:157} INFO - Started process (PID=85) to work on /home/airflow/.local/lib/python3.8/site-packages/airflow/example_dags/example_setup_teardown_taskflow.py
[2023-08-24T09:29:42.529+0000] {processor.py:829} INFO - Processing file /home/airflow/.local/lib/python3.8/site-packages/airflow/example_dags/example_setup_teardown_taskflow.py for tasks to queue
[2023-08-24T09:29:42.619+0000] {logging_mixin.py:151} INFO - [2023-08-24T09:29:42.617+0000] {dagbag.py:539} INFO - Filling up the DagBag from /home/airflow/.local/lib/python3.8/site-packages/airflow/example_dags/example_setup_teardown_taskflow.py
[2023-08-24T09:29:42.812+0000] {processor.py:839} INFO - DAG(s) dict_keys(['example_setup_teardown_taskflow']) retrieved from /home/airflow/.local/lib/python3.8/site-packages/airflow/example_dags/example_setup_teardown_taskflow.py
[2023-08-24T09:29:43.490+0000] {logging_mixin.py:151} INFO - [2023-08-24T09:29:43.488+0000] {manager.py:501} INFO - Created Permission View: can read on DAG:example_setup_teardown_taskflow
[2023-08-24T09:29:43.556+0000] {logging_mixin.py:151} INFO - [2023-08-24T09:29:43.555+0000] {manager.py:501} INFO - Created Permission View: can edit on DAG:example_setup_teardown_taskflow
[2023-08-24T09:29:43.597+0000] {logging_mixin.py:151} INFO - [2023-08-24T09:29:43.596+0000] {manager.py:501} INFO - Created Permission View: can delete on DAG:example_setup_teardown_taskflow
[2023-08-24T09:29:43.653+0000] {logging_mixin.py:151} INFO - [2023-08-24T09:29:43.653+0000] {dag.py:2907} INFO - Sync 1 DAGs
[2023-08-24T09:29:43.722+0000] {logging_mixin.py:151} INFO - [2023-08-24T09:29:43.721+0000] {dag.py:2929} INFO - Creating ORM DAG for example_setup_teardown_taskflow
[2023-08-24T09:29:43.771+0000] {logging_mixin.py:151} INFO - [2023-08-24T09:29:43.770+0000] {dag.py:3677} INFO - Setting next_dagrun for example_setup_teardown_taskflow to 2023-08-23T09:29:43.768771+00:00, run_after=2023-08-24T09:29:43.768771+00:00
[2023-08-24T09:29:44.003+0000] {processor.py:179} INFO - Processing /home/airflow/.local/lib/python3.8/site-packages/airflow/example_dags/example_setup_teardown_taskflow.py took 1.668 seconds
[2023-08-24T09:31:07.913+0000] {processor.py:157} INFO - Started process (PID=155) to work on /home/airflow/.local/lib/python3.8/site-packages/airflow/example_dags/example_setup_teardown_taskflow.py
[2023-08-24T09:31:07.923+0000] {processor.py:829} INFO - Processing file /home/airflow/.local/lib/python3.8/site-packages/airflow/example_dags/example_setup_teardown_taskflow.py for tasks to queue
[2023-08-24T09:31:07.944+0000] {logging_mixin.py:151} INFO - [2023-08-24T09:31:07.940+0000] {dagbag.py:539} INFO - Filling up the DagBag from /home/airflow/.local/lib/python3.8/site-packages/airflow/example_dags/example_setup_teardown_taskflow.py
[2023-08-24T09:31:07.997+0000] {processor.py:839} INFO - DAG(s) dict_keys(['example_setup_teardown_taskflow']) retrieved from /home/airflow/.local/lib/python3.8/site-packages/airflow/example_dags/example_setup_teardown_taskflow.py
[2023-08-24T09:31:08.124+0000] {logging_mixin.py:151} INFO - [2023-08-24T09:31:08.124+0000] {dag.py:2907} INFO - Sync 1 DAGs
[2023-08-24T09:31:08.206+0000] {logging_mixin.py:151} INFO - [2023-08-24T09:31:08.205+0000] {dag.py:3677} INFO - Setting next_dagrun for example_setup_teardown_taskflow to 2023-08-23T09:31:08.204411+00:00, run_after=2023-08-24T09:31:08.204411+00:00
[2023-08-24T09:31:08.287+0000] {processor.py:179} INFO - Processing /home/airflow/.local/lib/python3.8/site-packages/airflow/example_dags/example_setup_teardown_taskflow.py took 0.391 seconds
[2023-08-24T09:31:45.236+0000] {processor.py:157} INFO - Started process (PID=211) to work on /home/airflow/.local/lib/python3.8/site-packages/airflow/example_dags/example_setup_teardown_taskflow.py
[2023-08-24T09:31:45.250+0000] {processor.py:829} INFO - Processing file /home/airflow/.local/lib/python3.8/site-packages/airflow/example_dags/example_setup_teardown_taskflow.py for tasks to queue
[2023-08-24T09:31:45.267+0000] {logging_mixin.py:151} INFO - [2023-08-24T09:31:45.266+0000] {dagbag.py:539} INFO - Filling up the DagBag from /home/airflow/.local/lib/python3.8/site-packages/airflow/example_dags/example_setup_teardown_taskflow.py
[2023-08-24T09:31:45.363+0000] {processor.py:839} INFO - DAG(s) dict_keys(['example_setup_teardown_taskflow']) retrieved from /home/airflow/.local/lib/python3.8/site-packages/airflow/example_dags/example_setup_teardown_taskflow.py
[2023-08-24T09:31:45.544+0000] {logging_mixin.py:151} INFO - [2023-08-24T09:31:45.543+0000] {dag.py:2907} INFO - Sync 1 DAGs
[2023-08-24T09:31:45.693+0000] {logging_mixin.py:151} INFO - [2023-08-24T09:31:45.692+0000] {dag.py:3677} INFO - Setting next_dagrun for example_setup_teardown_taskflow to 2023-08-23T09:31:45.691125+00:00, run_after=2023-08-24T09:31:45.691125+00:00
[2023-08-24T09:31:46.285+0000] {processor.py:179} INFO - Processing /home/airflow/.local/lib/python3.8/site-packages/airflow/example_dags/example_setup_teardown_taskflow.py took 1.062 seconds
[2023-08-24T09:33:07.998+0000] {processor.py:157} INFO - Started process (PID=291) to work on /home/airflow/.local/lib/python3.8/site-packages/airflow/example_dags/example_setup_teardown_taskflow.py
[2023-08-24T09:33:08.034+0000] {processor.py:829} INFO - Processing file /home/airflow/.local/lib/python3.8/site-packages/airflow/example_dags/example_setup_teardown_taskflow.py for tasks to queue
[2023-08-24T09:33:08.060+0000] {logging_mixin.py:151} INFO - [2023-08-24T09:33:08.058+0000] {dagbag.py:539} INFO - Filling up the DagBag from /home/airflow/.local/lib/python3.8/site-packages/airflow/example_dags/example_setup_teardown_taskflow.py
[2023-08-24T09:33:08.166+0000] {processor.py:839} INFO - DAG(s) dict_keys(['example_setup_teardown_taskflow']) retrieved from /home/airflow/.local/lib/python3.8/site-packages/airflow/example_dags/example_setup_teardown_taskflow.py
[2023-08-24T09:33:08.401+0000] {logging_mixin.py:151} INFO - [2023-08-24T09:33:08.400+0000] {dag.py:2907} INFO - Sync 1 DAGs
[2023-08-24T09:33:08.593+0000] {logging_mixin.py:151} INFO - [2023-08-24T09:33:08.591+0000] {dag.py:3677} INFO - Setting next_dagrun for example_setup_teardown_taskflow to 2023-08-23T09:33:08.556001+00:00, run_after=2023-08-24T09:33:08.556001+00:00
[2023-08-24T09:33:09.037+0000] {processor.py:179} INFO - Processing /home/airflow/.local/lib/python3.8/site-packages/airflow/example_dags/example_setup_teardown_taskflow.py took 1.102 seconds
[2023-08-24T09:33:54.454+0000] {processor.py:157} INFO - Started process (PID=342) to work on /home/airflow/.local/lib/python3.8/site-packages/airflow/example_dags/example_setup_teardown_taskflow.py
[2023-08-24T09:33:54.458+0000] {processor.py:829} INFO - Processing file /home/airflow/.local/lib/python3.8/site-packages/airflow/example_dags/example_setup_teardown_taskflow.py for tasks to queue
[2023-08-24T09:33:54.465+0000] {logging_mixin.py:151} INFO - [2023-08-24T09:33:54.464+0000] {dagbag.py:539} INFO - Filling up the DagBag from /home/airflow/.local/lib/python3.8/site-packages/airflow/example_dags/example_setup_teardown_taskflow.py
[2023-08-24T09:33:54.483+0000] {processor.py:839} INFO - DAG(s) dict_keys(['example_setup_teardown_taskflow']) retrieved from /home/airflow/.local/lib/python3.8/site-packages/airflow/example_dags/example_setup_teardown_taskflow.py
[2023-08-24T09:33:54.533+0000] {logging_mixin.py:151} INFO - [2023-08-24T09:33:54.533+0000] {dag.py:2907} INFO - Sync 1 DAGs
[2023-08-24T09:33:54.573+0000] {logging_mixin.py:151} INFO - [2023-08-24T09:33:54.573+0000] {dag.py:3677} INFO - Setting next_dagrun for example_setup_teardown_taskflow to 2023-08-23T09:33:54.573124+00:00, run_after=2023-08-24T09:33:54.573124+00:00
[2023-08-24T09:33:54.599+0000] {processor.py:179} INFO - Processing /home/airflow/.local/lib/python3.8/site-packages/airflow/example_dags/example_setup_teardown_taskflow.py took 0.155 seconds
[2023-08-24T09:34:25.958+0000] {processor.py:157} INFO - Started process (PID=398) to work on /home/airflow/.local/lib/python3.8/site-packages/airflow/example_dags/example_setup_teardown_taskflow.py
[2023-08-24T09:34:25.969+0000] {processor.py:829} INFO - Processing file /home/airflow/.local/lib/python3.8/site-packages/airflow/example_dags/example_setup_teardown_taskflow.py for tasks to queue
[2023-08-24T09:34:25.984+0000] {logging_mixin.py:151} INFO - [2023-08-24T09:34:25.982+0000] {dagbag.py:539} INFO - Filling up the DagBag from /home/airflow/.local/lib/python3.8/site-packages/airflow/example_dags/example_setup_teardown_taskflow.py
[2023-08-24T09:34:26.024+0000] {processor.py:839} INFO - DAG(s) dict_keys(['example_setup_teardown_taskflow']) retrieved from /home/airflow/.local/lib/python3.8/site-packages/airflow/example_dags/example_setup_teardown_taskflow.py
[2023-08-24T09:34:26.104+0000] {logging_mixin.py:151} INFO - [2023-08-24T09:34:26.103+0000] {dag.py:2907} INFO - Sync 1 DAGs
[2023-08-24T09:34:26.156+0000] {logging_mixin.py:151} INFO - [2023-08-24T09:34:26.155+0000] {dag.py:3677} INFO - Setting next_dagrun for example_setup_teardown_taskflow to 2023-08-23T09:34:26.155219+00:00, run_after=2023-08-24T09:34:26.155219+00:00
[2023-08-24T09:34:26.189+0000] {processor.py:179} INFO - Processing /home/airflow/.local/lib/python3.8/site-packages/airflow/example_dags/example_setup_teardown_taskflow.py took 0.242 seconds
[2023-08-24T09:34:56.777+0000] {processor.py:157} INFO - Started process (PID=453) to work on /home/airflow/.local/lib/python3.8/site-packages/airflow/example_dags/example_setup_teardown_taskflow.py
[2023-08-24T09:34:56.780+0000] {processor.py:829} INFO - Processing file /home/airflow/.local/lib/python3.8/site-packages/airflow/example_dags/example_setup_teardown_taskflow.py for tasks to queue
[2023-08-24T09:34:56.784+0000] {logging_mixin.py:151} INFO - [2023-08-24T09:34:56.783+0000] {dagbag.py:539} INFO - Filling up the DagBag from /home/airflow/.local/lib/python3.8/site-packages/airflow/example_dags/example_setup_teardown_taskflow.py
[2023-08-24T09:34:56.797+0000] {processor.py:839} INFO - DAG(s) dict_keys(['example_setup_teardown_taskflow']) retrieved from /home/airflow/.local/lib/python3.8/site-packages/airflow/example_dags/example_setup_teardown_taskflow.py
[2023-08-24T09:34:56.842+0000] {logging_mixin.py:151} INFO - [2023-08-24T09:34:56.841+0000] {dag.py:2907} INFO - Sync 1 DAGs
[2023-08-24T09:34:56.872+0000] {logging_mixin.py:151} INFO - [2023-08-24T09:34:56.872+0000] {dag.py:3677} INFO - Setting next_dagrun for example_setup_teardown_taskflow to 2023-08-23T09:34:56.871747+00:00, run_after=2023-08-24T09:34:56.871747+00:00
[2023-08-24T09:34:56.912+0000] {processor.py:179} INFO - Processing /home/airflow/.local/lib/python3.8/site-packages/airflow/example_dags/example_setup_teardown_taskflow.py took 0.141 seconds
[2023-08-24T09:35:27.823+0000] {processor.py:157} INFO - Started process (PID=509) to work on /home/airflow/.local/lib/python3.8/site-packages/airflow/example_dags/example_setup_teardown_taskflow.py
[2023-08-24T09:35:27.826+0000] {processor.py:829} INFO - Processing file /home/airflow/.local/lib/python3.8/site-packages/airflow/example_dags/example_setup_teardown_taskflow.py for tasks to queue
[2023-08-24T09:35:27.830+0000] {logging_mixin.py:151} INFO - [2023-08-24T09:35:27.830+0000] {dagbag.py:539} INFO - Filling up the DagBag from /home/airflow/.local/lib/python3.8/site-packages/airflow/example_dags/example_setup_teardown_taskflow.py
[2023-08-24T09:35:27.842+0000] {processor.py:839} INFO - DAG(s) dict_keys(['example_setup_teardown_taskflow']) retrieved from /home/airflow/.local/lib/python3.8/site-packages/airflow/example_dags/example_setup_teardown_taskflow.py
[2023-08-24T09:35:27.871+0000] {logging_mixin.py:151} INFO - [2023-08-24T09:35:27.871+0000] {dag.py:2907} INFO - Sync 1 DAGs
[2023-08-24T09:35:27.899+0000] {logging_mixin.py:151} INFO - [2023-08-24T09:35:27.899+0000] {dag.py:3677} INFO - Setting next_dagrun for example_setup_teardown_taskflow to 2023-08-23T09:35:27.896499+00:00, run_after=2023-08-24T09:35:27.896499+00:00
[2023-08-24T09:35:27.917+0000] {processor.py:179} INFO - Processing /home/airflow/.local/lib/python3.8/site-packages/airflow/example_dags/example_setup_teardown_taskflow.py took 0.099 seconds
[2023-08-24T09:35:58.610+0000] {processor.py:157} INFO - Started process (PID=565) to work on /home/airflow/.local/lib/python3.8/site-packages/airflow/example_dags/example_setup_teardown_taskflow.py
[2023-08-24T09:35:58.616+0000] {processor.py:829} INFO - Processing file /home/airflow/.local/lib/python3.8/site-packages/airflow/example_dags/example_setup_teardown_taskflow.py for tasks to queue
[2023-08-24T09:35:58.620+0000] {logging_mixin.py:151} INFO - [2023-08-24T09:35:58.620+0000] {dagbag.py:539} INFO - Filling up the DagBag from /home/airflow/.local/lib/python3.8/site-packages/airflow/example_dags/example_setup_teardown_taskflow.py
[2023-08-24T09:35:58.631+0000] {processor.py:839} INFO - DAG(s) dict_keys(['example_setup_teardown_taskflow']) retrieved from /home/airflow/.local/lib/python3.8/site-packages/airflow/example_dags/example_setup_teardown_taskflow.py
[2023-08-24T09:35:58.660+0000] {logging_mixin.py:151} INFO - [2023-08-24T09:35:58.660+0000] {dag.py:2907} INFO - Sync 1 DAGs
[2023-08-24T09:35:58.684+0000] {logging_mixin.py:151} INFO - [2023-08-24T09:35:58.684+0000] {dag.py:3677} INFO - Setting next_dagrun for example_setup_teardown_taskflow to 2023-08-23T09:35:58.684340+00:00, run_after=2023-08-24T09:35:58.684340+00:00
[2023-08-24T09:35:58.704+0000] {processor.py:179} INFO - Processing /home/airflow/.local/lib/python3.8/site-packages/airflow/example_dags/example_setup_teardown_taskflow.py took 0.099 seconds
[2023-08-24T09:36:29.098+0000] {processor.py:157} INFO - Started process (PID=621) to work on /home/airflow/.local/lib/python3.8/site-packages/airflow/example_dags/example_setup_teardown_taskflow.py
[2023-08-24T09:36:29.102+0000] {processor.py:829} INFO - Processing file /home/airflow/.local/lib/python3.8/site-packages/airflow/example_dags/example_setup_teardown_taskflow.py for tasks to queue
[2023-08-24T09:36:29.106+0000] {logging_mixin.py:151} INFO - [2023-08-24T09:36:29.106+0000] {dagbag.py:539} INFO - Filling up the DagBag from /home/airflow/.local/lib/python3.8/site-packages/airflow/example_dags/example_setup_teardown_taskflow.py
[2023-08-24T09:36:29.126+0000] {processor.py:839} INFO - DAG(s) dict_keys(['example_setup_teardown_taskflow']) retrieved from /home/airflow/.local/lib/python3.8/site-packages/airflow/example_dags/example_setup_teardown_taskflow.py
[2023-08-24T09:36:29.164+0000] {logging_mixin.py:151} INFO - [2023-08-24T09:36:29.163+0000] {dag.py:2907} INFO - Sync 1 DAGs
[2023-08-24T09:36:29.187+0000] {logging_mixin.py:151} INFO - [2023-08-24T09:36:29.187+0000] {dag.py:3677} INFO - Setting next_dagrun for example_setup_teardown_taskflow to 2023-08-23T09:36:29.186786+00:00, run_after=2023-08-24T09:36:29.186786+00:00
[2023-08-24T09:36:29.208+0000] {processor.py:179} INFO - Processing /home/airflow/.local/lib/python3.8/site-packages/airflow/example_dags/example_setup_teardown_taskflow.py took 0.116 seconds
[2023-08-24T09:36:59.768+0000] {processor.py:157} INFO - Started process (PID=677) to work on /home/airflow/.local/lib/python3.8/site-packages/airflow/example_dags/example_setup_teardown_taskflow.py
[2023-08-24T09:36:59.785+0000] {processor.py:829} INFO - Processing file /home/airflow/.local/lib/python3.8/site-packages/airflow/example_dags/example_setup_teardown_taskflow.py for tasks to queue
[2023-08-24T09:36:59.818+0000] {logging_mixin.py:151} INFO - [2023-08-24T09:36:59.815+0000] {dagbag.py:539} INFO - Filling up the DagBag from /home/airflow/.local/lib/python3.8/site-packages/airflow/example_dags/example_setup_teardown_taskflow.py
