[2023-08-24T09:29:04.762+0000] {processor.py:157} INFO - Started process (PID=62) to work on /home/airflow/.local/lib/python3.8/site-packages/airflow/example_dags/example_params_ui_tutorial.py
[2023-08-24T09:29:04.797+0000] {processor.py:829} INFO - Processing file /home/airflow/.local/lib/python3.8/site-packages/airflow/example_dags/example_params_ui_tutorial.py for tasks to queue
[2023-08-24T09:29:04.877+0000] {logging_mixin.py:151} INFO - [2023-08-24T09:29:04.873+0000] {dagbag.py:539} INFO - Filling up the DagBag from /home/airflow/.local/lib/python3.8/site-packages/airflow/example_dags/example_params_ui_tutorial.py
[2023-08-24T09:29:06.200+0000] {processor.py:839} INFO - DAG(s) dict_keys(['example_params_ui_tutorial']) retrieved from /home/airflow/.local/lib/python3.8/site-packages/airflow/example_dags/example_params_ui_tutorial.py
[2023-08-24T09:29:08.424+0000] {logging_mixin.py:151} INFO - [2023-08-24T09:29:08.422+0000] {manager.py:501} INFO - Created Permission View: can read on DAG:example_params_ui_tutorial
[2023-08-24T09:29:08.488+0000] {logging_mixin.py:151} INFO - [2023-08-24T09:29:08.487+0000] {manager.py:501} INFO - Created Permission View: can edit on DAG:example_params_ui_tutorial
[2023-08-24T09:29:08.545+0000] {logging_mixin.py:151} INFO - [2023-08-24T09:29:08.545+0000] {manager.py:501} INFO - Created Permission View: can delete on DAG:example_params_ui_tutorial
[2023-08-24T09:29:08.766+0000] {logging_mixin.py:151} INFO - [2023-08-24T09:29:08.765+0000] {dag.py:2907} INFO - Sync 1 DAGs
[2023-08-24T09:29:10.622+0000] {logging_mixin.py:151} INFO - [2023-08-24T09:29:10.570+0000] {dag.py:2929} INFO - Creating ORM DAG for example_params_ui_tutorial
[2023-08-24T09:29:10.715+0000] {logging_mixin.py:151} INFO - [2023-08-24T09:29:10.671+0000] {dag.py:3677} INFO - Setting next_dagrun for example_params_ui_tutorial to None, run_after=None
[2023-08-24T09:29:11.249+0000] {processor.py:179} INFO - Processing /home/airflow/.local/lib/python3.8/site-packages/airflow/example_dags/example_params_ui_tutorial.py took 6.532 seconds
[2023-08-24T09:30:47.617+0000] {processor.py:157} INFO - Started process (PID=131) to work on /home/airflow/.local/lib/python3.8/site-packages/airflow/example_dags/example_params_ui_tutorial.py
[2023-08-24T09:30:47.706+0000] {processor.py:829} INFO - Processing file /home/airflow/.local/lib/python3.8/site-packages/airflow/example_dags/example_params_ui_tutorial.py for tasks to queue
[2023-08-24T09:30:47.760+0000] {logging_mixin.py:151} INFO - [2023-08-24T09:30:47.750+0000] {dagbag.py:539} INFO - Filling up the DagBag from /home/airflow/.local/lib/python3.8/site-packages/airflow/example_dags/example_params_ui_tutorial.py
[2023-08-24T09:30:48.596+0000] {processor.py:839} INFO - DAG(s) dict_keys(['example_params_ui_tutorial']) retrieved from /home/airflow/.local/lib/python3.8/site-packages/airflow/example_dags/example_params_ui_tutorial.py
[2023-08-24T09:30:50.787+0000] {logging_mixin.py:151} INFO - [2023-08-24T09:30:50.766+0000] {dag.py:2907} INFO - Sync 1 DAGs
[2023-08-24T09:30:51.442+0000] {logging_mixin.py:151} INFO - [2023-08-24T09:30:51.391+0000] {dag.py:3677} INFO - Setting next_dagrun for example_params_ui_tutorial to None, run_after=None
[2023-08-24T09:30:52.152+0000] {processor.py:179} INFO - Processing /home/airflow/.local/lib/python3.8/site-packages/airflow/example_dags/example_params_ui_tutorial.py took 4.645 seconds
[2023-08-24T09:31:31.148+0000] {processor.py:157} INFO - Started process (PID=187) to work on /home/airflow/.local/lib/python3.8/site-packages/airflow/example_dags/example_params_ui_tutorial.py
[2023-08-24T09:31:31.157+0000] {processor.py:829} INFO - Processing file /home/airflow/.local/lib/python3.8/site-packages/airflow/example_dags/example_params_ui_tutorial.py for tasks to queue
[2023-08-24T09:31:31.186+0000] {logging_mixin.py:151} INFO - [2023-08-24T09:31:31.178+0000] {dagbag.py:539} INFO - Filling up the DagBag from /home/airflow/.local/lib/python3.8/site-packages/airflow/example_dags/example_params_ui_tutorial.py
[2023-08-24T09:31:31.423+0000] {processor.py:839} INFO - DAG(s) dict_keys(['example_params_ui_tutorial']) retrieved from /home/airflow/.local/lib/python3.8/site-packages/airflow/example_dags/example_params_ui_tutorial.py
[2023-08-24T09:31:31.774+0000] {logging_mixin.py:151} INFO - [2023-08-24T09:31:31.773+0000] {dag.py:2907} INFO - Sync 1 DAGs
[2023-08-24T09:31:31.883+0000] {logging_mixin.py:151} INFO - [2023-08-24T09:31:31.882+0000] {dag.py:3677} INFO - Setting next_dagrun for example_params_ui_tutorial to None, run_after=None
[2023-08-24T09:31:32.007+0000] {processor.py:179} INFO - Processing /home/airflow/.local/lib/python3.8/site-packages/airflow/example_dags/example_params_ui_tutorial.py took 0.917 seconds
[2023-08-24T09:32:22.509+0000] {processor.py:157} INFO - Started process (PID=236) to work on /home/airflow/.local/lib/python3.8/site-packages/airflow/example_dags/example_params_ui_tutorial.py
[2023-08-24T09:32:22.534+0000] {processor.py:829} INFO - Processing file /home/airflow/.local/lib/python3.8/site-packages/airflow/example_dags/example_params_ui_tutorial.py for tasks to queue
[2023-08-24T09:32:22.598+0000] {logging_mixin.py:151} INFO - [2023-08-24T09:32:22.597+0000] {dagbag.py:539} INFO - Filling up the DagBag from /home/airflow/.local/lib/python3.8/site-packages/airflow/example_dags/example_params_ui_tutorial.py
[2023-08-24T09:32:22.909+0000] {processor.py:839} INFO - DAG(s) dict_keys(['example_params_ui_tutorial']) retrieved from /home/airflow/.local/lib/python3.8/site-packages/airflow/example_dags/example_params_ui_tutorial.py
[2023-08-24T09:32:23.373+0000] {logging_mixin.py:151} INFO - [2023-08-24T09:32:23.371+0000] {dag.py:2907} INFO - Sync 1 DAGs
[2023-08-24T09:32:23.469+0000] {logging_mixin.py:151} INFO - [2023-08-24T09:32:23.468+0000] {dag.py:3677} INFO - Setting next_dagrun for example_params_ui_tutorial to None, run_after=None
[2023-08-24T09:32:23.979+0000] {processor.py:179} INFO - Processing /home/airflow/.local/lib/python3.8/site-packages/airflow/example_dags/example_params_ui_tutorial.py took 1.534 seconds
[2023-08-24T09:33:20.237+0000] {processor.py:157} INFO - Started process (PID=299) to work on /home/airflow/.local/lib/python3.8/site-packages/airflow/example_dags/example_params_ui_tutorial.py
[2023-08-24T09:33:20.252+0000] {processor.py:829} INFO - Processing file /home/airflow/.local/lib/python3.8/site-packages/airflow/example_dags/example_params_ui_tutorial.py for tasks to queue
[2023-08-24T09:33:20.302+0000] {logging_mixin.py:151} INFO - [2023-08-24T09:33:20.300+0000] {dagbag.py:539} INFO - Filling up the DagBag from /home/airflow/.local/lib/python3.8/site-packages/airflow/example_dags/example_params_ui_tutorial.py
[2023-08-24T09:33:20.676+0000] {processor.py:839} INFO - DAG(s) dict_keys(['example_params_ui_tutorial']) retrieved from /home/airflow/.local/lib/python3.8/site-packages/airflow/example_dags/example_params_ui_tutorial.py
[2023-08-24T09:33:21.957+0000] {logging_mixin.py:151} INFO - [2023-08-24T09:33:21.956+0000] {dag.py:2907} INFO - Sync 1 DAGs
[2023-08-24T09:33:22.163+0000] {logging_mixin.py:151} INFO - [2023-08-24T09:33:22.162+0000] {dag.py:3677} INFO - Setting next_dagrun for example_params_ui_tutorial to None, run_after=None
[2023-08-24T09:33:22.430+0000] {processor.py:179} INFO - Processing /home/airflow/.local/lib/python3.8/site-packages/airflow/example_dags/example_params_ui_tutorial.py took 2.248 seconds
[2023-08-24T09:33:55.260+0000] {processor.py:157} INFO - Started process (PID=352) to work on /home/airflow/.local/lib/python3.8/site-packages/airflow/example_dags/example_params_ui_tutorial.py
[2023-08-24T09:33:55.264+0000] {processor.py:829} INFO - Processing file /home/airflow/.local/lib/python3.8/site-packages/airflow/example_dags/example_params_ui_tutorial.py for tasks to queue
[2023-08-24T09:33:55.271+0000] {logging_mixin.py:151} INFO - [2023-08-24T09:33:55.270+0000] {dagbag.py:539} INFO - Filling up the DagBag from /home/airflow/.local/lib/python3.8/site-packages/airflow/example_dags/example_params_ui_tutorial.py
[2023-08-24T09:33:55.327+0000] {processor.py:839} INFO - DAG(s) dict_keys(['example_params_ui_tutorial']) retrieved from /home/airflow/.local/lib/python3.8/site-packages/airflow/example_dags/example_params_ui_tutorial.py
[2023-08-24T09:33:55.398+0000] {logging_mixin.py:151} INFO - [2023-08-24T09:33:55.397+0000] {dag.py:2907} INFO - Sync 1 DAGs
[2023-08-24T09:33:55.415+0000] {logging_mixin.py:151} INFO - [2023-08-24T09:33:55.415+0000] {dag.py:3677} INFO - Setting next_dagrun for example_params_ui_tutorial to None, run_after=None
[2023-08-24T09:33:55.439+0000] {processor.py:179} INFO - Processing /home/airflow/.local/lib/python3.8/site-packages/airflow/example_dags/example_params_ui_tutorial.py took 0.187 seconds
[2023-08-24T09:34:26.812+0000] {processor.py:157} INFO - Started process (PID=405) to work on /home/airflow/.local/lib/python3.8/site-packages/airflow/example_dags/example_params_ui_tutorial.py
[2023-08-24T09:34:26.819+0000] {processor.py:829} INFO - Processing file /home/airflow/.local/lib/python3.8/site-packages/airflow/example_dags/example_params_ui_tutorial.py for tasks to queue
[2023-08-24T09:34:26.836+0000] {logging_mixin.py:151} INFO - [2023-08-24T09:34:26.835+0000] {dagbag.py:539} INFO - Filling up the DagBag from /home/airflow/.local/lib/python3.8/site-packages/airflow/example_dags/example_params_ui_tutorial.py
[2023-08-24T09:34:26.902+0000] {processor.py:839} INFO - DAG(s) dict_keys(['example_params_ui_tutorial']) retrieved from /home/airflow/.local/lib/python3.8/site-packages/airflow/example_dags/example_params_ui_tutorial.py
[2023-08-24T09:34:27.111+0000] {logging_mixin.py:151} INFO - [2023-08-24T09:34:27.110+0000] {dag.py:2907} INFO - Sync 1 DAGs
[2023-08-24T09:34:27.175+0000] {logging_mixin.py:151} INFO - [2023-08-24T09:34:27.174+0000] {dag.py:3677} INFO - Setting next_dagrun for example_params_ui_tutorial to None, run_after=None
[2023-08-24T09:34:27.275+0000] {processor.py:179} INFO - Processing /home/airflow/.local/lib/python3.8/site-packages/airflow/example_dags/example_params_ui_tutorial.py took 0.469 seconds
[2023-08-24T09:34:57.669+0000] {processor.py:157} INFO - Started process (PID=461) to work on /home/airflow/.local/lib/python3.8/site-packages/airflow/example_dags/example_params_ui_tutorial.py
[2023-08-24T09:34:57.673+0000] {processor.py:829} INFO - Processing file /home/airflow/.local/lib/python3.8/site-packages/airflow/example_dags/example_params_ui_tutorial.py for tasks to queue
[2023-08-24T09:34:57.680+0000] {logging_mixin.py:151} INFO - [2023-08-24T09:34:57.679+0000] {dagbag.py:539} INFO - Filling up the DagBag from /home/airflow/.local/lib/python3.8/site-packages/airflow/example_dags/example_params_ui_tutorial.py
[2023-08-24T09:34:57.791+0000] {processor.py:839} INFO - DAG(s) dict_keys(['example_params_ui_tutorial']) retrieved from /home/airflow/.local/lib/python3.8/site-packages/airflow/example_dags/example_params_ui_tutorial.py
[2023-08-24T09:34:58.027+0000] {logging_mixin.py:151} INFO - [2023-08-24T09:34:58.026+0000] {dag.py:2907} INFO - Sync 1 DAGs
[2023-08-24T09:34:58.143+0000] {logging_mixin.py:151} INFO - [2023-08-24T09:34:58.142+0000] {dag.py:3677} INFO - Setting next_dagrun for example_params_ui_tutorial to None, run_after=None
[2023-08-24T09:34:58.256+0000] {processor.py:179} INFO - Processing /home/airflow/.local/lib/python3.8/site-packages/airflow/example_dags/example_params_ui_tutorial.py took 0.594 seconds
[2023-08-24T09:35:29.363+0000] {processor.py:157} INFO - Started process (PID=517) to work on /home/airflow/.local/lib/python3.8/site-packages/airflow/example_dags/example_params_ui_tutorial.py
[2023-08-24T09:35:29.365+0000] {processor.py:829} INFO - Processing file /home/airflow/.local/lib/python3.8/site-packages/airflow/example_dags/example_params_ui_tutorial.py for tasks to queue
[2023-08-24T09:35:29.369+0000] {logging_mixin.py:151} INFO - [2023-08-24T09:35:29.368+0000] {dagbag.py:539} INFO - Filling up the DagBag from /home/airflow/.local/lib/python3.8/site-packages/airflow/example_dags/example_params_ui_tutorial.py
[2023-08-24T09:35:29.407+0000] {processor.py:839} INFO - DAG(s) dict_keys(['example_params_ui_tutorial']) retrieved from /home/airflow/.local/lib/python3.8/site-packages/airflow/example_dags/example_params_ui_tutorial.py
[2023-08-24T09:35:29.457+0000] {logging_mixin.py:151} INFO - [2023-08-24T09:35:29.457+0000] {dag.py:2907} INFO - Sync 1 DAGs
[2023-08-24T09:35:29.472+0000] {logging_mixin.py:151} INFO - [2023-08-24T09:35:29.472+0000] {dag.py:3677} INFO - Setting next_dagrun for example_params_ui_tutorial to None, run_after=None
[2023-08-24T09:35:29.492+0000] {processor.py:179} INFO - Processing /home/airflow/.local/lib/python3.8/site-packages/airflow/example_dags/example_params_ui_tutorial.py took 0.135 seconds
[2023-08-24T09:36:00.209+0000] {processor.py:157} INFO - Started process (PID=573) to work on /home/airflow/.local/lib/python3.8/site-packages/airflow/example_dags/example_params_ui_tutorial.py
[2023-08-24T09:36:00.217+0000] {processor.py:829} INFO - Processing file /home/airflow/.local/lib/python3.8/site-packages/airflow/example_dags/example_params_ui_tutorial.py for tasks to queue
[2023-08-24T09:36:00.231+0000] {logging_mixin.py:151} INFO - [2023-08-24T09:36:00.231+0000] {dagbag.py:539} INFO - Filling up the DagBag from /home/airflow/.local/lib/python3.8/site-packages/airflow/example_dags/example_params_ui_tutorial.py
[2023-08-24T09:36:00.350+0000] {processor.py:839} INFO - DAG(s) dict_keys(['example_params_ui_tutorial']) retrieved from /home/airflow/.local/lib/python3.8/site-packages/airflow/example_dags/example_params_ui_tutorial.py
[2023-08-24T09:36:00.464+0000] {logging_mixin.py:151} INFO - [2023-08-24T09:36:00.464+0000] {dag.py:2907} INFO - Sync 1 DAGs
[2023-08-24T09:36:00.488+0000] {logging_mixin.py:151} INFO - [2023-08-24T09:36:00.487+0000] {dag.py:3677} INFO - Setting next_dagrun for example_params_ui_tutorial to None, run_after=None
[2023-08-24T09:36:00.524+0000] {processor.py:179} INFO - Processing /home/airflow/.local/lib/python3.8/site-packages/airflow/example_dags/example_params_ui_tutorial.py took 0.342 seconds
[2023-08-24T09:36:30.619+0000] {processor.py:157} INFO - Started process (PID=629) to work on /home/airflow/.local/lib/python3.8/site-packages/airflow/example_dags/example_params_ui_tutorial.py
[2023-08-24T09:36:30.621+0000] {processor.py:829} INFO - Processing file /home/airflow/.local/lib/python3.8/site-packages/airflow/example_dags/example_params_ui_tutorial.py for tasks to queue
[2023-08-24T09:36:30.626+0000] {logging_mixin.py:151} INFO - [2023-08-24T09:36:30.625+0000] {dagbag.py:539} INFO - Filling up the DagBag from /home/airflow/.local/lib/python3.8/site-packages/airflow/example_dags/example_params_ui_tutorial.py
[2023-08-24T09:36:30.663+0000] {processor.py:839} INFO - DAG(s) dict_keys(['example_params_ui_tutorial']) retrieved from /home/airflow/.local/lib/python3.8/site-packages/airflow/example_dags/example_params_ui_tutorial.py
[2023-08-24T09:36:30.712+0000] {logging_mixin.py:151} INFO - [2023-08-24T09:36:30.712+0000] {dag.py:2907} INFO - Sync 1 DAGs
[2023-08-24T09:36:30.728+0000] {logging_mixin.py:151} INFO - [2023-08-24T09:36:30.728+0000] {dag.py:3677} INFO - Setting next_dagrun for example_params_ui_tutorial to None, run_after=None
[2023-08-24T09:36:30.751+0000] {processor.py:179} INFO - Processing /home/airflow/.local/lib/python3.8/site-packages/airflow/example_dags/example_params_ui_tutorial.py took 0.142 seconds
