[2023-08-24T09:29:20.246+0000] {processor.py:157} INFO - Started process (PID=68) to work on /home/airflow/.local/lib/python3.8/site-packages/airflow/example_dags/example_latest_only_with_trigger.py
[2023-08-24T09:29:20.253+0000] {processor.py:829} INFO - Processing file /home/airflow/.local/lib/python3.8/site-packages/airflow/example_dags/example_latest_only_with_trigger.py for tasks to queue
[2023-08-24T09:29:20.270+0000] {logging_mixin.py:151} INFO - [2023-08-24T09:29:20.264+0000] {dagbag.py:539} INFO - Filling up the DagBag from /home/airflow/.local/lib/python3.8/site-packages/airflow/example_dags/example_latest_only_with_trigger.py
[2023-08-24T09:29:20.332+0000] {processor.py:839} INFO - DAG(s) dict_keys(['latest_only_with_trigger']) retrieved from /home/airflow/.local/lib/python3.8/site-packages/airflow/example_dags/example_latest_only_with_trigger.py
[2023-08-24T09:29:21.160+0000] {logging_mixin.py:151} INFO - [2023-08-24T09:29:21.158+0000] {manager.py:501} INFO - Created Permission View: can read on DAG:latest_only_with_trigger
[2023-08-24T09:29:21.285+0000] {logging_mixin.py:151} INFO - [2023-08-24T09:29:21.284+0000] {manager.py:501} INFO - Created Permission View: can edit on DAG:latest_only_with_trigger
[2023-08-24T09:29:21.330+0000] {logging_mixin.py:151} INFO - [2023-08-24T09:29:21.330+0000] {manager.py:501} INFO - Created Permission View: can delete on DAG:latest_only_with_trigger
[2023-08-24T09:29:21.507+0000] {logging_mixin.py:151} INFO - [2023-08-24T09:29:21.506+0000] {dag.py:2907} INFO - Sync 1 DAGs
[2023-08-24T09:29:21.687+0000] {logging_mixin.py:151} INFO - [2023-08-24T09:29:21.687+0000] {dag.py:2929} INFO - Creating ORM DAG for latest_only_with_trigger
[2023-08-24T09:29:21.803+0000] {logging_mixin.py:151} INFO - [2023-08-24T09:29:21.795+0000] {dag.py:3677} INFO - Setting next_dagrun for latest_only_with_trigger to 2023-08-24T05:29:21.789074+00:00, run_after=2023-08-24T09:29:21.789074+00:00
[2023-08-24T09:29:21.953+0000] {processor.py:179} INFO - Processing /home/airflow/.local/lib/python3.8/site-packages/airflow/example_dags/example_latest_only_with_trigger.py took 1.731 seconds
[2023-08-24T09:31:02.972+0000] {processor.py:157} INFO - Started process (PID=144) to work on /home/airflow/.local/lib/python3.8/site-packages/airflow/example_dags/example_latest_only_with_trigger.py
[2023-08-24T09:31:02.983+0000] {processor.py:829} INFO - Processing file /home/airflow/.local/lib/python3.8/site-packages/airflow/example_dags/example_latest_only_with_trigger.py for tasks to queue
[2023-08-24T09:31:03.023+0000] {logging_mixin.py:151} INFO - [2023-08-24T09:31:03.020+0000] {dagbag.py:539} INFO - Filling up the DagBag from /home/airflow/.local/lib/python3.8/site-packages/airflow/example_dags/example_latest_only_with_trigger.py
[2023-08-24T09:31:03.076+0000] {processor.py:839} INFO - DAG(s) dict_keys(['latest_only_with_trigger']) retrieved from /home/airflow/.local/lib/python3.8/site-packages/airflow/example_dags/example_latest_only_with_trigger.py
[2023-08-24T09:31:03.240+0000] {logging_mixin.py:151} INFO - [2023-08-24T09:31:03.239+0000] {dag.py:2907} INFO - Sync 1 DAGs
[2023-08-24T09:31:03.458+0000] {logging_mixin.py:151} INFO - [2023-08-24T09:31:03.457+0000] {dag.py:3677} INFO - Setting next_dagrun for latest_only_with_trigger to 2023-08-24T05:31:03.456601+00:00, run_after=2023-08-24T09:31:03.456601+00:00
[2023-08-24T09:31:03.667+0000] {processor.py:179} INFO - Processing /home/airflow/.local/lib/python3.8/site-packages/airflow/example_dags/example_latest_only_with_trigger.py took 0.738 seconds
[2023-08-24T09:31:39.532+0000] {processor.py:157} INFO - Started process (PID=200) to work on /home/airflow/.local/lib/python3.8/site-packages/airflow/example_dags/example_latest_only_with_trigger.py
[2023-08-24T09:31:39.603+0000] {processor.py:829} INFO - Processing file /home/airflow/.local/lib/python3.8/site-packages/airflow/example_dags/example_latest_only_with_trigger.py for tasks to queue
[2023-08-24T09:31:39.851+0000] {logging_mixin.py:151} INFO - [2023-08-24T09:31:39.812+0000] {dagbag.py:539} INFO - Filling up the DagBag from /home/airflow/.local/lib/python3.8/site-packages/airflow/example_dags/example_latest_only_with_trigger.py
[2023-08-24T09:31:40.002+0000] {processor.py:839} INFO - DAG(s) dict_keys(['latest_only_with_trigger']) retrieved from /home/airflow/.local/lib/python3.8/site-packages/airflow/example_dags/example_latest_only_with_trigger.py
[2023-08-24T09:31:40.397+0000] {logging_mixin.py:151} INFO - [2023-08-24T09:31:40.395+0000] {dag.py:2907} INFO - Sync 1 DAGs
[2023-08-24T09:31:40.578+0000] {logging_mixin.py:151} INFO - [2023-08-24T09:31:40.577+0000] {dag.py:3677} INFO - Setting next_dagrun for latest_only_with_trigger to 2023-08-24T05:31:40.567625+00:00, run_after=2023-08-24T09:31:40.567625+00:00
[2023-08-24T09:31:40.695+0000] {processor.py:179} INFO - Processing /home/airflow/.local/lib/python3.8/site-packages/airflow/example_dags/example_latest_only_with_trigger.py took 1.459 seconds
[2023-08-24T09:33:03.063+0000] {processor.py:157} INFO - Started process (PID=273) to work on /home/airflow/.local/lib/python3.8/site-packages/airflow/example_dags/example_latest_only_with_trigger.py
[2023-08-24T09:33:03.088+0000] {processor.py:829} INFO - Processing file /home/airflow/.local/lib/python3.8/site-packages/airflow/example_dags/example_latest_only_with_trigger.py for tasks to queue
[2023-08-24T09:33:03.136+0000] {logging_mixin.py:151} INFO - [2023-08-24T09:33:03.134+0000] {dagbag.py:539} INFO - Filling up the DagBag from /home/airflow/.local/lib/python3.8/site-packages/airflow/example_dags/example_latest_only_with_trigger.py
[2023-08-24T09:33:03.212+0000] {processor.py:839} INFO - DAG(s) dict_keys(['latest_only_with_trigger']) retrieved from /home/airflow/.local/lib/python3.8/site-packages/airflow/example_dags/example_latest_only_with_trigger.py
[2023-08-24T09:33:03.497+0000] {logging_mixin.py:151} INFO - [2023-08-24T09:33:03.496+0000] {dag.py:2907} INFO - Sync 1 DAGs
[2023-08-24T09:33:03.628+0000] {logging_mixin.py:151} INFO - [2023-08-24T09:33:03.628+0000] {dag.py:3677} INFO - Setting next_dagrun for latest_only_with_trigger to 2023-08-24T05:33:03.627339+00:00, run_after=2023-08-24T09:33:03.627339+00:00
[2023-08-24T09:33:03.726+0000] {processor.py:179} INFO - Processing /home/airflow/.local/lib/python3.8/site-packages/airflow/example_dags/example_latest_only_with_trigger.py took 0.690 seconds
[2023-08-24T09:33:52.611+0000] {processor.py:157} INFO - Started process (PID=331) to work on /home/airflow/.local/lib/python3.8/site-packages/airflow/example_dags/example_latest_only_with_trigger.py
[2023-08-24T09:33:52.616+0000] {processor.py:829} INFO - Processing file /home/airflow/.local/lib/python3.8/site-packages/airflow/example_dags/example_latest_only_with_trigger.py for tasks to queue
[2023-08-24T09:33:52.625+0000] {logging_mixin.py:151} INFO - [2023-08-24T09:33:52.624+0000] {dagbag.py:539} INFO - Filling up the DagBag from /home/airflow/.local/lib/python3.8/site-packages/airflow/example_dags/example_latest_only_with_trigger.py
[2023-08-24T09:33:52.645+0000] {processor.py:839} INFO - DAG(s) dict_keys(['latest_only_with_trigger']) retrieved from /home/airflow/.local/lib/python3.8/site-packages/airflow/example_dags/example_latest_only_with_trigger.py
[2023-08-24T09:33:52.707+0000] {logging_mixin.py:151} INFO - [2023-08-24T09:33:52.707+0000] {dag.py:2907} INFO - Sync 1 DAGs
[2023-08-24T09:33:52.748+0000] {logging_mixin.py:151} INFO - [2023-08-24T09:33:52.748+0000] {dag.py:3677} INFO - Setting next_dagrun for latest_only_with_trigger to 2023-08-24T05:33:52.747999+00:00, run_after=2023-08-24T09:33:52.747999+00:00
[2023-08-24T09:33:52.826+0000] {processor.py:179} INFO - Processing /home/airflow/.local/lib/python3.8/site-packages/airflow/example_dags/example_latest_only_with_trigger.py took 0.267 seconds
[2023-08-24T09:34:23.533+0000] {processor.py:157} INFO - Started process (PID=387) to work on /home/airflow/.local/lib/python3.8/site-packages/airflow/example_dags/example_latest_only_with_trigger.py
[2023-08-24T09:34:23.536+0000] {processor.py:829} INFO - Processing file /home/airflow/.local/lib/python3.8/site-packages/airflow/example_dags/example_latest_only_with_trigger.py for tasks to queue
[2023-08-24T09:34:23.541+0000] {logging_mixin.py:151} INFO - [2023-08-24T09:34:23.541+0000] {dagbag.py:539} INFO - Filling up the DagBag from /home/airflow/.local/lib/python3.8/site-packages/airflow/example_dags/example_latest_only_with_trigger.py
[2023-08-24T09:34:23.548+0000] {processor.py:839} INFO - DAG(s) dict_keys(['latest_only_with_trigger']) retrieved from /home/airflow/.local/lib/python3.8/site-packages/airflow/example_dags/example_latest_only_with_trigger.py
[2023-08-24T09:34:23.575+0000] {logging_mixin.py:151} INFO - [2023-08-24T09:34:23.575+0000] {dag.py:2907} INFO - Sync 1 DAGs
[2023-08-24T09:34:23.597+0000] {logging_mixin.py:151} INFO - [2023-08-24T09:34:23.597+0000] {dag.py:3677} INFO - Setting next_dagrun for latest_only_with_trigger to 2023-08-24T05:34:23.596749+00:00, run_after=2023-08-24T09:34:23.596749+00:00
[2023-08-24T09:34:23.616+0000] {processor.py:179} INFO - Processing /home/airflow/.local/lib/python3.8/site-packages/airflow/example_dags/example_latest_only_with_trigger.py took 0.087 seconds
[2023-08-24T09:34:53.775+0000] {processor.py:157} INFO - Started process (PID=442) to work on /home/airflow/.local/lib/python3.8/site-packages/airflow/example_dags/example_latest_only_with_trigger.py
[2023-08-24T09:34:53.777+0000] {processor.py:829} INFO - Processing file /home/airflow/.local/lib/python3.8/site-packages/airflow/example_dags/example_latest_only_with_trigger.py for tasks to queue
[2023-08-24T09:34:53.781+0000] {logging_mixin.py:151} INFO - [2023-08-24T09:34:53.780+0000] {dagbag.py:539} INFO - Filling up the DagBag from /home/airflow/.local/lib/python3.8/site-packages/airflow/example_dags/example_latest_only_with_trigger.py
[2023-08-24T09:34:53.789+0000] {processor.py:839} INFO - DAG(s) dict_keys(['latest_only_with_trigger']) retrieved from /home/airflow/.local/lib/python3.8/site-packages/airflow/example_dags/example_latest_only_with_trigger.py
[2023-08-24T09:34:53.820+0000] {logging_mixin.py:151} INFO - [2023-08-24T09:34:53.820+0000] {dag.py:2907} INFO - Sync 1 DAGs
[2023-08-24T09:34:53.845+0000] {logging_mixin.py:151} INFO - [2023-08-24T09:34:53.845+0000] {dag.py:3677} INFO - Setting next_dagrun for latest_only_with_trigger to 2023-08-24T05:34:53.844808+00:00, run_after=2023-08-24T09:34:53.844808+00:00
[2023-08-24T09:34:53.865+0000] {processor.py:179} INFO - Processing /home/airflow/.local/lib/python3.8/site-packages/airflow/example_dags/example_latest_only_with_trigger.py took 0.095 seconds
[2023-08-24T09:35:24.053+0000] {processor.py:157} INFO - Started process (PID=498) to work on /home/airflow/.local/lib/python3.8/site-packages/airflow/example_dags/example_latest_only_with_trigger.py
[2023-08-24T09:35:24.056+0000] {processor.py:829} INFO - Processing file /home/airflow/.local/lib/python3.8/site-packages/airflow/example_dags/example_latest_only_with_trigger.py for tasks to queue
[2023-08-24T09:35:24.061+0000] {logging_mixin.py:151} INFO - [2023-08-24T09:35:24.061+0000] {dagbag.py:539} INFO - Filling up the DagBag from /home/airflow/.local/lib/python3.8/site-packages/airflow/example_dags/example_latest_only_with_trigger.py
[2023-08-24T09:35:24.071+0000] {processor.py:839} INFO - DAG(s) dict_keys(['latest_only_with_trigger']) retrieved from /home/airflow/.local/lib/python3.8/site-packages/airflow/example_dags/example_latest_only_with_trigger.py
[2023-08-24T09:35:24.103+0000] {logging_mixin.py:151} INFO - [2023-08-24T09:35:24.102+0000] {dag.py:2907} INFO - Sync 1 DAGs
[2023-08-24T09:35:24.130+0000] {logging_mixin.py:151} INFO - [2023-08-24T09:35:24.130+0000] {dag.py:3677} INFO - Setting next_dagrun for latest_only_with_trigger to 2023-08-24T05:35:24.130039+00:00, run_after=2023-08-24T09:35:24.130039+00:00
[2023-08-24T09:35:24.147+0000] {processor.py:179} INFO - Processing /home/airflow/.local/lib/python3.8/site-packages/airflow/example_dags/example_latest_only_with_trigger.py took 0.099 seconds
[2023-08-24T09:35:54.736+0000] {processor.py:157} INFO - Started process (PID=554) to work on /home/airflow/.local/lib/python3.8/site-packages/airflow/example_dags/example_latest_only_with_trigger.py
[2023-08-24T09:35:54.739+0000] {processor.py:829} INFO - Processing file /home/airflow/.local/lib/python3.8/site-packages/airflow/example_dags/example_latest_only_with_trigger.py for tasks to queue
[2023-08-24T09:35:54.743+0000] {logging_mixin.py:151} INFO - [2023-08-24T09:35:54.742+0000] {dagbag.py:539} INFO - Filling up the DagBag from /home/airflow/.local/lib/python3.8/site-packages/airflow/example_dags/example_latest_only_with_trigger.py
[2023-08-24T09:35:54.750+0000] {processor.py:839} INFO - DAG(s) dict_keys(['latest_only_with_trigger']) retrieved from /home/airflow/.local/lib/python3.8/site-packages/airflow/example_dags/example_latest_only_with_trigger.py
[2023-08-24T09:35:54.778+0000] {logging_mixin.py:151} INFO - [2023-08-24T09:35:54.778+0000] {dag.py:2907} INFO - Sync 1 DAGs
[2023-08-24T09:35:54.798+0000] {logging_mixin.py:151} INFO - [2023-08-24T09:35:54.798+0000] {dag.py:3677} INFO - Setting next_dagrun for latest_only_with_trigger to 2023-08-24T05:35:54.798568+00:00, run_after=2023-08-24T09:35:54.798568+00:00
[2023-08-24T09:35:54.815+0000] {processor.py:179} INFO - Processing /home/airflow/.local/lib/python3.8/site-packages/airflow/example_dags/example_latest_only_with_trigger.py took 0.083 seconds
[2023-08-24T09:36:25.269+0000] {processor.py:157} INFO - Started process (PID=610) to work on /home/airflow/.local/lib/python3.8/site-packages/airflow/example_dags/example_latest_only_with_trigger.py
[2023-08-24T09:36:25.273+0000] {processor.py:829} INFO - Processing file /home/airflow/.local/lib/python3.8/site-packages/airflow/example_dags/example_latest_only_with_trigger.py for tasks to queue
[2023-08-24T09:36:25.282+0000] {logging_mixin.py:151} INFO - [2023-08-24T09:36:25.281+0000] {dagbag.py:539} INFO - Filling up the DagBag from /home/airflow/.local/lib/python3.8/site-packages/airflow/example_dags/example_latest_only_with_trigger.py
[2023-08-24T09:36:25.296+0000] {processor.py:839} INFO - DAG(s) dict_keys(['latest_only_with_trigger']) retrieved from /home/airflow/.local/lib/python3.8/site-packages/airflow/example_dags/example_latest_only_with_trigger.py
[2023-08-24T09:36:25.332+0000] {logging_mixin.py:151} INFO - [2023-08-24T09:36:25.332+0000] {dag.py:2907} INFO - Sync 1 DAGs
[2023-08-24T09:36:25.360+0000] {logging_mixin.py:151} INFO - [2023-08-24T09:36:25.359+0000] {dag.py:3677} INFO - Setting next_dagrun for latest_only_with_trigger to 2023-08-24T05:36:25.359565+00:00, run_after=2023-08-24T09:36:25.359565+00:00
[2023-08-24T09:36:25.380+0000] {processor.py:179} INFO - Processing /home/airflow/.local/lib/python3.8/site-packages/airflow/example_dags/example_latest_only_with_trigger.py took 0.117 seconds
[2023-08-24T09:36:55.816+0000] {processor.py:157} INFO - Started process (PID=666) to work on /home/airflow/.local/lib/python3.8/site-packages/airflow/example_dags/example_latest_only_with_trigger.py
[2023-08-24T09:36:55.818+0000] {processor.py:829} INFO - Processing file /home/airflow/.local/lib/python3.8/site-packages/airflow/example_dags/example_latest_only_with_trigger.py for tasks to queue
[2023-08-24T09:36:55.822+0000] {logging_mixin.py:151} INFO - [2023-08-24T09:36:55.822+0000] {dagbag.py:539} INFO - Filling up the DagBag from /home/airflow/.local/lib/python3.8/site-packages/airflow/example_dags/example_latest_only_with_trigger.py
[2023-08-24T09:36:55.832+0000] {processor.py:839} INFO - DAG(s) dict_keys(['latest_only_with_trigger']) retrieved from /home/airflow/.local/lib/python3.8/site-packages/airflow/example_dags/example_latest_only_with_trigger.py
[2023-08-24T09:36:55.862+0000] {logging_mixin.py:151} INFO - [2023-08-24T09:36:55.862+0000] {dag.py:2907} INFO - Sync 1 DAGs
[2023-08-24T09:36:55.884+0000] {logging_mixin.py:151} INFO - [2023-08-24T09:36:55.884+0000] {dag.py:3677} INFO - Setting next_dagrun for latest_only_with_trigger to 2023-08-24T05:36:55.883721+00:00, run_after=2023-08-24T09:36:55.883721+00:00
[2023-08-24T09:36:55.902+0000] {processor.py:179} INFO - Processing /home/airflow/.local/lib/python3.8/site-packages/airflow/example_dags/example_latest_only_with_trigger.py took 0.091 seconds
