[2023-08-24T09:30:05.765+0000] {processor.py:157} INFO - Started process (PID=102) to work on /home/airflow/.local/lib/python3.8/site-packages/airflow/example_dags/example_nested_branch_dag.py
[2023-08-24T09:30:05.779+0000] {processor.py:829} INFO - Processing file /home/airflow/.local/lib/python3.8/site-packages/airflow/example_dags/example_nested_branch_dag.py for tasks to queue
[2023-08-24T09:30:05.824+0000] {logging_mixin.py:151} INFO - [2023-08-24T09:30:05.820+0000] {dagbag.py:539} INFO - Filling up the DagBag from /home/airflow/.local/lib/python3.8/site-packages/airflow/example_dags/example_nested_branch_dag.py
[2023-08-24T09:30:05.949+0000] {processor.py:839} INFO - DAG(s) dict_keys(['example_nested_branch_dag']) retrieved from /home/airflow/.local/lib/python3.8/site-packages/airflow/example_dags/example_nested_branch_dag.py
[2023-08-24T09:30:07.162+0000] {logging_mixin.py:151} INFO - [2023-08-24T09:30:07.150+0000] {manager.py:501} INFO - Created Permission View: can read on DAG:example_nested_branch_dag
[2023-08-24T09:30:07.327+0000] {logging_mixin.py:151} INFO - [2023-08-24T09:30:07.326+0000] {manager.py:501} INFO - Created Permission View: can edit on DAG:example_nested_branch_dag
[2023-08-24T09:30:07.363+0000] {logging_mixin.py:151} INFO - [2023-08-24T09:30:07.363+0000] {manager.py:501} INFO - Created Permission View: can delete on DAG:example_nested_branch_dag
[2023-08-24T09:30:07.429+0000] {logging_mixin.py:151} INFO - [2023-08-24T09:30:07.428+0000] {dag.py:2907} INFO - Sync 1 DAGs
[2023-08-24T09:30:07.488+0000] {logging_mixin.py:151} INFO - [2023-08-24T09:30:07.487+0000] {dag.py:2929} INFO - Creating ORM DAG for example_nested_branch_dag
[2023-08-24T09:30:07.545+0000] {logging_mixin.py:151} INFO - [2023-08-24T09:30:07.544+0000] {dag.py:3677} INFO - Setting next_dagrun for example_nested_branch_dag to 2023-08-23T00:00:00+00:00, run_after=2023-08-24T00:00:00+00:00
[2023-08-24T09:30:07.609+0000] {processor.py:179} INFO - Processing /home/airflow/.local/lib/python3.8/site-packages/airflow/example_dags/example_nested_branch_dag.py took 1.872 seconds
[2023-08-24T09:31:20.392+0000] {processor.py:157} INFO - Started process (PID=170) to work on /home/airflow/.local/lib/python3.8/site-packages/airflow/example_dags/example_nested_branch_dag.py
[2023-08-24T09:31:20.433+0000] {processor.py:829} INFO - Processing file /home/airflow/.local/lib/python3.8/site-packages/airflow/example_dags/example_nested_branch_dag.py for tasks to queue
[2023-08-24T09:31:20.519+0000] {logging_mixin.py:151} INFO - [2023-08-24T09:31:20.517+0000] {dagbag.py:539} INFO - Filling up the DagBag from /home/airflow/.local/lib/python3.8/site-packages/airflow/example_dags/example_nested_branch_dag.py
[2023-08-24T09:31:20.699+0000] {processor.py:839} INFO - DAG(s) dict_keys(['example_nested_branch_dag']) retrieved from /home/airflow/.local/lib/python3.8/site-packages/airflow/example_dags/example_nested_branch_dag.py
[2023-08-24T09:31:20.959+0000] {logging_mixin.py:151} INFO - [2023-08-24T09:31:20.958+0000] {dag.py:2907} INFO - Sync 1 DAGs
[2023-08-24T09:31:21.157+0000] {logging_mixin.py:151} INFO - [2023-08-24T09:31:21.156+0000] {dag.py:3677} INFO - Setting next_dagrun for example_nested_branch_dag to 2023-08-23T00:00:00+00:00, run_after=2023-08-24T00:00:00+00:00
[2023-08-24T09:31:21.303+0000] {processor.py:179} INFO - Processing /home/airflow/.local/lib/python3.8/site-packages/airflow/example_dags/example_nested_branch_dag.py took 1.013 seconds
[2023-08-24T09:32:31.813+0000] {processor.py:157} INFO - Started process (PID=244) to work on /home/airflow/.local/lib/python3.8/site-packages/airflow/example_dags/example_nested_branch_dag.py
[2023-08-24T09:32:31.865+0000] {processor.py:829} INFO - Processing file /home/airflow/.local/lib/python3.8/site-packages/airflow/example_dags/example_nested_branch_dag.py for tasks to queue
[2023-08-24T09:32:31.903+0000] {logging_mixin.py:151} INFO - [2023-08-24T09:32:31.899+0000] {dagbag.py:539} INFO - Filling up the DagBag from /home/airflow/.local/lib/python3.8/site-packages/airflow/example_dags/example_nested_branch_dag.py
[2023-08-24T09:32:32.156+0000] {processor.py:839} INFO - DAG(s) dict_keys(['example_nested_branch_dag']) retrieved from /home/airflow/.local/lib/python3.8/site-packages/airflow/example_dags/example_nested_branch_dag.py
[2023-08-24T09:32:32.661+0000] {logging_mixin.py:151} INFO - [2023-08-24T09:32:32.660+0000] {dag.py:2907} INFO - Sync 1 DAGs
[2023-08-24T09:32:33.115+0000] {logging_mixin.py:151} INFO - [2023-08-24T09:32:33.111+0000] {dag.py:3677} INFO - Setting next_dagrun for example_nested_branch_dag to 2023-08-23T00:00:00+00:00, run_after=2023-08-24T00:00:00+00:00
[2023-08-24T09:32:33.646+0000] {processor.py:179} INFO - Processing /home/airflow/.local/lib/python3.8/site-packages/airflow/example_dags/example_nested_branch_dag.py took 1.944 seconds
[2023-08-24T09:33:43.996+0000] {processor.py:157} INFO - Started process (PID=314) to work on /home/airflow/.local/lib/python3.8/site-packages/airflow/example_dags/example_nested_branch_dag.py
[2023-08-24T09:33:44.011+0000] {processor.py:829} INFO - Processing file /home/airflow/.local/lib/python3.8/site-packages/airflow/example_dags/example_nested_branch_dag.py for tasks to queue
[2023-08-24T09:33:44.032+0000] {logging_mixin.py:151} INFO - [2023-08-24T09:33:44.030+0000] {dagbag.py:539} INFO - Filling up the DagBag from /home/airflow/.local/lib/python3.8/site-packages/airflow/example_dags/example_nested_branch_dag.py
[2023-08-24T09:33:44.200+0000] {processor.py:839} INFO - DAG(s) dict_keys(['example_nested_branch_dag']) retrieved from /home/airflow/.local/lib/python3.8/site-packages/airflow/example_dags/example_nested_branch_dag.py
[2023-08-24T09:33:44.813+0000] {logging_mixin.py:151} INFO - [2023-08-24T09:33:44.808+0000] {dag.py:2907} INFO - Sync 1 DAGs
[2023-08-24T09:33:45.233+0000] {logging_mixin.py:151} INFO - [2023-08-24T09:33:45.231+0000] {dag.py:3677} INFO - Setting next_dagrun for example_nested_branch_dag to 2023-08-23T00:00:00+00:00, run_after=2023-08-24T00:00:00+00:00
[2023-08-24T09:33:45.426+0000] {processor.py:179} INFO - Processing /home/airflow/.local/lib/python3.8/site-packages/airflow/example_dags/example_nested_branch_dag.py took 1.525 seconds
[2023-08-24T09:34:15.645+0000] {processor.py:157} INFO - Started process (PID=369) to work on /home/airflow/.local/lib/python3.8/site-packages/airflow/example_dags/example_nested_branch_dag.py
[2023-08-24T09:34:15.648+0000] {processor.py:829} INFO - Processing file /home/airflow/.local/lib/python3.8/site-packages/airflow/example_dags/example_nested_branch_dag.py for tasks to queue
[2023-08-24T09:34:15.655+0000] {logging_mixin.py:151} INFO - [2023-08-24T09:34:15.654+0000] {dagbag.py:539} INFO - Filling up the DagBag from /home/airflow/.local/lib/python3.8/site-packages/airflow/example_dags/example_nested_branch_dag.py
[2023-08-24T09:34:15.672+0000] {processor.py:839} INFO - DAG(s) dict_keys(['example_nested_branch_dag']) retrieved from /home/airflow/.local/lib/python3.8/site-packages/airflow/example_dags/example_nested_branch_dag.py
[2023-08-24T09:34:15.704+0000] {logging_mixin.py:151} INFO - [2023-08-24T09:34:15.704+0000] {dag.py:2907} INFO - Sync 1 DAGs
[2023-08-24T09:34:15.731+0000] {logging_mixin.py:151} INFO - [2023-08-24T09:34:15.730+0000] {dag.py:3677} INFO - Setting next_dagrun for example_nested_branch_dag to 2023-08-23T00:00:00+00:00, run_after=2023-08-24T00:00:00+00:00
[2023-08-24T09:34:15.751+0000] {processor.py:179} INFO - Processing /home/airflow/.local/lib/python3.8/site-packages/airflow/example_dags/example_nested_branch_dag.py took 0.112 seconds
[2023-08-24T09:34:46.052+0000] {processor.py:157} INFO - Started process (PID=424) to work on /home/airflow/.local/lib/python3.8/site-packages/airflow/example_dags/example_nested_branch_dag.py
[2023-08-24T09:34:46.055+0000] {processor.py:829} INFO - Processing file /home/airflow/.local/lib/python3.8/site-packages/airflow/example_dags/example_nested_branch_dag.py for tasks to queue
[2023-08-24T09:34:46.060+0000] {logging_mixin.py:151} INFO - [2023-08-24T09:34:46.059+0000] {dagbag.py:539} INFO - Filling up the DagBag from /home/airflow/.local/lib/python3.8/site-packages/airflow/example_dags/example_nested_branch_dag.py
[2023-08-24T09:34:46.077+0000] {processor.py:839} INFO - DAG(s) dict_keys(['example_nested_branch_dag']) retrieved from /home/airflow/.local/lib/python3.8/site-packages/airflow/example_dags/example_nested_branch_dag.py
[2023-08-24T09:34:46.111+0000] {logging_mixin.py:151} INFO - [2023-08-24T09:34:46.111+0000] {dag.py:2907} INFO - Sync 1 DAGs
[2023-08-24T09:34:46.139+0000] {logging_mixin.py:151} INFO - [2023-08-24T09:34:46.139+0000] {dag.py:3677} INFO - Setting next_dagrun for example_nested_branch_dag to 2023-08-23T00:00:00+00:00, run_after=2023-08-24T00:00:00+00:00
[2023-08-24T09:34:46.157+0000] {processor.py:179} INFO - Processing /home/airflow/.local/lib/python3.8/site-packages/airflow/example_dags/example_nested_branch_dag.py took 0.110 seconds
[2023-08-24T09:35:16.415+0000] {processor.py:157} INFO - Started process (PID=480) to work on /home/airflow/.local/lib/python3.8/site-packages/airflow/example_dags/example_nested_branch_dag.py
[2023-08-24T09:35:16.418+0000] {processor.py:829} INFO - Processing file /home/airflow/.local/lib/python3.8/site-packages/airflow/example_dags/example_nested_branch_dag.py for tasks to queue
[2023-08-24T09:35:16.422+0000] {logging_mixin.py:151} INFO - [2023-08-24T09:35:16.421+0000] {dagbag.py:539} INFO - Filling up the DagBag from /home/airflow/.local/lib/python3.8/site-packages/airflow/example_dags/example_nested_branch_dag.py
[2023-08-24T09:35:16.433+0000] {processor.py:839} INFO - DAG(s) dict_keys(['example_nested_branch_dag']) retrieved from /home/airflow/.local/lib/python3.8/site-packages/airflow/example_dags/example_nested_branch_dag.py
[2023-08-24T09:35:16.460+0000] {logging_mixin.py:151} INFO - [2023-08-24T09:35:16.460+0000] {dag.py:2907} INFO - Sync 1 DAGs
[2023-08-24T09:35:16.481+0000] {logging_mixin.py:151} INFO - [2023-08-24T09:35:16.481+0000] {dag.py:3677} INFO - Setting next_dagrun for example_nested_branch_dag to 2023-08-23T00:00:00+00:00, run_after=2023-08-24T00:00:00+00:00
[2023-08-24T09:35:16.496+0000] {processor.py:179} INFO - Processing /home/airflow/.local/lib/python3.8/site-packages/airflow/example_dags/example_nested_branch_dag.py took 0.085 seconds
[2023-08-24T09:35:47.147+0000] {processor.py:157} INFO - Started process (PID=536) to work on /home/airflow/.local/lib/python3.8/site-packages/airflow/example_dags/example_nested_branch_dag.py
[2023-08-24T09:35:47.150+0000] {processor.py:829} INFO - Processing file /home/airflow/.local/lib/python3.8/site-packages/airflow/example_dags/example_nested_branch_dag.py for tasks to queue
[2023-08-24T09:35:47.154+0000] {logging_mixin.py:151} INFO - [2023-08-24T09:35:47.153+0000] {dagbag.py:539} INFO - Filling up the DagBag from /home/airflow/.local/lib/python3.8/site-packages/airflow/example_dags/example_nested_branch_dag.py
[2023-08-24T09:35:47.166+0000] {processor.py:839} INFO - DAG(s) dict_keys(['example_nested_branch_dag']) retrieved from /home/airflow/.local/lib/python3.8/site-packages/airflow/example_dags/example_nested_branch_dag.py
[2023-08-24T09:35:47.195+0000] {logging_mixin.py:151} INFO - [2023-08-24T09:35:47.195+0000] {dag.py:2907} INFO - Sync 1 DAGs
[2023-08-24T09:35:47.217+0000] {logging_mixin.py:151} INFO - [2023-08-24T09:35:47.217+0000] {dag.py:3677} INFO - Setting next_dagrun for example_nested_branch_dag to 2023-08-23T00:00:00+00:00, run_after=2023-08-24T00:00:00+00:00
[2023-08-24T09:35:47.249+0000] {processor.py:179} INFO - Processing /home/airflow/.local/lib/python3.8/site-packages/airflow/example_dags/example_nested_branch_dag.py took 0.108 seconds
[2023-08-24T09:36:17.584+0000] {processor.py:157} INFO - Started process (PID=592) to work on /home/airflow/.local/lib/python3.8/site-packages/airflow/example_dags/example_nested_branch_dag.py
[2023-08-24T09:36:17.591+0000] {processor.py:829} INFO - Processing file /home/airflow/.local/lib/python3.8/site-packages/airflow/example_dags/example_nested_branch_dag.py for tasks to queue
[2023-08-24T09:36:17.610+0000] {logging_mixin.py:151} INFO - [2023-08-24T09:36:17.609+0000] {dagbag.py:539} INFO - Filling up the DagBag from /home/airflow/.local/lib/python3.8/site-packages/airflow/example_dags/example_nested_branch_dag.py
[2023-08-24T09:36:17.636+0000] {processor.py:839} INFO - DAG(s) dict_keys(['example_nested_branch_dag']) retrieved from /home/airflow/.local/lib/python3.8/site-packages/airflow/example_dags/example_nested_branch_dag.py
[2023-08-24T09:36:17.697+0000] {logging_mixin.py:151} INFO - [2023-08-24T09:36:17.696+0000] {dag.py:2907} INFO - Sync 1 DAGs
[2023-08-24T09:36:17.837+0000] {logging_mixin.py:151} INFO - [2023-08-24T09:36:17.836+0000] {dag.py:3677} INFO - Setting next_dagrun for example_nested_branch_dag to 2023-08-23T00:00:00+00:00, run_after=2023-08-24T00:00:00+00:00
[2023-08-24T09:36:17.863+0000] {processor.py:179} INFO - Processing /home/airflow/.local/lib/python3.8/site-packages/airflow/example_dags/example_nested_branch_dag.py took 0.289 seconds
[2023-08-24T09:36:48.853+0000] {processor.py:157} INFO - Started process (PID=648) to work on /home/airflow/.local/lib/python3.8/site-packages/airflow/example_dags/example_nested_branch_dag.py
[2023-08-24T09:36:48.856+0000] {processor.py:829} INFO - Processing file /home/airflow/.local/lib/python3.8/site-packages/airflow/example_dags/example_nested_branch_dag.py for tasks to queue
[2023-08-24T09:36:48.862+0000] {logging_mixin.py:151} INFO - [2023-08-24T09:36:48.861+0000] {dagbag.py:539} INFO - Filling up the DagBag from /home/airflow/.local/lib/python3.8/site-packages/airflow/example_dags/example_nested_branch_dag.py
[2023-08-24T09:36:48.886+0000] {processor.py:839} INFO - DAG(s) dict_keys(['example_nested_branch_dag']) retrieved from /home/airflow/.local/lib/python3.8/site-packages/airflow/example_dags/example_nested_branch_dag.py
[2023-08-24T09:36:48.924+0000] {logging_mixin.py:151} INFO - [2023-08-24T09:36:48.924+0000] {dag.py:2907} INFO - Sync 1 DAGs
[2023-08-24T09:36:48.955+0000] {logging_mixin.py:151} INFO - [2023-08-24T09:36:48.955+0000] {dag.py:3677} INFO - Setting next_dagrun for example_nested_branch_dag to 2023-08-23T00:00:00+00:00, run_after=2023-08-24T00:00:00+00:00
[2023-08-24T09:36:48.979+0000] {processor.py:179} INFO - Processing /home/airflow/.local/lib/python3.8/site-packages/airflow/example_dags/example_nested_branch_dag.py took 0.132 seconds
