[2023-08-24T09:29:30.059+0000] {processor.py:157} INFO - Started process (PID=80) to work on /home/airflow/.local/lib/python3.8/site-packages/airflow/example_dags/example_sensors.py
[2023-08-24T09:29:30.085+0000] {processor.py:829} INFO - Processing file /home/airflow/.local/lib/python3.8/site-packages/airflow/example_dags/example_sensors.py for tasks to queue
[2023-08-24T09:29:30.245+0000] {logging_mixin.py:151} INFO - [2023-08-24T09:29:30.119+0000] {dagbag.py:539} INFO - Filling up the DagBag from /home/airflow/.local/lib/python3.8/site-packages/airflow/example_dags/example_sensors.py
[2023-08-24T09:29:30.552+0000] {processor.py:839} INFO - DAG(s) dict_keys(['example_sensors']) retrieved from /home/airflow/.local/lib/python3.8/site-packages/airflow/example_dags/example_sensors.py
[2023-08-24T09:29:33.760+0000] {logging_mixin.py:151} INFO - [2023-08-24T09:29:33.752+0000] {manager.py:501} INFO - Created Permission View: can read on DAG:example_sensors
[2023-08-24T09:29:34.008+0000] {logging_mixin.py:151} INFO - [2023-08-24T09:29:34.006+0000] {manager.py:501} INFO - Created Permission View: can edit on DAG:example_sensors
[2023-08-24T09:29:34.219+0000] {logging_mixin.py:151} INFO - [2023-08-24T09:29:34.219+0000] {manager.py:501} INFO - Created Permission View: can delete on DAG:example_sensors
[2023-08-24T09:29:34.354+0000] {logging_mixin.py:151} INFO - [2023-08-24T09:29:34.354+0000] {dag.py:2907} INFO - Sync 1 DAGs
[2023-08-24T09:29:34.558+0000] {logging_mixin.py:151} INFO - [2023-08-24T09:29:34.556+0000] {dag.py:2929} INFO - Creating ORM DAG for example_sensors
[2023-08-24T09:29:34.573+0000] {logging_mixin.py:151} INFO - [2023-08-24T09:29:34.573+0000] {dag.py:3677} INFO - Setting next_dagrun for example_sensors to None, run_after=None
[2023-08-24T09:29:35.232+0000] {processor.py:179} INFO - Processing /home/airflow/.local/lib/python3.8/site-packages/airflow/example_dags/example_sensors.py took 5.372 seconds
[2023-08-24T09:31:06.344+0000] {processor.py:157} INFO - Started process (PID=150) to work on /home/airflow/.local/lib/python3.8/site-packages/airflow/example_dags/example_sensors.py
[2023-08-24T09:31:06.353+0000] {processor.py:829} INFO - Processing file /home/airflow/.local/lib/python3.8/site-packages/airflow/example_dags/example_sensors.py for tasks to queue
[2023-08-24T09:31:06.366+0000] {logging_mixin.py:151} INFO - [2023-08-24T09:31:06.364+0000] {dagbag.py:539} INFO - Filling up the DagBag from /home/airflow/.local/lib/python3.8/site-packages/airflow/example_dags/example_sensors.py
[2023-08-24T09:31:06.424+0000] {processor.py:839} INFO - DAG(s) dict_keys(['example_sensors']) retrieved from /home/airflow/.local/lib/python3.8/site-packages/airflow/example_dags/example_sensors.py
[2023-08-24T09:31:06.513+0000] {logging_mixin.py:151} INFO - [2023-08-24T09:31:06.513+0000] {dag.py:2907} INFO - Sync 1 DAGs
[2023-08-24T09:31:06.554+0000] {logging_mixin.py:151} INFO - [2023-08-24T09:31:06.553+0000] {dag.py:3677} INFO - Setting next_dagrun for example_sensors to None, run_after=None
[2023-08-24T09:31:06.620+0000] {processor.py:179} INFO - Processing /home/airflow/.local/lib/python3.8/site-packages/airflow/example_dags/example_sensors.py took 0.283 seconds
[2023-08-24T09:31:43.138+0000] {processor.py:157} INFO - Started process (PID=206) to work on /home/airflow/.local/lib/python3.8/site-packages/airflow/example_dags/example_sensors.py
[2023-08-24T09:31:43.152+0000] {processor.py:829} INFO - Processing file /home/airflow/.local/lib/python3.8/site-packages/airflow/example_dags/example_sensors.py for tasks to queue
[2023-08-24T09:31:43.248+0000] {logging_mixin.py:151} INFO - [2023-08-24T09:31:43.244+0000] {dagbag.py:539} INFO - Filling up the DagBag from /home/airflow/.local/lib/python3.8/site-packages/airflow/example_dags/example_sensors.py
[2023-08-24T09:31:43.353+0000] {processor.py:839} INFO - DAG(s) dict_keys(['example_sensors']) retrieved from /home/airflow/.local/lib/python3.8/site-packages/airflow/example_dags/example_sensors.py
[2023-08-24T09:31:43.510+0000] {logging_mixin.py:151} INFO - [2023-08-24T09:31:43.510+0000] {dag.py:2907} INFO - Sync 1 DAGs
[2023-08-24T09:31:43.590+0000] {logging_mixin.py:151} INFO - [2023-08-24T09:31:43.590+0000] {dag.py:3677} INFO - Setting next_dagrun for example_sensors to None, run_after=None
[2023-08-24T09:31:43.684+0000] {processor.py:179} INFO - Processing /home/airflow/.local/lib/python3.8/site-packages/airflow/example_dags/example_sensors.py took 0.625 seconds
[2023-08-24T09:33:05.603+0000] {processor.py:157} INFO - Started process (PID=279) to work on /home/airflow/.local/lib/python3.8/site-packages/airflow/example_dags/example_sensors.py
[2023-08-24T09:33:05.610+0000] {processor.py:829} INFO - Processing file /home/airflow/.local/lib/python3.8/site-packages/airflow/example_dags/example_sensors.py for tasks to queue
[2023-08-24T09:33:05.627+0000] {logging_mixin.py:151} INFO - [2023-08-24T09:33:05.626+0000] {dagbag.py:539} INFO - Filling up the DagBag from /home/airflow/.local/lib/python3.8/site-packages/airflow/example_dags/example_sensors.py
[2023-08-24T09:33:05.679+0000] {processor.py:839} INFO - DAG(s) dict_keys(['example_sensors']) retrieved from /home/airflow/.local/lib/python3.8/site-packages/airflow/example_dags/example_sensors.py
[2023-08-24T09:33:05.776+0000] {logging_mixin.py:151} INFO - [2023-08-24T09:33:05.776+0000] {dag.py:2907} INFO - Sync 1 DAGs
[2023-08-24T09:33:05.847+0000] {logging_mixin.py:151} INFO - [2023-08-24T09:33:05.846+0000] {dag.py:3677} INFO - Setting next_dagrun for example_sensors to None, run_after=None
[2023-08-24T09:33:05.955+0000] {processor.py:179} INFO - Processing /home/airflow/.local/lib/python3.8/site-packages/airflow/example_dags/example_sensors.py took 0.364 seconds
[2023-08-24T09:33:53.699+0000] {processor.py:157} INFO - Started process (PID=337) to work on /home/airflow/.local/lib/python3.8/site-packages/airflow/example_dags/example_sensors.py
[2023-08-24T09:33:53.710+0000] {processor.py:829} INFO - Processing file /home/airflow/.local/lib/python3.8/site-packages/airflow/example_dags/example_sensors.py for tasks to queue
[2023-08-24T09:33:53.719+0000] {logging_mixin.py:151} INFO - [2023-08-24T09:33:53.719+0000] {dagbag.py:539} INFO - Filling up the DagBag from /home/airflow/.local/lib/python3.8/site-packages/airflow/example_dags/example_sensors.py
[2023-08-24T09:33:53.751+0000] {processor.py:839} INFO - DAG(s) dict_keys(['example_sensors']) retrieved from /home/airflow/.local/lib/python3.8/site-packages/airflow/example_dags/example_sensors.py
[2023-08-24T09:33:53.829+0000] {logging_mixin.py:151} INFO - [2023-08-24T09:33:53.829+0000] {dag.py:2907} INFO - Sync 1 DAGs
[2023-08-24T09:33:53.857+0000] {logging_mixin.py:151} INFO - [2023-08-24T09:33:53.857+0000] {dag.py:3677} INFO - Setting next_dagrun for example_sensors to None, run_after=None
[2023-08-24T09:33:53.895+0000] {processor.py:179} INFO - Processing /home/airflow/.local/lib/python3.8/site-packages/airflow/example_dags/example_sensors.py took 0.215 seconds
[2023-08-24T09:34:24.044+0000] {processor.py:157} INFO - Started process (PID=393) to work on /home/airflow/.local/lib/python3.8/site-packages/airflow/example_dags/example_sensors.py
[2023-08-24T09:34:24.046+0000] {processor.py:829} INFO - Processing file /home/airflow/.local/lib/python3.8/site-packages/airflow/example_dags/example_sensors.py for tasks to queue
[2023-08-24T09:34:24.049+0000] {logging_mixin.py:151} INFO - [2023-08-24T09:34:24.049+0000] {dagbag.py:539} INFO - Filling up the DagBag from /home/airflow/.local/lib/python3.8/site-packages/airflow/example_dags/example_sensors.py
[2023-08-24T09:34:24.059+0000] {processor.py:839} INFO - DAG(s) dict_keys(['example_sensors']) retrieved from /home/airflow/.local/lib/python3.8/site-packages/airflow/example_dags/example_sensors.py
[2023-08-24T09:34:24.088+0000] {logging_mixin.py:151} INFO - [2023-08-24T09:34:24.088+0000] {dag.py:2907} INFO - Sync 1 DAGs
[2023-08-24T09:34:24.100+0000] {logging_mixin.py:151} INFO - [2023-08-24T09:34:24.100+0000] {dag.py:3677} INFO - Setting next_dagrun for example_sensors to None, run_after=None
[2023-08-24T09:34:24.119+0000] {processor.py:179} INFO - Processing /home/airflow/.local/lib/python3.8/site-packages/airflow/example_dags/example_sensors.py took 0.079 seconds
[2023-08-24T09:34:54.315+0000] {processor.py:157} INFO - Started process (PID=448) to work on /home/airflow/.local/lib/python3.8/site-packages/airflow/example_dags/example_sensors.py
[2023-08-24T09:34:54.317+0000] {processor.py:829} INFO - Processing file /home/airflow/.local/lib/python3.8/site-packages/airflow/example_dags/example_sensors.py for tasks to queue
[2023-08-24T09:34:54.321+0000] {logging_mixin.py:151} INFO - [2023-08-24T09:34:54.320+0000] {dagbag.py:539} INFO - Filling up the DagBag from /home/airflow/.local/lib/python3.8/site-packages/airflow/example_dags/example_sensors.py
[2023-08-24T09:34:54.332+0000] {processor.py:839} INFO - DAG(s) dict_keys(['example_sensors']) retrieved from /home/airflow/.local/lib/python3.8/site-packages/airflow/example_dags/example_sensors.py
[2023-08-24T09:34:54.364+0000] {logging_mixin.py:151} INFO - [2023-08-24T09:34:54.363+0000] {dag.py:2907} INFO - Sync 1 DAGs
[2023-08-24T09:34:54.377+0000] {logging_mixin.py:151} INFO - [2023-08-24T09:34:54.377+0000] {dag.py:3677} INFO - Setting next_dagrun for example_sensors to None, run_after=None
[2023-08-24T09:34:54.398+0000] {processor.py:179} INFO - Processing /home/airflow/.local/lib/python3.8/site-packages/airflow/example_dags/example_sensors.py took 0.087 seconds
[2023-08-24T09:35:24.468+0000] {processor.py:157} INFO - Started process (PID=504) to work on /home/airflow/.local/lib/python3.8/site-packages/airflow/example_dags/example_sensors.py
[2023-08-24T09:35:24.471+0000] {processor.py:829} INFO - Processing file /home/airflow/.local/lib/python3.8/site-packages/airflow/example_dags/example_sensors.py for tasks to queue
[2023-08-24T09:35:24.474+0000] {logging_mixin.py:151} INFO - [2023-08-24T09:35:24.474+0000] {dagbag.py:539} INFO - Filling up the DagBag from /home/airflow/.local/lib/python3.8/site-packages/airflow/example_dags/example_sensors.py
[2023-08-24T09:35:24.485+0000] {processor.py:839} INFO - DAG(s) dict_keys(['example_sensors']) retrieved from /home/airflow/.local/lib/python3.8/site-packages/airflow/example_dags/example_sensors.py
[2023-08-24T09:35:24.521+0000] {logging_mixin.py:151} INFO - [2023-08-24T09:35:24.520+0000] {dag.py:2907} INFO - Sync 1 DAGs
[2023-08-24T09:35:24.540+0000] {logging_mixin.py:151} INFO - [2023-08-24T09:35:24.540+0000] {dag.py:3677} INFO - Setting next_dagrun for example_sensors to None, run_after=None
[2023-08-24T09:35:24.569+0000] {processor.py:179} INFO - Processing /home/airflow/.local/lib/python3.8/site-packages/airflow/example_dags/example_sensors.py took 0.105 seconds
[2023-08-24T09:35:55.276+0000] {processor.py:157} INFO - Started process (PID=560) to work on /home/airflow/.local/lib/python3.8/site-packages/airflow/example_dags/example_sensors.py
[2023-08-24T09:35:55.279+0000] {processor.py:829} INFO - Processing file /home/airflow/.local/lib/python3.8/site-packages/airflow/example_dags/example_sensors.py for tasks to queue
[2023-08-24T09:35:55.284+0000] {logging_mixin.py:151} INFO - [2023-08-24T09:35:55.283+0000] {dagbag.py:539} INFO - Filling up the DagBag from /home/airflow/.local/lib/python3.8/site-packages/airflow/example_dags/example_sensors.py
[2023-08-24T09:35:55.297+0000] {processor.py:839} INFO - DAG(s) dict_keys(['example_sensors']) retrieved from /home/airflow/.local/lib/python3.8/site-packages/airflow/example_dags/example_sensors.py
[2023-08-24T09:35:55.334+0000] {logging_mixin.py:151} INFO - [2023-08-24T09:35:55.334+0000] {dag.py:2907} INFO - Sync 1 DAGs
[2023-08-24T09:35:55.348+0000] {logging_mixin.py:151} INFO - [2023-08-24T09:35:55.348+0000] {dag.py:3677} INFO - Setting next_dagrun for example_sensors to None, run_after=None
[2023-08-24T09:35:55.366+0000] {processor.py:179} INFO - Processing /home/airflow/.local/lib/python3.8/site-packages/airflow/example_dags/example_sensors.py took 0.095 seconds
[2023-08-24T09:36:25.742+0000] {processor.py:157} INFO - Started process (PID=616) to work on /home/airflow/.local/lib/python3.8/site-packages/airflow/example_dags/example_sensors.py
[2023-08-24T09:36:25.746+0000] {processor.py:829} INFO - Processing file /home/airflow/.local/lib/python3.8/site-packages/airflow/example_dags/example_sensors.py for tasks to queue
[2023-08-24T09:36:25.749+0000] {logging_mixin.py:151} INFO - [2023-08-24T09:36:25.749+0000] {dagbag.py:539} INFO - Filling up the DagBag from /home/airflow/.local/lib/python3.8/site-packages/airflow/example_dags/example_sensors.py
[2023-08-24T09:36:25.759+0000] {processor.py:839} INFO - DAG(s) dict_keys(['example_sensors']) retrieved from /home/airflow/.local/lib/python3.8/site-packages/airflow/example_dags/example_sensors.py
[2023-08-24T09:36:25.789+0000] {logging_mixin.py:151} INFO - [2023-08-24T09:36:25.789+0000] {dag.py:2907} INFO - Sync 1 DAGs
[2023-08-24T09:36:25.802+0000] {logging_mixin.py:151} INFO - [2023-08-24T09:36:25.802+0000] {dag.py:3677} INFO - Setting next_dagrun for example_sensors to None, run_after=None
[2023-08-24T09:36:25.820+0000] {processor.py:179} INFO - Processing /home/airflow/.local/lib/python3.8/site-packages/airflow/example_dags/example_sensors.py took 0.082 seconds
[2023-08-24T09:36:56.265+0000] {processor.py:157} INFO - Started process (PID=672) to work on /home/airflow/.local/lib/python3.8/site-packages/airflow/example_dags/example_sensors.py
[2023-08-24T09:36:56.279+0000] {processor.py:829} INFO - Processing file /home/airflow/.local/lib/python3.8/site-packages/airflow/example_dags/example_sensors.py for tasks to queue
[2023-08-24T09:36:56.290+0000] {logging_mixin.py:151} INFO - [2023-08-24T09:36:56.289+0000] {dagbag.py:539} INFO - Filling up the DagBag from /home/airflow/.local/lib/python3.8/site-packages/airflow/example_dags/example_sensors.py
[2023-08-24T09:36:56.309+0000] {processor.py:839} INFO - DAG(s) dict_keys(['example_sensors']) retrieved from /home/airflow/.local/lib/python3.8/site-packages/airflow/example_dags/example_sensors.py
[2023-08-24T09:36:56.349+0000] {logging_mixin.py:151} INFO - [2023-08-24T09:36:56.349+0000] {dag.py:2907} INFO - Sync 1 DAGs
[2023-08-24T09:36:56.362+0000] {logging_mixin.py:151} INFO - [2023-08-24T09:36:56.362+0000] {dag.py:3677} INFO - Setting next_dagrun for example_sensors to None, run_after=None
[2023-08-24T09:36:56.380+0000] {processor.py:179} INFO - Processing /home/airflow/.local/lib/python3.8/site-packages/airflow/example_dags/example_sensors.py took 0.122 seconds
