[2023-08-24T09:28:48.146+0000] {processor.py:157} INFO - Started process (PID=51) to work on /home/airflow/.local/lib/python3.8/site-packages/airflow/example_dags/tutorial.py
[2023-08-24T09:28:48.169+0000] {processor.py:829} INFO - Processing file /home/airflow/.local/lib/python3.8/site-packages/airflow/example_dags/tutorial.py for tasks to queue
[2023-08-24T09:28:48.305+0000] {logging_mixin.py:151} INFO - [2023-08-24T09:28:48.267+0000] {dagbag.py:539} INFO - Filling up the DagBag from /home/airflow/.local/lib/python3.8/site-packages/airflow/example_dags/tutorial.py
[2023-08-24T09:28:48.545+0000] {processor.py:839} INFO - DAG(s) dict_keys(['tutorial']) retrieved from /home/airflow/.local/lib/python3.8/site-packages/airflow/example_dags/tutorial.py
[2023-08-24T09:28:53.661+0000] {logging_mixin.py:151} INFO - [2023-08-24T09:28:53.658+0000] {manager.py:501} INFO - Created Permission View: can read on DAG:tutorial
[2023-08-24T09:28:53.741+0000] {logging_mixin.py:151} INFO - [2023-08-24T09:28:53.739+0000] {manager.py:501} INFO - Created Permission View: can edit on DAG:tutorial
[2023-08-24T09:28:53.862+0000] {logging_mixin.py:151} INFO - [2023-08-24T09:28:53.861+0000] {manager.py:501} INFO - Created Permission View: can delete on DAG:tutorial
[2023-08-24T09:28:54.206+0000] {logging_mixin.py:151} INFO - [2023-08-24T09:28:54.203+0000] {dag.py:2907} INFO - Sync 1 DAGs
[2023-08-24T09:28:54.678+0000] {logging_mixin.py:151} INFO - [2023-08-24T09:28:54.675+0000] {dag.py:2929} INFO - Creating ORM DAG for tutorial
[2023-08-24T09:28:54.795+0000] {logging_mixin.py:151} INFO - [2023-08-24T09:28:54.795+0000] {dag.py:3677} INFO - Setting next_dagrun for tutorial to 2023-08-23T09:28:54.792018+00:00, run_after=2023-08-24T09:28:54.792018+00:00
[2023-08-24T09:28:55.010+0000] {processor.py:179} INFO - Processing /home/airflow/.local/lib/python3.8/site-packages/airflow/example_dags/tutorial.py took 6.912 seconds
[2023-08-24T09:30:41.722+0000] {processor.py:157} INFO - Started process (PID=127) to work on /home/airflow/.local/lib/python3.8/site-packages/airflow/example_dags/tutorial.py
[2023-08-24T09:30:41.731+0000] {processor.py:829} INFO - Processing file /home/airflow/.local/lib/python3.8/site-packages/airflow/example_dags/tutorial.py for tasks to queue
[2023-08-24T09:30:41.755+0000] {logging_mixin.py:151} INFO - [2023-08-24T09:30:41.753+0000] {dagbag.py:539} INFO - Filling up the DagBag from /home/airflow/.local/lib/python3.8/site-packages/airflow/example_dags/tutorial.py
[2023-08-24T09:30:41.878+0000] {processor.py:839} INFO - DAG(s) dict_keys(['tutorial']) retrieved from /home/airflow/.local/lib/python3.8/site-packages/airflow/example_dags/tutorial.py
[2023-08-24T09:30:43.053+0000] {logging_mixin.py:151} INFO - [2023-08-24T09:30:42.957+0000] {dag.py:2907} INFO - Sync 1 DAGs
[2023-08-24T09:30:44.056+0000] {logging_mixin.py:151} INFO - [2023-08-24T09:30:44.055+0000] {dag.py:3677} INFO - Setting next_dagrun for tutorial to 2023-08-23T09:30:44.054252+00:00, run_after=2023-08-24T09:30:44.054252+00:00
[2023-08-24T09:30:44.419+0000] {processor.py:179} INFO - Processing /home/airflow/.local/lib/python3.8/site-packages/airflow/example_dags/tutorial.py took 2.752 seconds
[2023-08-24T09:31:28.770+0000] {processor.py:157} INFO - Started process (PID=183) to work on /home/airflow/.local/lib/python3.8/site-packages/airflow/example_dags/tutorial.py
[2023-08-24T09:31:28.777+0000] {processor.py:829} INFO - Processing file /home/airflow/.local/lib/python3.8/site-packages/airflow/example_dags/tutorial.py for tasks to queue
[2023-08-24T09:31:28.801+0000] {logging_mixin.py:151} INFO - [2023-08-24T09:31:28.799+0000] {dagbag.py:539} INFO - Filling up the DagBag from /home/airflow/.local/lib/python3.8/site-packages/airflow/example_dags/tutorial.py
[2023-08-24T09:31:28.835+0000] {processor.py:839} INFO - DAG(s) dict_keys(['tutorial']) retrieved from /home/airflow/.local/lib/python3.8/site-packages/airflow/example_dags/tutorial.py
[2023-08-24T09:31:28.904+0000] {logging_mixin.py:151} INFO - [2023-08-24T09:31:28.904+0000] {dag.py:2907} INFO - Sync 1 DAGs
[2023-08-24T09:31:29.022+0000] {logging_mixin.py:151} INFO - [2023-08-24T09:31:29.022+0000] {dag.py:3677} INFO - Setting next_dagrun for tutorial to 2023-08-23T09:31:29.020558+00:00, run_after=2023-08-24T09:31:29.020558+00:00
[2023-08-24T09:31:29.106+0000] {processor.py:179} INFO - Processing /home/airflow/.local/lib/python3.8/site-packages/airflow/example_dags/tutorial.py took 0.344 seconds
[2023-08-24T09:32:18.578+0000] {processor.py:157} INFO - Started process (PID=232) to work on /home/airflow/.local/lib/python3.8/site-packages/airflow/example_dags/tutorial.py
[2023-08-24T09:32:18.627+0000] {processor.py:829} INFO - Processing file /home/airflow/.local/lib/python3.8/site-packages/airflow/example_dags/tutorial.py for tasks to queue
[2023-08-24T09:32:18.939+0000] {logging_mixin.py:151} INFO - [2023-08-24T09:32:18.916+0000] {dagbag.py:539} INFO - Filling up the DagBag from /home/airflow/.local/lib/python3.8/site-packages/airflow/example_dags/tutorial.py
[2023-08-24T09:32:19.521+0000] {processor.py:839} INFO - DAG(s) dict_keys(['tutorial']) retrieved from /home/airflow/.local/lib/python3.8/site-packages/airflow/example_dags/tutorial.py
[2023-08-24T09:32:19.936+0000] {logging_mixin.py:151} INFO - [2023-08-24T09:32:19.934+0000] {dag.py:2907} INFO - Sync 1 DAGs
[2023-08-24T09:32:20.224+0000] {logging_mixin.py:151} INFO - [2023-08-24T09:32:20.223+0000] {dag.py:3677} INFO - Setting next_dagrun for tutorial to 2023-08-23T09:32:20.218367+00:00, run_after=2023-08-24T09:32:20.218367+00:00
[2023-08-24T09:32:20.380+0000] {processor.py:179} INFO - Processing /home/airflow/.local/lib/python3.8/site-packages/airflow/example_dags/tutorial.py took 1.993 seconds
[2023-08-24T09:32:59.135+0000] {processor.py:157} INFO - Started process (PID=269) to work on /home/airflow/.local/lib/python3.8/site-packages/airflow/example_dags/tutorial.py
[2023-08-24T09:32:59.140+0000] {processor.py:829} INFO - Processing file /home/airflow/.local/lib/python3.8/site-packages/airflow/example_dags/tutorial.py for tasks to queue
[2023-08-24T09:32:59.153+0000] {logging_mixin.py:151} INFO - [2023-08-24T09:32:59.151+0000] {dagbag.py:539} INFO - Filling up the DagBag from /home/airflow/.local/lib/python3.8/site-packages/airflow/example_dags/tutorial.py
[2023-08-24T09:32:59.187+0000] {processor.py:839} INFO - DAG(s) dict_keys(['tutorial']) retrieved from /home/airflow/.local/lib/python3.8/site-packages/airflow/example_dags/tutorial.py
[2023-08-24T09:32:59.483+0000] {logging_mixin.py:151} INFO - [2023-08-24T09:32:59.482+0000] {dag.py:2907} INFO - Sync 1 DAGs
[2023-08-24T09:32:59.823+0000] {logging_mixin.py:151} INFO - [2023-08-24T09:32:59.822+0000] {dag.py:3677} INFO - Setting next_dagrun for tutorial to 2023-08-23T09:32:59.811636+00:00, run_after=2023-08-24T09:32:59.811636+00:00
[2023-08-24T09:33:00.391+0000] {processor.py:179} INFO - Processing /home/airflow/.local/lib/python3.8/site-packages/airflow/example_dags/tutorial.py took 1.265 seconds
[2023-08-24T09:33:51.106+0000] {processor.py:157} INFO - Started process (PID=327) to work on /home/airflow/.local/lib/python3.8/site-packages/airflow/example_dags/tutorial.py
[2023-08-24T09:33:51.119+0000] {processor.py:829} INFO - Processing file /home/airflow/.local/lib/python3.8/site-packages/airflow/example_dags/tutorial.py for tasks to queue
[2023-08-24T09:33:51.133+0000] {logging_mixin.py:151} INFO - [2023-08-24T09:33:51.131+0000] {dagbag.py:539} INFO - Filling up the DagBag from /home/airflow/.local/lib/python3.8/site-packages/airflow/example_dags/tutorial.py
[2023-08-24T09:33:51.168+0000] {processor.py:839} INFO - DAG(s) dict_keys(['tutorial']) retrieved from /home/airflow/.local/lib/python3.8/site-packages/airflow/example_dags/tutorial.py
[2023-08-24T09:33:51.285+0000] {logging_mixin.py:151} INFO - [2023-08-24T09:33:51.279+0000] {dag.py:2907} INFO - Sync 1 DAGs
[2023-08-24T09:33:51.425+0000] {logging_mixin.py:151} INFO - [2023-08-24T09:33:51.424+0000] {dag.py:3677} INFO - Setting next_dagrun for tutorial to 2023-08-23T09:33:51.423035+00:00, run_after=2023-08-24T09:33:51.423035+00:00
[2023-08-24T09:33:51.542+0000] {processor.py:179} INFO - Processing /home/airflow/.local/lib/python3.8/site-packages/airflow/example_dags/tutorial.py took 0.450 seconds
[2023-08-24T09:34:22.129+0000] {processor.py:157} INFO - Started process (PID=383) to work on /home/airflow/.local/lib/python3.8/site-packages/airflow/example_dags/tutorial.py
[2023-08-24T09:34:22.131+0000] {processor.py:829} INFO - Processing file /home/airflow/.local/lib/python3.8/site-packages/airflow/example_dags/tutorial.py for tasks to queue
[2023-08-24T09:34:22.134+0000] {logging_mixin.py:151} INFO - [2023-08-24T09:34:22.134+0000] {dagbag.py:539} INFO - Filling up the DagBag from /home/airflow/.local/lib/python3.8/site-packages/airflow/example_dags/tutorial.py
[2023-08-24T09:34:22.142+0000] {processor.py:839} INFO - DAG(s) dict_keys(['tutorial']) retrieved from /home/airflow/.local/lib/python3.8/site-packages/airflow/example_dags/tutorial.py
[2023-08-24T09:34:22.170+0000] {logging_mixin.py:151} INFO - [2023-08-24T09:34:22.169+0000] {dag.py:2907} INFO - Sync 1 DAGs
[2023-08-24T09:34:22.191+0000] {logging_mixin.py:151} INFO - [2023-08-24T09:34:22.191+0000] {dag.py:3677} INFO - Setting next_dagrun for tutorial to 2023-08-23T09:34:22.190918+00:00, run_after=2023-08-24T09:34:22.190918+00:00
[2023-08-24T09:34:22.220+0000] {processor.py:179} INFO - Processing /home/airflow/.local/lib/python3.8/site-packages/airflow/example_dags/tutorial.py took 0.096 seconds
[2023-08-24T09:34:52.373+0000] {processor.py:157} INFO - Started process (PID=438) to work on /home/airflow/.local/lib/python3.8/site-packages/airflow/example_dags/tutorial.py
[2023-08-24T09:34:52.376+0000] {processor.py:829} INFO - Processing file /home/airflow/.local/lib/python3.8/site-packages/airflow/example_dags/tutorial.py for tasks to queue
[2023-08-24T09:34:52.380+0000] {logging_mixin.py:151} INFO - [2023-08-24T09:34:52.380+0000] {dagbag.py:539} INFO - Filling up the DagBag from /home/airflow/.local/lib/python3.8/site-packages/airflow/example_dags/tutorial.py
[2023-08-24T09:34:52.389+0000] {processor.py:839} INFO - DAG(s) dict_keys(['tutorial']) retrieved from /home/airflow/.local/lib/python3.8/site-packages/airflow/example_dags/tutorial.py
[2023-08-24T09:34:52.416+0000] {logging_mixin.py:151} INFO - [2023-08-24T09:34:52.416+0000] {dag.py:2907} INFO - Sync 1 DAGs
[2023-08-24T09:34:52.450+0000] {logging_mixin.py:151} INFO - [2023-08-24T09:34:52.449+0000] {dag.py:3677} INFO - Setting next_dagrun for tutorial to 2023-08-23T09:34:52.449312+00:00, run_after=2023-08-24T09:34:52.449312+00:00
[2023-08-24T09:34:52.473+0000] {processor.py:179} INFO - Processing /home/airflow/.local/lib/python3.8/site-packages/airflow/example_dags/tutorial.py took 0.105 seconds
[2023-08-24T09:35:22.699+0000] {processor.py:157} INFO - Started process (PID=494) to work on /home/airflow/.local/lib/python3.8/site-packages/airflow/example_dags/tutorial.py
[2023-08-24T09:35:22.702+0000] {processor.py:829} INFO - Processing file /home/airflow/.local/lib/python3.8/site-packages/airflow/example_dags/tutorial.py for tasks to queue
[2023-08-24T09:35:22.705+0000] {logging_mixin.py:151} INFO - [2023-08-24T09:35:22.705+0000] {dagbag.py:539} INFO - Filling up the DagBag from /home/airflow/.local/lib/python3.8/site-packages/airflow/example_dags/tutorial.py
[2023-08-24T09:35:22.713+0000] {processor.py:839} INFO - DAG(s) dict_keys(['tutorial']) retrieved from /home/airflow/.local/lib/python3.8/site-packages/airflow/example_dags/tutorial.py
[2023-08-24T09:35:22.743+0000] {logging_mixin.py:151} INFO - [2023-08-24T09:35:22.743+0000] {dag.py:2907} INFO - Sync 1 DAGs
[2023-08-24T09:35:22.768+0000] {logging_mixin.py:151} INFO - [2023-08-24T09:35:22.768+0000] {dag.py:3677} INFO - Setting next_dagrun for tutorial to 2023-08-23T09:35:22.767686+00:00, run_after=2023-08-24T09:35:22.767686+00:00
[2023-08-24T09:35:22.790+0000] {processor.py:179} INFO - Processing /home/airflow/.local/lib/python3.8/site-packages/airflow/example_dags/tutorial.py took 0.095 seconds
[2023-08-24T09:35:53.393+0000] {processor.py:157} INFO - Started process (PID=550) to work on /home/airflow/.local/lib/python3.8/site-packages/airflow/example_dags/tutorial.py
[2023-08-24T09:35:53.398+0000] {processor.py:829} INFO - Processing file /home/airflow/.local/lib/python3.8/site-packages/airflow/example_dags/tutorial.py for tasks to queue
[2023-08-24T09:35:53.402+0000] {logging_mixin.py:151} INFO - [2023-08-24T09:35:53.402+0000] {dagbag.py:539} INFO - Filling up the DagBag from /home/airflow/.local/lib/python3.8/site-packages/airflow/example_dags/tutorial.py
[2023-08-24T09:35:53.412+0000] {processor.py:839} INFO - DAG(s) dict_keys(['tutorial']) retrieved from /home/airflow/.local/lib/python3.8/site-packages/airflow/example_dags/tutorial.py
[2023-08-24T09:35:53.451+0000] {logging_mixin.py:151} INFO - [2023-08-24T09:35:53.451+0000] {dag.py:2907} INFO - Sync 1 DAGs
[2023-08-24T09:35:53.482+0000] {logging_mixin.py:151} INFO - [2023-08-24T09:35:53.481+0000] {dag.py:3677} INFO - Setting next_dagrun for tutorial to 2023-08-23T09:35:53.481587+00:00, run_after=2023-08-24T09:35:53.481587+00:00
[2023-08-24T09:35:53.504+0000] {processor.py:179} INFO - Processing /home/airflow/.local/lib/python3.8/site-packages/airflow/example_dags/tutorial.py took 0.118 seconds
[2023-08-24T09:36:23.924+0000] {processor.py:157} INFO - Started process (PID=606) to work on /home/airflow/.local/lib/python3.8/site-packages/airflow/example_dags/tutorial.py
[2023-08-24T09:36:23.927+0000] {processor.py:829} INFO - Processing file /home/airflow/.local/lib/python3.8/site-packages/airflow/example_dags/tutorial.py for tasks to queue
[2023-08-24T09:36:23.930+0000] {logging_mixin.py:151} INFO - [2023-08-24T09:36:23.930+0000] {dagbag.py:539} INFO - Filling up the DagBag from /home/airflow/.local/lib/python3.8/site-packages/airflow/example_dags/tutorial.py
[2023-08-24T09:36:23.940+0000] {processor.py:839} INFO - DAG(s) dict_keys(['tutorial']) retrieved from /home/airflow/.local/lib/python3.8/site-packages/airflow/example_dags/tutorial.py
[2023-08-24T09:36:23.972+0000] {logging_mixin.py:151} INFO - [2023-08-24T09:36:23.972+0000] {dag.py:2907} INFO - Sync 1 DAGs
[2023-08-24T09:36:23.997+0000] {logging_mixin.py:151} INFO - [2023-08-24T09:36:23.997+0000] {dag.py:3677} INFO - Setting next_dagrun for tutorial to 2023-08-23T09:36:23.997389+00:00, run_after=2023-08-24T09:36:23.997389+00:00
[2023-08-24T09:36:24.019+0000] {processor.py:179} INFO - Processing /home/airflow/.local/lib/python3.8/site-packages/airflow/example_dags/tutorial.py took 0.101 seconds
[2023-08-24T09:36:54.374+0000] {processor.py:157} INFO - Started process (PID=662) to work on /home/airflow/.local/lib/python3.8/site-packages/airflow/example_dags/tutorial.py
[2023-08-24T09:36:54.377+0000] {processor.py:829} INFO - Processing file /home/airflow/.local/lib/python3.8/site-packages/airflow/example_dags/tutorial.py for tasks to queue
[2023-08-24T09:36:54.383+0000] {logging_mixin.py:151} INFO - [2023-08-24T09:36:54.382+0000] {dagbag.py:539} INFO - Filling up the DagBag from /home/airflow/.local/lib/python3.8/site-packages/airflow/example_dags/tutorial.py
[2023-08-24T09:36:54.392+0000] {processor.py:839} INFO - DAG(s) dict_keys(['tutorial']) retrieved from /home/airflow/.local/lib/python3.8/site-packages/airflow/example_dags/tutorial.py
[2023-08-24T09:36:54.427+0000] {logging_mixin.py:151} INFO - [2023-08-24T09:36:54.427+0000] {dag.py:2907} INFO - Sync 1 DAGs
[2023-08-24T09:36:54.453+0000] {logging_mixin.py:151} INFO - [2023-08-24T09:36:54.453+0000] {dag.py:3677} INFO - Setting next_dagrun for tutorial to 2023-08-23T09:36:54.452764+00:00, run_after=2023-08-24T09:36:54.452764+00:00
[2023-08-24T09:36:54.472+0000] {processor.py:179} INFO - Processing /home/airflow/.local/lib/python3.8/site-packages/airflow/example_dags/tutorial.py took 0.103 seconds
