[2023-08-24T09:29:50.310+0000] {processor.py:157} INFO - Started process (PID=89) to work on /home/airflow/.local/lib/python3.8/site-packages/airflow/example_dags/tutorial_dag.py
[2023-08-24T09:29:50.466+0000] {processor.py:829} INFO - Processing file /home/airflow/.local/lib/python3.8/site-packages/airflow/example_dags/tutorial_dag.py for tasks to queue
[2023-08-24T09:29:50.598+0000] {logging_mixin.py:151} INFO - [2023-08-24T09:29:50.596+0000] {dagbag.py:539} INFO - Filling up the DagBag from /home/airflow/.local/lib/python3.8/site-packages/airflow/example_dags/tutorial_dag.py
[2023-08-24T09:29:50.962+0000] {processor.py:839} INFO - DAG(s) dict_keys(['tutorial_dag']) retrieved from /home/airflow/.local/lib/python3.8/site-packages/airflow/example_dags/tutorial_dag.py
[2023-08-24T09:29:54.536+0000] {logging_mixin.py:151} INFO - [2023-08-24T09:29:54.527+0000] {manager.py:501} INFO - Created Permission View: can read on DAG:tutorial_dag
[2023-08-24T09:29:54.737+0000] {logging_mixin.py:151} INFO - [2023-08-24T09:29:54.735+0000] {manager.py:501} INFO - Created Permission View: can edit on DAG:tutorial_dag
[2023-08-24T09:29:55.236+0000] {logging_mixin.py:151} INFO - [2023-08-24T09:29:55.218+0000] {manager.py:501} INFO - Created Permission View: can delete on DAG:tutorial_dag
[2023-08-24T09:29:56.425+0000] {logging_mixin.py:151} INFO - [2023-08-24T09:29:56.423+0000] {dag.py:2907} INFO - Sync 1 DAGs
[2023-08-24T09:29:56.617+0000] {logging_mixin.py:151} INFO - [2023-08-24T09:29:56.616+0000] {dag.py:2929} INFO - Creating ORM DAG for tutorial_dag
[2023-08-24T09:29:56.659+0000] {logging_mixin.py:151} INFO - [2023-08-24T09:29:56.658+0000] {dag.py:3677} INFO - Setting next_dagrun for tutorial_dag to None, run_after=None
[2023-08-24T09:29:56.788+0000] {processor.py:179} INFO - Processing /home/airflow/.local/lib/python3.8/site-packages/airflow/example_dags/tutorial_dag.py took 6.632 seconds
[2023-08-24T09:31:13.266+0000] {processor.py:157} INFO - Started process (PID=164) to work on /home/airflow/.local/lib/python3.8/site-packages/airflow/example_dags/tutorial_dag.py
[2023-08-24T09:31:13.291+0000] {processor.py:829} INFO - Processing file /home/airflow/.local/lib/python3.8/site-packages/airflow/example_dags/tutorial_dag.py for tasks to queue
[2023-08-24T09:31:13.303+0000] {logging_mixin.py:151} INFO - [2023-08-24T09:31:13.302+0000] {dagbag.py:539} INFO - Filling up the DagBag from /home/airflow/.local/lib/python3.8/site-packages/airflow/example_dags/tutorial_dag.py
[2023-08-24T09:31:13.349+0000] {processor.py:839} INFO - DAG(s) dict_keys(['tutorial_dag']) retrieved from /home/airflow/.local/lib/python3.8/site-packages/airflow/example_dags/tutorial_dag.py
[2023-08-24T09:31:13.611+0000] {logging_mixin.py:151} INFO - [2023-08-24T09:31:13.611+0000] {dag.py:2907} INFO - Sync 1 DAGs
[2023-08-24T09:31:13.709+0000] {logging_mixin.py:151} INFO - [2023-08-24T09:31:13.709+0000] {dag.py:3677} INFO - Setting next_dagrun for tutorial_dag to None, run_after=None
[2023-08-24T09:31:13.803+0000] {processor.py:179} INFO - Processing /home/airflow/.local/lib/python3.8/site-packages/airflow/example_dags/tutorial_dag.py took 0.607 seconds
[2023-08-24T09:32:04.483+0000] {processor.py:157} INFO - Started process (PID=226) to work on /home/airflow/.local/lib/python3.8/site-packages/airflow/example_dags/tutorial_dag.py
[2023-08-24T09:32:04.589+0000] {processor.py:829} INFO - Processing file /home/airflow/.local/lib/python3.8/site-packages/airflow/example_dags/tutorial_dag.py for tasks to queue
[2023-08-24T09:32:04.774+0000] {logging_mixin.py:151} INFO - [2023-08-24T09:32:04.751+0000] {dagbag.py:539} INFO - Filling up the DagBag from /home/airflow/.local/lib/python3.8/site-packages/airflow/example_dags/tutorial_dag.py
[2023-08-24T09:32:05.111+0000] {processor.py:839} INFO - DAG(s) dict_keys(['tutorial_dag']) retrieved from /home/airflow/.local/lib/python3.8/site-packages/airflow/example_dags/tutorial_dag.py
[2023-08-24T09:32:05.793+0000] {logging_mixin.py:151} INFO - [2023-08-24T09:32:05.792+0000] {dag.py:2907} INFO - Sync 1 DAGs
[2023-08-24T09:32:06.646+0000] {logging_mixin.py:151} INFO - [2023-08-24T09:32:06.620+0000] {dag.py:3677} INFO - Setting next_dagrun for tutorial_dag to None, run_after=None
[2023-08-24T09:32:07.386+0000] {processor.py:179} INFO - Processing /home/airflow/.local/lib/python3.8/site-packages/airflow/example_dags/tutorial_dag.py took 3.168 seconds
[2023-08-24T09:33:13.864+0000] {processor.py:157} INFO - Started process (PID=295) to work on /home/airflow/.local/lib/python3.8/site-packages/airflow/example_dags/tutorial_dag.py
[2023-08-24T09:33:13.884+0000] {processor.py:829} INFO - Processing file /home/airflow/.local/lib/python3.8/site-packages/airflow/example_dags/tutorial_dag.py for tasks to queue
[2023-08-24T09:33:13.969+0000] {logging_mixin.py:151} INFO - [2023-08-24T09:33:13.968+0000] {dagbag.py:539} INFO - Filling up the DagBag from /home/airflow/.local/lib/python3.8/site-packages/airflow/example_dags/tutorial_dag.py
[2023-08-24T09:33:14.168+0000] {processor.py:839} INFO - DAG(s) dict_keys(['tutorial_dag']) retrieved from /home/airflow/.local/lib/python3.8/site-packages/airflow/example_dags/tutorial_dag.py
[2023-08-24T09:33:15.198+0000] {logging_mixin.py:151} INFO - [2023-08-24T09:33:15.185+0000] {dag.py:2907} INFO - Sync 1 DAGs
[2023-08-24T09:33:15.569+0000] {logging_mixin.py:151} INFO - [2023-08-24T09:33:15.567+0000] {dag.py:3677} INFO - Setting next_dagrun for tutorial_dag to None, run_after=None
[2023-08-24T09:33:15.833+0000] {processor.py:179} INFO - Processing /home/airflow/.local/lib/python3.8/site-packages/airflow/example_dags/tutorial_dag.py took 2.006 seconds
[2023-08-24T09:33:54.828+0000] {processor.py:157} INFO - Started process (PID=346) to work on /home/airflow/.local/lib/python3.8/site-packages/airflow/example_dags/tutorial_dag.py
[2023-08-24T09:33:54.831+0000] {processor.py:829} INFO - Processing file /home/airflow/.local/lib/python3.8/site-packages/airflow/example_dags/tutorial_dag.py for tasks to queue
[2023-08-24T09:33:54.836+0000] {logging_mixin.py:151} INFO - [2023-08-24T09:33:54.835+0000] {dagbag.py:539} INFO - Filling up the DagBag from /home/airflow/.local/lib/python3.8/site-packages/airflow/example_dags/tutorial_dag.py
[2023-08-24T09:33:54.846+0000] {processor.py:839} INFO - DAG(s) dict_keys(['tutorial_dag']) retrieved from /home/airflow/.local/lib/python3.8/site-packages/airflow/example_dags/tutorial_dag.py
[2023-08-24T09:33:54.885+0000] {logging_mixin.py:151} INFO - [2023-08-24T09:33:54.884+0000] {dag.py:2907} INFO - Sync 1 DAGs
[2023-08-24T09:33:54.906+0000] {logging_mixin.py:151} INFO - [2023-08-24T09:33:54.905+0000] {dag.py:3677} INFO - Setting next_dagrun for tutorial_dag to None, run_after=None
[2023-08-24T09:33:54.931+0000] {processor.py:179} INFO - Processing /home/airflow/.local/lib/python3.8/site-packages/airflow/example_dags/tutorial_dag.py took 0.110 seconds
[2023-08-24T09:34:26.562+0000] {processor.py:157} INFO - Started process (PID=402) to work on /home/airflow/.local/lib/python3.8/site-packages/airflow/example_dags/tutorial_dag.py
[2023-08-24T09:34:26.573+0000] {processor.py:829} INFO - Processing file /home/airflow/.local/lib/python3.8/site-packages/airflow/example_dags/tutorial_dag.py for tasks to queue
[2023-08-24T09:34:26.579+0000] {logging_mixin.py:151} INFO - [2023-08-24T09:34:26.578+0000] {dagbag.py:539} INFO - Filling up the DagBag from /home/airflow/.local/lib/python3.8/site-packages/airflow/example_dags/tutorial_dag.py
[2023-08-24T09:34:26.591+0000] {processor.py:839} INFO - DAG(s) dict_keys(['tutorial_dag']) retrieved from /home/airflow/.local/lib/python3.8/site-packages/airflow/example_dags/tutorial_dag.py
[2023-08-24T09:34:26.636+0000] {logging_mixin.py:151} INFO - [2023-08-24T09:34:26.636+0000] {dag.py:2907} INFO - Sync 1 DAGs
[2023-08-24T09:34:26.656+0000] {logging_mixin.py:151} INFO - [2023-08-24T09:34:26.656+0000] {dag.py:3677} INFO - Setting next_dagrun for tutorial_dag to None, run_after=None
[2023-08-24T09:34:26.695+0000] {processor.py:179} INFO - Processing /home/airflow/.local/lib/python3.8/site-packages/airflow/example_dags/tutorial_dag.py took 0.139 seconds
[2023-08-24T09:34:57.103+0000] {processor.py:157} INFO - Started process (PID=457) to work on /home/airflow/.local/lib/python3.8/site-packages/airflow/example_dags/tutorial_dag.py
[2023-08-24T09:34:57.112+0000] {processor.py:829} INFO - Processing file /home/airflow/.local/lib/python3.8/site-packages/airflow/example_dags/tutorial_dag.py for tasks to queue
[2023-08-24T09:34:57.118+0000] {logging_mixin.py:151} INFO - [2023-08-24T09:34:57.117+0000] {dagbag.py:539} INFO - Filling up the DagBag from /home/airflow/.local/lib/python3.8/site-packages/airflow/example_dags/tutorial_dag.py
[2023-08-24T09:34:57.132+0000] {processor.py:839} INFO - DAG(s) dict_keys(['tutorial_dag']) retrieved from /home/airflow/.local/lib/python3.8/site-packages/airflow/example_dags/tutorial_dag.py
[2023-08-24T09:34:57.170+0000] {logging_mixin.py:151} INFO - [2023-08-24T09:34:57.170+0000] {dag.py:2907} INFO - Sync 1 DAGs
[2023-08-24T09:34:57.207+0000] {logging_mixin.py:151} INFO - [2023-08-24T09:34:57.207+0000] {dag.py:3677} INFO - Setting next_dagrun for tutorial_dag to None, run_after=None
[2023-08-24T09:34:57.255+0000] {processor.py:179} INFO - Processing /home/airflow/.local/lib/python3.8/site-packages/airflow/example_dags/tutorial_dag.py took 0.158 seconds
[2023-08-24T09:35:28.080+0000] {processor.py:157} INFO - Started process (PID=513) to work on /home/airflow/.local/lib/python3.8/site-packages/airflow/example_dags/tutorial_dag.py
[2023-08-24T09:35:28.083+0000] {processor.py:829} INFO - Processing file /home/airflow/.local/lib/python3.8/site-packages/airflow/example_dags/tutorial_dag.py for tasks to queue
[2023-08-24T09:35:28.087+0000] {logging_mixin.py:151} INFO - [2023-08-24T09:35:28.087+0000] {dagbag.py:539} INFO - Filling up the DagBag from /home/airflow/.local/lib/python3.8/site-packages/airflow/example_dags/tutorial_dag.py
[2023-08-24T09:35:28.100+0000] {processor.py:839} INFO - DAG(s) dict_keys(['tutorial_dag']) retrieved from /home/airflow/.local/lib/python3.8/site-packages/airflow/example_dags/tutorial_dag.py
[2023-08-24T09:35:28.128+0000] {logging_mixin.py:151} INFO - [2023-08-24T09:35:28.128+0000] {dag.py:2907} INFO - Sync 1 DAGs
[2023-08-24T09:35:28.141+0000] {logging_mixin.py:151} INFO - [2023-08-24T09:35:28.141+0000] {dag.py:3677} INFO - Setting next_dagrun for tutorial_dag to None, run_after=None
[2023-08-24T09:35:28.158+0000] {processor.py:179} INFO - Processing /home/airflow/.local/lib/python3.8/site-packages/airflow/example_dags/tutorial_dag.py took 0.082 seconds
[2023-08-24T09:35:58.866+0000] {processor.py:157} INFO - Started process (PID=569) to work on /home/airflow/.local/lib/python3.8/site-packages/airflow/example_dags/tutorial_dag.py
[2023-08-24T09:35:58.869+0000] {processor.py:829} INFO - Processing file /home/airflow/.local/lib/python3.8/site-packages/airflow/example_dags/tutorial_dag.py for tasks to queue
[2023-08-24T09:35:58.873+0000] {logging_mixin.py:151} INFO - [2023-08-24T09:35:58.872+0000] {dagbag.py:539} INFO - Filling up the DagBag from /home/airflow/.local/lib/python3.8/site-packages/airflow/example_dags/tutorial_dag.py
[2023-08-24T09:35:58.882+0000] {processor.py:839} INFO - DAG(s) dict_keys(['tutorial_dag']) retrieved from /home/airflow/.local/lib/python3.8/site-packages/airflow/example_dags/tutorial_dag.py
[2023-08-24T09:35:58.913+0000] {logging_mixin.py:151} INFO - [2023-08-24T09:35:58.913+0000] {dag.py:2907} INFO - Sync 1 DAGs
[2023-08-24T09:35:58.928+0000] {logging_mixin.py:151} INFO - [2023-08-24T09:35:58.928+0000] {dag.py:3677} INFO - Setting next_dagrun for tutorial_dag to None, run_after=None
[2023-08-24T09:35:58.947+0000] {processor.py:179} INFO - Processing /home/airflow/.local/lib/python3.8/site-packages/airflow/example_dags/tutorial_dag.py took 0.085 seconds
[2023-08-24T09:36:29.374+0000] {processor.py:157} INFO - Started process (PID=625) to work on /home/airflow/.local/lib/python3.8/site-packages/airflow/example_dags/tutorial_dag.py
[2023-08-24T09:36:29.377+0000] {processor.py:829} INFO - Processing file /home/airflow/.local/lib/python3.8/site-packages/airflow/example_dags/tutorial_dag.py for tasks to queue
[2023-08-24T09:36:29.380+0000] {logging_mixin.py:151} INFO - [2023-08-24T09:36:29.380+0000] {dagbag.py:539} INFO - Filling up the DagBag from /home/airflow/.local/lib/python3.8/site-packages/airflow/example_dags/tutorial_dag.py
[2023-08-24T09:36:29.390+0000] {processor.py:839} INFO - DAG(s) dict_keys(['tutorial_dag']) retrieved from /home/airflow/.local/lib/python3.8/site-packages/airflow/example_dags/tutorial_dag.py
[2023-08-24T09:36:29.424+0000] {logging_mixin.py:151} INFO - [2023-08-24T09:36:29.424+0000] {dag.py:2907} INFO - Sync 1 DAGs
[2023-08-24T09:36:29.439+0000] {logging_mixin.py:151} INFO - [2023-08-24T09:36:29.439+0000] {dag.py:3677} INFO - Setting next_dagrun for tutorial_dag to None, run_after=None
[2023-08-24T09:36:29.458+0000] {processor.py:179} INFO - Processing /home/airflow/.local/lib/python3.8/site-packages/airflow/example_dags/tutorial_dag.py took 0.090 seconds
