[2023-08-24T09:29:42.357+0000] {processor.py:157} INFO - Started process (PID=84) to work on /home/airflow/.local/lib/python3.8/site-packages/airflow/example_dags/tutorial_taskflow_api.py
[2023-08-24T09:29:42.424+0000] {processor.py:829} INFO - Processing file /home/airflow/.local/lib/python3.8/site-packages/airflow/example_dags/tutorial_taskflow_api.py for tasks to queue
[2023-08-24T09:29:42.492+0000] {logging_mixin.py:151} INFO - [2023-08-24T09:29:42.488+0000] {dagbag.py:539} INFO - Filling up the DagBag from /home/airflow/.local/lib/python3.8/site-packages/airflow/example_dags/tutorial_taskflow_api.py
[2023-08-24T09:29:42.734+0000] {processor.py:839} INFO - DAG(s) dict_keys(['tutorial_taskflow_api']) retrieved from /home/airflow/.local/lib/python3.8/site-packages/airflow/example_dags/tutorial_taskflow_api.py
[2023-08-24T09:29:43.505+0000] {logging_mixin.py:151} INFO - [2023-08-24T09:29:43.504+0000] {manager.py:501} INFO - Created Permission View: can read on DAG:tutorial_taskflow_api
[2023-08-24T09:29:43.577+0000] {logging_mixin.py:151} INFO - [2023-08-24T09:29:43.576+0000] {manager.py:501} INFO - Created Permission View: can edit on DAG:tutorial_taskflow_api
[2023-08-24T09:29:43.613+0000] {logging_mixin.py:151} INFO - [2023-08-24T09:29:43.613+0000] {manager.py:501} INFO - Created Permission View: can delete on DAG:tutorial_taskflow_api
[2023-08-24T09:29:43.663+0000] {logging_mixin.py:151} INFO - [2023-08-24T09:29:43.663+0000] {dag.py:2907} INFO - Sync 1 DAGs
[2023-08-24T09:29:43.717+0000] {logging_mixin.py:151} INFO - [2023-08-24T09:29:43.716+0000] {dag.py:2929} INFO - Creating ORM DAG for tutorial_taskflow_api
[2023-08-24T09:29:43.727+0000] {logging_mixin.py:151} INFO - [2023-08-24T09:29:43.726+0000] {dag.py:3677} INFO - Setting next_dagrun for tutorial_taskflow_api to None, run_after=None
[2023-08-24T09:29:43.800+0000] {processor.py:179} INFO - Processing /home/airflow/.local/lib/python3.8/site-packages/airflow/example_dags/tutorial_taskflow_api.py took 1.723 seconds
[2023-08-24T09:31:07.756+0000] {processor.py:157} INFO - Started process (PID=154) to work on /home/airflow/.local/lib/python3.8/site-packages/airflow/example_dags/tutorial_taskflow_api.py
[2023-08-24T09:31:07.769+0000] {processor.py:829} INFO - Processing file /home/airflow/.local/lib/python3.8/site-packages/airflow/example_dags/tutorial_taskflow_api.py for tasks to queue
[2023-08-24T09:31:07.826+0000] {logging_mixin.py:151} INFO - [2023-08-24T09:31:07.811+0000] {dagbag.py:539} INFO - Filling up the DagBag from /home/airflow/.local/lib/python3.8/site-packages/airflow/example_dags/tutorial_taskflow_api.py
[2023-08-24T09:31:07.913+0000] {processor.py:839} INFO - DAG(s) dict_keys(['tutorial_taskflow_api']) retrieved from /home/airflow/.local/lib/python3.8/site-packages/airflow/example_dags/tutorial_taskflow_api.py
[2023-08-24T09:31:08.099+0000] {logging_mixin.py:151} INFO - [2023-08-24T09:31:08.098+0000] {dag.py:2907} INFO - Sync 1 DAGs
[2023-08-24T09:31:08.146+0000] {logging_mixin.py:151} INFO - [2023-08-24T09:31:08.145+0000] {dag.py:3677} INFO - Setting next_dagrun for tutorial_taskflow_api to None, run_after=None
[2023-08-24T09:31:08.221+0000] {processor.py:179} INFO - Processing /home/airflow/.local/lib/python3.8/site-packages/airflow/example_dags/tutorial_taskflow_api.py took 0.478 seconds
[2023-08-24T09:31:45.087+0000] {processor.py:157} INFO - Started process (PID=210) to work on /home/airflow/.local/lib/python3.8/site-packages/airflow/example_dags/tutorial_taskflow_api.py
[2023-08-24T09:31:45.096+0000] {processor.py:829} INFO - Processing file /home/airflow/.local/lib/python3.8/site-packages/airflow/example_dags/tutorial_taskflow_api.py for tasks to queue
[2023-08-24T09:31:45.150+0000] {logging_mixin.py:151} INFO - [2023-08-24T09:31:45.147+0000] {dagbag.py:539} INFO - Filling up the DagBag from /home/airflow/.local/lib/python3.8/site-packages/airflow/example_dags/tutorial_taskflow_api.py
[2023-08-24T09:31:45.239+0000] {processor.py:839} INFO - DAG(s) dict_keys(['tutorial_taskflow_api']) retrieved from /home/airflow/.local/lib/python3.8/site-packages/airflow/example_dags/tutorial_taskflow_api.py
[2023-08-24T09:31:45.480+0000] {logging_mixin.py:151} INFO - [2023-08-24T09:31:45.478+0000] {dag.py:2907} INFO - Sync 1 DAGs
[2023-08-24T09:31:45.587+0000] {logging_mixin.py:151} INFO - [2023-08-24T09:31:45.587+0000] {dag.py:3677} INFO - Setting next_dagrun for tutorial_taskflow_api to None, run_after=None
[2023-08-24T09:31:45.763+0000] {processor.py:179} INFO - Processing /home/airflow/.local/lib/python3.8/site-packages/airflow/example_dags/tutorial_taskflow_api.py took 0.699 seconds
[2023-08-24T09:33:06.807+0000] {processor.py:157} INFO - Started process (PID=290) to work on /home/airflow/.local/lib/python3.8/site-packages/airflow/example_dags/tutorial_taskflow_api.py
[2023-08-24T09:33:06.815+0000] {processor.py:829} INFO - Processing file /home/airflow/.local/lib/python3.8/site-packages/airflow/example_dags/tutorial_taskflow_api.py for tasks to queue
[2023-08-24T09:33:06.835+0000] {logging_mixin.py:151} INFO - [2023-08-24T09:33:06.834+0000] {dagbag.py:539} INFO - Filling up the DagBag from /home/airflow/.local/lib/python3.8/site-packages/airflow/example_dags/tutorial_taskflow_api.py
[2023-08-24T09:33:06.861+0000] {processor.py:839} INFO - DAG(s) dict_keys(['tutorial_taskflow_api']) retrieved from /home/airflow/.local/lib/python3.8/site-packages/airflow/example_dags/tutorial_taskflow_api.py
[2023-08-24T09:33:07.093+0000] {logging_mixin.py:151} INFO - [2023-08-24T09:33:07.092+0000] {dag.py:2907} INFO - Sync 1 DAGs
[2023-08-24T09:33:07.525+0000] {logging_mixin.py:151} INFO - [2023-08-24T09:33:07.522+0000] {dag.py:3677} INFO - Setting next_dagrun for tutorial_taskflow_api to None, run_after=None
[2023-08-24T09:33:07.667+0000] {processor.py:179} INFO - Processing /home/airflow/.local/lib/python3.8/site-packages/airflow/example_dags/tutorial_taskflow_api.py took 0.883 seconds
[2023-08-24T09:33:54.340+0000] {processor.py:157} INFO - Started process (PID=341) to work on /home/airflow/.local/lib/python3.8/site-packages/airflow/example_dags/tutorial_taskflow_api.py
[2023-08-24T09:33:54.346+0000] {processor.py:829} INFO - Processing file /home/airflow/.local/lib/python3.8/site-packages/airflow/example_dags/tutorial_taskflow_api.py for tasks to queue
[2023-08-24T09:33:54.354+0000] {logging_mixin.py:151} INFO - [2023-08-24T09:33:54.353+0000] {dagbag.py:539} INFO - Filling up the DagBag from /home/airflow/.local/lib/python3.8/site-packages/airflow/example_dags/tutorial_taskflow_api.py
[2023-08-24T09:33:54.372+0000] {processor.py:839} INFO - DAG(s) dict_keys(['tutorial_taskflow_api']) retrieved from /home/airflow/.local/lib/python3.8/site-packages/airflow/example_dags/tutorial_taskflow_api.py
[2023-08-24T09:33:54.436+0000] {logging_mixin.py:151} INFO - [2023-08-24T09:33:54.436+0000] {dag.py:2907} INFO - Sync 1 DAGs
[2023-08-24T09:33:54.468+0000] {logging_mixin.py:151} INFO - [2023-08-24T09:33:54.467+0000] {dag.py:3677} INFO - Setting next_dagrun for tutorial_taskflow_api to None, run_after=None
[2023-08-24T09:33:54.500+0000] {processor.py:179} INFO - Processing /home/airflow/.local/lib/python3.8/site-packages/airflow/example_dags/tutorial_taskflow_api.py took 0.170 seconds
[2023-08-24T09:34:25.764+0000] {processor.py:157} INFO - Started process (PID=397) to work on /home/airflow/.local/lib/python3.8/site-packages/airflow/example_dags/tutorial_taskflow_api.py
[2023-08-24T09:34:25.770+0000] {processor.py:829} INFO - Processing file /home/airflow/.local/lib/python3.8/site-packages/airflow/example_dags/tutorial_taskflow_api.py for tasks to queue
[2023-08-24T09:34:25.781+0000] {logging_mixin.py:151} INFO - [2023-08-24T09:34:25.779+0000] {dagbag.py:539} INFO - Filling up the DagBag from /home/airflow/.local/lib/python3.8/site-packages/airflow/example_dags/tutorial_taskflow_api.py
[2023-08-24T09:34:25.835+0000] {processor.py:839} INFO - DAG(s) dict_keys(['tutorial_taskflow_api']) retrieved from /home/airflow/.local/lib/python3.8/site-packages/airflow/example_dags/tutorial_taskflow_api.py
[2023-08-24T09:34:25.907+0000] {logging_mixin.py:151} INFO - [2023-08-24T09:34:25.906+0000] {dag.py:2907} INFO - Sync 1 DAGs
[2023-08-24T09:34:25.953+0000] {logging_mixin.py:151} INFO - [2023-08-24T09:34:25.953+0000] {dag.py:3677} INFO - Setting next_dagrun for tutorial_taskflow_api to None, run_after=None
[2023-08-24T09:34:26.047+0000] {processor.py:179} INFO - Processing /home/airflow/.local/lib/python3.8/site-packages/airflow/example_dags/tutorial_taskflow_api.py took 0.292 seconds
[2023-08-24T09:34:56.626+0000] {processor.py:157} INFO - Started process (PID=452) to work on /home/airflow/.local/lib/python3.8/site-packages/airflow/example_dags/tutorial_taskflow_api.py
[2023-08-24T09:34:56.629+0000] {processor.py:829} INFO - Processing file /home/airflow/.local/lib/python3.8/site-packages/airflow/example_dags/tutorial_taskflow_api.py for tasks to queue
[2023-08-24T09:34:56.633+0000] {logging_mixin.py:151} INFO - [2023-08-24T09:34:56.633+0000] {dagbag.py:539} INFO - Filling up the DagBag from /home/airflow/.local/lib/python3.8/site-packages/airflow/example_dags/tutorial_taskflow_api.py
[2023-08-24T09:34:56.643+0000] {processor.py:839} INFO - DAG(s) dict_keys(['tutorial_taskflow_api']) retrieved from /home/airflow/.local/lib/python3.8/site-packages/airflow/example_dags/tutorial_taskflow_api.py
[2023-08-24T09:34:56.674+0000] {logging_mixin.py:151} INFO - [2023-08-24T09:34:56.673+0000] {dag.py:2907} INFO - Sync 1 DAGs
[2023-08-24T09:34:56.691+0000] {logging_mixin.py:151} INFO - [2023-08-24T09:34:56.691+0000] {dag.py:3677} INFO - Setting next_dagrun for tutorial_taskflow_api to None, run_after=None
[2023-08-24T09:34:56.717+0000] {processor.py:179} INFO - Processing /home/airflow/.local/lib/python3.8/site-packages/airflow/example_dags/tutorial_taskflow_api.py took 0.099 seconds
[2023-08-24T09:35:26.810+0000] {processor.py:157} INFO - Started process (PID=508) to work on /home/airflow/.local/lib/python3.8/site-packages/airflow/example_dags/tutorial_taskflow_api.py
[2023-08-24T09:35:26.813+0000] {processor.py:829} INFO - Processing file /home/airflow/.local/lib/python3.8/site-packages/airflow/example_dags/tutorial_taskflow_api.py for tasks to queue
[2023-08-24T09:35:26.816+0000] {logging_mixin.py:151} INFO - [2023-08-24T09:35:26.816+0000] {dagbag.py:539} INFO - Filling up the DagBag from /home/airflow/.local/lib/python3.8/site-packages/airflow/example_dags/tutorial_taskflow_api.py
[2023-08-24T09:35:26.824+0000] {processor.py:839} INFO - DAG(s) dict_keys(['tutorial_taskflow_api']) retrieved from /home/airflow/.local/lib/python3.8/site-packages/airflow/example_dags/tutorial_taskflow_api.py
[2023-08-24T09:35:26.852+0000] {logging_mixin.py:151} INFO - [2023-08-24T09:35:26.851+0000] {dag.py:2907} INFO - Sync 1 DAGs
[2023-08-24T09:35:26.864+0000] {logging_mixin.py:151} INFO - [2023-08-24T09:35:26.864+0000] {dag.py:3677} INFO - Setting next_dagrun for tutorial_taskflow_api to None, run_after=None
[2023-08-24T09:35:26.880+0000] {processor.py:179} INFO - Processing /home/airflow/.local/lib/python3.8/site-packages/airflow/example_dags/tutorial_taskflow_api.py took 0.075 seconds
[2023-08-24T09:35:57.579+0000] {processor.py:157} INFO - Started process (PID=564) to work on /home/airflow/.local/lib/python3.8/site-packages/airflow/example_dags/tutorial_taskflow_api.py
[2023-08-24T09:35:57.581+0000] {processor.py:829} INFO - Processing file /home/airflow/.local/lib/python3.8/site-packages/airflow/example_dags/tutorial_taskflow_api.py for tasks to queue
[2023-08-24T09:35:57.585+0000] {logging_mixin.py:151} INFO - [2023-08-24T09:35:57.584+0000] {dagbag.py:539} INFO - Filling up the DagBag from /home/airflow/.local/lib/python3.8/site-packages/airflow/example_dags/tutorial_taskflow_api.py
[2023-08-24T09:35:57.593+0000] {processor.py:839} INFO - DAG(s) dict_keys(['tutorial_taskflow_api']) retrieved from /home/airflow/.local/lib/python3.8/site-packages/airflow/example_dags/tutorial_taskflow_api.py
[2023-08-24T09:35:57.620+0000] {logging_mixin.py:151} INFO - [2023-08-24T09:35:57.620+0000] {dag.py:2907} INFO - Sync 1 DAGs
[2023-08-24T09:35:57.633+0000] {logging_mixin.py:151} INFO - [2023-08-24T09:35:57.632+0000] {dag.py:3677} INFO - Setting next_dagrun for tutorial_taskflow_api to None, run_after=None
[2023-08-24T09:35:57.650+0000] {processor.py:179} INFO - Processing /home/airflow/.local/lib/python3.8/site-packages/airflow/example_dags/tutorial_taskflow_api.py took 0.076 seconds
[2023-08-24T09:36:28.054+0000] {processor.py:157} INFO - Started process (PID=620) to work on /home/airflow/.local/lib/python3.8/site-packages/airflow/example_dags/tutorial_taskflow_api.py
[2023-08-24T09:36:28.056+0000] {processor.py:829} INFO - Processing file /home/airflow/.local/lib/python3.8/site-packages/airflow/example_dags/tutorial_taskflow_api.py for tasks to queue
[2023-08-24T09:36:28.060+0000] {logging_mixin.py:151} INFO - [2023-08-24T09:36:28.059+0000] {dagbag.py:539} INFO - Filling up the DagBag from /home/airflow/.local/lib/python3.8/site-packages/airflow/example_dags/tutorial_taskflow_api.py
[2023-08-24T09:36:28.068+0000] {processor.py:839} INFO - DAG(s) dict_keys(['tutorial_taskflow_api']) retrieved from /home/airflow/.local/lib/python3.8/site-packages/airflow/example_dags/tutorial_taskflow_api.py
[2023-08-24T09:36:28.093+0000] {logging_mixin.py:151} INFO - [2023-08-24T09:36:28.093+0000] {dag.py:2907} INFO - Sync 1 DAGs
[2023-08-24T09:36:28.106+0000] {logging_mixin.py:151} INFO - [2023-08-24T09:36:28.106+0000] {dag.py:3677} INFO - Setting next_dagrun for tutorial_taskflow_api to None, run_after=None
[2023-08-24T09:36:28.121+0000] {processor.py:179} INFO - Processing /home/airflow/.local/lib/python3.8/site-packages/airflow/example_dags/tutorial_taskflow_api.py took 0.071 seconds
[2023-08-24T09:36:58.611+0000] {processor.py:157} INFO - Started process (PID=676) to work on /home/airflow/.local/lib/python3.8/site-packages/airflow/example_dags/tutorial_taskflow_api.py
[2023-08-24T09:36:58.614+0000] {processor.py:829} INFO - Processing file /home/airflow/.local/lib/python3.8/site-packages/airflow/example_dags/tutorial_taskflow_api.py for tasks to queue
[2023-08-24T09:36:58.618+0000] {logging_mixin.py:151} INFO - [2023-08-24T09:36:58.617+0000] {dagbag.py:539} INFO - Filling up the DagBag from /home/airflow/.local/lib/python3.8/site-packages/airflow/example_dags/tutorial_taskflow_api.py
[2023-08-24T09:36:58.626+0000] {processor.py:839} INFO - DAG(s) dict_keys(['tutorial_taskflow_api']) retrieved from /home/airflow/.local/lib/python3.8/site-packages/airflow/example_dags/tutorial_taskflow_api.py
[2023-08-24T09:36:58.653+0000] {logging_mixin.py:151} INFO - [2023-08-24T09:36:58.652+0000] {dag.py:2907} INFO - Sync 1 DAGs
[2023-08-24T09:36:58.665+0000] {logging_mixin.py:151} INFO - [2023-08-24T09:36:58.665+0000] {dag.py:3677} INFO - Setting next_dagrun for tutorial_taskflow_api to None, run_after=None
[2023-08-24T09:36:58.681+0000] {processor.py:179} INFO - Processing /home/airflow/.local/lib/python3.8/site-packages/airflow/example_dags/tutorial_taskflow_api.py took 0.075 seconds
