[2023-08-28T14:04:52.441+0000] {processor.py:157} INFO - Started process (PID=30) to work on /opt/airflow/dags/crawl_data.py
[2023-08-28T14:04:52.448+0000] {processor.py:829} INFO - Processing file /opt/airflow/dags/crawl_data.py for tasks to queue
[2023-08-28T14:04:52.457+0000] {logging_mixin.py:151} INFO - [2023-08-28T14:04:52.456+0000] {dagbag.py:539} INFO - Filling up the DagBag from /opt/airflow/dags/crawl_data.py
[2023-08-28T14:04:53.196+0000] {processor.py:839} INFO - DAG(s) dict_keys(['website_crawler']) retrieved from /opt/airflow/dags/crawl_data.py
[2023-08-28T14:04:53.497+0000] {logging_mixin.py:151} INFO - [2023-08-28T14:04:53.496+0000] {dag.py:2907} INFO - Sync 1 DAGs
[2023-08-28T14:04:53.529+0000] {logging_mixin.py:151} INFO - [2023-08-28T14:04:53.529+0000] {dag.py:3677} INFO - Setting next_dagrun for website_crawler to 2023-08-28T00:00:00+00:00, run_after=2023-08-29T00:00:00+00:00
[2023-08-28T14:04:53.562+0000] {processor.py:179} INFO - Processing /opt/airflow/dags/crawl_data.py took 1.129 seconds
[2023-08-28T14:05:23.977+0000] {processor.py:157} INFO - Started process (PID=39) to work on /opt/airflow/dags/crawl_data.py
[2023-08-28T14:05:23.983+0000] {processor.py:829} INFO - Processing file /opt/airflow/dags/crawl_data.py for tasks to queue
[2023-08-28T14:05:23.991+0000] {logging_mixin.py:151} INFO - [2023-08-28T14:05:23.989+0000] {dagbag.py:539} INFO - Filling up the DagBag from /opt/airflow/dags/crawl_data.py
[2023-08-28T14:05:24.432+0000] {processor.py:839} INFO - DAG(s) dict_keys(['website_crawler']) retrieved from /opt/airflow/dags/crawl_data.py
[2023-08-28T14:05:24.499+0000] {logging_mixin.py:151} INFO - [2023-08-28T14:05:24.498+0000] {dag.py:2907} INFO - Sync 1 DAGs
[2023-08-28T14:05:24.548+0000] {logging_mixin.py:151} INFO - [2023-08-28T14:05:24.548+0000] {dag.py:3677} INFO - Setting next_dagrun for website_crawler to 2023-08-28T00:00:00+00:00, run_after=2023-08-29T00:00:00+00:00
[2023-08-28T14:05:24.577+0000] {processor.py:179} INFO - Processing /opt/airflow/dags/crawl_data.py took 0.618 seconds
[2023-08-28T14:05:54.935+0000] {processor.py:157} INFO - Started process (PID=49) to work on /opt/airflow/dags/crawl_data.py
[2023-08-28T14:05:54.938+0000] {processor.py:829} INFO - Processing file /opt/airflow/dags/crawl_data.py for tasks to queue
[2023-08-28T14:05:54.943+0000] {logging_mixin.py:151} INFO - [2023-08-28T14:05:54.942+0000] {dagbag.py:539} INFO - Filling up the DagBag from /opt/airflow/dags/crawl_data.py
[2023-08-28T14:05:55.181+0000] {processor.py:839} INFO - DAG(s) dict_keys(['website_crawler']) retrieved from /opt/airflow/dags/crawl_data.py
[2023-08-28T14:05:55.207+0000] {logging_mixin.py:151} INFO - [2023-08-28T14:05:55.207+0000] {dag.py:2907} INFO - Sync 1 DAGs
[2023-08-28T14:05:55.225+0000] {logging_mixin.py:151} INFO - [2023-08-28T14:05:55.225+0000] {dag.py:3677} INFO - Setting next_dagrun for website_crawler to 2023-08-28T00:00:00+00:00, run_after=2023-08-29T00:00:00+00:00
[2023-08-28T14:05:55.239+0000] {processor.py:179} INFO - Processing /opt/airflow/dags/crawl_data.py took 0.310 seconds
[2023-08-28T14:06:25.634+0000] {processor.py:157} INFO - Started process (PID=57) to work on /opt/airflow/dags/crawl_data.py
[2023-08-28T14:06:25.657+0000] {processor.py:829} INFO - Processing file /opt/airflow/dags/crawl_data.py for tasks to queue
[2023-08-28T14:06:25.813+0000] {logging_mixin.py:151} INFO - [2023-08-28T14:06:25.803+0000] {dagbag.py:539} INFO - Filling up the DagBag from /opt/airflow/dags/crawl_data.py
[2023-08-28T14:06:28.630+0000] {processor.py:839} INFO - DAG(s) dict_keys(['website_crawler']) retrieved from /opt/airflow/dags/crawl_data.py
[2023-08-28T14:06:28.716+0000] {logging_mixin.py:151} INFO - [2023-08-28T14:06:28.715+0000] {dag.py:2907} INFO - Sync 1 DAGs
[2023-08-28T14:06:28.752+0000] {logging_mixin.py:151} INFO - [2023-08-28T14:06:28.752+0000] {dag.py:3677} INFO - Setting next_dagrun for website_crawler to 2023-08-28T00:00:00+00:00, run_after=2023-08-29T00:00:00+00:00
[2023-08-28T14:06:28.778+0000] {processor.py:179} INFO - Processing /opt/airflow/dags/crawl_data.py took 3.227 seconds
[2023-08-28T14:06:59.291+0000] {processor.py:157} INFO - Started process (PID=66) to work on /opt/airflow/dags/crawl_data.py
[2023-08-28T14:06:59.295+0000] {processor.py:829} INFO - Processing file /opt/airflow/dags/crawl_data.py for tasks to queue
[2023-08-28T14:06:59.302+0000] {logging_mixin.py:151} INFO - [2023-08-28T14:06:59.301+0000] {dagbag.py:539} INFO - Filling up the DagBag from /opt/airflow/dags/crawl_data.py
[2023-08-28T14:06:59.731+0000] {processor.py:839} INFO - DAG(s) dict_keys(['website_crawler']) retrieved from /opt/airflow/dags/crawl_data.py
[2023-08-28T14:06:59.773+0000] {logging_mixin.py:151} INFO - [2023-08-28T14:06:59.772+0000] {dag.py:2907} INFO - Sync 1 DAGs
[2023-08-28T14:06:59.794+0000] {logging_mixin.py:151} INFO - [2023-08-28T14:06:59.793+0000] {dag.py:3677} INFO - Setting next_dagrun for website_crawler to 2023-08-28T00:00:00+00:00, run_after=2023-08-29T00:00:00+00:00
[2023-08-28T14:06:59.807+0000] {processor.py:179} INFO - Processing /opt/airflow/dags/crawl_data.py took 0.531 seconds
[2023-08-28T14:07:30.166+0000] {processor.py:157} INFO - Started process (PID=75) to work on /opt/airflow/dags/crawl_data.py
[2023-08-28T14:07:30.171+0000] {processor.py:829} INFO - Processing file /opt/airflow/dags/crawl_data.py for tasks to queue
[2023-08-28T14:07:30.184+0000] {logging_mixin.py:151} INFO - [2023-08-28T14:07:30.184+0000] {dagbag.py:539} INFO - Filling up the DagBag from /opt/airflow/dags/crawl_data.py
[2023-08-28T14:07:30.490+0000] {processor.py:839} INFO - DAG(s) dict_keys(['website_crawler']) retrieved from /opt/airflow/dags/crawl_data.py
[2023-08-28T14:07:30.518+0000] {logging_mixin.py:151} INFO - [2023-08-28T14:07:30.518+0000] {dag.py:2907} INFO - Sync 1 DAGs
[2023-08-28T14:07:30.537+0000] {logging_mixin.py:151} INFO - [2023-08-28T14:07:30.537+0000] {dag.py:3677} INFO - Setting next_dagrun for website_crawler to 2023-08-28T00:00:00+00:00, run_after=2023-08-29T00:00:00+00:00
[2023-08-28T14:07:30.550+0000] {processor.py:179} INFO - Processing /opt/airflow/dags/crawl_data.py took 0.391 seconds
[2023-08-28T14:08:00.965+0000] {processor.py:157} INFO - Started process (PID=84) to work on /opt/airflow/dags/crawl_data.py
[2023-08-28T14:08:00.982+0000] {processor.py:829} INFO - Processing file /opt/airflow/dags/crawl_data.py for tasks to queue
[2023-08-28T14:08:01.003+0000] {logging_mixin.py:151} INFO - [2023-08-28T14:08:01.002+0000] {dagbag.py:539} INFO - Filling up the DagBag from /opt/airflow/dags/crawl_data.py
[2023-08-28T14:08:01.516+0000] {processor.py:839} INFO - DAG(s) dict_keys(['website_crawler']) retrieved from /opt/airflow/dags/crawl_data.py
[2023-08-28T14:08:01.553+0000] {logging_mixin.py:151} INFO - [2023-08-28T14:08:01.552+0000] {dag.py:2907} INFO - Sync 1 DAGs
[2023-08-28T14:08:01.584+0000] {logging_mixin.py:151} INFO - [2023-08-28T14:08:01.584+0000] {dag.py:3677} INFO - Setting next_dagrun for website_crawler to 2023-08-28T00:00:00+00:00, run_after=2023-08-29T00:00:00+00:00
[2023-08-28T14:08:01.603+0000] {processor.py:179} INFO - Processing /opt/airflow/dags/crawl_data.py took 0.655 seconds
[2023-08-28T14:08:31.967+0000] {processor.py:157} INFO - Started process (PID=93) to work on /opt/airflow/dags/crawl_data.py
[2023-08-28T14:08:31.970+0000] {processor.py:829} INFO - Processing file /opt/airflow/dags/crawl_data.py for tasks to queue
[2023-08-28T14:08:31.977+0000] {logging_mixin.py:151} INFO - [2023-08-28T14:08:31.976+0000] {dagbag.py:539} INFO - Filling up the DagBag from /opt/airflow/dags/crawl_data.py
[2023-08-28T14:08:32.284+0000] {processor.py:839} INFO - DAG(s) dict_keys(['website_crawler']) retrieved from /opt/airflow/dags/crawl_data.py
[2023-08-28T14:08:32.356+0000] {logging_mixin.py:151} INFO - [2023-08-28T14:08:32.356+0000] {dag.py:2907} INFO - Sync 1 DAGs
[2023-08-28T14:08:32.395+0000] {logging_mixin.py:151} INFO - [2023-08-28T14:08:32.395+0000] {dag.py:3677} INFO - Setting next_dagrun for website_crawler to 2023-08-28T00:00:00+00:00, run_after=2023-08-29T00:00:00+00:00
[2023-08-28T14:08:32.417+0000] {processor.py:179} INFO - Processing /opt/airflow/dags/crawl_data.py took 0.461 seconds
[2023-08-28T14:09:02.840+0000] {processor.py:157} INFO - Started process (PID=101) to work on /opt/airflow/dags/crawl_data.py
[2023-08-28T14:09:02.844+0000] {processor.py:829} INFO - Processing file /opt/airflow/dags/crawl_data.py for tasks to queue
[2023-08-28T14:09:02.854+0000] {logging_mixin.py:151} INFO - [2023-08-28T14:09:02.853+0000] {dagbag.py:539} INFO - Filling up the DagBag from /opt/airflow/dags/crawl_data.py
[2023-08-28T14:09:03.109+0000] {processor.py:839} INFO - DAG(s) dict_keys(['website_crawler']) retrieved from /opt/airflow/dags/crawl_data.py
[2023-08-28T14:09:03.170+0000] {logging_mixin.py:151} INFO - [2023-08-28T14:09:03.170+0000] {dag.py:2907} INFO - Sync 1 DAGs
[2023-08-28T14:09:03.192+0000] {logging_mixin.py:151} INFO - [2023-08-28T14:09:03.192+0000] {dag.py:3677} INFO - Setting next_dagrun for website_crawler to 2023-08-28T00:00:00+00:00, run_after=2023-08-29T00:00:00+00:00
[2023-08-28T14:09:03.210+0000] {processor.py:179} INFO - Processing /opt/airflow/dags/crawl_data.py took 0.378 seconds
[2023-08-28T14:09:33.689+0000] {processor.py:157} INFO - Started process (PID=110) to work on /opt/airflow/dags/crawl_data.py
[2023-08-28T14:09:33.696+0000] {processor.py:829} INFO - Processing file /opt/airflow/dags/crawl_data.py for tasks to queue
[2023-08-28T14:09:33.708+0000] {logging_mixin.py:151} INFO - [2023-08-28T14:09:33.707+0000] {dagbag.py:539} INFO - Filling up the DagBag from /opt/airflow/dags/crawl_data.py
[2023-08-28T14:09:33.921+0000] {processor.py:839} INFO - DAG(s) dict_keys(['website_crawler']) retrieved from /opt/airflow/dags/crawl_data.py
[2023-08-28T14:09:33.987+0000] {logging_mixin.py:151} INFO - [2023-08-28T14:09:33.986+0000] {dag.py:2907} INFO - Sync 1 DAGs
[2023-08-28T14:09:34.024+0000] {logging_mixin.py:151} INFO - [2023-08-28T14:09:34.023+0000] {dag.py:3677} INFO - Setting next_dagrun for website_crawler to 2023-08-28T00:00:00+00:00, run_after=2023-08-29T00:00:00+00:00
[2023-08-28T14:09:34.044+0000] {processor.py:179} INFO - Processing /opt/airflow/dags/crawl_data.py took 0.389 seconds
[2023-08-28T14:10:04.748+0000] {processor.py:157} INFO - Started process (PID=118) to work on /opt/airflow/dags/crawl_data.py
[2023-08-28T14:10:04.753+0000] {processor.py:829} INFO - Processing file /opt/airflow/dags/crawl_data.py for tasks to queue
[2023-08-28T14:10:04.763+0000] {logging_mixin.py:151} INFO - [2023-08-28T14:10:04.762+0000] {dagbag.py:539} INFO - Filling up the DagBag from /opt/airflow/dags/crawl_data.py
[2023-08-28T14:10:04.933+0000] {processor.py:839} INFO - DAG(s) dict_keys(['website_crawler']) retrieved from /opt/airflow/dags/crawl_data.py
[2023-08-28T14:10:04.987+0000] {logging_mixin.py:151} INFO - [2023-08-28T14:10:04.986+0000] {dag.py:2907} INFO - Sync 1 DAGs
[2023-08-28T14:10:05.020+0000] {logging_mixin.py:151} INFO - [2023-08-28T14:10:05.019+0000] {dag.py:3677} INFO - Setting next_dagrun for website_crawler to 2023-08-28T00:00:00+00:00, run_after=2023-08-29T00:00:00+00:00
[2023-08-28T14:10:05.034+0000] {processor.py:179} INFO - Processing /opt/airflow/dags/crawl_data.py took 0.298 seconds
[2023-08-28T14:10:35.552+0000] {processor.py:157} INFO - Started process (PID=127) to work on /opt/airflow/dags/crawl_data.py
[2023-08-28T14:10:35.565+0000] {processor.py:829} INFO - Processing file /opt/airflow/dags/crawl_data.py for tasks to queue
[2023-08-28T14:10:35.583+0000] {logging_mixin.py:151} INFO - [2023-08-28T14:10:35.582+0000] {dagbag.py:539} INFO - Filling up the DagBag from /opt/airflow/dags/crawl_data.py
[2023-08-28T14:10:35.801+0000] {processor.py:839} INFO - DAG(s) dict_keys(['website_crawler']) retrieved from /opt/airflow/dags/crawl_data.py
[2023-08-28T14:10:35.859+0000] {logging_mixin.py:151} INFO - [2023-08-28T14:10:35.859+0000] {dag.py:2907} INFO - Sync 1 DAGs
[2023-08-28T14:10:35.883+0000] {logging_mixin.py:151} INFO - [2023-08-28T14:10:35.883+0000] {dag.py:3677} INFO - Setting next_dagrun for website_crawler to 2023-08-28T00:00:00+00:00, run_after=2023-08-29T00:00:00+00:00
[2023-08-28T14:10:35.900+0000] {processor.py:179} INFO - Processing /opt/airflow/dags/crawl_data.py took 0.365 seconds
[2023-08-28T14:11:07.202+0000] {processor.py:157} INFO - Started process (PID=135) to work on /opt/airflow/dags/crawl_data.py
[2023-08-28T14:11:07.212+0000] {processor.py:829} INFO - Processing file /opt/airflow/dags/crawl_data.py for tasks to queue
[2023-08-28T14:11:07.231+0000] {logging_mixin.py:151} INFO - [2023-08-28T14:11:07.229+0000] {dagbag.py:539} INFO - Filling up the DagBag from /opt/airflow/dags/crawl_data.py
[2023-08-28T14:11:09.063+0000] {processor.py:839} INFO - DAG(s) dict_keys(['website_crawler']) retrieved from /opt/airflow/dags/crawl_data.py
[2023-08-28T14:11:10.754+0000] {logging_mixin.py:151} INFO - [2023-08-28T14:11:10.723+0000] {dag.py:2907} INFO - Sync 1 DAGs
[2023-08-28T14:11:11.097+0000] {logging_mixin.py:151} INFO - [2023-08-28T14:11:11.070+0000] {dag.py:3677} INFO - Setting next_dagrun for website_crawler to 2023-08-28T00:00:00+00:00, run_after=2023-08-29T00:00:00+00:00
[2023-08-28T14:11:11.562+0000] {processor.py:179} INFO - Processing /opt/airflow/dags/crawl_data.py took 4.428 seconds
[2023-08-28T14:11:42.576+0000] {processor.py:157} INFO - Started process (PID=145) to work on /opt/airflow/dags/crawl_data.py
[2023-08-28T14:11:42.592+0000] {processor.py:829} INFO - Processing file /opt/airflow/dags/crawl_data.py for tasks to queue
[2023-08-28T14:11:42.626+0000] {logging_mixin.py:151} INFO - [2023-08-28T14:11:42.624+0000] {dagbag.py:539} INFO - Filling up the DagBag from /opt/airflow/dags/crawl_data.py
[2023-08-28T14:11:43.184+0000] {processor.py:839} INFO - DAG(s) dict_keys(['website_crawler']) retrieved from /opt/airflow/dags/crawl_data.py
[2023-08-28T14:11:43.330+0000] {logging_mixin.py:151} INFO - [2023-08-28T14:11:43.328+0000] {dag.py:2907} INFO - Sync 1 DAGs
[2023-08-28T14:11:43.382+0000] {logging_mixin.py:151} INFO - [2023-08-28T14:11:43.381+0000] {dag.py:3677} INFO - Setting next_dagrun for website_crawler to 2023-08-28T00:00:00+00:00, run_after=2023-08-29T00:00:00+00:00
[2023-08-28T14:11:43.409+0000] {processor.py:179} INFO - Processing /opt/airflow/dags/crawl_data.py took 0.889 seconds
[2023-08-28T14:12:14.066+0000] {processor.py:157} INFO - Started process (PID=160) to work on /opt/airflow/dags/crawl_data.py
[2023-08-28T14:12:14.071+0000] {processor.py:829} INFO - Processing file /opt/airflow/dags/crawl_data.py for tasks to queue
[2023-08-28T14:12:14.075+0000] {logging_mixin.py:151} INFO - [2023-08-28T14:12:14.074+0000] {dagbag.py:539} INFO - Filling up the DagBag from /opt/airflow/dags/crawl_data.py
[2023-08-28T14:12:14.189+0000] {processor.py:839} INFO - DAG(s) dict_keys(['website_crawler']) retrieved from /opt/airflow/dags/crawl_data.py
[2023-08-28T14:12:14.223+0000] {logging_mixin.py:151} INFO - [2023-08-28T14:12:14.222+0000] {dag.py:2907} INFO - Sync 1 DAGs
[2023-08-28T14:12:14.253+0000] {logging_mixin.py:151} INFO - [2023-08-28T14:12:14.253+0000] {dag.py:3677} INFO - Setting next_dagrun for website_crawler to 2023-08-28T00:00:00+00:00, run_after=2023-08-29T00:00:00+00:00
[2023-08-28T14:12:14.282+0000] {processor.py:179} INFO - Processing /opt/airflow/dags/crawl_data.py took 0.220 seconds
[2023-08-28T14:12:45.178+0000] {processor.py:157} INFO - Started process (PID=169) to work on /opt/airflow/dags/crawl_data.py
[2023-08-28T14:12:45.201+0000] {processor.py:829} INFO - Processing file /opt/airflow/dags/crawl_data.py for tasks to queue
[2023-08-28T14:12:45.215+0000] {logging_mixin.py:151} INFO - [2023-08-28T14:12:45.214+0000] {dagbag.py:539} INFO - Filling up the DagBag from /opt/airflow/dags/crawl_data.py
[2023-08-28T14:12:45.607+0000] {processor.py:839} INFO - DAG(s) dict_keys(['website_crawler']) retrieved from /opt/airflow/dags/crawl_data.py
[2023-08-28T14:12:45.677+0000] {logging_mixin.py:151} INFO - [2023-08-28T14:12:45.676+0000] {dag.py:2907} INFO - Sync 1 DAGs
[2023-08-28T14:12:45.714+0000] {logging_mixin.py:151} INFO - [2023-08-28T14:12:45.713+0000] {dag.py:3677} INFO - Setting next_dagrun for website_crawler to 2023-08-28T00:00:00+00:00, run_after=2023-08-29T00:00:00+00:00
[2023-08-28T14:12:45.753+0000] {processor.py:179} INFO - Processing /opt/airflow/dags/crawl_data.py took 0.639 seconds
[2023-08-28T14:13:16.354+0000] {processor.py:157} INFO - Started process (PID=178) to work on /opt/airflow/dags/crawl_data.py
[2023-08-28T14:13:16.359+0000] {processor.py:829} INFO - Processing file /opt/airflow/dags/crawl_data.py for tasks to queue
[2023-08-28T14:13:16.364+0000] {logging_mixin.py:151} INFO - [2023-08-28T14:13:16.364+0000] {dagbag.py:539} INFO - Filling up the DagBag from /opt/airflow/dags/crawl_data.py
[2023-08-28T14:13:16.539+0000] {processor.py:839} INFO - DAG(s) dict_keys(['website_crawler']) retrieved from /opt/airflow/dags/crawl_data.py
[2023-08-28T14:13:16.697+0000] {logging_mixin.py:151} INFO - [2023-08-28T14:13:16.692+0000] {dag.py:2907} INFO - Sync 1 DAGs
[2023-08-28T14:13:16.867+0000] {logging_mixin.py:151} INFO - [2023-08-28T14:13:16.866+0000] {dag.py:3677} INFO - Setting next_dagrun for website_crawler to 2023-08-28T00:00:00+00:00, run_after=2023-08-29T00:00:00+00:00
[2023-08-28T14:13:16.951+0000] {processor.py:179} INFO - Processing /opt/airflow/dags/crawl_data.py took 0.610 seconds
[2023-08-28T14:13:47.408+0000] {processor.py:157} INFO - Started process (PID=187) to work on /opt/airflow/dags/crawl_data.py
[2023-08-28T14:13:47.413+0000] {processor.py:829} INFO - Processing file /opt/airflow/dags/crawl_data.py for tasks to queue
[2023-08-28T14:13:47.416+0000] {logging_mixin.py:151} INFO - [2023-08-28T14:13:47.416+0000] {dagbag.py:539} INFO - Filling up the DagBag from /opt/airflow/dags/crawl_data.py
[2023-08-28T14:13:47.520+0000] {processor.py:839} INFO - DAG(s) dict_keys(['website_crawler']) retrieved from /opt/airflow/dags/crawl_data.py
[2023-08-28T14:13:47.570+0000] {logging_mixin.py:151} INFO - [2023-08-28T14:13:47.569+0000] {dag.py:2907} INFO - Sync 1 DAGs
[2023-08-28T14:13:47.600+0000] {logging_mixin.py:151} INFO - [2023-08-28T14:13:47.599+0000] {dag.py:3677} INFO - Setting next_dagrun for website_crawler to 2023-08-28T00:00:00+00:00, run_after=2023-08-29T00:00:00+00:00
[2023-08-28T14:13:47.624+0000] {processor.py:179} INFO - Processing /opt/airflow/dags/crawl_data.py took 0.221 seconds
[2023-08-28T14:14:18.202+0000] {processor.py:157} INFO - Started process (PID=196) to work on /opt/airflow/dags/crawl_data.py
[2023-08-28T14:14:18.205+0000] {processor.py:829} INFO - Processing file /opt/airflow/dags/crawl_data.py for tasks to queue
[2023-08-28T14:14:18.210+0000] {logging_mixin.py:151} INFO - [2023-08-28T14:14:18.209+0000] {dagbag.py:539} INFO - Filling up the DagBag from /opt/airflow/dags/crawl_data.py
[2023-08-28T14:14:18.317+0000] {processor.py:839} INFO - DAG(s) dict_keys(['website_crawler']) retrieved from /opt/airflow/dags/crawl_data.py
[2023-08-28T14:14:18.365+0000] {logging_mixin.py:151} INFO - [2023-08-28T14:14:18.365+0000] {dag.py:2907} INFO - Sync 1 DAGs
[2023-08-28T14:14:18.391+0000] {logging_mixin.py:151} INFO - [2023-08-28T14:14:18.390+0000] {dag.py:3677} INFO - Setting next_dagrun for website_crawler to 2023-08-28T00:00:00+00:00, run_after=2023-08-29T00:00:00+00:00
[2023-08-28T14:14:18.411+0000] {processor.py:179} INFO - Processing /opt/airflow/dags/crawl_data.py took 0.215 seconds
[2023-08-28T14:14:48.979+0000] {processor.py:157} INFO - Started process (PID=205) to work on /opt/airflow/dags/crawl_data.py
[2023-08-28T14:14:48.996+0000] {processor.py:829} INFO - Processing file /opt/airflow/dags/crawl_data.py for tasks to queue
[2023-08-28T14:14:49.003+0000] {logging_mixin.py:151} INFO - [2023-08-28T14:14:49.003+0000] {dagbag.py:539} INFO - Filling up the DagBag from /opt/airflow/dags/crawl_data.py
[2023-08-28T14:14:49.167+0000] {processor.py:839} INFO - DAG(s) dict_keys(['website_crawler']) retrieved from /opt/airflow/dags/crawl_data.py
[2023-08-28T14:14:49.225+0000] {logging_mixin.py:151} INFO - [2023-08-28T14:14:49.225+0000] {dag.py:2907} INFO - Sync 1 DAGs
[2023-08-28T14:14:49.271+0000] {logging_mixin.py:151} INFO - [2023-08-28T14:14:49.271+0000] {dag.py:3677} INFO - Setting next_dagrun for website_crawler to 2023-08-28T00:00:00+00:00, run_after=2023-08-29T00:00:00+00:00
[2023-08-28T14:14:49.289+0000] {processor.py:179} INFO - Processing /opt/airflow/dags/crawl_data.py took 0.322 seconds
[2023-08-28T14:15:19.852+0000] {processor.py:157} INFO - Started process (PID=214) to work on /opt/airflow/dags/crawl_data.py
[2023-08-28T14:15:19.857+0000] {processor.py:829} INFO - Processing file /opt/airflow/dags/crawl_data.py for tasks to queue
[2023-08-28T14:15:19.866+0000] {logging_mixin.py:151} INFO - [2023-08-28T14:15:19.865+0000] {dagbag.py:539} INFO - Filling up the DagBag from /opt/airflow/dags/crawl_data.py
[2023-08-28T14:15:21.450+0000] {processor.py:839} INFO - DAG(s) dict_keys(['website_crawler']) retrieved from /opt/airflow/dags/crawl_data.py
[2023-08-28T14:15:21.601+0000] {logging_mixin.py:151} INFO - [2023-08-28T14:15:21.600+0000] {dag.py:2907} INFO - Sync 1 DAGs
[2023-08-28T14:15:21.670+0000] {logging_mixin.py:151} INFO - [2023-08-28T14:15:21.670+0000] {dag.py:3677} INFO - Setting next_dagrun for website_crawler to 2023-08-28T00:00:00+00:00, run_after=2023-08-29T00:00:00+00:00
[2023-08-28T14:15:21.700+0000] {processor.py:179} INFO - Processing /opt/airflow/dags/crawl_data.py took 1.860 seconds
[2023-08-28T14:15:52.474+0000] {processor.py:157} INFO - Started process (PID=223) to work on /opt/airflow/dags/crawl_data.py
[2023-08-28T14:15:52.482+0000] {processor.py:829} INFO - Processing file /opt/airflow/dags/crawl_data.py for tasks to queue
[2023-08-28T14:15:52.489+0000] {logging_mixin.py:151} INFO - [2023-08-28T14:15:52.488+0000] {dagbag.py:539} INFO - Filling up the DagBag from /opt/airflow/dags/crawl_data.py
[2023-08-28T14:15:52.632+0000] {processor.py:839} INFO - DAG(s) dict_keys(['website_crawler']) retrieved from /opt/airflow/dags/crawl_data.py
[2023-08-28T14:15:52.681+0000] {logging_mixin.py:151} INFO - [2023-08-28T14:15:52.680+0000] {dag.py:2907} INFO - Sync 1 DAGs
[2023-08-28T14:15:52.709+0000] {logging_mixin.py:151} INFO - [2023-08-28T14:15:52.709+0000] {dag.py:3677} INFO - Setting next_dagrun for website_crawler to 2023-08-28T00:00:00+00:00, run_after=2023-08-29T00:00:00+00:00
[2023-08-28T14:15:52.727+0000] {processor.py:179} INFO - Processing /opt/airflow/dags/crawl_data.py took 0.264 seconds
[2023-08-28T14:16:23.224+0000] {processor.py:157} INFO - Started process (PID=232) to work on /opt/airflow/dags/crawl_data.py
[2023-08-28T14:16:23.229+0000] {processor.py:829} INFO - Processing file /opt/airflow/dags/crawl_data.py for tasks to queue
[2023-08-28T14:16:23.252+0000] {logging_mixin.py:151} INFO - [2023-08-28T14:16:23.251+0000] {dagbag.py:539} INFO - Filling up the DagBag from /opt/airflow/dags/crawl_data.py
[2023-08-28T14:16:23.420+0000] {processor.py:839} INFO - DAG(s) dict_keys(['website_crawler']) retrieved from /opt/airflow/dags/crawl_data.py
[2023-08-28T14:16:23.505+0000] {logging_mixin.py:151} INFO - [2023-08-28T14:16:23.504+0000] {dag.py:2907} INFO - Sync 1 DAGs
[2023-08-28T14:16:23.544+0000] {logging_mixin.py:151} INFO - [2023-08-28T14:16:23.544+0000] {dag.py:3677} INFO - Setting next_dagrun for website_crawler to 2023-08-28T00:00:00+00:00, run_after=2023-08-29T00:00:00+00:00
[2023-08-28T14:16:23.574+0000] {processor.py:179} INFO - Processing /opt/airflow/dags/crawl_data.py took 0.363 seconds
[2023-08-28T14:16:53.673+0000] {processor.py:157} INFO - Started process (PID=241) to work on /opt/airflow/dags/crawl_data.py
[2023-08-28T14:16:53.676+0000] {processor.py:829} INFO - Processing file /opt/airflow/dags/crawl_data.py for tasks to queue
[2023-08-28T14:16:53.679+0000] {logging_mixin.py:151} INFO - [2023-08-28T14:16:53.678+0000] {dagbag.py:539} INFO - Filling up the DagBag from /opt/airflow/dags/crawl_data.py
[2023-08-28T14:16:53.775+0000] {processor.py:839} INFO - DAG(s) dict_keys(['website_crawler']) retrieved from /opt/airflow/dags/crawl_data.py
[2023-08-28T14:16:53.810+0000] {logging_mixin.py:151} INFO - [2023-08-28T14:16:53.810+0000] {dag.py:2907} INFO - Sync 1 DAGs
[2023-08-28T14:16:53.831+0000] {logging_mixin.py:151} INFO - [2023-08-28T14:16:53.831+0000] {dag.py:3677} INFO - Setting next_dagrun for website_crawler to 2023-08-28T00:00:00+00:00, run_after=2023-08-29T00:00:00+00:00
[2023-08-28T14:16:53.845+0000] {processor.py:179} INFO - Processing /opt/airflow/dags/crawl_data.py took 0.177 seconds
[2023-08-28T14:17:24.188+0000] {processor.py:157} INFO - Started process (PID=250) to work on /opt/airflow/dags/crawl_data.py
[2023-08-28T14:17:24.194+0000] {processor.py:829} INFO - Processing file /opt/airflow/dags/crawl_data.py for tasks to queue
[2023-08-28T14:17:24.200+0000] {logging_mixin.py:151} INFO - [2023-08-28T14:17:24.199+0000] {dagbag.py:539} INFO - Filling up the DagBag from /opt/airflow/dags/crawl_data.py
[2023-08-28T14:17:24.329+0000] {processor.py:839} INFO - DAG(s) dict_keys(['website_crawler']) retrieved from /opt/airflow/dags/crawl_data.py
[2023-08-28T14:17:24.370+0000] {logging_mixin.py:151} INFO - [2023-08-28T14:17:24.369+0000] {dag.py:2907} INFO - Sync 1 DAGs
[2023-08-28T14:17:24.401+0000] {logging_mixin.py:151} INFO - [2023-08-28T14:17:24.401+0000] {dag.py:3677} INFO - Setting next_dagrun for website_crawler to 2023-08-28T00:00:00+00:00, run_after=2023-08-29T00:00:00+00:00
[2023-08-28T14:17:24.422+0000] {processor.py:179} INFO - Processing /opt/airflow/dags/crawl_data.py took 0.241 seconds
[2023-08-28T14:17:54.832+0000] {processor.py:157} INFO - Started process (PID=259) to work on /opt/airflow/dags/crawl_data.py
[2023-08-28T14:17:54.837+0000] {processor.py:829} INFO - Processing file /opt/airflow/dags/crawl_data.py for tasks to queue
[2023-08-28T14:17:54.843+0000] {logging_mixin.py:151} INFO - [2023-08-28T14:17:54.843+0000] {dagbag.py:539} INFO - Filling up the DagBag from /opt/airflow/dags/crawl_data.py
[2023-08-28T14:17:54.974+0000] {processor.py:839} INFO - DAG(s) dict_keys(['website_crawler']) retrieved from /opt/airflow/dags/crawl_data.py
[2023-08-28T14:17:55.021+0000] {logging_mixin.py:151} INFO - [2023-08-28T14:17:55.021+0000] {dag.py:2907} INFO - Sync 1 DAGs
[2023-08-28T14:17:55.049+0000] {logging_mixin.py:151} INFO - [2023-08-28T14:17:55.049+0000] {dag.py:3677} INFO - Setting next_dagrun for website_crawler to 2023-08-28T00:00:00+00:00, run_after=2023-08-29T00:00:00+00:00
[2023-08-28T14:17:55.070+0000] {processor.py:179} INFO - Processing /opt/airflow/dags/crawl_data.py took 0.243 seconds
[2023-08-28T14:18:25.505+0000] {processor.py:157} INFO - Started process (PID=268) to work on /opt/airflow/dags/crawl_data.py
[2023-08-28T14:18:25.510+0000] {processor.py:829} INFO - Processing file /opt/airflow/dags/crawl_data.py for tasks to queue
[2023-08-28T14:18:25.514+0000] {logging_mixin.py:151} INFO - [2023-08-28T14:18:25.514+0000] {dagbag.py:539} INFO - Filling up the DagBag from /opt/airflow/dags/crawl_data.py
[2023-08-28T14:18:25.613+0000] {processor.py:839} INFO - DAG(s) dict_keys(['website_crawler']) retrieved from /opt/airflow/dags/crawl_data.py
[2023-08-28T14:18:25.649+0000] {logging_mixin.py:151} INFO - [2023-08-28T14:18:25.648+0000] {dag.py:2907} INFO - Sync 1 DAGs
[2023-08-28T14:18:25.688+0000] {logging_mixin.py:151} INFO - [2023-08-28T14:18:25.687+0000] {dag.py:3677} INFO - Setting next_dagrun for website_crawler to 2023-08-28T00:00:00+00:00, run_after=2023-08-29T00:00:00+00:00
[2023-08-28T14:18:25.711+0000] {processor.py:179} INFO - Processing /opt/airflow/dags/crawl_data.py took 0.212 seconds
[2023-08-28T14:18:56.172+0000] {processor.py:157} INFO - Started process (PID=277) to work on /opt/airflow/dags/crawl_data.py
[2023-08-28T14:18:56.175+0000] {processor.py:829} INFO - Processing file /opt/airflow/dags/crawl_data.py for tasks to queue
[2023-08-28T14:18:56.181+0000] {logging_mixin.py:151} INFO - [2023-08-28T14:18:56.180+0000] {dagbag.py:539} INFO - Filling up the DagBag from /opt/airflow/dags/crawl_data.py
[2023-08-28T14:18:56.304+0000] {processor.py:839} INFO - DAG(s) dict_keys(['website_crawler']) retrieved from /opt/airflow/dags/crawl_data.py
[2023-08-28T14:18:56.354+0000] {logging_mixin.py:151} INFO - [2023-08-28T14:18:56.354+0000] {dag.py:2907} INFO - Sync 1 DAGs
[2023-08-28T14:18:56.387+0000] {logging_mixin.py:151} INFO - [2023-08-28T14:18:56.387+0000] {dag.py:3677} INFO - Setting next_dagrun for website_crawler to 2023-08-28T00:00:00+00:00, run_after=2023-08-29T00:00:00+00:00
[2023-08-28T14:18:56.421+0000] {processor.py:179} INFO - Processing /opt/airflow/dags/crawl_data.py took 0.254 seconds
[2023-08-28T14:19:26.898+0000] {processor.py:157} INFO - Started process (PID=286) to work on /opt/airflow/dags/crawl_data.py
[2023-08-28T14:19:26.906+0000] {processor.py:829} INFO - Processing file /opt/airflow/dags/crawl_data.py for tasks to queue
[2023-08-28T14:19:26.912+0000] {logging_mixin.py:151} INFO - [2023-08-28T14:19:26.912+0000] {dagbag.py:539} INFO - Filling up the DagBag from /opt/airflow/dags/crawl_data.py
[2023-08-28T14:19:27.021+0000] {processor.py:839} INFO - DAG(s) dict_keys(['website_crawler']) retrieved from /opt/airflow/dags/crawl_data.py
[2023-08-28T14:19:27.070+0000] {logging_mixin.py:151} INFO - [2023-08-28T14:19:27.069+0000] {dag.py:2907} INFO - Sync 1 DAGs
[2023-08-28T14:19:27.104+0000] {logging_mixin.py:151} INFO - [2023-08-28T14:19:27.103+0000] {dag.py:3677} INFO - Setting next_dagrun for website_crawler to 2023-08-28T00:00:00+00:00, run_after=2023-08-29T00:00:00+00:00
[2023-08-28T14:19:27.122+0000] {processor.py:179} INFO - Processing /opt/airflow/dags/crawl_data.py took 0.230 seconds
[2023-08-28T14:19:57.779+0000] {processor.py:157} INFO - Started process (PID=295) to work on /opt/airflow/dags/crawl_data.py
[2023-08-28T14:19:57.789+0000] {processor.py:829} INFO - Processing file /opt/airflow/dags/crawl_data.py for tasks to queue
[2023-08-28T14:19:57.799+0000] {logging_mixin.py:151} INFO - [2023-08-28T14:19:57.798+0000] {dagbag.py:539} INFO - Filling up the DagBag from /opt/airflow/dags/crawl_data.py
[2023-08-28T14:19:57.985+0000] {processor.py:839} INFO - DAG(s) dict_keys(['website_crawler']) retrieved from /opt/airflow/dags/crawl_data.py
[2023-08-28T14:19:58.062+0000] {logging_mixin.py:151} INFO - [2023-08-28T14:19:58.061+0000] {dag.py:2907} INFO - Sync 1 DAGs
[2023-08-28T14:19:58.115+0000] {logging_mixin.py:151} INFO - [2023-08-28T14:19:58.115+0000] {dag.py:3677} INFO - Setting next_dagrun for website_crawler to 2023-08-28T00:00:00+00:00, run_after=2023-08-29T00:00:00+00:00
[2023-08-28T14:19:58.136+0000] {processor.py:179} INFO - Processing /opt/airflow/dags/crawl_data.py took 0.377 seconds
[2023-08-28T14:20:28.445+0000] {processor.py:157} INFO - Started process (PID=304) to work on /opt/airflow/dags/crawl_data.py
[2023-08-28T14:20:28.449+0000] {processor.py:829} INFO - Processing file /opt/airflow/dags/crawl_data.py for tasks to queue
[2023-08-28T14:20:28.453+0000] {logging_mixin.py:151} INFO - [2023-08-28T14:20:28.453+0000] {dagbag.py:539} INFO - Filling up the DagBag from /opt/airflow/dags/crawl_data.py
[2023-08-28T14:20:28.562+0000] {processor.py:839} INFO - DAG(s) dict_keys(['website_crawler']) retrieved from /opt/airflow/dags/crawl_data.py
[2023-08-28T14:20:28.624+0000] {logging_mixin.py:151} INFO - [2023-08-28T14:20:28.623+0000] {dag.py:2907} INFO - Sync 1 DAGs
[2023-08-28T14:20:28.649+0000] {logging_mixin.py:151} INFO - [2023-08-28T14:20:28.649+0000] {dag.py:3677} INFO - Setting next_dagrun for website_crawler to 2023-08-28T00:00:00+00:00, run_after=2023-08-29T00:00:00+00:00
[2023-08-28T14:20:28.668+0000] {processor.py:179} INFO - Processing /opt/airflow/dags/crawl_data.py took 0.228 seconds
[2023-08-28T14:20:58.964+0000] {processor.py:157} INFO - Started process (PID=313) to work on /opt/airflow/dags/crawl_data.py
[2023-08-28T14:20:58.968+0000] {processor.py:829} INFO - Processing file /opt/airflow/dags/crawl_data.py for tasks to queue
[2023-08-28T14:20:58.971+0000] {logging_mixin.py:151} INFO - [2023-08-28T14:20:58.971+0000] {dagbag.py:539} INFO - Filling up the DagBag from /opt/airflow/dags/crawl_data.py
[2023-08-28T14:20:59.092+0000] {processor.py:839} INFO - DAG(s) dict_keys(['website_crawler']) retrieved from /opt/airflow/dags/crawl_data.py
[2023-08-28T14:20:59.140+0000] {logging_mixin.py:151} INFO - [2023-08-28T14:20:59.140+0000] {dag.py:2907} INFO - Sync 1 DAGs
[2023-08-28T14:20:59.165+0000] {logging_mixin.py:151} INFO - [2023-08-28T14:20:59.165+0000] {dag.py:3677} INFO - Setting next_dagrun for website_crawler to 2023-08-28T00:00:00+00:00, run_after=2023-08-29T00:00:00+00:00
[2023-08-28T14:20:59.201+0000] {processor.py:179} INFO - Processing /opt/airflow/dags/crawl_data.py took 0.241 seconds
[2023-08-28T14:21:29.803+0000] {processor.py:157} INFO - Started process (PID=322) to work on /opt/airflow/dags/crawl_data.py
[2023-08-28T14:21:29.808+0000] {processor.py:829} INFO - Processing file /opt/airflow/dags/crawl_data.py for tasks to queue
[2023-08-28T14:21:29.816+0000] {logging_mixin.py:151} INFO - [2023-08-28T14:21:29.815+0000] {dagbag.py:539} INFO - Filling up the DagBag from /opt/airflow/dags/crawl_data.py
[2023-08-28T14:21:29.933+0000] {processor.py:839} INFO - DAG(s) dict_keys(['website_crawler']) retrieved from /opt/airflow/dags/crawl_data.py
[2023-08-28T14:21:29.995+0000] {logging_mixin.py:151} INFO - [2023-08-28T14:21:29.994+0000] {dag.py:2907} INFO - Sync 1 DAGs
[2023-08-28T14:21:30.021+0000] {logging_mixin.py:151} INFO - [2023-08-28T14:21:30.021+0000] {dag.py:3677} INFO - Setting next_dagrun for website_crawler to 2023-08-28T00:00:00+00:00, run_after=2023-08-29T00:00:00+00:00
[2023-08-28T14:21:30.039+0000] {processor.py:179} INFO - Processing /opt/airflow/dags/crawl_data.py took 0.243 seconds
[2023-08-28T14:22:00.442+0000] {processor.py:157} INFO - Started process (PID=331) to work on /opt/airflow/dags/crawl_data.py
[2023-08-28T14:22:00.444+0000] {processor.py:829} INFO - Processing file /opt/airflow/dags/crawl_data.py for tasks to queue
[2023-08-28T14:22:00.448+0000] {logging_mixin.py:151} INFO - [2023-08-28T14:22:00.447+0000] {dagbag.py:539} INFO - Filling up the DagBag from /opt/airflow/dags/crawl_data.py
[2023-08-28T14:22:00.554+0000] {processor.py:839} INFO - DAG(s) dict_keys(['website_crawler']) retrieved from /opt/airflow/dags/crawl_data.py
[2023-08-28T14:22:00.593+0000] {logging_mixin.py:151} INFO - [2023-08-28T14:22:00.593+0000] {dag.py:2907} INFO - Sync 1 DAGs
[2023-08-28T14:22:00.628+0000] {logging_mixin.py:151} INFO - [2023-08-28T14:22:00.628+0000] {dag.py:3677} INFO - Setting next_dagrun for website_crawler to 2023-08-28T00:00:00+00:00, run_after=2023-08-29T00:00:00+00:00
[2023-08-28T14:22:00.666+0000] {processor.py:179} INFO - Processing /opt/airflow/dags/crawl_data.py took 0.230 seconds
[2023-08-28T14:22:30.905+0000] {processor.py:157} INFO - Started process (PID=340) to work on /opt/airflow/dags/crawl_data.py
[2023-08-28T14:22:30.913+0000] {processor.py:829} INFO - Processing file /opt/airflow/dags/crawl_data.py for tasks to queue
[2023-08-28T14:22:30.927+0000] {logging_mixin.py:151} INFO - [2023-08-28T14:22:30.926+0000] {dagbag.py:539} INFO - Filling up the DagBag from /opt/airflow/dags/crawl_data.py
[2023-08-28T14:22:31.502+0000] {processor.py:839} INFO - DAG(s) dict_keys(['website_crawler']) retrieved from /opt/airflow/dags/crawl_data.py
[2023-08-28T14:22:31.616+0000] {logging_mixin.py:151} INFO - [2023-08-28T14:22:31.615+0000] {dag.py:2907} INFO - Sync 1 DAGs
[2023-08-28T14:22:31.678+0000] {logging_mixin.py:151} INFO - [2023-08-28T14:22:31.678+0000] {dag.py:3677} INFO - Setting next_dagrun for website_crawler to 2023-08-28T00:00:00+00:00, run_after=2023-08-29T00:00:00+00:00
[2023-08-28T14:22:31.727+0000] {processor.py:179} INFO - Processing /opt/airflow/dags/crawl_data.py took 0.855 seconds
