[2023-09-02T13:34:57.900+0000] {taskinstance.py:1159} INFO - Dependencies all met for dep_context=non-requeueable deps ti=<TaskInstance: website_crawler.crawl_task manual__2023-09-02T13:34:53.682696+00:00 [queued]>
[2023-09-02T13:34:57.923+0000] {taskinstance.py:1159} INFO - Dependencies all met for dep_context=requeueable deps ti=<TaskInstance: website_crawler.crawl_task manual__2023-09-02T13:34:53.682696+00:00 [queued]>
[2023-09-02T13:34:57.926+0000] {taskinstance.py:1361} INFO - Starting attempt 1 of 4
[2023-09-02T13:34:57.945+0000] {taskinstance.py:1382} INFO - Executing <Task(PythonOperator): crawl_task> on 2023-09-02 13:34:53.682696+00:00
[2023-09-02T13:34:57.969+0000] {standard_task_runner.py:57} INFO - Started process 64 to run task
[2023-09-02T13:34:57.980+0000] {standard_task_runner.py:84} INFO - Running: ['***', 'tasks', 'run', 'website_crawler', 'crawl_task', 'manual__2023-09-02T13:34:53.682696+00:00', '--job-id', '274', '--raw', '--subdir', 'DAGS_FOLDER/crawl_data_using_BeautifulSoup.py', '--cfg-path', '/tmp/tmplgqjwipd']
[2023-09-02T13:34:57.991+0000] {standard_task_runner.py:85} INFO - Job 274: Subtask crawl_task
[2023-09-02T13:34:58.121+0000] {task_command.py:415} INFO - Running <TaskInstance: website_crawler.crawl_task manual__2023-09-02T13:34:53.682696+00:00 [running]> on host 9b7e267dee3b
[2023-09-02T13:34:58.286+0000] {taskinstance.py:1660} INFO - Exporting env vars: AIRFLOW_CTX_DAG_OWNER='***' AIRFLOW_CTX_DAG_ID='website_crawler' AIRFLOW_CTX_TASK_ID='crawl_task' AIRFLOW_CTX_EXECUTION_DATE='2023-09-02T13:34:53.682696+00:00' AIRFLOW_CTX_TRY_NUMBER='1' AIRFLOW_CTX_DAG_RUN_ID='manual__2023-09-02T13:34:53.682696+00:00'
[2023-09-02T13:35:00.749+0000] {crawl_data_using_BeautifulSoup.py:90} INFO - test abc
[2023-09-02T13:35:01.774+0000] {crawl_data_using_BeautifulSoup.py:100} INFO - test bcd
[2023-09-02T13:35:02.289+0000] {crawl_data_using_BeautifulSoup.py:100} INFO - test bcd
[2023-09-02T13:35:02.777+0000] {crawl_data_using_BeautifulSoup.py:100} INFO - test bcd
[2023-09-02T13:35:03.988+0000] {crawl_data_using_BeautifulSoup.py:100} INFO - test bcd
[2023-09-02T13:35:04.599+0000] {crawl_data_using_BeautifulSoup.py:100} INFO - test bcd
[2023-09-02T13:35:05.196+0000] {crawl_data_using_BeautifulSoup.py:100} INFO - test bcd
[2023-09-02T13:35:05.709+0000] {crawl_data_using_BeautifulSoup.py:100} INFO - test bcd
[2023-09-02T13:35:06.194+0000] {crawl_data_using_BeautifulSoup.py:100} INFO - test bcd
[2023-09-02T13:35:06.695+0000] {crawl_data_using_BeautifulSoup.py:100} INFO - test bcd
[2023-09-02T13:35:07.192+0000] {crawl_data_using_BeautifulSoup.py:100} INFO - test bcd
[2023-09-02T13:35:07.831+0000] {crawl_data_using_BeautifulSoup.py:100} INFO - test bcd
[2023-09-02T13:35:08.571+0000] {crawl_data_using_BeautifulSoup.py:100} INFO - test bcd
[2023-09-02T13:35:09.051+0000] {crawl_data_using_BeautifulSoup.py:100} INFO - test bcd
[2023-09-02T13:35:09.520+0000] {crawl_data_using_BeautifulSoup.py:100} INFO - test bcd
[2023-09-02T13:35:09.531+0000] {python.py:194} INFO - Done. Returned value was: None
[2023-09-02T13:35:09.603+0000] {taskinstance.py:1400} INFO - Marking task as SUCCESS. dag_id=website_crawler, task_id=crawl_task, execution_date=20230902T133453, start_date=20230902T133457, end_date=20230902T133509
[2023-09-02T13:35:09.797+0000] {local_task_job_runner.py:228} INFO - Task exited with return code 0
[2023-09-02T13:35:09.835+0000] {taskinstance.py:2784} INFO - 0 downstream tasks scheduled from follow-on schedule check
