[2023-09-01T23:24:13.882+0000] {processor.py:157} INFO - Started process (PID=32) to work on /opt/airflow/dags/example_dag_basic.py
[2023-09-01T23:24:13.886+0000] {processor.py:829} INFO - Processing file /opt/airflow/dags/example_dag_basic.py for tasks to queue
[2023-09-01T23:24:13.897+0000] {logging_mixin.py:151} INFO - [2023-09-01T23:24:13.896+0000] {dagbag.py:539} INFO - Filling up the DagBag from /opt/airflow/dags/example_dag_basic.py
[2023-09-01T23:24:13.941+0000] {processor.py:839} INFO - DAG(s) dict_keys(['example_dag_basic']) retrieved from /opt/airflow/dags/example_dag_basic.py
[2023-09-01T23:24:14.702+0000] {logging_mixin.py:151} INFO - [2023-09-01T23:24:14.701+0000] {dag.py:2907} INFO - Sync 1 DAGs
[2023-09-01T23:24:14.934+0000] {logging_mixin.py:151} INFO - [2023-09-01T23:24:14.934+0000] {dag.py:3677} INFO - Setting next_dagrun for example_dag_basic to 2023-08-31T00:00:00+00:00, run_after=2023-09-01T00:00:00+00:00
[2023-09-01T23:24:14.989+0000] {processor.py:179} INFO - Processing /opt/airflow/dags/example_dag_basic.py took 1.133 seconds
[2023-09-01T23:24:45.313+0000] {processor.py:157} INFO - Started process (PID=45) to work on /opt/airflow/dags/example_dag_basic.py
[2023-09-01T23:24:45.316+0000] {processor.py:829} INFO - Processing file /opt/airflow/dags/example_dag_basic.py for tasks to queue
[2023-09-01T23:24:45.322+0000] {logging_mixin.py:151} INFO - [2023-09-01T23:24:45.321+0000] {dagbag.py:539} INFO - Filling up the DagBag from /opt/airflow/dags/example_dag_basic.py
[2023-09-01T23:24:45.360+0000] {processor.py:839} INFO - DAG(s) dict_keys(['example_dag_basic']) retrieved from /opt/airflow/dags/example_dag_basic.py
[2023-09-01T23:24:45.772+0000] {logging_mixin.py:151} INFO - [2023-09-01T23:24:45.772+0000] {dag.py:2907} INFO - Sync 1 DAGs
[2023-09-01T23:24:45.794+0000] {logging_mixin.py:151} INFO - [2023-09-01T23:24:45.794+0000] {dag.py:3677} INFO - Setting next_dagrun for example_dag_basic to 2023-09-01T00:00:00+00:00, run_after=2023-09-02T00:00:00+00:00
[2023-09-01T23:24:45.812+0000] {processor.py:179} INFO - Processing /opt/airflow/dags/example_dag_basic.py took 0.504 seconds
[2023-09-01T23:25:15.920+0000] {processor.py:157} INFO - Started process (PID=54) to work on /opt/airflow/dags/example_dag_basic.py
[2023-09-01T23:25:15.924+0000] {processor.py:829} INFO - Processing file /opt/airflow/dags/example_dag_basic.py for tasks to queue
[2023-09-01T23:25:15.931+0000] {logging_mixin.py:151} INFO - [2023-09-01T23:25:15.930+0000] {dagbag.py:539} INFO - Filling up the DagBag from /opt/airflow/dags/example_dag_basic.py
[2023-09-01T23:25:15.992+0000] {processor.py:839} INFO - DAG(s) dict_keys(['example_dag_basic']) retrieved from /opt/airflow/dags/example_dag_basic.py
[2023-09-01T23:25:16.067+0000] {logging_mixin.py:151} INFO - [2023-09-01T23:25:16.066+0000] {dag.py:2907} INFO - Sync 1 DAGs
[2023-09-01T23:25:16.111+0000] {logging_mixin.py:151} INFO - [2023-09-01T23:25:16.110+0000] {dag.py:3677} INFO - Setting next_dagrun for example_dag_basic to 2023-09-01T00:00:00+00:00, run_after=2023-09-02T00:00:00+00:00
[2023-09-01T23:25:16.149+0000] {processor.py:179} INFO - Processing /opt/airflow/dags/example_dag_basic.py took 0.238 seconds
[2023-09-01T23:25:46.951+0000] {processor.py:157} INFO - Started process (PID=63) to work on /opt/airflow/dags/example_dag_basic.py
[2023-09-01T23:25:46.982+0000] {processor.py:829} INFO - Processing file /opt/airflow/dags/example_dag_basic.py for tasks to queue
[2023-09-01T23:25:46.998+0000] {logging_mixin.py:151} INFO - [2023-09-01T23:25:46.997+0000] {dagbag.py:539} INFO - Filling up the DagBag from /opt/airflow/dags/example_dag_basic.py
[2023-09-01T23:25:47.040+0000] {processor.py:839} INFO - DAG(s) dict_keys(['example_dag_basic']) retrieved from /opt/airflow/dags/example_dag_basic.py
[2023-09-01T23:25:47.120+0000] {logging_mixin.py:151} INFO - [2023-09-01T23:25:47.120+0000] {dag.py:2907} INFO - Sync 1 DAGs
[2023-09-01T23:25:47.163+0000] {logging_mixin.py:151} INFO - [2023-09-01T23:25:47.163+0000] {dag.py:3677} INFO - Setting next_dagrun for example_dag_basic to 2023-09-01T00:00:00+00:00, run_after=2023-09-02T00:00:00+00:00
[2023-09-01T23:25:47.188+0000] {processor.py:179} INFO - Processing /opt/airflow/dags/example_dag_basic.py took 0.250 seconds
[2023-09-01T23:26:17.672+0000] {processor.py:157} INFO - Started process (PID=73) to work on /opt/airflow/dags/example_dag_basic.py
[2023-09-01T23:26:17.674+0000] {processor.py:829} INFO - Processing file /opt/airflow/dags/example_dag_basic.py for tasks to queue
[2023-09-01T23:26:17.677+0000] {logging_mixin.py:151} INFO - [2023-09-01T23:26:17.677+0000] {dagbag.py:539} INFO - Filling up the DagBag from /opt/airflow/dags/example_dag_basic.py
[2023-09-01T23:26:17.695+0000] {processor.py:839} INFO - DAG(s) dict_keys(['example_dag_basic']) retrieved from /opt/airflow/dags/example_dag_basic.py
[2023-09-01T23:26:17.737+0000] {logging_mixin.py:151} INFO - [2023-09-01T23:26:17.737+0000] {dag.py:2907} INFO - Sync 1 DAGs
[2023-09-01T23:26:17.760+0000] {logging_mixin.py:151} INFO - [2023-09-01T23:26:17.759+0000] {dag.py:3677} INFO - Setting next_dagrun for example_dag_basic to 2023-09-01T00:00:00+00:00, run_after=2023-09-02T00:00:00+00:00
[2023-09-01T23:26:17.775+0000] {processor.py:179} INFO - Processing /opt/airflow/dags/example_dag_basic.py took 0.107 seconds
[2023-09-01T23:26:48.131+0000] {processor.py:157} INFO - Started process (PID=82) to work on /opt/airflow/dags/example_dag_basic.py
[2023-09-01T23:26:48.155+0000] {processor.py:829} INFO - Processing file /opt/airflow/dags/example_dag_basic.py for tasks to queue
[2023-09-01T23:26:48.165+0000] {logging_mixin.py:151} INFO - [2023-09-01T23:26:48.164+0000] {dagbag.py:539} INFO - Filling up the DagBag from /opt/airflow/dags/example_dag_basic.py
[2023-09-01T23:26:48.205+0000] {processor.py:839} INFO - DAG(s) dict_keys(['example_dag_basic']) retrieved from /opt/airflow/dags/example_dag_basic.py
[2023-09-01T23:26:48.274+0000] {logging_mixin.py:151} INFO - [2023-09-01T23:26:48.274+0000] {dag.py:2907} INFO - Sync 1 DAGs
[2023-09-01T23:26:48.303+0000] {logging_mixin.py:151} INFO - [2023-09-01T23:26:48.303+0000] {dag.py:3677} INFO - Setting next_dagrun for example_dag_basic to 2023-09-01T00:00:00+00:00, run_after=2023-09-02T00:00:00+00:00
[2023-09-01T23:26:48.321+0000] {processor.py:179} INFO - Processing /opt/airflow/dags/example_dag_basic.py took 0.203 seconds
[2023-09-01T23:27:18.730+0000] {processor.py:157} INFO - Started process (PID=91) to work on /opt/airflow/dags/example_dag_basic.py
[2023-09-01T23:27:18.734+0000] {processor.py:829} INFO - Processing file /opt/airflow/dags/example_dag_basic.py for tasks to queue
[2023-09-01T23:27:18.742+0000] {logging_mixin.py:151} INFO - [2023-09-01T23:27:18.741+0000] {dagbag.py:539} INFO - Filling up the DagBag from /opt/airflow/dags/example_dag_basic.py
[2023-09-01T23:27:18.773+0000] {processor.py:839} INFO - DAG(s) dict_keys(['example_dag_basic']) retrieved from /opt/airflow/dags/example_dag_basic.py
[2023-09-01T23:27:18.833+0000] {logging_mixin.py:151} INFO - [2023-09-01T23:27:18.832+0000] {dag.py:2907} INFO - Sync 1 DAGs
[2023-09-01T23:27:18.862+0000] {logging_mixin.py:151} INFO - [2023-09-01T23:27:18.862+0000] {dag.py:3677} INFO - Setting next_dagrun for example_dag_basic to 2023-09-01T00:00:00+00:00, run_after=2023-09-02T00:00:00+00:00
[2023-09-01T23:27:18.881+0000] {processor.py:179} INFO - Processing /opt/airflow/dags/example_dag_basic.py took 0.160 seconds
[2023-09-01T23:27:49.239+0000] {processor.py:157} INFO - Started process (PID=100) to work on /opt/airflow/dags/example_dag_basic.py
[2023-09-01T23:27:49.242+0000] {processor.py:829} INFO - Processing file /opt/airflow/dags/example_dag_basic.py for tasks to queue
[2023-09-01T23:27:49.246+0000] {logging_mixin.py:151} INFO - [2023-09-01T23:27:49.245+0000] {dagbag.py:539} INFO - Filling up the DagBag from /opt/airflow/dags/example_dag_basic.py
[2023-09-01T23:27:49.267+0000] {processor.py:839} INFO - DAG(s) dict_keys(['example_dag_basic']) retrieved from /opt/airflow/dags/example_dag_basic.py
[2023-09-01T23:27:49.305+0000] {logging_mixin.py:151} INFO - [2023-09-01T23:27:49.305+0000] {dag.py:2907} INFO - Sync 1 DAGs
[2023-09-01T23:27:49.330+0000] {logging_mixin.py:151} INFO - [2023-09-01T23:27:49.329+0000] {dag.py:3677} INFO - Setting next_dagrun for example_dag_basic to 2023-09-01T00:00:00+00:00, run_after=2023-09-02T00:00:00+00:00
[2023-09-01T23:27:49.346+0000] {processor.py:179} INFO - Processing /opt/airflow/dags/example_dag_basic.py took 0.111 seconds
[2023-09-01T23:28:19.706+0000] {processor.py:157} INFO - Started process (PID=109) to work on /opt/airflow/dags/example_dag_basic.py
[2023-09-01T23:28:19.711+0000] {processor.py:829} INFO - Processing file /opt/airflow/dags/example_dag_basic.py for tasks to queue
[2023-09-01T23:28:19.717+0000] {logging_mixin.py:151} INFO - [2023-09-01T23:28:19.716+0000] {dagbag.py:539} INFO - Filling up the DagBag from /opt/airflow/dags/example_dag_basic.py
[2023-09-01T23:28:19.740+0000] {processor.py:839} INFO - DAG(s) dict_keys(['example_dag_basic']) retrieved from /opt/airflow/dags/example_dag_basic.py
[2023-09-01T23:28:19.789+0000] {logging_mixin.py:151} INFO - [2023-09-01T23:28:19.788+0000] {dag.py:2907} INFO - Sync 1 DAGs
[2023-09-01T23:28:19.818+0000] {logging_mixin.py:151} INFO - [2023-09-01T23:28:19.817+0000] {dag.py:3677} INFO - Setting next_dagrun for example_dag_basic to 2023-09-01T00:00:00+00:00, run_after=2023-09-02T00:00:00+00:00
[2023-09-01T23:28:19.836+0000] {processor.py:179} INFO - Processing /opt/airflow/dags/example_dag_basic.py took 0.139 seconds
[2023-09-01T23:28:50.213+0000] {processor.py:157} INFO - Started process (PID=118) to work on /opt/airflow/dags/example_dag_basic.py
[2023-09-01T23:28:50.217+0000] {processor.py:829} INFO - Processing file /opt/airflow/dags/example_dag_basic.py for tasks to queue
[2023-09-01T23:28:50.225+0000] {logging_mixin.py:151} INFO - [2023-09-01T23:28:50.224+0000] {dagbag.py:539} INFO - Filling up the DagBag from /opt/airflow/dags/example_dag_basic.py
[2023-09-01T23:28:50.269+0000] {processor.py:839} INFO - DAG(s) dict_keys(['example_dag_basic']) retrieved from /opt/airflow/dags/example_dag_basic.py
[2023-09-01T23:28:50.340+0000] {logging_mixin.py:151} INFO - [2023-09-01T23:28:50.340+0000] {dag.py:2907} INFO - Sync 1 DAGs
[2023-09-01T23:28:50.375+0000] {logging_mixin.py:151} INFO - [2023-09-01T23:28:50.375+0000] {dag.py:3677} INFO - Setting next_dagrun for example_dag_basic to 2023-09-01T00:00:00+00:00, run_after=2023-09-02T00:00:00+00:00
[2023-09-01T23:28:50.396+0000] {processor.py:179} INFO - Processing /opt/airflow/dags/example_dag_basic.py took 0.192 seconds
[2023-09-01T23:29:20.869+0000] {processor.py:157} INFO - Started process (PID=127) to work on /opt/airflow/dags/example_dag_basic.py
[2023-09-01T23:29:20.872+0000] {processor.py:829} INFO - Processing file /opt/airflow/dags/example_dag_basic.py for tasks to queue
[2023-09-01T23:29:20.876+0000] {logging_mixin.py:151} INFO - [2023-09-01T23:29:20.876+0000] {dagbag.py:539} INFO - Filling up the DagBag from /opt/airflow/dags/example_dag_basic.py
[2023-09-01T23:29:20.895+0000] {processor.py:839} INFO - DAG(s) dict_keys(['example_dag_basic']) retrieved from /opt/airflow/dags/example_dag_basic.py
[2023-09-01T23:29:20.938+0000] {logging_mixin.py:151} INFO - [2023-09-01T23:29:20.938+0000] {dag.py:2907} INFO - Sync 1 DAGs
[2023-09-01T23:29:20.964+0000] {logging_mixin.py:151} INFO - [2023-09-01T23:29:20.964+0000] {dag.py:3677} INFO - Setting next_dagrun for example_dag_basic to 2023-09-01T00:00:00+00:00, run_after=2023-09-02T00:00:00+00:00
[2023-09-01T23:29:20.980+0000] {processor.py:179} INFO - Processing /opt/airflow/dags/example_dag_basic.py took 0.116 seconds
[2023-09-01T23:31:57.936+0000] {processor.py:157} INFO - Started process (PID=31) to work on /opt/airflow/dags/example_dag_basic.py
[2023-09-01T23:31:57.948+0000] {processor.py:829} INFO - Processing file /opt/airflow/dags/example_dag_basic.py for tasks to queue
[2023-09-01T23:31:57.976+0000] {logging_mixin.py:151} INFO - [2023-09-01T23:31:57.973+0000] {dagbag.py:539} INFO - Filling up the DagBag from /opt/airflow/dags/example_dag_basic.py
[2023-09-01T23:31:58.034+0000] {processor.py:839} INFO - DAG(s) dict_keys(['example_dag_basic']) retrieved from /opt/airflow/dags/example_dag_basic.py
[2023-09-01T23:31:58.626+0000] {logging_mixin.py:151} INFO - [2023-09-01T23:31:58.625+0000] {dag.py:2907} INFO - Sync 1 DAGs
[2023-09-01T23:31:58.681+0000] {logging_mixin.py:151} INFO - [2023-09-01T23:31:58.681+0000] {dag.py:3677} INFO - Setting next_dagrun for example_dag_basic to 2023-09-01T00:00:00+00:00, run_after=2023-09-02T00:00:00+00:00
[2023-09-01T23:31:58.718+0000] {processor.py:179} INFO - Processing /opt/airflow/dags/example_dag_basic.py took 0.789 seconds
[2023-09-01T23:32:29.198+0000] {processor.py:157} INFO - Started process (PID=40) to work on /opt/airflow/dags/example_dag_basic.py
[2023-09-01T23:32:29.205+0000] {processor.py:829} INFO - Processing file /opt/airflow/dags/example_dag_basic.py for tasks to queue
[2023-09-01T23:32:29.213+0000] {logging_mixin.py:151} INFO - [2023-09-01T23:32:29.212+0000] {dagbag.py:539} INFO - Filling up the DagBag from /opt/airflow/dags/example_dag_basic.py
[2023-09-01T23:32:29.248+0000] {processor.py:839} INFO - DAG(s) dict_keys(['example_dag_basic']) retrieved from /opt/airflow/dags/example_dag_basic.py
[2023-09-01T23:32:29.317+0000] {logging_mixin.py:151} INFO - [2023-09-01T23:32:29.317+0000] {dag.py:2907} INFO - Sync 1 DAGs
[2023-09-01T23:32:29.357+0000] {logging_mixin.py:151} INFO - [2023-09-01T23:32:29.356+0000] {dag.py:3677} INFO - Setting next_dagrun for example_dag_basic to 2023-09-01T00:00:00+00:00, run_after=2023-09-02T00:00:00+00:00
[2023-09-01T23:32:29.382+0000] {processor.py:179} INFO - Processing /opt/airflow/dags/example_dag_basic.py took 0.190 seconds
[2023-09-01T23:33:00.232+0000] {processor.py:157} INFO - Started process (PID=49) to work on /opt/airflow/dags/example_dag_basic.py
[2023-09-01T23:33:00.240+0000] {processor.py:829} INFO - Processing file /opt/airflow/dags/example_dag_basic.py for tasks to queue
[2023-09-01T23:33:00.270+0000] {logging_mixin.py:151} INFO - [2023-09-01T23:33:00.267+0000] {dagbag.py:539} INFO - Filling up the DagBag from /opt/airflow/dags/example_dag_basic.py
[2023-09-01T23:33:00.357+0000] {processor.py:839} INFO - DAG(s) dict_keys(['example_dag_basic']) retrieved from /opt/airflow/dags/example_dag_basic.py
[2023-09-01T23:33:00.461+0000] {logging_mixin.py:151} INFO - [2023-09-01T23:33:00.461+0000] {dag.py:2907} INFO - Sync 1 DAGs
[2023-09-01T23:33:00.527+0000] {logging_mixin.py:151} INFO - [2023-09-01T23:33:00.527+0000] {dag.py:3677} INFO - Setting next_dagrun for example_dag_basic to 2023-09-01T00:00:00+00:00, run_after=2023-09-02T00:00:00+00:00
[2023-09-01T23:33:00.814+0000] {processor.py:179} INFO - Processing /opt/airflow/dags/example_dag_basic.py took 0.596 seconds
[2023-09-01T23:33:31.725+0000] {processor.py:157} INFO - Started process (PID=58) to work on /opt/airflow/dags/example_dag_basic.py
[2023-09-01T23:33:31.728+0000] {processor.py:829} INFO - Processing file /opt/airflow/dags/example_dag_basic.py for tasks to queue
[2023-09-01T23:33:31.734+0000] {logging_mixin.py:151} INFO - [2023-09-01T23:33:31.734+0000] {dagbag.py:539} INFO - Filling up the DagBag from /opt/airflow/dags/example_dag_basic.py
[2023-09-01T23:33:31.797+0000] {processor.py:839} INFO - DAG(s) dict_keys(['example_dag_basic']) retrieved from /opt/airflow/dags/example_dag_basic.py
[2023-09-01T23:33:31.891+0000] {logging_mixin.py:151} INFO - [2023-09-01T23:33:31.891+0000] {dag.py:2907} INFO - Sync 1 DAGs
[2023-09-01T23:33:32.334+0000] {logging_mixin.py:151} INFO - [2023-09-01T23:33:32.334+0000] {dag.py:3677} INFO - Setting next_dagrun for example_dag_basic to 2023-09-01T00:00:00+00:00, run_after=2023-09-02T00:00:00+00:00
[2023-09-01T23:33:32.354+0000] {processor.py:179} INFO - Processing /opt/airflow/dags/example_dag_basic.py took 0.634 seconds
[2023-09-01T23:34:02.861+0000] {processor.py:157} INFO - Started process (PID=66) to work on /opt/airflow/dags/example_dag_basic.py
[2023-09-01T23:34:02.870+0000] {processor.py:829} INFO - Processing file /opt/airflow/dags/example_dag_basic.py for tasks to queue
[2023-09-01T23:34:02.882+0000] {logging_mixin.py:151} INFO - [2023-09-01T23:34:02.881+0000] {dagbag.py:539} INFO - Filling up the DagBag from /opt/airflow/dags/example_dag_basic.py
[2023-09-01T23:34:02.923+0000] {processor.py:839} INFO - DAG(s) dict_keys(['example_dag_basic']) retrieved from /opt/airflow/dags/example_dag_basic.py
[2023-09-01T23:34:03.013+0000] {logging_mixin.py:151} INFO - [2023-09-01T23:34:03.013+0000] {dag.py:2907} INFO - Sync 1 DAGs
[2023-09-01T23:34:03.276+0000] {logging_mixin.py:151} INFO - [2023-09-01T23:34:03.276+0000] {dag.py:3677} INFO - Setting next_dagrun for example_dag_basic to 2023-09-01T00:00:00+00:00, run_after=2023-09-02T00:00:00+00:00
[2023-09-01T23:34:03.295+0000] {processor.py:179} INFO - Processing /opt/airflow/dags/example_dag_basic.py took 0.447 seconds
[2023-09-01T23:34:33.740+0000] {processor.py:157} INFO - Started process (PID=75) to work on /opt/airflow/dags/example_dag_basic.py
[2023-09-01T23:34:33.743+0000] {processor.py:829} INFO - Processing file /opt/airflow/dags/example_dag_basic.py for tasks to queue
[2023-09-01T23:34:33.751+0000] {logging_mixin.py:151} INFO - [2023-09-01T23:34:33.750+0000] {dagbag.py:539} INFO - Filling up the DagBag from /opt/airflow/dags/example_dag_basic.py
[2023-09-01T23:34:33.774+0000] {processor.py:839} INFO - DAG(s) dict_keys(['example_dag_basic']) retrieved from /opt/airflow/dags/example_dag_basic.py
[2023-09-01T23:34:34.007+0000] {logging_mixin.py:151} INFO - [2023-09-01T23:34:34.007+0000] {dag.py:2907} INFO - Sync 1 DAGs
[2023-09-01T23:34:34.028+0000] {logging_mixin.py:151} INFO - [2023-09-01T23:34:34.028+0000] {dag.py:3677} INFO - Setting next_dagrun for example_dag_basic to 2023-09-01T00:00:00+00:00, run_after=2023-09-02T00:00:00+00:00
[2023-09-01T23:34:34.043+0000] {processor.py:179} INFO - Processing /opt/airflow/dags/example_dag_basic.py took 0.308 seconds
[2023-09-01T23:35:04.471+0000] {processor.py:157} INFO - Started process (PID=84) to work on /opt/airflow/dags/example_dag_basic.py
[2023-09-01T23:35:04.474+0000] {processor.py:829} INFO - Processing file /opt/airflow/dags/example_dag_basic.py for tasks to queue
[2023-09-01T23:35:04.698+0000] {logging_mixin.py:151} INFO - [2023-09-01T23:35:04.698+0000] {dagbag.py:539} INFO - Filling up the DagBag from /opt/airflow/dags/example_dag_basic.py
[2023-09-01T23:35:04.716+0000] {processor.py:839} INFO - DAG(s) dict_keys(['example_dag_basic']) retrieved from /opt/airflow/dags/example_dag_basic.py
[2023-09-01T23:35:04.746+0000] {logging_mixin.py:151} INFO - [2023-09-01T23:35:04.746+0000] {dag.py:2907} INFO - Sync 1 DAGs
[2023-09-01T23:35:04.767+0000] {logging_mixin.py:151} INFO - [2023-09-01T23:35:04.767+0000] {dag.py:3677} INFO - Setting next_dagrun for example_dag_basic to 2023-09-01T00:00:00+00:00, run_after=2023-09-02T00:00:00+00:00
[2023-09-01T23:35:04.783+0000] {processor.py:179} INFO - Processing /opt/airflow/dags/example_dag_basic.py took 0.318 seconds
[2023-09-01T23:35:34.974+0000] {processor.py:157} INFO - Started process (PID=93) to work on /opt/airflow/dags/example_dag_basic.py
[2023-09-01T23:35:34.978+0000] {processor.py:829} INFO - Processing file /opt/airflow/dags/example_dag_basic.py for tasks to queue
[2023-09-01T23:35:34.984+0000] {logging_mixin.py:151} INFO - [2023-09-01T23:35:34.983+0000] {dagbag.py:539} INFO - Filling up the DagBag from /opt/airflow/dags/example_dag_basic.py
[2023-09-01T23:35:35.015+0000] {processor.py:839} INFO - DAG(s) dict_keys(['example_dag_basic']) retrieved from /opt/airflow/dags/example_dag_basic.py
[2023-09-01T23:35:35.061+0000] {logging_mixin.py:151} INFO - [2023-09-01T23:35:35.061+0000] {dag.py:2907} INFO - Sync 1 DAGs
[2023-09-01T23:35:35.091+0000] {logging_mixin.py:151} INFO - [2023-09-01T23:35:35.091+0000] {dag.py:3677} INFO - Setting next_dagrun for example_dag_basic to 2023-09-01T00:00:00+00:00, run_after=2023-09-02T00:00:00+00:00
[2023-09-01T23:35:35.115+0000] {processor.py:179} INFO - Processing /opt/airflow/dags/example_dag_basic.py took 0.151 seconds
[2023-09-01T23:36:05.565+0000] {processor.py:157} INFO - Started process (PID=102) to work on /opt/airflow/dags/example_dag_basic.py
[2023-09-01T23:36:05.570+0000] {processor.py:829} INFO - Processing file /opt/airflow/dags/example_dag_basic.py for tasks to queue
[2023-09-01T23:36:05.579+0000] {logging_mixin.py:151} INFO - [2023-09-01T23:36:05.578+0000] {dagbag.py:539} INFO - Filling up the DagBag from /opt/airflow/dags/example_dag_basic.py
[2023-09-01T23:36:05.610+0000] {processor.py:839} INFO - DAG(s) dict_keys(['example_dag_basic']) retrieved from /opt/airflow/dags/example_dag_basic.py
[2023-09-01T23:36:05.671+0000] {logging_mixin.py:151} INFO - [2023-09-01T23:36:05.671+0000] {dag.py:2907} INFO - Sync 1 DAGs
[2023-09-01T23:36:05.707+0000] {logging_mixin.py:151} INFO - [2023-09-01T23:36:05.706+0000] {dag.py:3677} INFO - Setting next_dagrun for example_dag_basic to 2023-09-01T00:00:00+00:00, run_after=2023-09-02T00:00:00+00:00
[2023-09-01T23:36:05.731+0000] {processor.py:179} INFO - Processing /opt/airflow/dags/example_dag_basic.py took 0.173 seconds
[2023-09-01T23:36:36.261+0000] {processor.py:157} INFO - Started process (PID=111) to work on /opt/airflow/dags/example_dag_basic.py
[2023-09-01T23:36:36.265+0000] {processor.py:829} INFO - Processing file /opt/airflow/dags/example_dag_basic.py for tasks to queue
[2023-09-01T23:36:36.273+0000] {logging_mixin.py:151} INFO - [2023-09-01T23:36:36.272+0000] {dagbag.py:539} INFO - Filling up the DagBag from /opt/airflow/dags/example_dag_basic.py
[2023-09-01T23:36:36.309+0000] {processor.py:839} INFO - DAG(s) dict_keys(['example_dag_basic']) retrieved from /opt/airflow/dags/example_dag_basic.py
[2023-09-01T23:36:36.390+0000] {logging_mixin.py:151} INFO - [2023-09-01T23:36:36.390+0000] {dag.py:2907} INFO - Sync 1 DAGs
[2023-09-01T23:36:36.424+0000] {logging_mixin.py:151} INFO - [2023-09-01T23:36:36.423+0000] {dag.py:3677} INFO - Setting next_dagrun for example_dag_basic to 2023-09-01T00:00:00+00:00, run_after=2023-09-02T00:00:00+00:00
[2023-09-01T23:36:36.445+0000] {processor.py:179} INFO - Processing /opt/airflow/dags/example_dag_basic.py took 0.194 seconds
[2023-09-01T23:38:22.545+0000] {processor.py:157} INFO - Started process (PID=30) to work on /opt/airflow/dags/example_dag_basic.py
[2023-09-01T23:38:22.557+0000] {processor.py:829} INFO - Processing file /opt/airflow/dags/example_dag_basic.py for tasks to queue
[2023-09-01T23:38:22.563+0000] {logging_mixin.py:151} INFO - [2023-09-01T23:38:22.563+0000] {dagbag.py:539} INFO - Filling up the DagBag from /opt/airflow/dags/example_dag_basic.py
[2023-09-01T23:38:22.610+0000] {processor.py:839} INFO - DAG(s) dict_keys(['example_dag_basic']) retrieved from /opt/airflow/dags/example_dag_basic.py
[2023-09-01T23:38:23.183+0000] {logging_mixin.py:151} INFO - [2023-09-01T23:38:23.182+0000] {dag.py:2907} INFO - Sync 1 DAGs
[2023-09-01T23:38:23.253+0000] {logging_mixin.py:151} INFO - [2023-09-01T23:38:23.253+0000] {dag.py:3677} INFO - Setting next_dagrun for example_dag_basic to 2023-09-01T00:00:00+00:00, run_after=2023-09-02T00:00:00+00:00
[2023-09-01T23:38:23.309+0000] {processor.py:179} INFO - Processing /opt/airflow/dags/example_dag_basic.py took 0.773 seconds
[2023-09-01T23:38:54.003+0000] {processor.py:157} INFO - Started process (PID=39) to work on /opt/airflow/dags/example_dag_basic.py
[2023-09-01T23:38:54.007+0000] {processor.py:829} INFO - Processing file /opt/airflow/dags/example_dag_basic.py for tasks to queue
[2023-09-01T23:38:54.021+0000] {logging_mixin.py:151} INFO - [2023-09-01T23:38:54.016+0000] {dagbag.py:539} INFO - Filling up the DagBag from /opt/airflow/dags/example_dag_basic.py
[2023-09-01T23:38:54.096+0000] {processor.py:839} INFO - DAG(s) dict_keys(['example_dag_basic']) retrieved from /opt/airflow/dags/example_dag_basic.py
[2023-09-01T23:38:54.188+0000] {logging_mixin.py:151} INFO - [2023-09-01T23:38:54.188+0000] {dag.py:2907} INFO - Sync 1 DAGs
[2023-09-01T23:38:54.280+0000] {logging_mixin.py:151} INFO - [2023-09-01T23:38:54.279+0000] {dag.py:3677} INFO - Setting next_dagrun for example_dag_basic to 2023-09-01T00:00:00+00:00, run_after=2023-09-02T00:00:00+00:00
[2023-09-01T23:38:54.329+0000] {processor.py:179} INFO - Processing /opt/airflow/dags/example_dag_basic.py took 0.333 seconds
[2023-09-01T23:39:24.673+0000] {processor.py:157} INFO - Started process (PID=48) to work on /opt/airflow/dags/example_dag_basic.py
[2023-09-01T23:39:24.679+0000] {processor.py:829} INFO - Processing file /opt/airflow/dags/example_dag_basic.py for tasks to queue
[2023-09-01T23:39:24.685+0000] {logging_mixin.py:151} INFO - [2023-09-01T23:39:24.685+0000] {dagbag.py:539} INFO - Filling up the DagBag from /opt/airflow/dags/example_dag_basic.py
[2023-09-01T23:39:24.737+0000] {processor.py:839} INFO - DAG(s) dict_keys(['example_dag_basic']) retrieved from /opt/airflow/dags/example_dag_basic.py
[2023-09-01T23:39:24.805+0000] {logging_mixin.py:151} INFO - [2023-09-01T23:39:24.804+0000] {dag.py:2907} INFO - Sync 1 DAGs
[2023-09-01T23:39:24.852+0000] {logging_mixin.py:151} INFO - [2023-09-01T23:39:24.851+0000] {dag.py:3677} INFO - Setting next_dagrun for example_dag_basic to 2023-09-01T00:00:00+00:00, run_after=2023-09-02T00:00:00+00:00
[2023-09-01T23:39:25.238+0000] {processor.py:179} INFO - Processing /opt/airflow/dags/example_dag_basic.py took 0.577 seconds
[2023-09-01T23:47:53.033+0000] {processor.py:157} INFO - Started process (PID=31) to work on /opt/airflow/dags/example_dag_basic.py
[2023-09-01T23:47:53.042+0000] {processor.py:829} INFO - Processing file /opt/airflow/dags/example_dag_basic.py for tasks to queue
[2023-09-01T23:47:53.054+0000] {logging_mixin.py:151} INFO - [2023-09-01T23:47:53.053+0000] {dagbag.py:539} INFO - Filling up the DagBag from /opt/airflow/dags/example_dag_basic.py
[2023-09-01T23:47:53.148+0000] {processor.py:839} INFO - DAG(s) dict_keys(['example_dag_basic']) retrieved from /opt/airflow/dags/example_dag_basic.py
[2023-09-01T23:47:54.358+0000] {logging_mixin.py:151} INFO - [2023-09-01T23:47:54.357+0000] {dag.py:2907} INFO - Sync 1 DAGs
[2023-09-01T23:47:54.398+0000] {logging_mixin.py:151} INFO - [2023-09-01T23:47:54.397+0000] {dag.py:3677} INFO - Setting next_dagrun for example_dag_basic to 2023-09-01T00:00:00+00:00, run_after=2023-09-02T00:00:00+00:00
[2023-09-01T23:47:54.468+0000] {processor.py:179} INFO - Processing /opt/airflow/dags/example_dag_basic.py took 1.470 seconds
[2023-09-01T23:48:25.334+0000] {processor.py:157} INFO - Started process (PID=40) to work on /opt/airflow/dags/example_dag_basic.py
[2023-09-01T23:48:25.337+0000] {processor.py:829} INFO - Processing file /opt/airflow/dags/example_dag_basic.py for tasks to queue
[2023-09-01T23:48:25.342+0000] {logging_mixin.py:151} INFO - [2023-09-01T23:48:25.341+0000] {dagbag.py:539} INFO - Filling up the DagBag from /opt/airflow/dags/example_dag_basic.py
[2023-09-01T23:48:25.397+0000] {processor.py:839} INFO - DAG(s) dict_keys(['example_dag_basic']) retrieved from /opt/airflow/dags/example_dag_basic.py
[2023-09-01T23:48:25.464+0000] {logging_mixin.py:151} INFO - [2023-09-01T23:48:25.464+0000] {dag.py:2907} INFO - Sync 1 DAGs
[2023-09-01T23:48:25.509+0000] {logging_mixin.py:151} INFO - [2023-09-01T23:48:25.508+0000] {dag.py:3677} INFO - Setting next_dagrun for example_dag_basic to 2023-09-01T00:00:00+00:00, run_after=2023-09-02T00:00:00+00:00
[2023-09-01T23:48:25.532+0000] {processor.py:179} INFO - Processing /opt/airflow/dags/example_dag_basic.py took 0.203 seconds
[2023-09-01T23:49:44.265+0000] {processor.py:157} INFO - Started process (PID=31) to work on /opt/airflow/dags/example_dag_basic.py
[2023-09-01T23:49:44.274+0000] {processor.py:829} INFO - Processing file /opt/airflow/dags/example_dag_basic.py for tasks to queue
[2023-09-01T23:49:44.292+0000] {logging_mixin.py:151} INFO - [2023-09-01T23:49:44.291+0000] {dagbag.py:539} INFO - Filling up the DagBag from /opt/airflow/dags/example_dag_basic.py
[2023-09-01T23:49:44.326+0000] {processor.py:839} INFO - DAG(s) dict_keys(['example_dag_basic']) retrieved from /opt/airflow/dags/example_dag_basic.py
[2023-09-01T23:49:44.890+0000] {logging_mixin.py:151} INFO - [2023-09-01T23:49:44.890+0000] {dag.py:2907} INFO - Sync 1 DAGs
[2023-09-01T23:49:44.925+0000] {logging_mixin.py:151} INFO - [2023-09-01T23:49:44.924+0000] {dag.py:3677} INFO - Setting next_dagrun for example_dag_basic to 2023-09-01T00:00:00+00:00, run_after=2023-09-02T00:00:00+00:00
[2023-09-01T23:49:44.972+0000] {processor.py:179} INFO - Processing /opt/airflow/dags/example_dag_basic.py took 0.719 seconds
[2023-09-01T23:50:15.321+0000] {processor.py:157} INFO - Started process (PID=40) to work on /opt/airflow/dags/example_dag_basic.py
[2023-09-01T23:50:15.327+0000] {processor.py:829} INFO - Processing file /opt/airflow/dags/example_dag_basic.py for tasks to queue
[2023-09-01T23:50:15.339+0000] {logging_mixin.py:151} INFO - [2023-09-01T23:50:15.337+0000] {dagbag.py:539} INFO - Filling up the DagBag from /opt/airflow/dags/example_dag_basic.py
[2023-09-01T23:50:15.399+0000] {processor.py:839} INFO - DAG(s) dict_keys(['example_dag_basic']) retrieved from /opt/airflow/dags/example_dag_basic.py
[2023-09-01T23:50:15.491+0000] {logging_mixin.py:151} INFO - [2023-09-01T23:50:15.490+0000] {dag.py:2907} INFO - Sync 1 DAGs
[2023-09-01T23:50:15.558+0000] {logging_mixin.py:151} INFO - [2023-09-01T23:50:15.557+0000] {dag.py:3677} INFO - Setting next_dagrun for example_dag_basic to 2023-09-01T00:00:00+00:00, run_after=2023-09-02T00:00:00+00:00
[2023-09-01T23:50:15.585+0000] {processor.py:179} INFO - Processing /opt/airflow/dags/example_dag_basic.py took 0.286 seconds
[2023-09-01T23:51:32.494+0000] {processor.py:157} INFO - Started process (PID=31) to work on /opt/airflow/dags/example_dag_basic.py
[2023-09-01T23:51:32.508+0000] {processor.py:829} INFO - Processing file /opt/airflow/dags/example_dag_basic.py for tasks to queue
[2023-09-01T23:51:32.521+0000] {logging_mixin.py:151} INFO - [2023-09-01T23:51:32.520+0000] {dagbag.py:539} INFO - Filling up the DagBag from /opt/airflow/dags/example_dag_basic.py
[2023-09-01T23:51:32.592+0000] {processor.py:839} INFO - DAG(s) dict_keys(['example_dag_basic']) retrieved from /opt/airflow/dags/example_dag_basic.py
[2023-09-01T23:51:33.469+0000] {logging_mixin.py:151} INFO - [2023-09-01T23:51:33.469+0000] {dag.py:2907} INFO - Sync 1 DAGs
[2023-09-01T23:51:33.526+0000] {logging_mixin.py:151} INFO - [2023-09-01T23:51:33.526+0000] {dag.py:3677} INFO - Setting next_dagrun for example_dag_basic to 2023-09-01T00:00:00+00:00, run_after=2023-09-02T00:00:00+00:00
[2023-09-01T23:51:33.585+0000] {processor.py:179} INFO - Processing /opt/airflow/dags/example_dag_basic.py took 1.113 seconds
[2023-09-01T23:52:04.312+0000] {processor.py:157} INFO - Started process (PID=40) to work on /opt/airflow/dags/example_dag_basic.py
[2023-09-01T23:52:04.316+0000] {processor.py:829} INFO - Processing file /opt/airflow/dags/example_dag_basic.py for tasks to queue
[2023-09-01T23:52:04.322+0000] {logging_mixin.py:151} INFO - [2023-09-01T23:52:04.321+0000] {dagbag.py:539} INFO - Filling up the DagBag from /opt/airflow/dags/example_dag_basic.py
[2023-09-01T23:52:04.358+0000] {processor.py:839} INFO - DAG(s) dict_keys(['example_dag_basic']) retrieved from /opt/airflow/dags/example_dag_basic.py
[2023-09-01T23:52:04.427+0000] {logging_mixin.py:151} INFO - [2023-09-01T23:52:04.427+0000] {dag.py:2907} INFO - Sync 1 DAGs
[2023-09-01T23:52:04.460+0000] {logging_mixin.py:151} INFO - [2023-09-01T23:52:04.460+0000] {dag.py:3677} INFO - Setting next_dagrun for example_dag_basic to 2023-09-01T00:00:00+00:00, run_after=2023-09-02T00:00:00+00:00
[2023-09-01T23:52:04.481+0000] {processor.py:179} INFO - Processing /opt/airflow/dags/example_dag_basic.py took 0.185 seconds
[2023-09-01T23:52:34.693+0000] {processor.py:157} INFO - Started process (PID=48) to work on /opt/airflow/dags/example_dag_basic.py
[2023-09-01T23:52:34.697+0000] {processor.py:829} INFO - Processing file /opt/airflow/dags/example_dag_basic.py for tasks to queue
[2023-09-01T23:52:34.705+0000] {logging_mixin.py:151} INFO - [2023-09-01T23:52:34.703+0000] {dagbag.py:539} INFO - Filling up the DagBag from /opt/airflow/dags/example_dag_basic.py
[2023-09-01T23:52:34.749+0000] {processor.py:839} INFO - DAG(s) dict_keys(['example_dag_basic']) retrieved from /opt/airflow/dags/example_dag_basic.py
[2023-09-01T23:52:35.172+0000] {logging_mixin.py:151} INFO - [2023-09-01T23:52:35.156+0000] {dag.py:2907} INFO - Sync 1 DAGs
[2023-09-01T23:52:35.860+0000] {logging_mixin.py:151} INFO - [2023-09-01T23:52:35.857+0000] {dag.py:3677} INFO - Setting next_dagrun for example_dag_basic to 2023-09-01T00:00:00+00:00, run_after=2023-09-02T00:00:00+00:00
[2023-09-01T23:52:36.492+0000] {processor.py:179} INFO - Processing /opt/airflow/dags/example_dag_basic.py took 1.808 seconds
[2023-09-01T23:53:07.009+0000] {processor.py:157} INFO - Started process (PID=57) to work on /opt/airflow/dags/example_dag_basic.py
[2023-09-01T23:53:07.015+0000] {processor.py:829} INFO - Processing file /opt/airflow/dags/example_dag_basic.py for tasks to queue
[2023-09-01T23:53:07.022+0000] {logging_mixin.py:151} INFO - [2023-09-01T23:53:07.021+0000] {dagbag.py:539} INFO - Filling up the DagBag from /opt/airflow/dags/example_dag_basic.py
[2023-09-01T23:53:07.058+0000] {processor.py:839} INFO - DAG(s) dict_keys(['example_dag_basic']) retrieved from /opt/airflow/dags/example_dag_basic.py
[2023-09-01T23:53:07.127+0000] {logging_mixin.py:151} INFO - [2023-09-01T23:53:07.126+0000] {dag.py:2907} INFO - Sync 1 DAGs
[2023-09-01T23:53:07.434+0000] {logging_mixin.py:151} INFO - [2023-09-01T23:53:07.434+0000] {dag.py:3677} INFO - Setting next_dagrun for example_dag_basic to 2023-09-01T00:00:00+00:00, run_after=2023-09-02T00:00:00+00:00
[2023-09-01T23:53:07.452+0000] {processor.py:179} INFO - Processing /opt/airflow/dags/example_dag_basic.py took 0.452 seconds
