[2023-08-31T03:40:51.430+0000] {processor.py:157} INFO - Started process (PID=32) to work on /opt/airflow/dags/example_dag_basic.py
[2023-08-31T03:40:51.441+0000] {processor.py:829} INFO - Processing file /opt/airflow/dags/example_dag_basic.py for tasks to queue
[2023-08-31T03:40:51.453+0000] {logging_mixin.py:151} INFO - [2023-08-31T03:40:51.452+0000] {dagbag.py:539} INFO - Filling up the DagBag from /opt/airflow/dags/example_dag_basic.py
[2023-08-31T03:40:51.507+0000] {processor.py:839} INFO - DAG(s) dict_keys(['example_dag_basic']) retrieved from /opt/airflow/dags/example_dag_basic.py
[2023-08-31T03:40:52.288+0000] {logging_mixin.py:151} INFO - [2023-08-31T03:40:52.287+0000] {dag.py:2907} INFO - Sync 1 DAGs
[2023-08-31T03:40:52.340+0000] {logging_mixin.py:151} INFO - [2023-08-31T03:40:52.340+0000] {dag.py:3677} INFO - Setting next_dagrun for example_dag_basic to 2023-08-30T00:00:00+00:00, run_after=2023-08-31T00:00:00+00:00
[2023-08-31T03:40:52.383+0000] {processor.py:179} INFO - Processing /opt/airflow/dags/example_dag_basic.py took 0.963 seconds
[2023-08-31T03:41:22.912+0000] {processor.py:157} INFO - Started process (PID=41) to work on /opt/airflow/dags/example_dag_basic.py
[2023-08-31T03:41:22.915+0000] {processor.py:829} INFO - Processing file /opt/airflow/dags/example_dag_basic.py for tasks to queue
[2023-08-31T03:41:22.925+0000] {logging_mixin.py:151} INFO - [2023-08-31T03:41:22.924+0000] {dagbag.py:539} INFO - Filling up the DagBag from /opt/airflow/dags/example_dag_basic.py
[2023-08-31T03:41:23.016+0000] {processor.py:839} INFO - DAG(s) dict_keys(['example_dag_basic']) retrieved from /opt/airflow/dags/example_dag_basic.py
[2023-08-31T03:41:23.662+0000] {logging_mixin.py:151} INFO - [2023-08-31T03:41:23.662+0000] {dag.py:2907} INFO - Sync 1 DAGs
[2023-08-31T03:41:23.712+0000] {logging_mixin.py:151} INFO - [2023-08-31T03:41:23.712+0000] {dag.py:3677} INFO - Setting next_dagrun for example_dag_basic to 2023-08-31T00:00:00+00:00, run_after=2023-09-01T00:00:00+00:00
[2023-08-31T03:41:23.741+0000] {processor.py:179} INFO - Processing /opt/airflow/dags/example_dag_basic.py took 0.836 seconds
[2023-08-31T03:41:54.476+0000] {processor.py:157} INFO - Started process (PID=50) to work on /opt/airflow/dags/example_dag_basic.py
[2023-08-31T03:41:54.478+0000] {processor.py:829} INFO - Processing file /opt/airflow/dags/example_dag_basic.py for tasks to queue
[2023-08-31T03:41:54.481+0000] {logging_mixin.py:151} INFO - [2023-08-31T03:41:54.481+0000] {dagbag.py:539} INFO - Filling up the DagBag from /opt/airflow/dags/example_dag_basic.py
[2023-08-31T03:41:54.514+0000] {processor.py:839} INFO - DAG(s) dict_keys(['example_dag_basic']) retrieved from /opt/airflow/dags/example_dag_basic.py
[2023-08-31T03:41:54.549+0000] {logging_mixin.py:151} INFO - [2023-08-31T03:41:54.549+0000] {dag.py:2907} INFO - Sync 1 DAGs
[2023-08-31T03:41:54.575+0000] {logging_mixin.py:151} INFO - [2023-08-31T03:41:54.575+0000] {dag.py:3677} INFO - Setting next_dagrun for example_dag_basic to 2023-08-31T00:00:00+00:00, run_after=2023-09-01T00:00:00+00:00
[2023-08-31T03:41:54.596+0000] {processor.py:179} INFO - Processing /opt/airflow/dags/example_dag_basic.py took 0.125 seconds
[2023-08-31T03:42:24.854+0000] {processor.py:157} INFO - Started process (PID=59) to work on /opt/airflow/dags/example_dag_basic.py
[2023-08-31T03:42:24.861+0000] {processor.py:829} INFO - Processing file /opt/airflow/dags/example_dag_basic.py for tasks to queue
[2023-08-31T03:42:24.869+0000] {logging_mixin.py:151} INFO - [2023-08-31T03:42:24.868+0000] {dagbag.py:539} INFO - Filling up the DagBag from /opt/airflow/dags/example_dag_basic.py
[2023-08-31T03:42:24.914+0000] {processor.py:839} INFO - DAG(s) dict_keys(['example_dag_basic']) retrieved from /opt/airflow/dags/example_dag_basic.py
[2023-08-31T03:42:25.006+0000] {logging_mixin.py:151} INFO - [2023-08-31T03:42:25.005+0000] {dag.py:2907} INFO - Sync 1 DAGs
[2023-08-31T03:42:25.048+0000] {logging_mixin.py:151} INFO - [2023-08-31T03:42:25.048+0000] {dag.py:3677} INFO - Setting next_dagrun for example_dag_basic to 2023-08-31T00:00:00+00:00, run_after=2023-09-01T00:00:00+00:00
[2023-08-31T03:42:25.084+0000] {processor.py:179} INFO - Processing /opt/airflow/dags/example_dag_basic.py took 0.238 seconds
[2023-08-31T04:00:16.365+0000] {processor.py:157} INFO - Started process (PID=31) to work on /opt/airflow/dags/example_dag_basic.py
[2023-08-31T04:00:16.369+0000] {processor.py:829} INFO - Processing file /opt/airflow/dags/example_dag_basic.py for tasks to queue
[2023-08-31T04:00:16.379+0000] {logging_mixin.py:151} INFO - [2023-08-31T04:00:16.379+0000] {dagbag.py:539} INFO - Filling up the DagBag from /opt/airflow/dags/example_dag_basic.py
[2023-08-31T04:00:16.431+0000] {processor.py:839} INFO - DAG(s) dict_keys(['example_dag_basic']) retrieved from /opt/airflow/dags/example_dag_basic.py
[2023-08-31T04:00:16.909+0000] {logging_mixin.py:151} INFO - [2023-08-31T04:00:16.908+0000] {dag.py:2907} INFO - Sync 1 DAGs
[2023-08-31T04:00:16.943+0000] {logging_mixin.py:151} INFO - [2023-08-31T04:00:16.942+0000] {dag.py:3677} INFO - Setting next_dagrun for example_dag_basic to 2023-08-31T00:00:00+00:00, run_after=2023-09-01T00:00:00+00:00
[2023-08-31T04:00:16.979+0000] {processor.py:179} INFO - Processing /opt/airflow/dags/example_dag_basic.py took 0.627 seconds
[2023-08-31T04:00:47.302+0000] {processor.py:157} INFO - Started process (PID=40) to work on /opt/airflow/dags/example_dag_basic.py
[2023-08-31T04:00:47.306+0000] {processor.py:829} INFO - Processing file /opt/airflow/dags/example_dag_basic.py for tasks to queue
[2023-08-31T04:00:47.313+0000] {logging_mixin.py:151} INFO - [2023-08-31T04:00:47.312+0000] {dagbag.py:539} INFO - Filling up the DagBag from /opt/airflow/dags/example_dag_basic.py
[2023-08-31T04:00:47.352+0000] {processor.py:839} INFO - DAG(s) dict_keys(['example_dag_basic']) retrieved from /opt/airflow/dags/example_dag_basic.py
[2023-08-31T04:00:47.453+0000] {logging_mixin.py:151} INFO - [2023-08-31T04:00:47.452+0000] {dag.py:2907} INFO - Sync 1 DAGs
[2023-08-31T04:00:47.509+0000] {logging_mixin.py:151} INFO - [2023-08-31T04:00:47.509+0000] {dag.py:3677} INFO - Setting next_dagrun for example_dag_basic to 2023-08-31T00:00:00+00:00, run_after=2023-09-01T00:00:00+00:00
[2023-08-31T04:00:47.602+0000] {processor.py:179} INFO - Processing /opt/airflow/dags/example_dag_basic.py took 0.309 seconds
[2023-08-31T04:01:18.074+0000] {processor.py:157} INFO - Started process (PID=49) to work on /opt/airflow/dags/example_dag_basic.py
[2023-08-31T04:01:18.076+0000] {processor.py:829} INFO - Processing file /opt/airflow/dags/example_dag_basic.py for tasks to queue
[2023-08-31T04:01:18.079+0000] {logging_mixin.py:151} INFO - [2023-08-31T04:01:18.078+0000] {dagbag.py:539} INFO - Filling up the DagBag from /opt/airflow/dags/example_dag_basic.py
[2023-08-31T04:01:18.117+0000] {processor.py:839} INFO - DAG(s) dict_keys(['example_dag_basic']) retrieved from /opt/airflow/dags/example_dag_basic.py
[2023-08-31T04:01:18.194+0000] {logging_mixin.py:151} INFO - [2023-08-31T04:01:18.193+0000] {dag.py:2907} INFO - Sync 1 DAGs
[2023-08-31T04:01:18.251+0000] {logging_mixin.py:151} INFO - [2023-08-31T04:01:18.250+0000] {dag.py:3677} INFO - Setting next_dagrun for example_dag_basic to 2023-08-31T00:00:00+00:00, run_after=2023-09-01T00:00:00+00:00
[2023-08-31T04:01:18.527+0000] {processor.py:179} INFO - Processing /opt/airflow/dags/example_dag_basic.py took 0.456 seconds
[2023-08-31T04:01:48.966+0000] {processor.py:157} INFO - Started process (PID=58) to work on /opt/airflow/dags/example_dag_basic.py
[2023-08-31T04:01:48.972+0000] {processor.py:829} INFO - Processing file /opt/airflow/dags/example_dag_basic.py for tasks to queue
[2023-08-31T04:01:48.975+0000] {logging_mixin.py:151} INFO - [2023-08-31T04:01:48.974+0000] {dagbag.py:539} INFO - Filling up the DagBag from /opt/airflow/dags/example_dag_basic.py
[2023-08-31T04:01:49.017+0000] {processor.py:839} INFO - DAG(s) dict_keys(['example_dag_basic']) retrieved from /opt/airflow/dags/example_dag_basic.py
[2023-08-31T04:01:49.105+0000] {logging_mixin.py:151} INFO - [2023-08-31T04:01:49.105+0000] {dag.py:2907} INFO - Sync 1 DAGs
[2023-08-31T04:01:49.335+0000] {logging_mixin.py:151} INFO - [2023-08-31T04:01:49.335+0000] {dag.py:3677} INFO - Setting next_dagrun for example_dag_basic to 2023-08-31T00:00:00+00:00, run_after=2023-09-01T00:00:00+00:00
[2023-08-31T04:01:49.354+0000] {processor.py:179} INFO - Processing /opt/airflow/dags/example_dag_basic.py took 0.394 seconds
[2023-08-31T04:03:15.460+0000] {processor.py:157} INFO - Started process (PID=31) to work on /opt/airflow/dags/example_dag_basic.py
[2023-08-31T04:03:15.473+0000] {processor.py:829} INFO - Processing file /opt/airflow/dags/example_dag_basic.py for tasks to queue
[2023-08-31T04:03:15.485+0000] {logging_mixin.py:151} INFO - [2023-08-31T04:03:15.484+0000] {dagbag.py:539} INFO - Filling up the DagBag from /opt/airflow/dags/example_dag_basic.py
[2023-08-31T04:03:15.511+0000] {processor.py:839} INFO - DAG(s) dict_keys(['example_dag_basic']) retrieved from /opt/airflow/dags/example_dag_basic.py
[2023-08-31T04:03:16.025+0000] {logging_mixin.py:151} INFO - [2023-08-31T04:03:16.024+0000] {dag.py:2907} INFO - Sync 1 DAGs
[2023-08-31T04:03:16.059+0000] {logging_mixin.py:151} INFO - [2023-08-31T04:03:16.058+0000] {dag.py:3677} INFO - Setting next_dagrun for example_dag_basic to 2023-08-31T00:00:00+00:00, run_after=2023-09-01T00:00:00+00:00
[2023-08-31T04:03:16.085+0000] {processor.py:179} INFO - Processing /opt/airflow/dags/example_dag_basic.py took 0.646 seconds
[2023-08-31T04:03:46.367+0000] {processor.py:157} INFO - Started process (PID=40) to work on /opt/airflow/dags/example_dag_basic.py
[2023-08-31T04:03:46.370+0000] {processor.py:829} INFO - Processing file /opt/airflow/dags/example_dag_basic.py for tasks to queue
[2023-08-31T04:03:46.375+0000] {logging_mixin.py:151} INFO - [2023-08-31T04:03:46.374+0000] {dagbag.py:539} INFO - Filling up the DagBag from /opt/airflow/dags/example_dag_basic.py
[2023-08-31T04:03:46.419+0000] {processor.py:839} INFO - DAG(s) dict_keys(['example_dag_basic']) retrieved from /opt/airflow/dags/example_dag_basic.py
[2023-08-31T04:03:46.482+0000] {logging_mixin.py:151} INFO - [2023-08-31T04:03:46.481+0000] {dag.py:2907} INFO - Sync 1 DAGs
[2023-08-31T04:03:46.528+0000] {logging_mixin.py:151} INFO - [2023-08-31T04:03:46.528+0000] {dag.py:3677} INFO - Setting next_dagrun for example_dag_basic to 2023-08-31T00:00:00+00:00, run_after=2023-09-01T00:00:00+00:00
[2023-08-31T04:03:46.551+0000] {processor.py:179} INFO - Processing /opt/airflow/dags/example_dag_basic.py took 0.189 seconds
[2023-08-31T04:04:35.669+0000] {processor.py:157} INFO - Started process (PID=31) to work on /opt/airflow/dags/example_dag_basic.py
[2023-08-31T04:04:35.676+0000] {processor.py:829} INFO - Processing file /opt/airflow/dags/example_dag_basic.py for tasks to queue
[2023-08-31T04:04:35.684+0000] {logging_mixin.py:151} INFO - [2023-08-31T04:04:35.684+0000] {dagbag.py:539} INFO - Filling up the DagBag from /opt/airflow/dags/example_dag_basic.py
[2023-08-31T04:04:35.732+0000] {processor.py:839} INFO - DAG(s) dict_keys(['example_dag_basic']) retrieved from /opt/airflow/dags/example_dag_basic.py
[2023-08-31T04:04:36.211+0000] {logging_mixin.py:151} INFO - [2023-08-31T04:04:36.210+0000] {dag.py:2907} INFO - Sync 1 DAGs
[2023-08-31T04:04:36.236+0000] {logging_mixin.py:151} INFO - [2023-08-31T04:04:36.236+0000] {dag.py:3677} INFO - Setting next_dagrun for example_dag_basic to 2023-08-31T00:00:00+00:00, run_after=2023-09-01T00:00:00+00:00
[2023-08-31T04:04:36.263+0000] {processor.py:179} INFO - Processing /opt/airflow/dags/example_dag_basic.py took 0.605 seconds
[2023-08-31T04:05:06.592+0000] {processor.py:157} INFO - Started process (PID=40) to work on /opt/airflow/dags/example_dag_basic.py
[2023-08-31T04:05:06.595+0000] {processor.py:829} INFO - Processing file /opt/airflow/dags/example_dag_basic.py for tasks to queue
[2023-08-31T04:05:06.601+0000] {logging_mixin.py:151} INFO - [2023-08-31T04:05:06.600+0000] {dagbag.py:539} INFO - Filling up the DagBag from /opt/airflow/dags/example_dag_basic.py
[2023-08-31T04:05:06.629+0000] {processor.py:839} INFO - DAG(s) dict_keys(['example_dag_basic']) retrieved from /opt/airflow/dags/example_dag_basic.py
[2023-08-31T04:05:06.694+0000] {logging_mixin.py:151} INFO - [2023-08-31T04:05:06.694+0000] {dag.py:2907} INFO - Sync 1 DAGs
[2023-08-31T04:05:06.735+0000] {logging_mixin.py:151} INFO - [2023-08-31T04:05:06.735+0000] {dag.py:3677} INFO - Setting next_dagrun for example_dag_basic to 2023-08-31T00:00:00+00:00, run_after=2023-09-01T00:00:00+00:00
[2023-08-31T04:05:06.759+0000] {processor.py:179} INFO - Processing /opt/airflow/dags/example_dag_basic.py took 0.173 seconds
[2023-08-31T04:05:37.225+0000] {processor.py:157} INFO - Started process (PID=49) to work on /opt/airflow/dags/example_dag_basic.py
[2023-08-31T04:05:37.228+0000] {processor.py:829} INFO - Processing file /opt/airflow/dags/example_dag_basic.py for tasks to queue
[2023-08-31T04:05:37.232+0000] {logging_mixin.py:151} INFO - [2023-08-31T04:05:37.231+0000] {dagbag.py:539} INFO - Filling up the DagBag from /opt/airflow/dags/example_dag_basic.py
[2023-08-31T04:05:37.274+0000] {processor.py:839} INFO - DAG(s) dict_keys(['example_dag_basic']) retrieved from /opt/airflow/dags/example_dag_basic.py
[2023-08-31T04:05:37.384+0000] {logging_mixin.py:151} INFO - [2023-08-31T04:05:37.384+0000] {dag.py:2907} INFO - Sync 1 DAGs
[2023-08-31T04:05:37.426+0000] {logging_mixin.py:151} INFO - [2023-08-31T04:05:37.426+0000] {dag.py:3677} INFO - Setting next_dagrun for example_dag_basic to 2023-08-31T00:00:00+00:00, run_after=2023-09-01T00:00:00+00:00
[2023-08-31T04:05:37.794+0000] {processor.py:179} INFO - Processing /opt/airflow/dags/example_dag_basic.py took 0.574 seconds
[2023-08-31T04:09:29.448+0000] {processor.py:157} INFO - Started process (PID=30) to work on /opt/airflow/dags/example_dag_basic.py
[2023-08-31T04:09:29.467+0000] {processor.py:829} INFO - Processing file /opt/airflow/dags/example_dag_basic.py for tasks to queue
[2023-08-31T04:09:29.497+0000] {logging_mixin.py:151} INFO - [2023-08-31T04:09:29.491+0000] {dagbag.py:539} INFO - Filling up the DagBag from /opt/airflow/dags/example_dag_basic.py
[2023-08-31T04:09:29.585+0000] {processor.py:839} INFO - DAG(s) dict_keys(['example_dag_basic']) retrieved from /opt/airflow/dags/example_dag_basic.py
[2023-08-31T04:09:31.563+0000] {logging_mixin.py:151} INFO - [2023-08-31T04:09:31.562+0000] {dag.py:2907} INFO - Sync 1 DAGs
[2023-08-31T04:09:31.635+0000] {logging_mixin.py:151} INFO - [2023-08-31T04:09:31.634+0000] {dag.py:3677} INFO - Setting next_dagrun for example_dag_basic to 2023-08-31T00:00:00+00:00, run_after=2023-09-01T00:00:00+00:00
[2023-08-31T04:09:31.691+0000] {processor.py:179} INFO - Processing /opt/airflow/dags/example_dag_basic.py took 2.289 seconds
[2023-08-31T04:10:02.580+0000] {processor.py:157} INFO - Started process (PID=39) to work on /opt/airflow/dags/example_dag_basic.py
[2023-08-31T04:10:02.584+0000] {processor.py:829} INFO - Processing file /opt/airflow/dags/example_dag_basic.py for tasks to queue
[2023-08-31T04:10:02.590+0000] {logging_mixin.py:151} INFO - [2023-08-31T04:10:02.589+0000] {dagbag.py:539} INFO - Filling up the DagBag from /opt/airflow/dags/example_dag_basic.py
[2023-08-31T04:10:02.671+0000] {processor.py:839} INFO - DAG(s) dict_keys(['example_dag_basic']) retrieved from /opt/airflow/dags/example_dag_basic.py
[2023-08-31T04:10:02.778+0000] {logging_mixin.py:151} INFO - [2023-08-31T04:10:02.778+0000] {dag.py:2907} INFO - Sync 1 DAGs
[2023-08-31T04:10:02.879+0000] {logging_mixin.py:151} INFO - [2023-08-31T04:10:02.878+0000] {dag.py:3677} INFO - Setting next_dagrun for example_dag_basic to 2023-08-31T00:00:00+00:00, run_after=2023-09-01T00:00:00+00:00
[2023-08-31T04:10:02.971+0000] {processor.py:179} INFO - Processing /opt/airflow/dags/example_dag_basic.py took 0.397 seconds
[2023-08-31T04:10:34.119+0000] {processor.py:157} INFO - Started process (PID=48) to work on /opt/airflow/dags/example_dag_basic.py
[2023-08-31T04:10:34.132+0000] {processor.py:829} INFO - Processing file /opt/airflow/dags/example_dag_basic.py for tasks to queue
[2023-08-31T04:10:34.142+0000] {logging_mixin.py:151} INFO - [2023-08-31T04:10:34.141+0000] {dagbag.py:539} INFO - Filling up the DagBag from /opt/airflow/dags/example_dag_basic.py
[2023-08-31T04:10:34.184+0000] {processor.py:839} INFO - DAG(s) dict_keys(['example_dag_basic']) retrieved from /opt/airflow/dags/example_dag_basic.py
[2023-08-31T04:10:34.270+0000] {logging_mixin.py:151} INFO - [2023-08-31T04:10:34.269+0000] {dag.py:2907} INFO - Sync 1 DAGs
[2023-08-31T04:10:34.316+0000] {logging_mixin.py:151} INFO - [2023-08-31T04:10:34.316+0000] {dag.py:3677} INFO - Setting next_dagrun for example_dag_basic to 2023-08-31T00:00:00+00:00, run_after=2023-09-01T00:00:00+00:00
[2023-08-31T04:10:34.553+0000] {processor.py:179} INFO - Processing /opt/airflow/dags/example_dag_basic.py took 0.444 seconds
[2023-08-31T04:11:04.969+0000] {processor.py:157} INFO - Started process (PID=57) to work on /opt/airflow/dags/example_dag_basic.py
[2023-08-31T04:11:04.977+0000] {processor.py:829} INFO - Processing file /opt/airflow/dags/example_dag_basic.py for tasks to queue
[2023-08-31T04:11:05.004+0000] {logging_mixin.py:151} INFO - [2023-08-31T04:11:05.003+0000] {dagbag.py:539} INFO - Filling up the DagBag from /opt/airflow/dags/example_dag_basic.py
[2023-08-31T04:11:05.054+0000] {processor.py:839} INFO - DAG(s) dict_keys(['example_dag_basic']) retrieved from /opt/airflow/dags/example_dag_basic.py
[2023-08-31T04:11:05.131+0000] {logging_mixin.py:151} INFO - [2023-08-31T04:11:05.130+0000] {dag.py:2907} INFO - Sync 1 DAGs
[2023-08-31T04:11:05.412+0000] {logging_mixin.py:151} INFO - [2023-08-31T04:11:05.411+0000] {dag.py:3677} INFO - Setting next_dagrun for example_dag_basic to 2023-08-31T00:00:00+00:00, run_after=2023-09-01T00:00:00+00:00
[2023-08-31T04:11:05.434+0000] {processor.py:179} INFO - Processing /opt/airflow/dags/example_dag_basic.py took 0.473 seconds
[2023-08-31T04:11:35.901+0000] {processor.py:157} INFO - Started process (PID=66) to work on /opt/airflow/dags/example_dag_basic.py
[2023-08-31T04:11:35.904+0000] {processor.py:829} INFO - Processing file /opt/airflow/dags/example_dag_basic.py for tasks to queue
[2023-08-31T04:11:35.910+0000] {logging_mixin.py:151} INFO - [2023-08-31T04:11:35.909+0000] {dagbag.py:539} INFO - Filling up the DagBag from /opt/airflow/dags/example_dag_basic.py
[2023-08-31T04:11:35.961+0000] {processor.py:839} INFO - DAG(s) dict_keys(['example_dag_basic']) retrieved from /opt/airflow/dags/example_dag_basic.py
[2023-08-31T04:11:36.022+0000] {logging_mixin.py:151} INFO - [2023-08-31T04:11:36.021+0000] {dag.py:2907} INFO - Sync 1 DAGs
[2023-08-31T04:11:36.285+0000] {logging_mixin.py:151} INFO - [2023-08-31T04:11:36.285+0000] {dag.py:3677} INFO - Setting next_dagrun for example_dag_basic to 2023-08-31T00:00:00+00:00, run_after=2023-09-01T00:00:00+00:00
[2023-08-31T04:11:36.307+0000] {processor.py:179} INFO - Processing /opt/airflow/dags/example_dag_basic.py took 0.413 seconds
[2023-08-31T04:12:06.815+0000] {processor.py:157} INFO - Started process (PID=75) to work on /opt/airflow/dags/example_dag_basic.py
[2023-08-31T04:12:06.824+0000] {processor.py:829} INFO - Processing file /opt/airflow/dags/example_dag_basic.py for tasks to queue
[2023-08-31T04:12:06.837+0000] {logging_mixin.py:151} INFO - [2023-08-31T04:12:06.836+0000] {dagbag.py:539} INFO - Filling up the DagBag from /opt/airflow/dags/example_dag_basic.py
[2023-08-31T04:12:06.913+0000] {processor.py:839} INFO - DAG(s) dict_keys(['example_dag_basic']) retrieved from /opt/airflow/dags/example_dag_basic.py
[2023-08-31T04:12:07.243+0000] {logging_mixin.py:151} INFO - [2023-08-31T04:12:07.243+0000] {dag.py:2907} INFO - Sync 1 DAGs
[2023-08-31T04:12:07.271+0000] {logging_mixin.py:151} INFO - [2023-08-31T04:12:07.271+0000] {dag.py:3677} INFO - Setting next_dagrun for example_dag_basic to 2023-08-31T00:00:00+00:00, run_after=2023-09-01T00:00:00+00:00
[2023-08-31T04:12:07.290+0000] {processor.py:179} INFO - Processing /opt/airflow/dags/example_dag_basic.py took 0.503 seconds
[2023-08-31T04:12:37.736+0000] {processor.py:157} INFO - Started process (PID=84) to work on /opt/airflow/dags/example_dag_basic.py
[2023-08-31T04:12:37.742+0000] {processor.py:829} INFO - Processing file /opt/airflow/dags/example_dag_basic.py for tasks to queue
[2023-08-31T04:12:37.754+0000] {logging_mixin.py:151} INFO - [2023-08-31T04:12:37.753+0000] {dagbag.py:539} INFO - Filling up the DagBag from /opt/airflow/dags/example_dag_basic.py
[2023-08-31T04:12:38.072+0000] {processor.py:839} INFO - DAG(s) dict_keys(['example_dag_basic']) retrieved from /opt/airflow/dags/example_dag_basic.py
[2023-08-31T04:12:38.115+0000] {logging_mixin.py:151} INFO - [2023-08-31T04:12:38.115+0000] {dag.py:2907} INFO - Sync 1 DAGs
[2023-08-31T04:12:38.139+0000] {logging_mixin.py:151} INFO - [2023-08-31T04:12:38.139+0000] {dag.py:3677} INFO - Setting next_dagrun for example_dag_basic to 2023-08-31T00:00:00+00:00, run_after=2023-09-01T00:00:00+00:00
[2023-08-31T04:12:38.157+0000] {processor.py:179} INFO - Processing /opt/airflow/dags/example_dag_basic.py took 0.437 seconds
[2023-08-31T04:39:42.719+0000] {processor.py:157} INFO - Started process (PID=31) to work on /opt/airflow/dags/example_dag_basic.py
[2023-08-31T04:39:42.723+0000] {processor.py:829} INFO - Processing file /opt/airflow/dags/example_dag_basic.py for tasks to queue
[2023-08-31T04:39:42.737+0000] {logging_mixin.py:151} INFO - [2023-08-31T04:39:42.737+0000] {dagbag.py:539} INFO - Filling up the DagBag from /opt/airflow/dags/example_dag_basic.py
[2023-08-31T04:39:42.788+0000] {processor.py:839} INFO - DAG(s) dict_keys(['example_dag_basic']) retrieved from /opt/airflow/dags/example_dag_basic.py
[2023-08-31T04:39:43.232+0000] {logging_mixin.py:151} INFO - [2023-08-31T04:39:43.231+0000] {dag.py:2907} INFO - Sync 1 DAGs
[2023-08-31T04:39:43.261+0000] {logging_mixin.py:151} INFO - [2023-08-31T04:39:43.261+0000] {dag.py:3677} INFO - Setting next_dagrun for example_dag_basic to 2023-08-31T00:00:00+00:00, run_after=2023-09-01T00:00:00+00:00
[2023-08-31T04:39:43.294+0000] {processor.py:179} INFO - Processing /opt/airflow/dags/example_dag_basic.py took 0.582 seconds
[2023-08-31T04:40:14.273+0000] {processor.py:157} INFO - Started process (PID=40) to work on /opt/airflow/dags/example_dag_basic.py
[2023-08-31T04:40:14.278+0000] {processor.py:829} INFO - Processing file /opt/airflow/dags/example_dag_basic.py for tasks to queue
[2023-08-31T04:40:14.284+0000] {logging_mixin.py:151} INFO - [2023-08-31T04:40:14.284+0000] {dagbag.py:539} INFO - Filling up the DagBag from /opt/airflow/dags/example_dag_basic.py
[2023-08-31T04:40:14.308+0000] {processor.py:839} INFO - DAG(s) dict_keys(['example_dag_basic']) retrieved from /opt/airflow/dags/example_dag_basic.py
[2023-08-31T04:40:14.350+0000] {logging_mixin.py:151} INFO - [2023-08-31T04:40:14.350+0000] {dag.py:2907} INFO - Sync 1 DAGs
[2023-08-31T04:40:14.378+0000] {logging_mixin.py:151} INFO - [2023-08-31T04:40:14.378+0000] {dag.py:3677} INFO - Setting next_dagrun for example_dag_basic to 2023-08-31T00:00:00+00:00, run_after=2023-09-01T00:00:00+00:00
[2023-08-31T04:40:14.395+0000] {processor.py:179} INFO - Processing /opt/airflow/dags/example_dag_basic.py took 0.128 seconds
[2023-08-31T04:41:06.326+0000] {processor.py:157} INFO - Started process (PID=31) to work on /opt/airflow/dags/example_dag_basic.py
[2023-08-31T04:41:06.329+0000] {processor.py:829} INFO - Processing file /opt/airflow/dags/example_dag_basic.py for tasks to queue
[2023-08-31T04:41:06.341+0000] {logging_mixin.py:151} INFO - [2023-08-31T04:41:06.341+0000] {dagbag.py:539} INFO - Filling up the DagBag from /opt/airflow/dags/example_dag_basic.py
[2023-08-31T04:41:06.379+0000] {processor.py:839} INFO - DAG(s) dict_keys(['example_dag_basic']) retrieved from /opt/airflow/dags/example_dag_basic.py
[2023-08-31T04:41:06.920+0000] {logging_mixin.py:151} INFO - [2023-08-31T04:41:06.919+0000] {dag.py:2907} INFO - Sync 1 DAGs
[2023-08-31T04:41:06.945+0000] {logging_mixin.py:151} INFO - [2023-08-31T04:41:06.945+0000] {dag.py:3677} INFO - Setting next_dagrun for example_dag_basic to 2023-08-31T00:00:00+00:00, run_after=2023-09-01T00:00:00+00:00
[2023-08-31T04:41:06.977+0000] {processor.py:179} INFO - Processing /opt/airflow/dags/example_dag_basic.py took 0.665 seconds
[2023-08-31T04:41:37.283+0000] {processor.py:157} INFO - Started process (PID=40) to work on /opt/airflow/dags/example_dag_basic.py
[2023-08-31T04:41:37.287+0000] {processor.py:829} INFO - Processing file /opt/airflow/dags/example_dag_basic.py for tasks to queue
[2023-08-31T04:41:37.291+0000] {logging_mixin.py:151} INFO - [2023-08-31T04:41:37.291+0000] {dagbag.py:539} INFO - Filling up the DagBag from /opt/airflow/dags/example_dag_basic.py
[2023-08-31T04:41:37.324+0000] {processor.py:839} INFO - DAG(s) dict_keys(['example_dag_basic']) retrieved from /opt/airflow/dags/example_dag_basic.py
[2023-08-31T04:41:37.380+0000] {logging_mixin.py:151} INFO - [2023-08-31T04:41:37.380+0000] {dag.py:2907} INFO - Sync 1 DAGs
[2023-08-31T04:41:37.432+0000] {logging_mixin.py:151} INFO - [2023-08-31T04:41:37.432+0000] {dag.py:3677} INFO - Setting next_dagrun for example_dag_basic to 2023-08-31T00:00:00+00:00, run_after=2023-09-01T00:00:00+00:00
[2023-08-31T04:41:37.455+0000] {processor.py:179} INFO - Processing /opt/airflow/dags/example_dag_basic.py took 0.179 seconds
[2023-08-31T04:42:07.821+0000] {processor.py:157} INFO - Started process (PID=49) to work on /opt/airflow/dags/example_dag_basic.py
[2023-08-31T04:42:07.823+0000] {processor.py:829} INFO - Processing file /opt/airflow/dags/example_dag_basic.py for tasks to queue
[2023-08-31T04:42:07.825+0000] {logging_mixin.py:151} INFO - [2023-08-31T04:42:07.825+0000] {dagbag.py:539} INFO - Filling up the DagBag from /opt/airflow/dags/example_dag_basic.py
[2023-08-31T04:42:07.870+0000] {processor.py:839} INFO - DAG(s) dict_keys(['example_dag_basic']) retrieved from /opt/airflow/dags/example_dag_basic.py
[2023-08-31T04:42:07.924+0000] {logging_mixin.py:151} INFO - [2023-08-31T04:42:07.924+0000] {dag.py:2907} INFO - Sync 1 DAGs
[2023-08-31T04:42:07.967+0000] {logging_mixin.py:151} INFO - [2023-08-31T04:42:07.966+0000] {dag.py:3677} INFO - Setting next_dagrun for example_dag_basic to 2023-08-31T00:00:00+00:00, run_after=2023-09-01T00:00:00+00:00
[2023-08-31T04:42:08.177+0000] {processor.py:179} INFO - Processing /opt/airflow/dags/example_dag_basic.py took 0.360 seconds
[2023-08-31T04:42:38.645+0000] {processor.py:157} INFO - Started process (PID=59) to work on /opt/airflow/dags/example_dag_basic.py
[2023-08-31T04:42:38.647+0000] {processor.py:829} INFO - Processing file /opt/airflow/dags/example_dag_basic.py for tasks to queue
[2023-08-31T04:42:38.649+0000] {logging_mixin.py:151} INFO - [2023-08-31T04:42:38.648+0000] {dagbag.py:539} INFO - Filling up the DagBag from /opt/airflow/dags/example_dag_basic.py
[2023-08-31T04:42:38.676+0000] {processor.py:839} INFO - DAG(s) dict_keys(['example_dag_basic']) retrieved from /opt/airflow/dags/example_dag_basic.py
[2023-08-31T04:42:38.732+0000] {logging_mixin.py:151} INFO - [2023-08-31T04:42:38.731+0000] {dag.py:2907} INFO - Sync 1 DAGs
[2023-08-31T04:42:38.947+0000] {logging_mixin.py:151} INFO - [2023-08-31T04:42:38.947+0000] {dag.py:3677} INFO - Setting next_dagrun for example_dag_basic to 2023-08-31T00:00:00+00:00, run_after=2023-09-01T00:00:00+00:00
[2023-08-31T04:42:38.966+0000] {processor.py:179} INFO - Processing /opt/airflow/dags/example_dag_basic.py took 0.326 seconds
[2023-08-31T04:43:32.204+0000] {processor.py:157} INFO - Started process (PID=31) to work on /opt/airflow/dags/example_dag_basic.py
[2023-08-31T04:43:32.213+0000] {processor.py:829} INFO - Processing file /opt/airflow/dags/example_dag_basic.py for tasks to queue
[2023-08-31T04:43:32.238+0000] {logging_mixin.py:151} INFO - [2023-08-31T04:43:32.237+0000] {dagbag.py:539} INFO - Filling up the DagBag from /opt/airflow/dags/example_dag_basic.py
[2023-08-31T04:43:32.292+0000] {processor.py:839} INFO - DAG(s) dict_keys(['example_dag_basic']) retrieved from /opt/airflow/dags/example_dag_basic.py
[2023-08-31T04:43:32.893+0000] {logging_mixin.py:151} INFO - [2023-08-31T04:43:32.893+0000] {dag.py:2907} INFO - Sync 1 DAGs
[2023-08-31T04:43:32.928+0000] {logging_mixin.py:151} INFO - [2023-08-31T04:43:32.928+0000] {dag.py:3677} INFO - Setting next_dagrun for example_dag_basic to 2023-08-31T00:00:00+00:00, run_after=2023-09-01T00:00:00+00:00
[2023-08-31T04:43:32.960+0000] {processor.py:179} INFO - Processing /opt/airflow/dags/example_dag_basic.py took 0.765 seconds
[2023-08-31T04:44:03.359+0000] {processor.py:157} INFO - Started process (PID=40) to work on /opt/airflow/dags/example_dag_basic.py
[2023-08-31T04:44:03.363+0000] {processor.py:829} INFO - Processing file /opt/airflow/dags/example_dag_basic.py for tasks to queue
[2023-08-31T04:44:03.369+0000] {logging_mixin.py:151} INFO - [2023-08-31T04:44:03.368+0000] {dagbag.py:539} INFO - Filling up the DagBag from /opt/airflow/dags/example_dag_basic.py
[2023-08-31T04:44:03.404+0000] {processor.py:839} INFO - DAG(s) dict_keys(['example_dag_basic']) retrieved from /opt/airflow/dags/example_dag_basic.py
[2023-08-31T04:44:03.461+0000] {logging_mixin.py:151} INFO - [2023-08-31T04:44:03.461+0000] {dag.py:2907} INFO - Sync 1 DAGs
[2023-08-31T04:44:03.507+0000] {logging_mixin.py:151} INFO - [2023-08-31T04:44:03.506+0000] {dag.py:3677} INFO - Setting next_dagrun for example_dag_basic to 2023-08-31T00:00:00+00:00, run_after=2023-09-01T00:00:00+00:00
[2023-08-31T04:44:03.534+0000] {processor.py:179} INFO - Processing /opt/airflow/dags/example_dag_basic.py took 0.180 seconds
[2023-08-31T04:50:15.706+0000] {processor.py:157} INFO - Started process (PID=31) to work on /opt/airflow/dags/example_dag_basic.py
[2023-08-31T04:50:15.710+0000] {processor.py:829} INFO - Processing file /opt/airflow/dags/example_dag_basic.py for tasks to queue
[2023-08-31T04:50:15.720+0000] {logging_mixin.py:151} INFO - [2023-08-31T04:50:15.719+0000] {dagbag.py:539} INFO - Filling up the DagBag from /opt/airflow/dags/example_dag_basic.py
[2023-08-31T04:50:15.772+0000] {processor.py:839} INFO - DAG(s) dict_keys(['example_dag_basic']) retrieved from /opt/airflow/dags/example_dag_basic.py
[2023-08-31T04:50:16.289+0000] {logging_mixin.py:151} INFO - [2023-08-31T04:50:16.289+0000] {dag.py:2907} INFO - Sync 1 DAGs
[2023-08-31T04:50:16.321+0000] {logging_mixin.py:151} INFO - [2023-08-31T04:50:16.320+0000] {dag.py:3677} INFO - Setting next_dagrun for example_dag_basic to 2023-08-31T00:00:00+00:00, run_after=2023-09-01T00:00:00+00:00
[2023-08-31T04:50:16.351+0000] {processor.py:179} INFO - Processing /opt/airflow/dags/example_dag_basic.py took 0.652 seconds
[2023-08-31T04:50:47.185+0000] {processor.py:157} INFO - Started process (PID=40) to work on /opt/airflow/dags/example_dag_basic.py
[2023-08-31T04:50:47.189+0000] {processor.py:829} INFO - Processing file /opt/airflow/dags/example_dag_basic.py for tasks to queue
[2023-08-31T04:50:47.196+0000] {logging_mixin.py:151} INFO - [2023-08-31T04:50:47.196+0000] {dagbag.py:539} INFO - Filling up the DagBag from /opt/airflow/dags/example_dag_basic.py
[2023-08-31T04:50:47.254+0000] {processor.py:839} INFO - DAG(s) dict_keys(['example_dag_basic']) retrieved from /opt/airflow/dags/example_dag_basic.py
[2023-08-31T04:50:47.349+0000] {logging_mixin.py:151} INFO - [2023-08-31T04:50:47.348+0000] {dag.py:2907} INFO - Sync 1 DAGs
[2023-08-31T04:50:47.427+0000] {logging_mixin.py:151} INFO - [2023-08-31T04:50:47.426+0000] {dag.py:3677} INFO - Setting next_dagrun for example_dag_basic to 2023-08-31T00:00:00+00:00, run_after=2023-09-01T00:00:00+00:00
[2023-08-31T04:50:47.475+0000] {processor.py:179} INFO - Processing /opt/airflow/dags/example_dag_basic.py took 0.297 seconds
[2023-08-31T04:51:17.864+0000] {processor.py:157} INFO - Started process (PID=48) to work on /opt/airflow/dags/example_dag_basic.py
[2023-08-31T04:51:17.868+0000] {processor.py:829} INFO - Processing file /opt/airflow/dags/example_dag_basic.py for tasks to queue
[2023-08-31T04:51:17.878+0000] {logging_mixin.py:151} INFO - [2023-08-31T04:51:17.877+0000] {dagbag.py:539} INFO - Filling up the DagBag from /opt/airflow/dags/example_dag_basic.py
[2023-08-31T04:51:17.936+0000] {processor.py:839} INFO - DAG(s) dict_keys(['example_dag_basic']) retrieved from /opt/airflow/dags/example_dag_basic.py
[2023-08-31T04:51:18.022+0000] {logging_mixin.py:151} INFO - [2023-08-31T04:51:18.022+0000] {dag.py:2907} INFO - Sync 1 DAGs
[2023-08-31T04:51:18.062+0000] {logging_mixin.py:151} INFO - [2023-08-31T04:51:18.062+0000] {dag.py:3677} INFO - Setting next_dagrun for example_dag_basic to 2023-08-31T00:00:00+00:00, run_after=2023-09-01T00:00:00+00:00
[2023-08-31T04:51:18.607+0000] {processor.py:179} INFO - Processing /opt/airflow/dags/example_dag_basic.py took 0.751 seconds
[2023-08-31T04:51:49.130+0000] {processor.py:157} INFO - Started process (PID=57) to work on /opt/airflow/dags/example_dag_basic.py
[2023-08-31T04:51:49.134+0000] {processor.py:829} INFO - Processing file /opt/airflow/dags/example_dag_basic.py for tasks to queue
[2023-08-31T04:51:49.139+0000] {logging_mixin.py:151} INFO - [2023-08-31T04:51:49.138+0000] {dagbag.py:539} INFO - Filling up the DagBag from /opt/airflow/dags/example_dag_basic.py
[2023-08-31T04:51:49.164+0000] {processor.py:839} INFO - DAG(s) dict_keys(['example_dag_basic']) retrieved from /opt/airflow/dags/example_dag_basic.py
[2023-08-31T04:51:49.228+0000] {logging_mixin.py:151} INFO - [2023-08-31T04:51:49.227+0000] {dag.py:2907} INFO - Sync 1 DAGs
[2023-08-31T04:51:49.414+0000] {logging_mixin.py:151} INFO - [2023-08-31T04:51:49.414+0000] {dag.py:3677} INFO - Setting next_dagrun for example_dag_basic to 2023-08-31T00:00:00+00:00, run_after=2023-09-01T00:00:00+00:00
[2023-08-31T04:51:49.429+0000] {processor.py:179} INFO - Processing /opt/airflow/dags/example_dag_basic.py took 0.308 seconds
[2023-08-31T04:52:19.837+0000] {processor.py:157} INFO - Started process (PID=66) to work on /opt/airflow/dags/example_dag_basic.py
[2023-08-31T04:52:19.845+0000] {processor.py:829} INFO - Processing file /opt/airflow/dags/example_dag_basic.py for tasks to queue
[2023-08-31T04:52:19.852+0000] {logging_mixin.py:151} INFO - [2023-08-31T04:52:19.851+0000] {dagbag.py:539} INFO - Filling up the DagBag from /opt/airflow/dags/example_dag_basic.py
[2023-08-31T04:52:19.881+0000] {processor.py:839} INFO - DAG(s) dict_keys(['example_dag_basic']) retrieved from /opt/airflow/dags/example_dag_basic.py
[2023-08-31T04:52:20.002+0000] {logging_mixin.py:151} INFO - [2023-08-31T04:52:20.001+0000] {dag.py:2907} INFO - Sync 1 DAGs
[2023-08-31T04:52:20.421+0000] {logging_mixin.py:151} INFO - [2023-08-31T04:52:20.420+0000] {dag.py:3677} INFO - Setting next_dagrun for example_dag_basic to 2023-08-31T00:00:00+00:00, run_after=2023-09-01T00:00:00+00:00
[2023-08-31T04:52:20.446+0000] {processor.py:179} INFO - Processing /opt/airflow/dags/example_dag_basic.py took 0.620 seconds
[2023-08-31T04:52:51.153+0000] {processor.py:157} INFO - Started process (PID=75) to work on /opt/airflow/dags/example_dag_basic.py
[2023-08-31T04:52:51.155+0000] {processor.py:829} INFO - Processing file /opt/airflow/dags/example_dag_basic.py for tasks to queue
[2023-08-31T04:52:51.159+0000] {logging_mixin.py:151} INFO - [2023-08-31T04:52:51.159+0000] {dagbag.py:539} INFO - Filling up the DagBag from /opt/airflow/dags/example_dag_basic.py
[2023-08-31T04:52:51.179+0000] {processor.py:839} INFO - DAG(s) dict_keys(['example_dag_basic']) retrieved from /opt/airflow/dags/example_dag_basic.py
[2023-08-31T04:52:51.334+0000] {logging_mixin.py:151} INFO - [2023-08-31T04:52:51.333+0000] {dag.py:2907} INFO - Sync 1 DAGs
[2023-08-31T04:52:51.352+0000] {logging_mixin.py:151} INFO - [2023-08-31T04:52:51.352+0000] {dag.py:3677} INFO - Setting next_dagrun for example_dag_basic to 2023-08-31T00:00:00+00:00, run_after=2023-09-01T00:00:00+00:00
[2023-08-31T04:52:51.366+0000] {processor.py:179} INFO - Processing /opt/airflow/dags/example_dag_basic.py took 0.219 seconds
[2023-08-31T04:53:21.778+0000] {processor.py:157} INFO - Started process (PID=83) to work on /opt/airflow/dags/example_dag_basic.py
[2023-08-31T04:53:21.781+0000] {processor.py:829} INFO - Processing file /opt/airflow/dags/example_dag_basic.py for tasks to queue
[2023-08-31T04:53:21.785+0000] {logging_mixin.py:151} INFO - [2023-08-31T04:53:21.785+0000] {dagbag.py:539} INFO - Filling up the DagBag from /opt/airflow/dags/example_dag_basic.py
[2023-08-31T04:53:21.922+0000] {processor.py:839} INFO - DAG(s) dict_keys(['example_dag_basic']) retrieved from /opt/airflow/dags/example_dag_basic.py
[2023-08-31T04:53:21.951+0000] {logging_mixin.py:151} INFO - [2023-08-31T04:53:21.951+0000] {dag.py:2907} INFO - Sync 1 DAGs
[2023-08-31T04:53:21.971+0000] {logging_mixin.py:151} INFO - [2023-08-31T04:53:21.971+0000] {dag.py:3677} INFO - Setting next_dagrun for example_dag_basic to 2023-08-31T00:00:00+00:00, run_after=2023-09-01T00:00:00+00:00
[2023-08-31T04:53:21.986+0000] {processor.py:179} INFO - Processing /opt/airflow/dags/example_dag_basic.py took 0.212 seconds
[2023-08-31T04:53:52.581+0000] {processor.py:157} INFO - Started process (PID=92) to work on /opt/airflow/dags/example_dag_basic.py
[2023-08-31T04:53:52.584+0000] {processor.py:829} INFO - Processing file /opt/airflow/dags/example_dag_basic.py for tasks to queue
[2023-08-31T04:53:52.588+0000] {logging_mixin.py:151} INFO - [2023-08-31T04:53:52.588+0000] {dagbag.py:539} INFO - Filling up the DagBag from /opt/airflow/dags/example_dag_basic.py
[2023-08-31T04:53:52.609+0000] {processor.py:839} INFO - DAG(s) dict_keys(['example_dag_basic']) retrieved from /opt/airflow/dags/example_dag_basic.py
[2023-08-31T04:53:52.647+0000] {logging_mixin.py:151} INFO - [2023-08-31T04:53:52.647+0000] {dag.py:2907} INFO - Sync 1 DAGs
[2023-08-31T04:53:52.670+0000] {logging_mixin.py:151} INFO - [2023-08-31T04:53:52.670+0000] {dag.py:3677} INFO - Setting next_dagrun for example_dag_basic to 2023-08-31T00:00:00+00:00, run_after=2023-09-01T00:00:00+00:00
[2023-08-31T04:53:52.686+0000] {processor.py:179} INFO - Processing /opt/airflow/dags/example_dag_basic.py took 0.111 seconds
[2023-08-31T04:54:23.031+0000] {processor.py:157} INFO - Started process (PID=100) to work on /opt/airflow/dags/example_dag_basic.py
[2023-08-31T04:54:23.040+0000] {processor.py:829} INFO - Processing file /opt/airflow/dags/example_dag_basic.py for tasks to queue
[2023-08-31T04:54:23.046+0000] {logging_mixin.py:151} INFO - [2023-08-31T04:54:23.046+0000] {dagbag.py:539} INFO - Filling up the DagBag from /opt/airflow/dags/example_dag_basic.py
[2023-08-31T04:54:23.067+0000] {processor.py:839} INFO - DAG(s) dict_keys(['example_dag_basic']) retrieved from /opt/airflow/dags/example_dag_basic.py
[2023-08-31T04:54:23.115+0000] {logging_mixin.py:151} INFO - [2023-08-31T04:54:23.115+0000] {dag.py:2907} INFO - Sync 1 DAGs
[2023-08-31T04:54:23.145+0000] {logging_mixin.py:151} INFO - [2023-08-31T04:54:23.145+0000] {dag.py:3677} INFO - Setting next_dagrun for example_dag_basic to 2023-08-31T00:00:00+00:00, run_after=2023-09-01T00:00:00+00:00
[2023-08-31T04:54:23.167+0000] {processor.py:179} INFO - Processing /opt/airflow/dags/example_dag_basic.py took 0.141 seconds
[2023-08-31T04:54:53.530+0000] {processor.py:157} INFO - Started process (PID=109) to work on /opt/airflow/dags/example_dag_basic.py
[2023-08-31T04:54:53.532+0000] {processor.py:829} INFO - Processing file /opt/airflow/dags/example_dag_basic.py for tasks to queue
[2023-08-31T04:54:53.536+0000] {logging_mixin.py:151} INFO - [2023-08-31T04:54:53.535+0000] {dagbag.py:539} INFO - Filling up the DagBag from /opt/airflow/dags/example_dag_basic.py
[2023-08-31T04:54:53.557+0000] {processor.py:839} INFO - DAG(s) dict_keys(['example_dag_basic']) retrieved from /opt/airflow/dags/example_dag_basic.py
[2023-08-31T04:54:53.593+0000] {logging_mixin.py:151} INFO - [2023-08-31T04:54:53.593+0000] {dag.py:2907} INFO - Sync 1 DAGs
[2023-08-31T04:54:53.619+0000] {logging_mixin.py:151} INFO - [2023-08-31T04:54:53.619+0000] {dag.py:3677} INFO - Setting next_dagrun for example_dag_basic to 2023-08-31T00:00:00+00:00, run_after=2023-09-01T00:00:00+00:00
[2023-08-31T04:54:53.634+0000] {processor.py:179} INFO - Processing /opt/airflow/dags/example_dag_basic.py took 0.109 seconds
[2023-08-31T04:55:24.080+0000] {processor.py:157} INFO - Started process (PID=118) to work on /opt/airflow/dags/example_dag_basic.py
[2023-08-31T04:55:24.084+0000] {processor.py:829} INFO - Processing file /opt/airflow/dags/example_dag_basic.py for tasks to queue
[2023-08-31T04:55:24.089+0000] {logging_mixin.py:151} INFO - [2023-08-31T04:55:24.089+0000] {dagbag.py:539} INFO - Filling up the DagBag from /opt/airflow/dags/example_dag_basic.py
[2023-08-31T04:55:24.120+0000] {processor.py:839} INFO - DAG(s) dict_keys(['example_dag_basic']) retrieved from /opt/airflow/dags/example_dag_basic.py
[2023-08-31T04:55:24.171+0000] {logging_mixin.py:151} INFO - [2023-08-31T04:55:24.171+0000] {dag.py:2907} INFO - Sync 1 DAGs
[2023-08-31T04:55:24.199+0000] {logging_mixin.py:151} INFO - [2023-08-31T04:55:24.199+0000] {dag.py:3677} INFO - Setting next_dagrun for example_dag_basic to 2023-08-31T00:00:00+00:00, run_after=2023-09-01T00:00:00+00:00
[2023-08-31T04:55:24.216+0000] {processor.py:179} INFO - Processing /opt/airflow/dags/example_dag_basic.py took 0.157 seconds
[2023-08-31T04:55:54.551+0000] {processor.py:157} INFO - Started process (PID=127) to work on /opt/airflow/dags/example_dag_basic.py
[2023-08-31T04:55:54.554+0000] {processor.py:829} INFO - Processing file /opt/airflow/dags/example_dag_basic.py for tasks to queue
[2023-08-31T04:55:54.560+0000] {logging_mixin.py:151} INFO - [2023-08-31T04:55:54.559+0000] {dagbag.py:539} INFO - Filling up the DagBag from /opt/airflow/dags/example_dag_basic.py
[2023-08-31T04:55:54.579+0000] {processor.py:839} INFO - DAG(s) dict_keys(['example_dag_basic']) retrieved from /opt/airflow/dags/example_dag_basic.py
[2023-08-31T04:55:54.614+0000] {logging_mixin.py:151} INFO - [2023-08-31T04:55:54.614+0000] {dag.py:2907} INFO - Sync 1 DAGs
[2023-08-31T04:55:54.636+0000] {logging_mixin.py:151} INFO - [2023-08-31T04:55:54.635+0000] {dag.py:3677} INFO - Setting next_dagrun for example_dag_basic to 2023-08-31T00:00:00+00:00, run_after=2023-09-01T00:00:00+00:00
[2023-08-31T04:55:54.652+0000] {processor.py:179} INFO - Processing /opt/airflow/dags/example_dag_basic.py took 0.106 seconds
[2023-08-31T04:56:25.054+0000] {processor.py:157} INFO - Started process (PID=136) to work on /opt/airflow/dags/example_dag_basic.py
[2023-08-31T04:56:25.060+0000] {processor.py:829} INFO - Processing file /opt/airflow/dags/example_dag_basic.py for tasks to queue
[2023-08-31T04:56:25.067+0000] {logging_mixin.py:151} INFO - [2023-08-31T04:56:25.066+0000] {dagbag.py:539} INFO - Filling up the DagBag from /opt/airflow/dags/example_dag_basic.py
[2023-08-31T04:56:25.095+0000] {processor.py:839} INFO - DAG(s) dict_keys(['example_dag_basic']) retrieved from /opt/airflow/dags/example_dag_basic.py
[2023-08-31T04:56:25.144+0000] {logging_mixin.py:151} INFO - [2023-08-31T04:56:25.144+0000] {dag.py:2907} INFO - Sync 1 DAGs
[2023-08-31T04:56:25.168+0000] {logging_mixin.py:151} INFO - [2023-08-31T04:56:25.168+0000] {dag.py:3677} INFO - Setting next_dagrun for example_dag_basic to 2023-08-31T00:00:00+00:00, run_after=2023-09-01T00:00:00+00:00
[2023-08-31T04:56:25.186+0000] {processor.py:179} INFO - Processing /opt/airflow/dags/example_dag_basic.py took 0.142 seconds
[2023-08-31T04:56:55.536+0000] {processor.py:157} INFO - Started process (PID=145) to work on /opt/airflow/dags/example_dag_basic.py
[2023-08-31T04:56:55.539+0000] {processor.py:829} INFO - Processing file /opt/airflow/dags/example_dag_basic.py for tasks to queue
[2023-08-31T04:56:55.544+0000] {logging_mixin.py:151} INFO - [2023-08-31T04:56:55.543+0000] {dagbag.py:539} INFO - Filling up the DagBag from /opt/airflow/dags/example_dag_basic.py
[2023-08-31T04:56:55.567+0000] {processor.py:839} INFO - DAG(s) dict_keys(['example_dag_basic']) retrieved from /opt/airflow/dags/example_dag_basic.py
[2023-08-31T04:56:55.603+0000] {logging_mixin.py:151} INFO - [2023-08-31T04:56:55.603+0000] {dag.py:2907} INFO - Sync 1 DAGs
[2023-08-31T04:56:55.625+0000] {logging_mixin.py:151} INFO - [2023-08-31T04:56:55.625+0000] {dag.py:3677} INFO - Setting next_dagrun for example_dag_basic to 2023-08-31T00:00:00+00:00, run_after=2023-09-01T00:00:00+00:00
[2023-08-31T04:56:55.641+0000] {processor.py:179} INFO - Processing /opt/airflow/dags/example_dag_basic.py took 0.110 seconds
[2023-08-31T04:57:25.968+0000] {processor.py:157} INFO - Started process (PID=154) to work on /opt/airflow/dags/example_dag_basic.py
[2023-08-31T04:57:25.971+0000] {processor.py:829} INFO - Processing file /opt/airflow/dags/example_dag_basic.py for tasks to queue
[2023-08-31T04:57:25.976+0000] {logging_mixin.py:151} INFO - [2023-08-31T04:57:25.976+0000] {dagbag.py:539} INFO - Filling up the DagBag from /opt/airflow/dags/example_dag_basic.py
[2023-08-31T04:57:26.000+0000] {processor.py:839} INFO - DAG(s) dict_keys(['example_dag_basic']) retrieved from /opt/airflow/dags/example_dag_basic.py
[2023-08-31T04:57:26.039+0000] {logging_mixin.py:151} INFO - [2023-08-31T04:57:26.039+0000] {dag.py:2907} INFO - Sync 1 DAGs
[2023-08-31T04:57:26.066+0000] {logging_mixin.py:151} INFO - [2023-08-31T04:57:26.066+0000] {dag.py:3677} INFO - Setting next_dagrun for example_dag_basic to 2023-08-31T00:00:00+00:00, run_after=2023-09-01T00:00:00+00:00
[2023-08-31T04:57:26.085+0000] {processor.py:179} INFO - Processing /opt/airflow/dags/example_dag_basic.py took 0.122 seconds
[2023-08-31T04:57:56.534+0000] {processor.py:157} INFO - Started process (PID=163) to work on /opt/airflow/dags/example_dag_basic.py
[2023-08-31T04:57:56.537+0000] {processor.py:829} INFO - Processing file /opt/airflow/dags/example_dag_basic.py for tasks to queue
[2023-08-31T04:57:56.543+0000] {logging_mixin.py:151} INFO - [2023-08-31T04:57:56.542+0000] {dagbag.py:539} INFO - Filling up the DagBag from /opt/airflow/dags/example_dag_basic.py
[2023-08-31T04:57:56.568+0000] {processor.py:839} INFO - DAG(s) dict_keys(['example_dag_basic']) retrieved from /opt/airflow/dags/example_dag_basic.py
[2023-08-31T04:57:56.615+0000] {logging_mixin.py:151} INFO - [2023-08-31T04:57:56.615+0000] {dag.py:2907} INFO - Sync 1 DAGs
[2023-08-31T04:57:56.642+0000] {logging_mixin.py:151} INFO - [2023-08-31T04:57:56.642+0000] {dag.py:3677} INFO - Setting next_dagrun for example_dag_basic to 2023-08-31T00:00:00+00:00, run_after=2023-09-01T00:00:00+00:00
[2023-08-31T04:57:56.659+0000] {processor.py:179} INFO - Processing /opt/airflow/dags/example_dag_basic.py took 0.130 seconds
[2023-08-31T04:58:27.064+0000] {processor.py:157} INFO - Started process (PID=172) to work on /opt/airflow/dags/example_dag_basic.py
[2023-08-31T04:58:27.086+0000] {processor.py:829} INFO - Processing file /opt/airflow/dags/example_dag_basic.py for tasks to queue
[2023-08-31T04:58:27.107+0000] {logging_mixin.py:151} INFO - [2023-08-31T04:58:27.100+0000] {dagbag.py:539} INFO - Filling up the DagBag from /opt/airflow/dags/example_dag_basic.py
[2023-08-31T04:58:27.145+0000] {processor.py:839} INFO - DAG(s) dict_keys(['example_dag_basic']) retrieved from /opt/airflow/dags/example_dag_basic.py
[2023-08-31T04:58:27.198+0000] {logging_mixin.py:151} INFO - [2023-08-31T04:58:27.198+0000] {dag.py:2907} INFO - Sync 1 DAGs
[2023-08-31T04:58:27.226+0000] {logging_mixin.py:151} INFO - [2023-08-31T04:58:27.226+0000] {dag.py:3677} INFO - Setting next_dagrun for example_dag_basic to 2023-08-31T00:00:00+00:00, run_after=2023-09-01T00:00:00+00:00
[2023-08-31T04:58:27.244+0000] {processor.py:179} INFO - Processing /opt/airflow/dags/example_dag_basic.py took 0.186 seconds
[2023-08-31T04:58:57.748+0000] {processor.py:157} INFO - Started process (PID=181) to work on /opt/airflow/dags/example_dag_basic.py
[2023-08-31T04:58:57.750+0000] {processor.py:829} INFO - Processing file /opt/airflow/dags/example_dag_basic.py for tasks to queue
[2023-08-31T04:58:57.760+0000] {logging_mixin.py:151} INFO - [2023-08-31T04:58:57.759+0000] {dagbag.py:539} INFO - Filling up the DagBag from /opt/airflow/dags/example_dag_basic.py
[2023-08-31T04:58:57.777+0000] {processor.py:839} INFO - DAG(s) dict_keys(['example_dag_basic']) retrieved from /opt/airflow/dags/example_dag_basic.py
[2023-08-31T04:58:57.818+0000] {logging_mixin.py:151} INFO - [2023-08-31T04:58:57.818+0000] {dag.py:2907} INFO - Sync 1 DAGs
[2023-08-31T04:58:57.846+0000] {logging_mixin.py:151} INFO - [2023-08-31T04:58:57.846+0000] {dag.py:3677} INFO - Setting next_dagrun for example_dag_basic to 2023-08-31T00:00:00+00:00, run_after=2023-09-01T00:00:00+00:00
[2023-08-31T04:58:57.863+0000] {processor.py:179} INFO - Processing /opt/airflow/dags/example_dag_basic.py took 0.120 seconds
[2023-08-31T04:59:28.206+0000] {processor.py:157} INFO - Started process (PID=190) to work on /opt/airflow/dags/example_dag_basic.py
[2023-08-31T04:59:28.210+0000] {processor.py:829} INFO - Processing file /opt/airflow/dags/example_dag_basic.py for tasks to queue
[2023-08-31T04:59:28.215+0000] {logging_mixin.py:151} INFO - [2023-08-31T04:59:28.214+0000] {dagbag.py:539} INFO - Filling up the DagBag from /opt/airflow/dags/example_dag_basic.py
[2023-08-31T04:59:28.238+0000] {processor.py:839} INFO - DAG(s) dict_keys(['example_dag_basic']) retrieved from /opt/airflow/dags/example_dag_basic.py
[2023-08-31T04:59:28.279+0000] {logging_mixin.py:151} INFO - [2023-08-31T04:59:28.279+0000] {dag.py:2907} INFO - Sync 1 DAGs
[2023-08-31T04:59:28.304+0000] {logging_mixin.py:151} INFO - [2023-08-31T04:59:28.303+0000] {dag.py:3677} INFO - Setting next_dagrun for example_dag_basic to 2023-08-31T00:00:00+00:00, run_after=2023-09-01T00:00:00+00:00
[2023-08-31T04:59:28.320+0000] {processor.py:179} INFO - Processing /opt/airflow/dags/example_dag_basic.py took 0.119 seconds
[2023-08-31T04:59:58.723+0000] {processor.py:157} INFO - Started process (PID=199) to work on /opt/airflow/dags/example_dag_basic.py
[2023-08-31T04:59:58.726+0000] {processor.py:829} INFO - Processing file /opt/airflow/dags/example_dag_basic.py for tasks to queue
[2023-08-31T04:59:58.731+0000] {logging_mixin.py:151} INFO - [2023-08-31T04:59:58.731+0000] {dagbag.py:539} INFO - Filling up the DagBag from /opt/airflow/dags/example_dag_basic.py
[2023-08-31T04:59:58.750+0000] {processor.py:839} INFO - DAG(s) dict_keys(['example_dag_basic']) retrieved from /opt/airflow/dags/example_dag_basic.py
[2023-08-31T04:59:58.786+0000] {logging_mixin.py:151} INFO - [2023-08-31T04:59:58.786+0000] {dag.py:2907} INFO - Sync 1 DAGs
[2023-08-31T04:59:58.810+0000] {logging_mixin.py:151} INFO - [2023-08-31T04:59:58.809+0000] {dag.py:3677} INFO - Setting next_dagrun for example_dag_basic to 2023-08-31T00:00:00+00:00, run_after=2023-09-01T00:00:00+00:00
[2023-08-31T04:59:58.828+0000] {processor.py:179} INFO - Processing /opt/airflow/dags/example_dag_basic.py took 0.110 seconds
[2023-08-31T05:00:29.334+0000] {processor.py:157} INFO - Started process (PID=208) to work on /opt/airflow/dags/example_dag_basic.py
[2023-08-31T05:00:29.337+0000] {processor.py:829} INFO - Processing file /opt/airflow/dags/example_dag_basic.py for tasks to queue
[2023-08-31T05:00:29.342+0000] {logging_mixin.py:151} INFO - [2023-08-31T05:00:29.341+0000] {dagbag.py:539} INFO - Filling up the DagBag from /opt/airflow/dags/example_dag_basic.py
[2023-08-31T05:00:29.369+0000] {processor.py:839} INFO - DAG(s) dict_keys(['example_dag_basic']) retrieved from /opt/airflow/dags/example_dag_basic.py
[2023-08-31T05:00:29.414+0000] {logging_mixin.py:151} INFO - [2023-08-31T05:00:29.414+0000] {dag.py:2907} INFO - Sync 1 DAGs
[2023-08-31T05:00:29.442+0000] {logging_mixin.py:151} INFO - [2023-08-31T05:00:29.442+0000] {dag.py:3677} INFO - Setting next_dagrun for example_dag_basic to 2023-08-31T00:00:00+00:00, run_after=2023-09-01T00:00:00+00:00
[2023-08-31T05:00:29.459+0000] {processor.py:179} INFO - Processing /opt/airflow/dags/example_dag_basic.py took 0.131 seconds
[2023-08-31T05:01:47.963+0000] {processor.py:157} INFO - Started process (PID=32) to work on /opt/airflow/dags/example_dag_basic.py
[2023-08-31T05:01:47.970+0000] {processor.py:829} INFO - Processing file /opt/airflow/dags/example_dag_basic.py for tasks to queue
[2023-08-31T05:01:47.991+0000] {logging_mixin.py:151} INFO - [2023-08-31T05:01:47.990+0000] {dagbag.py:539} INFO - Filling up the DagBag from /opt/airflow/dags/example_dag_basic.py
[2023-08-31T05:01:48.052+0000] {processor.py:839} INFO - DAG(s) dict_keys(['example_dag_basic']) retrieved from /opt/airflow/dags/example_dag_basic.py
[2023-08-31T05:01:48.605+0000] {logging_mixin.py:151} INFO - [2023-08-31T05:01:48.604+0000] {dag.py:2907} INFO - Sync 1 DAGs
[2023-08-31T05:01:48.656+0000] {logging_mixin.py:151} INFO - [2023-08-31T05:01:48.655+0000] {dag.py:3677} INFO - Setting next_dagrun for example_dag_basic to 2023-08-31T00:00:00+00:00, run_after=2023-09-01T00:00:00+00:00
[2023-08-31T05:01:48.682+0000] {processor.py:179} INFO - Processing /opt/airflow/dags/example_dag_basic.py took 0.727 seconds
[2023-08-31T05:02:19.291+0000] {processor.py:157} INFO - Started process (PID=41) to work on /opt/airflow/dags/example_dag_basic.py
[2023-08-31T05:02:19.298+0000] {processor.py:829} INFO - Processing file /opt/airflow/dags/example_dag_basic.py for tasks to queue
[2023-08-31T05:02:19.304+0000] {logging_mixin.py:151} INFO - [2023-08-31T05:02:19.304+0000] {dagbag.py:539} INFO - Filling up the DagBag from /opt/airflow/dags/example_dag_basic.py
[2023-08-31T05:02:19.372+0000] {processor.py:839} INFO - DAG(s) dict_keys(['example_dag_basic']) retrieved from /opt/airflow/dags/example_dag_basic.py
[2023-08-31T05:02:19.470+0000] {logging_mixin.py:151} INFO - [2023-08-31T05:02:19.470+0000] {dag.py:2907} INFO - Sync 1 DAGs
[2023-08-31T05:02:19.533+0000] {logging_mixin.py:151} INFO - [2023-08-31T05:02:19.533+0000] {dag.py:3677} INFO - Setting next_dagrun for example_dag_basic to 2023-08-31T00:00:00+00:00, run_after=2023-09-01T00:00:00+00:00
[2023-08-31T05:02:19.574+0000] {processor.py:179} INFO - Processing /opt/airflow/dags/example_dag_basic.py took 0.298 seconds
[2023-08-31T05:02:49.717+0000] {processor.py:157} INFO - Started process (PID=49) to work on /opt/airflow/dags/example_dag_basic.py
[2023-08-31T05:02:49.720+0000] {processor.py:829} INFO - Processing file /opt/airflow/dags/example_dag_basic.py for tasks to queue
[2023-08-31T05:02:49.726+0000] {logging_mixin.py:151} INFO - [2023-08-31T05:02:49.725+0000] {dagbag.py:539} INFO - Filling up the DagBag from /opt/airflow/dags/example_dag_basic.py
[2023-08-31T05:02:49.781+0000] {processor.py:839} INFO - DAG(s) dict_keys(['example_dag_basic']) retrieved from /opt/airflow/dags/example_dag_basic.py
[2023-08-31T05:02:49.839+0000] {logging_mixin.py:151} INFO - [2023-08-31T05:02:49.839+0000] {dag.py:2907} INFO - Sync 1 DAGs
[2023-08-31T05:02:49.891+0000] {logging_mixin.py:151} INFO - [2023-08-31T05:02:49.891+0000] {dag.py:3677} INFO - Setting next_dagrun for example_dag_basic to 2023-08-31T00:00:00+00:00, run_after=2023-09-01T00:00:00+00:00
[2023-08-31T05:02:50.317+0000] {processor.py:179} INFO - Processing /opt/airflow/dags/example_dag_basic.py took 0.606 seconds
[2023-08-31T05:07:05.063+0000] {processor.py:157} INFO - Started process (PID=31) to work on /opt/airflow/dags/example_dag_basic.py
[2023-08-31T05:07:05.073+0000] {processor.py:829} INFO - Processing file /opt/airflow/dags/example_dag_basic.py for tasks to queue
[2023-08-31T05:07:05.080+0000] {logging_mixin.py:151} INFO - [2023-08-31T05:07:05.079+0000] {dagbag.py:539} INFO - Filling up the DagBag from /opt/airflow/dags/example_dag_basic.py
[2023-08-31T05:07:05.123+0000] {processor.py:839} INFO - DAG(s) dict_keys(['example_dag_basic']) retrieved from /opt/airflow/dags/example_dag_basic.py
[2023-08-31T05:07:05.744+0000] {logging_mixin.py:151} INFO - [2023-08-31T05:07:05.743+0000] {dag.py:2907} INFO - Sync 1 DAGs
[2023-08-31T05:07:05.776+0000] {logging_mixin.py:151} INFO - [2023-08-31T05:07:05.776+0000] {dag.py:3677} INFO - Setting next_dagrun for example_dag_basic to 2023-08-31T00:00:00+00:00, run_after=2023-09-01T00:00:00+00:00
[2023-08-31T05:07:05.814+0000] {processor.py:179} INFO - Processing /opt/airflow/dags/example_dag_basic.py took 0.776 seconds
[2023-08-31T05:07:36.309+0000] {processor.py:157} INFO - Started process (PID=40) to work on /opt/airflow/dags/example_dag_basic.py
[2023-08-31T05:07:36.312+0000] {processor.py:829} INFO - Processing file /opt/airflow/dags/example_dag_basic.py for tasks to queue
[2023-08-31T05:07:36.317+0000] {logging_mixin.py:151} INFO - [2023-08-31T05:07:36.316+0000] {dagbag.py:539} INFO - Filling up the DagBag from /opt/airflow/dags/example_dag_basic.py
[2023-08-31T05:07:36.342+0000] {processor.py:839} INFO - DAG(s) dict_keys(['example_dag_basic']) retrieved from /opt/airflow/dags/example_dag_basic.py
[2023-08-31T05:07:36.397+0000] {logging_mixin.py:151} INFO - [2023-08-31T05:07:36.397+0000] {dag.py:2907} INFO - Sync 1 DAGs
[2023-08-31T05:07:36.427+0000] {logging_mixin.py:151} INFO - [2023-08-31T05:07:36.427+0000] {dag.py:3677} INFO - Setting next_dagrun for example_dag_basic to 2023-08-31T00:00:00+00:00, run_after=2023-09-01T00:00:00+00:00
[2023-08-31T05:07:36.447+0000] {processor.py:179} INFO - Processing /opt/airflow/dags/example_dag_basic.py took 0.145 seconds
[2023-08-31T05:08:07.199+0000] {processor.py:157} INFO - Started process (PID=49) to work on /opt/airflow/dags/example_dag_basic.py
[2023-08-31T05:08:07.213+0000] {processor.py:829} INFO - Processing file /opt/airflow/dags/example_dag_basic.py for tasks to queue
[2023-08-31T05:08:07.222+0000] {logging_mixin.py:151} INFO - [2023-08-31T05:08:07.221+0000] {dagbag.py:539} INFO - Filling up the DagBag from /opt/airflow/dags/example_dag_basic.py
[2023-08-31T05:08:07.330+0000] {processor.py:839} INFO - DAG(s) dict_keys(['example_dag_basic']) retrieved from /opt/airflow/dags/example_dag_basic.py
[2023-08-31T05:08:07.492+0000] {logging_mixin.py:151} INFO - [2023-08-31T05:08:07.492+0000] {dag.py:2907} INFO - Sync 1 DAGs
[2023-08-31T05:08:07.563+0000] {logging_mixin.py:151} INFO - [2023-08-31T05:08:07.562+0000] {dag.py:3677} INFO - Setting next_dagrun for example_dag_basic to 2023-08-31T00:00:00+00:00, run_after=2023-09-01T00:00:00+00:00
[2023-08-31T05:08:08.821+0000] {processor.py:179} INFO - Processing /opt/airflow/dags/example_dag_basic.py took 1.686 seconds
[2023-08-31T05:08:39.010+0000] {processor.py:157} INFO - Started process (PID=58) to work on /opt/airflow/dags/example_dag_basic.py
[2023-08-31T05:08:39.014+0000] {processor.py:829} INFO - Processing file /opt/airflow/dags/example_dag_basic.py for tasks to queue
[2023-08-31T05:08:39.019+0000] {logging_mixin.py:151} INFO - [2023-08-31T05:08:39.018+0000] {dagbag.py:539} INFO - Filling up the DagBag from /opt/airflow/dags/example_dag_basic.py
[2023-08-31T05:08:39.057+0000] {processor.py:839} INFO - DAG(s) dict_keys(['example_dag_basic']) retrieved from /opt/airflow/dags/example_dag_basic.py
[2023-08-31T05:08:39.106+0000] {logging_mixin.py:151} INFO - [2023-08-31T05:08:39.106+0000] {dag.py:2907} INFO - Sync 1 DAGs
[2023-08-31T05:08:39.373+0000] {logging_mixin.py:151} INFO - [2023-08-31T05:08:39.373+0000] {dag.py:3677} INFO - Setting next_dagrun for example_dag_basic to 2023-08-31T00:00:00+00:00, run_after=2023-09-01T00:00:00+00:00
[2023-08-31T05:08:39.390+0000] {processor.py:179} INFO - Processing /opt/airflow/dags/example_dag_basic.py took 0.387 seconds
[2023-08-31T05:09:09.799+0000] {processor.py:157} INFO - Started process (PID=67) to work on /opt/airflow/dags/example_dag_basic.py
[2023-08-31T05:09:09.803+0000] {processor.py:829} INFO - Processing file /opt/airflow/dags/example_dag_basic.py for tasks to queue
[2023-08-31T05:09:09.809+0000] {logging_mixin.py:151} INFO - [2023-08-31T05:09:09.809+0000] {dagbag.py:539} INFO - Filling up the DagBag from /opt/airflow/dags/example_dag_basic.py
[2023-08-31T05:09:09.851+0000] {processor.py:839} INFO - DAG(s) dict_keys(['example_dag_basic']) retrieved from /opt/airflow/dags/example_dag_basic.py
[2023-08-31T05:09:09.919+0000] {logging_mixin.py:151} INFO - [2023-08-31T05:09:09.918+0000] {dag.py:2907} INFO - Sync 1 DAGs
[2023-08-31T05:09:10.217+0000] {logging_mixin.py:151} INFO - [2023-08-31T05:09:10.216+0000] {dag.py:3677} INFO - Setting next_dagrun for example_dag_basic to 2023-08-31T00:00:00+00:00, run_after=2023-09-01T00:00:00+00:00
[2023-08-31T05:09:10.239+0000] {processor.py:179} INFO - Processing /opt/airflow/dags/example_dag_basic.py took 0.447 seconds
[2023-08-31T05:09:40.406+0000] {processor.py:157} INFO - Started process (PID=76) to work on /opt/airflow/dags/example_dag_basic.py
[2023-08-31T05:09:40.409+0000] {processor.py:829} INFO - Processing file /opt/airflow/dags/example_dag_basic.py for tasks to queue
[2023-08-31T05:09:40.414+0000] {logging_mixin.py:151} INFO - [2023-08-31T05:09:40.414+0000] {dagbag.py:539} INFO - Filling up the DagBag from /opt/airflow/dags/example_dag_basic.py
[2023-08-31T05:09:40.437+0000] {processor.py:839} INFO - DAG(s) dict_keys(['example_dag_basic']) retrieved from /opt/airflow/dags/example_dag_basic.py
[2023-08-31T05:09:40.689+0000] {logging_mixin.py:151} INFO - [2023-08-31T05:09:40.689+0000] {dag.py:2907} INFO - Sync 1 DAGs
[2023-08-31T05:09:40.712+0000] {logging_mixin.py:151} INFO - [2023-08-31T05:09:40.712+0000] {dag.py:3677} INFO - Setting next_dagrun for example_dag_basic to 2023-08-31T00:00:00+00:00, run_after=2023-09-01T00:00:00+00:00
[2023-08-31T05:09:40.728+0000] {processor.py:179} INFO - Processing /opt/airflow/dags/example_dag_basic.py took 0.328 seconds
[2023-08-31T05:10:11.343+0000] {processor.py:157} INFO - Started process (PID=84) to work on /opt/airflow/dags/example_dag_basic.py
[2023-08-31T05:10:11.346+0000] {processor.py:829} INFO - Processing file /opt/airflow/dags/example_dag_basic.py for tasks to queue
[2023-08-31T05:10:11.349+0000] {logging_mixin.py:151} INFO - [2023-08-31T05:10:11.348+0000] {dagbag.py:539} INFO - Filling up the DagBag from /opt/airflow/dags/example_dag_basic.py
[2023-08-31T05:10:11.369+0000] {processor.py:839} INFO - DAG(s) dict_keys(['example_dag_basic']) retrieved from /opt/airflow/dags/example_dag_basic.py
[2023-08-31T05:10:11.407+0000] {logging_mixin.py:151} INFO - [2023-08-31T05:10:11.407+0000] {dag.py:2907} INFO - Sync 1 DAGs
[2023-08-31T05:10:11.429+0000] {logging_mixin.py:151} INFO - [2023-08-31T05:10:11.429+0000] {dag.py:3677} INFO - Setting next_dagrun for example_dag_basic to 2023-08-31T00:00:00+00:00, run_after=2023-09-01T00:00:00+00:00
[2023-08-31T05:10:11.445+0000] {processor.py:179} INFO - Processing /opt/airflow/dags/example_dag_basic.py took 0.106 seconds
[2023-08-31T05:10:41.853+0000] {processor.py:157} INFO - Started process (PID=93) to work on /opt/airflow/dags/example_dag_basic.py
[2023-08-31T05:10:41.858+0000] {processor.py:829} INFO - Processing file /opt/airflow/dags/example_dag_basic.py for tasks to queue
[2023-08-31T05:10:41.869+0000] {logging_mixin.py:151} INFO - [2023-08-31T05:10:41.868+0000] {dagbag.py:539} INFO - Filling up the DagBag from /opt/airflow/dags/example_dag_basic.py
[2023-08-31T05:10:41.916+0000] {processor.py:839} INFO - DAG(s) dict_keys(['example_dag_basic']) retrieved from /opt/airflow/dags/example_dag_basic.py
[2023-08-31T05:10:41.978+0000] {logging_mixin.py:151} INFO - [2023-08-31T05:10:41.978+0000] {dag.py:2907} INFO - Sync 1 DAGs
[2023-08-31T05:10:42.041+0000] {logging_mixin.py:151} INFO - [2023-08-31T05:10:42.041+0000] {dag.py:3677} INFO - Setting next_dagrun for example_dag_basic to 2023-08-31T00:00:00+00:00, run_after=2023-09-01T00:00:00+00:00
[2023-08-31T05:10:42.065+0000] {processor.py:179} INFO - Processing /opt/airflow/dags/example_dag_basic.py took 0.220 seconds
[2023-08-31T05:11:12.645+0000] {processor.py:157} INFO - Started process (PID=102) to work on /opt/airflow/dags/example_dag_basic.py
[2023-08-31T05:11:12.650+0000] {processor.py:829} INFO - Processing file /opt/airflow/dags/example_dag_basic.py for tasks to queue
[2023-08-31T05:11:12.664+0000] {logging_mixin.py:151} INFO - [2023-08-31T05:11:12.661+0000] {dagbag.py:539} INFO - Filling up the DagBag from /opt/airflow/dags/example_dag_basic.py
[2023-08-31T05:11:12.724+0000] {processor.py:839} INFO - DAG(s) dict_keys(['example_dag_basic']) retrieved from /opt/airflow/dags/example_dag_basic.py
[2023-08-31T05:11:12.805+0000] {logging_mixin.py:151} INFO - [2023-08-31T05:11:12.804+0000] {dag.py:2907} INFO - Sync 1 DAGs
[2023-08-31T05:11:12.859+0000] {logging_mixin.py:151} INFO - [2023-08-31T05:11:12.858+0000] {dag.py:3677} INFO - Setting next_dagrun for example_dag_basic to 2023-08-31T00:00:00+00:00, run_after=2023-09-01T00:00:00+00:00
[2023-08-31T05:11:12.913+0000] {processor.py:179} INFO - Processing /opt/airflow/dags/example_dag_basic.py took 0.278 seconds
[2023-08-31T05:11:43.428+0000] {processor.py:157} INFO - Started process (PID=111) to work on /opt/airflow/dags/example_dag_basic.py
[2023-08-31T05:11:43.433+0000] {processor.py:829} INFO - Processing file /opt/airflow/dags/example_dag_basic.py for tasks to queue
[2023-08-31T05:11:43.440+0000] {logging_mixin.py:151} INFO - [2023-08-31T05:11:43.439+0000] {dagbag.py:539} INFO - Filling up the DagBag from /opt/airflow/dags/example_dag_basic.py
[2023-08-31T05:11:43.466+0000] {processor.py:839} INFO - DAG(s) dict_keys(['example_dag_basic']) retrieved from /opt/airflow/dags/example_dag_basic.py
[2023-08-31T05:11:43.532+0000] {logging_mixin.py:151} INFO - [2023-08-31T05:11:43.532+0000] {dag.py:2907} INFO - Sync 1 DAGs
[2023-08-31T05:11:43.575+0000] {logging_mixin.py:151} INFO - [2023-08-31T05:11:43.575+0000] {dag.py:3677} INFO - Setting next_dagrun for example_dag_basic to 2023-08-31T00:00:00+00:00, run_after=2023-09-01T00:00:00+00:00
[2023-08-31T05:11:43.598+0000] {processor.py:179} INFO - Processing /opt/airflow/dags/example_dag_basic.py took 0.180 seconds
[2023-08-31T05:12:13.824+0000] {processor.py:157} INFO - Started process (PID=120) to work on /opt/airflow/dags/example_dag_basic.py
[2023-08-31T05:12:13.837+0000] {processor.py:829} INFO - Processing file /opt/airflow/dags/example_dag_basic.py for tasks to queue
[2023-08-31T05:12:13.853+0000] {logging_mixin.py:151} INFO - [2023-08-31T05:12:13.851+0000] {dagbag.py:539} INFO - Filling up the DagBag from /opt/airflow/dags/example_dag_basic.py
[2023-08-31T05:12:13.911+0000] {processor.py:839} INFO - DAG(s) dict_keys(['example_dag_basic']) retrieved from /opt/airflow/dags/example_dag_basic.py
[2023-08-31T05:12:14.049+0000] {logging_mixin.py:151} INFO - [2023-08-31T05:12:14.049+0000] {dag.py:2907} INFO - Sync 1 DAGs
[2023-08-31T05:12:14.117+0000] {logging_mixin.py:151} INFO - [2023-08-31T05:12:14.117+0000] {dag.py:3677} INFO - Setting next_dagrun for example_dag_basic to 2023-08-31T00:00:00+00:00, run_after=2023-09-01T00:00:00+00:00
[2023-08-31T05:12:14.150+0000] {processor.py:179} INFO - Processing /opt/airflow/dags/example_dag_basic.py took 0.346 seconds
[2023-08-31T05:12:44.520+0000] {processor.py:157} INFO - Started process (PID=130) to work on /opt/airflow/dags/example_dag_basic.py
[2023-08-31T05:12:44.523+0000] {processor.py:829} INFO - Processing file /opt/airflow/dags/example_dag_basic.py for tasks to queue
[2023-08-31T05:12:44.527+0000] {logging_mixin.py:151} INFO - [2023-08-31T05:12:44.527+0000] {dagbag.py:539} INFO - Filling up the DagBag from /opt/airflow/dags/example_dag_basic.py
[2023-08-31T05:12:44.546+0000] {processor.py:839} INFO - DAG(s) dict_keys(['example_dag_basic']) retrieved from /opt/airflow/dags/example_dag_basic.py
[2023-08-31T05:12:44.583+0000] {logging_mixin.py:151} INFO - [2023-08-31T05:12:44.583+0000] {dag.py:2907} INFO - Sync 1 DAGs
[2023-08-31T05:12:44.605+0000] {logging_mixin.py:151} INFO - [2023-08-31T05:12:44.605+0000] {dag.py:3677} INFO - Setting next_dagrun for example_dag_basic to 2023-08-31T00:00:00+00:00, run_after=2023-09-01T00:00:00+00:00
[2023-08-31T05:12:44.622+0000] {processor.py:179} INFO - Processing /opt/airflow/dags/example_dag_basic.py took 0.106 seconds
[2023-08-31T05:14:23.040+0000] {processor.py:157} INFO - Started process (PID=30) to work on /opt/airflow/dags/example_dag_basic.py
[2023-08-31T05:14:23.051+0000] {processor.py:829} INFO - Processing file /opt/airflow/dags/example_dag_basic.py for tasks to queue
[2023-08-31T05:14:23.057+0000] {logging_mixin.py:151} INFO - [2023-08-31T05:14:23.056+0000] {dagbag.py:539} INFO - Filling up the DagBag from /opt/airflow/dags/example_dag_basic.py
[2023-08-31T05:14:23.105+0000] {processor.py:839} INFO - DAG(s) dict_keys(['example_dag_basic']) retrieved from /opt/airflow/dags/example_dag_basic.py
[2023-08-31T05:14:23.800+0000] {logging_mixin.py:151} INFO - [2023-08-31T05:14:23.799+0000] {dag.py:2907} INFO - Sync 1 DAGs
[2023-08-31T05:14:23.870+0000] {logging_mixin.py:151} INFO - [2023-08-31T05:14:23.869+0000] {dag.py:3677} INFO - Setting next_dagrun for example_dag_basic to 2023-08-31T00:00:00+00:00, run_after=2023-09-01T00:00:00+00:00
[2023-08-31T05:14:24.125+0000] {processor.py:179} INFO - Processing /opt/airflow/dags/example_dag_basic.py took 1.098 seconds
[2023-08-31T05:14:54.972+0000] {processor.py:157} INFO - Started process (PID=40) to work on /opt/airflow/dags/example_dag_basic.py
[2023-08-31T05:14:54.986+0000] {processor.py:829} INFO - Processing file /opt/airflow/dags/example_dag_basic.py for tasks to queue
[2023-08-31T05:14:55.001+0000] {logging_mixin.py:151} INFO - [2023-08-31T05:14:55.000+0000] {dagbag.py:539} INFO - Filling up the DagBag from /opt/airflow/dags/example_dag_basic.py
[2023-08-31T05:14:55.126+0000] {processor.py:839} INFO - DAG(s) dict_keys(['example_dag_basic']) retrieved from /opt/airflow/dags/example_dag_basic.py
[2023-08-31T05:14:55.486+0000] {logging_mixin.py:151} INFO - [2023-08-31T05:14:55.483+0000] {dag.py:2907} INFO - Sync 1 DAGs
[2023-08-31T05:14:55.764+0000] {logging_mixin.py:151} INFO - [2023-08-31T05:14:55.752+0000] {dag.py:3677} INFO - Setting next_dagrun for example_dag_basic to 2023-08-31T00:00:00+00:00, run_after=2023-09-01T00:00:00+00:00
[2023-08-31T05:14:56.036+0000] {processor.py:179} INFO - Processing /opt/airflow/dags/example_dag_basic.py took 1.102 seconds
[2023-08-31T05:15:26.726+0000] {processor.py:157} INFO - Started process (PID=47) to work on /opt/airflow/dags/example_dag_basic.py
[2023-08-31T05:15:26.745+0000] {processor.py:829} INFO - Processing file /opt/airflow/dags/example_dag_basic.py for tasks to queue
[2023-08-31T05:15:26.761+0000] {logging_mixin.py:151} INFO - [2023-08-31T05:15:26.758+0000] {dagbag.py:539} INFO - Filling up the DagBag from /opt/airflow/dags/example_dag_basic.py
[2023-08-31T05:15:26.820+0000] {processor.py:839} INFO - DAG(s) dict_keys(['example_dag_basic']) retrieved from /opt/airflow/dags/example_dag_basic.py
[2023-08-31T05:15:26.912+0000] {logging_mixin.py:151} INFO - [2023-08-31T05:15:26.912+0000] {dag.py:2907} INFO - Sync 1 DAGs
[2023-08-31T05:15:26.991+0000] {logging_mixin.py:151} INFO - [2023-08-31T05:15:26.991+0000] {dag.py:3677} INFO - Setting next_dagrun for example_dag_basic to 2023-08-31T00:00:00+00:00, run_after=2023-09-01T00:00:00+00:00
[2023-08-31T05:15:27.568+0000] {processor.py:179} INFO - Processing /opt/airflow/dags/example_dag_basic.py took 0.850 seconds
[2023-08-31T05:21:10.194+0000] {processor.py:157} INFO - Started process (PID=31) to work on /opt/airflow/dags/example_dag_basic.py
[2023-08-31T05:21:10.199+0000] {processor.py:829} INFO - Processing file /opt/airflow/dags/example_dag_basic.py for tasks to queue
[2023-08-31T05:21:10.206+0000] {logging_mixin.py:151} INFO - [2023-08-31T05:21:10.204+0000] {dagbag.py:539} INFO - Filling up the DagBag from /opt/airflow/dags/example_dag_basic.py
[2023-08-31T05:21:10.241+0000] {processor.py:839} INFO - DAG(s) dict_keys(['example_dag_basic']) retrieved from /opt/airflow/dags/example_dag_basic.py
[2023-08-31T05:21:10.858+0000] {logging_mixin.py:151} INFO - [2023-08-31T05:21:10.858+0000] {dag.py:2907} INFO - Sync 1 DAGs
[2023-08-31T05:21:10.910+0000] {logging_mixin.py:151} INFO - [2023-08-31T05:21:10.910+0000] {dag.py:3677} INFO - Setting next_dagrun for example_dag_basic to 2023-08-31T00:00:00+00:00, run_after=2023-09-01T00:00:00+00:00
[2023-08-31T05:21:10.943+0000] {processor.py:179} INFO - Processing /opt/airflow/dags/example_dag_basic.py took 0.756 seconds
[2023-08-31T05:21:41.515+0000] {processor.py:157} INFO - Started process (PID=39) to work on /opt/airflow/dags/example_dag_basic.py
[2023-08-31T05:21:41.519+0000] {processor.py:829} INFO - Processing file /opt/airflow/dags/example_dag_basic.py for tasks to queue
[2023-08-31T05:21:41.524+0000] {logging_mixin.py:151} INFO - [2023-08-31T05:21:41.523+0000] {dagbag.py:539} INFO - Filling up the DagBag from /opt/airflow/dags/example_dag_basic.py
[2023-08-31T05:21:41.567+0000] {processor.py:839} INFO - DAG(s) dict_keys(['example_dag_basic']) retrieved from /opt/airflow/dags/example_dag_basic.py
[2023-08-31T05:21:41.619+0000] {logging_mixin.py:151} INFO - [2023-08-31T05:21:41.619+0000] {dag.py:2907} INFO - Sync 1 DAGs
[2023-08-31T05:21:41.651+0000] {logging_mixin.py:151} INFO - [2023-08-31T05:21:41.651+0000] {dag.py:3677} INFO - Setting next_dagrun for example_dag_basic to 2023-08-31T00:00:00+00:00, run_after=2023-09-01T00:00:00+00:00
[2023-08-31T05:21:41.671+0000] {processor.py:179} INFO - Processing /opt/airflow/dags/example_dag_basic.py took 0.162 seconds
[2023-08-31T05:22:12.192+0000] {processor.py:157} INFO - Started process (PID=47) to work on /opt/airflow/dags/example_dag_basic.py
[2023-08-31T05:22:12.202+0000] {processor.py:829} INFO - Processing file /opt/airflow/dags/example_dag_basic.py for tasks to queue
[2023-08-31T05:22:12.210+0000] {logging_mixin.py:151} INFO - [2023-08-31T05:22:12.208+0000] {dagbag.py:539} INFO - Filling up the DagBag from /opt/airflow/dags/example_dag_basic.py
[2023-08-31T05:22:12.260+0000] {processor.py:839} INFO - DAG(s) dict_keys(['example_dag_basic']) retrieved from /opt/airflow/dags/example_dag_basic.py
[2023-08-31T05:22:12.324+0000] {logging_mixin.py:151} INFO - [2023-08-31T05:22:12.324+0000] {dag.py:2907} INFO - Sync 1 DAGs
[2023-08-31T05:22:12.398+0000] {logging_mixin.py:151} INFO - [2023-08-31T05:22:12.397+0000] {dag.py:3677} INFO - Setting next_dagrun for example_dag_basic to 2023-08-31T00:00:00+00:00, run_after=2023-09-01T00:00:00+00:00
[2023-08-31T05:22:13.019+0000] {processor.py:179} INFO - Processing /opt/airflow/dags/example_dag_basic.py took 0.842 seconds
