[2023-09-01T23:24:22.360+0000] {taskinstance.py:1159} INFO - Dependencies all met for dep_context=non-requeueable deps ti=<TaskInstance: website_crawler.crawl_task scheduled__2023-08-31T00:00:00+00:00 [queued]>
[2023-09-01T23:24:22.372+0000] {taskinstance.py:1159} INFO - Dependencies all met for dep_context=requeueable deps ti=<TaskInstance: website_crawler.crawl_task scheduled__2023-08-31T00:00:00+00:00 [queued]>
[2023-09-01T23:24:22.374+0000] {taskinstance.py:1361} INFO - Starting attempt 1 of 4
[2023-09-01T23:24:22.390+0000] {taskinstance.py:1382} INFO - Executing <Task(PythonOperator): crawl_task> on 2023-08-31 00:00:00+00:00
[2023-09-01T23:24:22.401+0000] {standard_task_runner.py:57} INFO - Started process 51 to run task
[2023-09-01T23:24:22.411+0000] {standard_task_runner.py:84} INFO - Running: ['***', 'tasks', 'run', 'website_crawler', 'crawl_task', 'scheduled__2023-08-31T00:00:00+00:00', '--job-id', '189', '--raw', '--subdir', 'DAGS_FOLDER/crawl_data_using_BeautifulSoup.py', '--cfg-path', '/tmp/tmpawnqlucf']
[2023-09-01T23:24:22.421+0000] {standard_task_runner.py:85} INFO - Job 189: Subtask crawl_task
[2023-09-01T23:24:22.519+0000] {task_command.py:415} INFO - Running <TaskInstance: website_crawler.crawl_task scheduled__2023-08-31T00:00:00+00:00 [running]> on host 200bc7f91af2
[2023-09-01T23:24:22.749+0000] {taskinstance.py:1660} INFO - Exporting env vars: AIRFLOW_CTX_DAG_OWNER='***' AIRFLOW_CTX_DAG_ID='website_crawler' AIRFLOW_CTX_TASK_ID='crawl_task' AIRFLOW_CTX_EXECUTION_DATE='2023-08-31T00:00:00+00:00' AIRFLOW_CTX_TRY_NUMBER='1' AIRFLOW_CTX_DAG_RUN_ID='scheduled__2023-08-31T00:00:00+00:00'
[2023-09-01T23:24:31.240+0000] {python.py:194} INFO - Done. Returned value was: abc
[2023-09-01T23:24:31.284+0000] {taskinstance.py:1400} INFO - Marking task as SUCCESS. dag_id=website_crawler, task_id=crawl_task, execution_date=20230831T000000, start_date=20230901T232422, end_date=20230901T232431
[2023-09-01T23:24:31.361+0000] {local_task_job_runner.py:228} INFO - Task exited with return code 0
[2023-09-01T23:24:31.412+0000] {taskinstance.py:2784} INFO - 1 downstream tasks scheduled from follow-on schedule check
[2023-09-02T10:13:13.186+0000] {taskinstance.py:1159} INFO - Dependencies all met for dep_context=non-requeueable deps ti=<TaskInstance: website_crawler.crawl_task scheduled__2023-08-31T00:00:00+00:00 [queued]>
[2023-09-02T10:13:13.400+0000] {taskinstance.py:1159} INFO - Dependencies all met for dep_context=requeueable deps ti=<TaskInstance: website_crawler.crawl_task scheduled__2023-08-31T00:00:00+00:00 [queued]>
[2023-09-02T10:13:13.421+0000] {taskinstance.py:1361} INFO - Starting attempt 1 of 4
[2023-09-02T10:13:14.075+0000] {taskinstance.py:1382} INFO - Executing <Task(PythonOperator): crawl_task> on 2023-08-31 00:00:00+00:00
[2023-09-02T10:13:14.295+0000] {standard_task_runner.py:57} INFO - Started process 71 to run task
[2023-09-02T10:13:14.791+0000] {standard_task_runner.py:84} INFO - Running: ['***', 'tasks', 'run', 'website_crawler', 'crawl_task', 'scheduled__2023-08-31T00:00:00+00:00', '--job-id', '252', '--raw', '--subdir', 'DAGS_FOLDER/crawl_data_using_BeautifulSoup.py', '--cfg-path', '/tmp/tmpph4ejra3']
[2023-09-02T10:13:15.147+0000] {standard_task_runner.py:85} INFO - Job 252: Subtask crawl_task
[2023-09-02T10:13:18.860+0000] {task_command.py:415} INFO - Running <TaskInstance: website_crawler.crawl_task scheduled__2023-08-31T00:00:00+00:00 [running]> on host 9b7e267dee3b
[2023-09-02T10:13:26.953+0000] {taskinstance.py:1660} INFO - Exporting env vars: AIRFLOW_CTX_DAG_OWNER='***' AIRFLOW_CTX_DAG_ID='website_crawler' AIRFLOW_CTX_TASK_ID='crawl_task' AIRFLOW_CTX_EXECUTION_DATE='2023-08-31T00:00:00+00:00' AIRFLOW_CTX_TRY_NUMBER='1' AIRFLOW_CTX_DAG_RUN_ID='scheduled__2023-08-31T00:00:00+00:00'
[2023-09-02T10:13:45.867+0000] {local_task_job_runner.py:288} WARNING - DagRun timed out after 0:01:11.528233.
[2023-09-02T10:13:59.983+0000] {local_task_job_runner.py:288} WARNING - DagRun timed out after 0:01:25.528722.
[2023-09-02T10:14:04.333+0000] {local_task_job_runner.py:294} WARNING - State of this instance has been externally set to skipped. Terminating instance.
[2023-09-02T10:14:07.586+0000] {process_utils.py:131} INFO - Sending 15 to group 71. PIDs of all processes in the group: [71]
[2023-09-02T10:14:08.592+0000] {process_utils.py:86} INFO - Sending the signal 15 to group 71
[2023-09-02T10:14:14.306+0000] {taskinstance.py:1632} ERROR - Received SIGTERM. Terminating subprocesses.
[2023-09-02T10:14:20.938+0000] {process_utils.py:79} INFO - Process psutil.Process(pid=71, status='terminated', exitcode=0, started='10:13:13') (71) terminated with exit code 0
