[2023-08-24T10:01:08.447+0000] {taskinstance.py:1159} INFO - Dependencies all met for dep_context=non-requeueable deps ti=<TaskInstance: tutorial.templated scheduled__2023-08-23T10:00:34.081418+00:00 [queued]>
[2023-08-24T10:01:08.475+0000] {taskinstance.py:1159} INFO - Dependencies all met for dep_context=requeueable deps ti=<TaskInstance: tutorial.templated scheduled__2023-08-23T10:00:34.081418+00:00 [queued]>
[2023-08-24T10:01:08.479+0000] {taskinstance.py:1361} INFO - Starting attempt 1 of 2
[2023-08-24T10:01:08.502+0000] {taskinstance.py:1382} INFO - Executing <Task(BashOperator): templated> on 2023-08-23 10:00:34.081418+00:00
[2023-08-24T10:01:08.517+0000] {standard_task_runner.py:57} INFO - Started process 71 to run task
[2023-08-24T10:01:08.529+0000] {standard_task_runner.py:84} INFO - Running: ['***', 'tasks', 'run', 'tutorial', 'templated', 'scheduled__2023-08-23T10:00:34.081418+00:00', '--job-id', '15', '--raw', '--subdir', 'DAGS_FOLDER/tutorial.py', '--cfg-path', '/tmp/tmp_yvlk49k']
[2023-08-24T10:01:08.536+0000] {standard_task_runner.py:85} INFO - Job 15: Subtask templated
[2023-08-24T10:01:08.665+0000] {task_command.py:415} INFO - Running <TaskInstance: tutorial.templated scheduled__2023-08-23T10:00:34.081418+00:00 [running]> on host 7f1aeca48c04
[2023-08-24T10:01:08.816+0000] {taskinstance.py:1660} INFO - Exporting env vars: AIRFLOW_CTX_DAG_EMAIL='***@example.com' AIRFLOW_CTX_DAG_OWNER='***' AIRFLOW_CTX_DAG_ID='tutorial' AIRFLOW_CTX_TASK_ID='templated' AIRFLOW_CTX_EXECUTION_DATE='2023-08-23T10:00:34.081418+00:00' AIRFLOW_CTX_TRY_NUMBER='1' AIRFLOW_CTX_DAG_RUN_ID='scheduled__2023-08-23T10:00:34.081418+00:00'
[2023-08-24T10:01:08.820+0000] {subprocess.py:63} INFO - Tmp dir root location: /tmp
[2023-08-24T10:01:08.824+0000] {subprocess.py:75} INFO - Running command: ['/bin/bash', '-c', '\n\n    echo "2023-08-23"\n    echo "2023-08-30"\n\n    echo "2023-08-23"\n    echo "2023-08-30"\n\n    echo "2023-08-23"\n    echo "2023-08-30"\n\n    echo "2023-08-23"\n    echo "2023-08-30"\n\n    echo "2023-08-23"\n    echo "2023-08-30"\n']
[2023-08-24T10:01:08.846+0000] {subprocess.py:86} INFO - Output:
[2023-08-24T10:01:08.852+0000] {subprocess.py:93} INFO - 2023-08-23
[2023-08-24T10:01:08.854+0000] {subprocess.py:93} INFO - 2023-08-30
[2023-08-24T10:01:08.856+0000] {subprocess.py:93} INFO - 2023-08-23
[2023-08-24T10:01:08.858+0000] {subprocess.py:93} INFO - 2023-08-30
[2023-08-24T10:01:08.861+0000] {subprocess.py:93} INFO - 2023-08-23
[2023-08-24T10:01:08.862+0000] {subprocess.py:93} INFO - 2023-08-30
[2023-08-24T10:01:08.864+0000] {subprocess.py:93} INFO - 2023-08-23
[2023-08-24T10:01:08.866+0000] {subprocess.py:93} INFO - 2023-08-30
[2023-08-24T10:01:08.868+0000] {subprocess.py:93} INFO - 2023-08-23
[2023-08-24T10:01:08.869+0000] {subprocess.py:93} INFO - 2023-08-30
[2023-08-24T10:01:08.871+0000] {subprocess.py:97} INFO - Command exited with return code 0
[2023-08-24T10:01:08.917+0000] {taskinstance.py:1400} INFO - Marking task as SUCCESS. dag_id=tutorial, task_id=templated, execution_date=20230823T100034, start_date=20230824T100108, end_date=20230824T100108
[2023-08-24T10:01:08.951+0000] {local_task_job_runner.py:228} INFO - Task exited with return code 0
[2023-08-24T10:01:08.988+0000] {taskinstance.py:2784} INFO - 0 downstream tasks scheduled from follow-on schedule check
