[2023-09-02T13:31:31.114+0000] {taskinstance.py:1159} INFO - Dependencies all met for dep_context=non-requeueable deps ti=<TaskInstance: website_crawler.crawl_task manual__2023-09-02T13:31:28.381829+00:00 [queued]>
[2023-09-02T13:31:31.130+0000] {taskinstance.py:1159} INFO - Dependencies all met for dep_context=requeueable deps ti=<TaskInstance: website_crawler.crawl_task manual__2023-09-02T13:31:28.381829+00:00 [queued]>
[2023-09-02T13:31:31.134+0000] {taskinstance.py:1361} INFO - Starting attempt 1 of 4
[2023-09-02T13:31:31.160+0000] {taskinstance.py:1382} INFO - Executing <Task(PythonOperator): crawl_task> on 2023-09-02 13:31:28.381829+00:00
[2023-09-02T13:31:31.175+0000] {standard_task_runner.py:57} INFO - Started process 57 to run task
[2023-09-02T13:31:31.183+0000] {standard_task_runner.py:84} INFO - Running: ['***', 'tasks', 'run', 'website_crawler', 'crawl_task', 'manual__2023-09-02T13:31:28.381829+00:00', '--job-id', '271', '--raw', '--subdir', 'DAGS_FOLDER/crawl_data_using_BeautifulSoup.py', '--cfg-path', '/tmp/tmpwfog43wn']
[2023-09-02T13:31:31.191+0000] {standard_task_runner.py:85} INFO - Job 271: Subtask crawl_task
[2023-09-02T13:31:31.283+0000] {task_command.py:415} INFO - Running <TaskInstance: website_crawler.crawl_task manual__2023-09-02T13:31:28.381829+00:00 [running]> on host 9b7e267dee3b
[2023-09-02T13:31:31.458+0000] {taskinstance.py:1660} INFO - Exporting env vars: AIRFLOW_CTX_DAG_OWNER='***' AIRFLOW_CTX_DAG_ID='website_crawler' AIRFLOW_CTX_TASK_ID='crawl_task' AIRFLOW_CTX_EXECUTION_DATE='2023-09-02T13:31:28.381829+00:00' AIRFLOW_CTX_TRY_NUMBER='1' AIRFLOW_CTX_DAG_RUN_ID='manual__2023-09-02T13:31:28.381829+00:00'
[2023-09-02T13:31:34.856+0000] {crawl_data_using_BeautifulSoup.py:90} INFO - test abc
[2023-09-02T13:31:35.617+0000] {crawl_data_using_BeautifulSoup.py:100} INFO - test bcd
[2023-09-02T13:31:37.412+0000] {crawl_data_using_BeautifulSoup.py:100} INFO - test bcd
[2023-09-02T13:31:38.731+0000] {crawl_data_using_BeautifulSoup.py:100} INFO - test bcd
[2023-09-02T13:31:40.803+0000] {crawl_data_using_BeautifulSoup.py:100} INFO - test bcd
[2023-09-02T13:31:43.441+0000] {crawl_data_using_BeautifulSoup.py:100} INFO - test bcd
[2023-09-02T13:31:44.762+0000] {crawl_data_using_BeautifulSoup.py:100} INFO - test bcd
[2023-09-02T13:31:45.632+0000] {crawl_data_using_BeautifulSoup.py:100} INFO - test bcd
[2023-09-02T13:31:46.573+0000] {crawl_data_using_BeautifulSoup.py:100} INFO - test bcd
[2023-09-02T13:31:47.113+0000] {crawl_data_using_BeautifulSoup.py:100} INFO - test bcd
[2023-09-02T13:31:47.673+0000] {crawl_data_using_BeautifulSoup.py:100} INFO - test bcd
[2023-09-02T13:31:48.153+0000] {crawl_data_using_BeautifulSoup.py:100} INFO - test bcd
[2023-09-02T13:31:48.620+0000] {crawl_data_using_BeautifulSoup.py:100} INFO - test bcd
[2023-09-02T13:31:49.085+0000] {crawl_data_using_BeautifulSoup.py:100} INFO - test bcd
[2023-09-02T13:31:49.572+0000] {crawl_data_using_BeautifulSoup.py:100} INFO - test bcd
[2023-09-02T13:31:50.137+0000] {crawl_data_using_BeautifulSoup.py:100} INFO - test bcd
[2023-09-02T13:31:51.568+0000] {crawl_data_using_BeautifulSoup.py:100} INFO - test bcd
[2023-09-02T13:31:53.761+0000] {crawl_data_using_BeautifulSoup.py:100} INFO - test bcd
[2023-09-02T13:31:54.657+0000] {crawl_data_using_BeautifulSoup.py:100} INFO - test bcd
[2023-09-02T13:31:55.246+0000] {crawl_data_using_BeautifulSoup.py:100} INFO - test bcd
[2023-09-02T13:31:56.351+0000] {crawl_data_using_BeautifulSoup.py:100} INFO - test bcd
[2023-09-02T13:31:57.504+0000] {crawl_data_using_BeautifulSoup.py:100} INFO - test bcd
[2023-09-02T13:31:58.008+0000] {crawl_data_using_BeautifulSoup.py:100} INFO - test bcd
[2023-09-02T13:31:58.548+0000] {crawl_data_using_BeautifulSoup.py:100} INFO - test bcd
[2023-09-02T13:31:59.060+0000] {crawl_data_using_BeautifulSoup.py:100} INFO - test bcd
[2023-09-02T13:31:59.870+0000] {crawl_data_using_BeautifulSoup.py:100} INFO - test bcd
[2023-09-02T13:32:00.544+0000] {crawl_data_using_BeautifulSoup.py:100} INFO - test bcd
[2023-09-02T13:32:02.654+0000] {crawl_data_using_BeautifulSoup.py:100} INFO - test bcd
[2023-09-02T13:32:03.307+0000] {crawl_data_using_BeautifulSoup.py:100} INFO - test bcd
[2023-09-02T13:32:03.817+0000] {crawl_data_using_BeautifulSoup.py:100} INFO - test bcd
[2023-09-02T13:32:04.367+0000] {crawl_data_using_BeautifulSoup.py:100} INFO - test bcd
[2023-09-02T13:32:04.886+0000] {crawl_data_using_BeautifulSoup.py:100} INFO - test bcd
[2023-09-02T13:32:05.766+0000] {crawl_data_using_BeautifulSoup.py:100} INFO - test bcd
[2023-09-02T13:32:07.486+0000] {crawl_data_using_BeautifulSoup.py:100} INFO - test bcd
[2023-09-02T13:32:07.958+0000] {crawl_data_using_BeautifulSoup.py:100} INFO - test bcd
[2023-09-02T13:32:08.499+0000] {crawl_data_using_BeautifulSoup.py:100} INFO - test bcd
[2023-09-02T13:32:09.027+0000] {crawl_data_using_BeautifulSoup.py:100} INFO - test bcd
[2023-09-02T13:32:09.724+0000] {crawl_data_using_BeautifulSoup.py:100} INFO - test bcd
[2023-09-02T13:32:10.371+0000] {crawl_data_using_BeautifulSoup.py:100} INFO - test bcd
[2023-09-02T13:32:12.199+0000] {crawl_data_using_BeautifulSoup.py:100} INFO - test bcd
[2023-09-02T13:32:12.751+0000] {crawl_data_using_BeautifulSoup.py:100} INFO - test bcd
[2023-09-02T13:32:13.843+0000] {crawl_data_using_BeautifulSoup.py:100} INFO - test bcd
[2023-09-02T13:32:14.472+0000] {crawl_data_using_BeautifulSoup.py:100} INFO - test bcd
[2023-09-02T13:32:15.354+0000] {crawl_data_using_BeautifulSoup.py:100} INFO - test bcd
[2023-09-02T13:32:17.982+0000] {crawl_data_using_BeautifulSoup.py:100} INFO - test bcd
[2023-09-02T13:32:21.459+0000] {crawl_data_using_BeautifulSoup.py:100} INFO - test bcd
[2023-09-02T13:32:24.874+0000] {crawl_data_using_BeautifulSoup.py:100} INFO - test bcd
[2023-09-02T13:32:26.688+0000] {crawl_data_using_BeautifulSoup.py:100} INFO - test bcd
[2023-09-02T13:32:28.616+0000] {crawl_data_using_BeautifulSoup.py:100} INFO - test bcd
[2023-09-02T13:32:29.315+0000] {crawl_data_using_BeautifulSoup.py:100} INFO - test bcd
[2023-09-02T13:32:30.030+0000] {crawl_data_using_BeautifulSoup.py:100} INFO - test bcd
[2023-09-02T13:32:31.303+0000] {crawl_data_using_BeautifulSoup.py:100} INFO - test bcd
[2023-09-02T13:32:31.956+0000] {crawl_data_using_BeautifulSoup.py:100} INFO - test bcd
[2023-09-02T13:32:32.193+0000] {local_task_job_runner.py:288} WARNING - DagRun timed out after 0:01:02.890087.
[2023-09-02T13:32:32.526+0000] {crawl_data_using_BeautifulSoup.py:100} INFO - test bcd
[2023-09-02T13:32:33.478+0000] {crawl_data_using_BeautifulSoup.py:100} INFO - test bcd
[2023-09-02T13:32:34.250+0000] {crawl_data_using_BeautifulSoup.py:100} INFO - test bcd
[2023-09-02T13:32:34.779+0000] {crawl_data_using_BeautifulSoup.py:100} INFO - test bcd
[2023-09-02T13:32:35.277+0000] {crawl_data_using_BeautifulSoup.py:100} INFO - test bcd
[2023-09-02T13:32:36.465+0000] {crawl_data_using_BeautifulSoup.py:100} INFO - test bcd
[2023-09-02T13:32:37.061+0000] {crawl_data_using_BeautifulSoup.py:100} INFO - test bcd
[2023-09-02T13:32:37.276+0000] {local_task_job_runner.py:288} WARNING - DagRun timed out after 0:01:07.973950.
[2023-09-02T13:32:37.281+0000] {local_task_job_runner.py:294} WARNING - State of this instance has been externally set to skipped. Terminating instance.
[2023-09-02T13:32:37.292+0000] {process_utils.py:131} INFO - Sending 15 to group 57. PIDs of all processes in the group: [57]
[2023-09-02T13:32:37.295+0000] {process_utils.py:86} INFO - Sending the signal 15 to group 57
[2023-09-02T13:32:37.298+0000] {taskinstance.py:1632} ERROR - Received SIGTERM. Terminating subprocesses.
[2023-09-02T13:32:37.513+0000] {process_utils.py:79} INFO - Process psutil.Process(pid=57, status='terminated', exitcode=0, started='13:31:31') (57) terminated with exit code 0
