[2023-08-25T07:31:05.356+0000] {taskinstance.py:1159} INFO - Dependencies all met for dep_context=non-requeueable deps ti=<TaskInstance: tutorial.templated manual__2023-08-25T07:31:01.386374+00:00 [queued]>
[2023-08-25T07:31:05.367+0000] {taskinstance.py:1159} INFO - Dependencies all met for dep_context=requeueable deps ti=<TaskInstance: tutorial.templated manual__2023-08-25T07:31:01.386374+00:00 [queued]>
[2023-08-25T07:31:05.369+0000] {taskinstance.py:1361} INFO - Starting attempt 1 of 2
[2023-08-25T07:31:05.406+0000] {taskinstance.py:1382} INFO - Executing <Task(BashOperator): templated> on 2023-08-25 07:31:01.386374+00:00
[2023-08-25T07:31:05.426+0000] {standard_task_runner.py:57} INFO - Started process 1061 to run task
[2023-08-25T07:31:05.436+0000] {standard_task_runner.py:84} INFO - Running: ['***', 'tasks', 'run', 'tutorial', 'templated', 'manual__2023-08-25T07:31:01.386374+00:00', '--job-id', '25', '--raw', '--subdir', 'DAGS_FOLDER/tutorial.py', '--cfg-path', '/tmp/tmptx1ig34m']
[2023-08-25T07:31:05.440+0000] {standard_task_runner.py:85} INFO - Job 25: Subtask templated
[2023-08-25T07:31:05.594+0000] {task_command.py:415} INFO - Running <TaskInstance: tutorial.templated manual__2023-08-25T07:31:01.386374+00:00 [running]> on host 1fd6df84273f
[2023-08-25T07:31:05.734+0000] {taskinstance.py:1660} INFO - Exporting env vars: AIRFLOW_CTX_DAG_EMAIL='***@example.com' AIRFLOW_CTX_DAG_OWNER='***' AIRFLOW_CTX_DAG_ID='tutorial' AIRFLOW_CTX_TASK_ID='templated' AIRFLOW_CTX_EXECUTION_DATE='2023-08-25T07:31:01.386374+00:00' AIRFLOW_CTX_TRY_NUMBER='1' AIRFLOW_CTX_DAG_RUN_ID='manual__2023-08-25T07:31:01.386374+00:00'
[2023-08-25T07:31:05.741+0000] {subprocess.py:63} INFO - Tmp dir root location: /tmp
[2023-08-25T07:31:05.746+0000] {subprocess.py:75} INFO - Running command: ['/bin/bash', '-c', '\n\n    echo "2023-08-25"\n    echo "2023-09-01"\n\n    echo "2023-08-25"\n    echo "2023-09-01"\n\n    echo "2023-08-25"\n    echo "2023-09-01"\n\n    echo "2023-08-25"\n    echo "2023-09-01"\n\n    echo "2023-08-25"\n    echo "2023-09-01"\n']
[2023-08-25T07:31:05.763+0000] {subprocess.py:86} INFO - Output:
[2023-08-25T07:31:05.768+0000] {subprocess.py:93} INFO - 2023-08-25
[2023-08-25T07:31:05.771+0000] {subprocess.py:93} INFO - 2023-09-01
[2023-08-25T07:31:05.773+0000] {subprocess.py:93} INFO - 2023-08-25
[2023-08-25T07:31:05.775+0000] {subprocess.py:93} INFO - 2023-09-01
[2023-08-25T07:31:05.777+0000] {subprocess.py:93} INFO - 2023-08-25
[2023-08-25T07:31:05.779+0000] {subprocess.py:93} INFO - 2023-09-01
[2023-08-25T07:31:05.782+0000] {subprocess.py:93} INFO - 2023-08-25
[2023-08-25T07:31:05.784+0000] {subprocess.py:93} INFO - 2023-09-01
[2023-08-25T07:31:05.785+0000] {subprocess.py:93} INFO - 2023-08-25
[2023-08-25T07:31:05.788+0000] {subprocess.py:93} INFO - 2023-09-01
[2023-08-25T07:31:05.789+0000] {subprocess.py:97} INFO - Command exited with return code 0
[2023-08-25T07:31:05.830+0000] {taskinstance.py:1400} INFO - Marking task as SUCCESS. dag_id=tutorial, task_id=templated, execution_date=20230825T073101, start_date=20230825T073105, end_date=20230825T073105
[2023-08-25T07:31:05.896+0000] {local_task_job_runner.py:228} INFO - Task exited with return code 0
[2023-08-25T07:31:05.927+0000] {taskinstance.py:2784} INFO - 0 downstream tasks scheduled from follow-on schedule check
