[2023-08-24T09:28:18.540+0000] {processor.py:157} INFO - Started process (PID=38) to work on /opt/airflow/dags/example_dag_basic.py
[2023-08-24T09:28:18.564+0000] {processor.py:829} INFO - Processing file /opt/airflow/dags/example_dag_basic.py for tasks to queue
[2023-08-24T09:28:18.645+0000] {logging_mixin.py:151} INFO - [2023-08-24T09:28:18.632+0000] {dagbag.py:539} INFO - Filling up the DagBag from /opt/airflow/dags/example_dag_basic.py
[2023-08-24T09:28:19.142+0000] {processor.py:839} INFO - DAG(s) dict_keys(['example_dag_basic']) retrieved from /opt/airflow/dags/example_dag_basic.py
[2023-08-24T09:28:25.134+0000] {logging_mixin.py:151} INFO - [2023-08-24T09:28:25.108+0000] {manager.py:501} INFO - Created Permission View: can read on DAG:example_dag_basic
[2023-08-24T09:28:25.342+0000] {logging_mixin.py:151} INFO - [2023-08-24T09:28:25.337+0000] {manager.py:501} INFO - Created Permission View: can edit on DAG:example_dag_basic
[2023-08-24T09:28:25.459+0000] {logging_mixin.py:151} INFO - [2023-08-24T09:28:25.458+0000] {manager.py:501} INFO - Created Permission View: can delete on DAG:example_dag_basic
[2023-08-24T09:28:25.582+0000] {logging_mixin.py:151} INFO - [2023-08-24T09:28:25.580+0000] {dag.py:2907} INFO - Sync 1 DAGs
[2023-08-24T09:28:25.712+0000] {logging_mixin.py:151} INFO - [2023-08-24T09:28:25.711+0000] {dag.py:2929} INFO - Creating ORM DAG for example_dag_basic
[2023-08-24T09:28:25.962+0000] {logging_mixin.py:151} INFO - [2023-08-24T09:28:25.961+0000] {dag.py:3677} INFO - Setting next_dagrun for example_dag_basic to 2023-08-23T00:00:00+00:00, run_after=2023-08-24T00:00:00+00:00
[2023-08-24T09:28:26.448+0000] {processor.py:179} INFO - Processing /opt/airflow/dags/example_dag_basic.py took 7.981 seconds
[2023-08-24T09:30:28.506+0000] {processor.py:157} INFO - Started process (PID=121) to work on /opt/airflow/dags/example_dag_basic.py
[2023-08-24T09:30:28.526+0000] {processor.py:829} INFO - Processing file /opt/airflow/dags/example_dag_basic.py for tasks to queue
[2023-08-24T09:30:28.560+0000] {logging_mixin.py:151} INFO - [2023-08-24T09:30:28.556+0000] {dagbag.py:539} INFO - Filling up the DagBag from /opt/airflow/dags/example_dag_basic.py
[2023-08-24T09:30:28.893+0000] {processor.py:839} INFO - DAG(s) dict_keys(['example_dag_basic']) retrieved from /opt/airflow/dags/example_dag_basic.py
[2023-08-24T09:30:29.351+0000] {logging_mixin.py:151} INFO - [2023-08-24T09:30:29.350+0000] {dag.py:2907} INFO - Sync 1 DAGs
[2023-08-24T09:30:30.388+0000] {logging_mixin.py:151} INFO - [2023-08-24T09:30:30.361+0000] {dag.py:3677} INFO - Setting next_dagrun for example_dag_basic to 2023-08-23T00:00:00+00:00, run_after=2023-08-24T00:00:00+00:00
[2023-08-24T09:30:30.758+0000] {processor.py:179} INFO - Processing /opt/airflow/dags/example_dag_basic.py took 2.406 seconds
[2023-08-24T09:31:09.449+0000] {processor.py:157} INFO - Started process (PID=159) to work on /opt/airflow/dags/example_dag_basic.py
[2023-08-24T09:31:09.561+0000] {processor.py:829} INFO - Processing file /opt/airflow/dags/example_dag_basic.py for tasks to queue
[2023-08-24T09:31:09.612+0000] {logging_mixin.py:151} INFO - [2023-08-24T09:31:09.602+0000] {dagbag.py:539} INFO - Filling up the DagBag from /opt/airflow/dags/example_dag_basic.py
[2023-08-24T09:31:10.074+0000] {processor.py:839} INFO - DAG(s) dict_keys(['example_dag_basic']) retrieved from /opt/airflow/dags/example_dag_basic.py
[2023-08-24T09:31:10.380+0000] {logging_mixin.py:151} INFO - [2023-08-24T09:31:10.379+0000] {dag.py:2907} INFO - Sync 1 DAGs
[2023-08-24T09:31:10.554+0000] {logging_mixin.py:151} INFO - [2023-08-24T09:31:10.554+0000] {dag.py:3677} INFO - Setting next_dagrun for example_dag_basic to 2023-08-23T00:00:00+00:00, run_after=2023-08-24T00:00:00+00:00
[2023-08-24T09:31:10.708+0000] {processor.py:179} INFO - Processing /opt/airflow/dags/example_dag_basic.py took 1.543 seconds
[2023-08-24T09:31:48.900+0000] {processor.py:157} INFO - Started process (PID=215) to work on /opt/airflow/dags/example_dag_basic.py
[2023-08-24T09:31:48.910+0000] {processor.py:829} INFO - Processing file /opt/airflow/dags/example_dag_basic.py for tasks to queue
[2023-08-24T09:31:48.965+0000] {logging_mixin.py:151} INFO - [2023-08-24T09:31:48.964+0000] {dagbag.py:539} INFO - Filling up the DagBag from /opt/airflow/dags/example_dag_basic.py
[2023-08-24T09:31:49.759+0000] {processor.py:839} INFO - DAG(s) dict_keys(['example_dag_basic']) retrieved from /opt/airflow/dags/example_dag_basic.py
[2023-08-24T09:31:50.555+0000] {logging_mixin.py:151} INFO - [2023-08-24T09:31:50.542+0000] {dag.py:2907} INFO - Sync 1 DAGs
[2023-08-24T09:31:51.396+0000] {logging_mixin.py:151} INFO - [2023-08-24T09:31:51.390+0000] {dag.py:3677} INFO - Setting next_dagrun for example_dag_basic to 2023-08-23T00:00:00+00:00, run_after=2023-08-24T00:00:00+00:00
[2023-08-24T09:31:51.766+0000] {processor.py:179} INFO - Processing /opt/airflow/dags/example_dag_basic.py took 3.017 seconds
[2023-08-24T09:32:53.980+0000] {processor.py:157} INFO - Started process (PID=263) to work on /opt/airflow/dags/example_dag_basic.py
[2023-08-24T09:32:54.009+0000] {processor.py:829} INFO - Processing file /opt/airflow/dags/example_dag_basic.py for tasks to queue
[2023-08-24T09:32:54.038+0000] {logging_mixin.py:151} INFO - [2023-08-24T09:32:54.036+0000] {dagbag.py:539} INFO - Filling up the DagBag from /opt/airflow/dags/example_dag_basic.py
[2023-08-24T09:32:54.322+0000] {processor.py:839} INFO - DAG(s) dict_keys(['example_dag_basic']) retrieved from /opt/airflow/dags/example_dag_basic.py
[2023-08-24T09:32:54.614+0000] {logging_mixin.py:151} INFO - [2023-08-24T09:32:54.612+0000] {dag.py:2907} INFO - Sync 1 DAGs
[2023-08-24T09:32:54.918+0000] {logging_mixin.py:151} INFO - [2023-08-24T09:32:54.914+0000] {dag.py:3677} INFO - Setting next_dagrun for example_dag_basic to 2023-08-23T00:00:00+00:00, run_after=2023-08-24T00:00:00+00:00
[2023-08-24T09:32:55.143+0000] {processor.py:179} INFO - Processing /opt/airflow/dags/example_dag_basic.py took 1.209 seconds
[2023-08-24T09:33:49.516+0000] {processor.py:157} INFO - Started process (PID=321) to work on /opt/airflow/dags/example_dag_basic.py
[2023-08-24T09:33:49.521+0000] {processor.py:829} INFO - Processing file /opt/airflow/dags/example_dag_basic.py for tasks to queue
[2023-08-24T09:33:49.530+0000] {logging_mixin.py:151} INFO - [2023-08-24T09:33:49.529+0000] {dagbag.py:539} INFO - Filling up the DagBag from /opt/airflow/dags/example_dag_basic.py
[2023-08-24T09:33:49.646+0000] {processor.py:839} INFO - DAG(s) dict_keys(['example_dag_basic']) retrieved from /opt/airflow/dags/example_dag_basic.py
[2023-08-24T09:33:49.784+0000] {logging_mixin.py:151} INFO - [2023-08-24T09:33:49.783+0000] {dag.py:2907} INFO - Sync 1 DAGs
[2023-08-24T09:33:49.958+0000] {logging_mixin.py:151} INFO - [2023-08-24T09:33:49.957+0000] {dag.py:3677} INFO - Setting next_dagrun for example_dag_basic to 2023-08-23T00:00:00+00:00, run_after=2023-08-24T00:00:00+00:00
[2023-08-24T09:33:50.076+0000] {processor.py:179} INFO - Processing /opt/airflow/dags/example_dag_basic.py took 0.581 seconds
[2023-08-24T09:34:20.672+0000] {processor.py:157} INFO - Started process (PID=377) to work on /opt/airflow/dags/example_dag_basic.py
[2023-08-24T09:34:20.678+0000] {processor.py:829} INFO - Processing file /opt/airflow/dags/example_dag_basic.py for tasks to queue
[2023-08-24T09:34:20.682+0000] {logging_mixin.py:151} INFO - [2023-08-24T09:34:20.681+0000] {dagbag.py:539} INFO - Filling up the DagBag from /opt/airflow/dags/example_dag_basic.py
[2023-08-24T09:34:20.703+0000] {processor.py:839} INFO - DAG(s) dict_keys(['example_dag_basic']) retrieved from /opt/airflow/dags/example_dag_basic.py
[2023-08-24T09:34:20.742+0000] {logging_mixin.py:151} INFO - [2023-08-24T09:34:20.741+0000] {dag.py:2907} INFO - Sync 1 DAGs
[2023-08-24T09:34:20.772+0000] {logging_mixin.py:151} INFO - [2023-08-24T09:34:20.771+0000] {dag.py:3677} INFO - Setting next_dagrun for example_dag_basic to 2023-08-23T00:00:00+00:00, run_after=2023-08-24T00:00:00+00:00
[2023-08-24T09:34:20.790+0000] {processor.py:179} INFO - Processing /opt/airflow/dags/example_dag_basic.py took 0.126 seconds
[2023-08-24T09:34:50.889+0000] {processor.py:157} INFO - Started process (PID=432) to work on /opt/airflow/dags/example_dag_basic.py
[2023-08-24T09:34:50.893+0000] {processor.py:829} INFO - Processing file /opt/airflow/dags/example_dag_basic.py for tasks to queue
[2023-08-24T09:34:50.897+0000] {logging_mixin.py:151} INFO - [2023-08-24T09:34:50.896+0000] {dagbag.py:539} INFO - Filling up the DagBag from /opt/airflow/dags/example_dag_basic.py
[2023-08-24T09:34:50.917+0000] {processor.py:839} INFO - DAG(s) dict_keys(['example_dag_basic']) retrieved from /opt/airflow/dags/example_dag_basic.py
[2023-08-24T09:34:50.952+0000] {logging_mixin.py:151} INFO - [2023-08-24T09:34:50.952+0000] {dag.py:2907} INFO - Sync 1 DAGs
[2023-08-24T09:34:50.986+0000] {logging_mixin.py:151} INFO - [2023-08-24T09:34:50.986+0000] {dag.py:3677} INFO - Setting next_dagrun for example_dag_basic to 2023-08-23T00:00:00+00:00, run_after=2023-08-24T00:00:00+00:00
[2023-08-24T09:34:51.010+0000] {processor.py:179} INFO - Processing /opt/airflow/dags/example_dag_basic.py took 0.126 seconds
[2023-08-24T09:35:21.100+0000] {processor.py:157} INFO - Started process (PID=487) to work on /opt/airflow/dags/example_dag_basic.py
[2023-08-24T09:35:21.103+0000] {processor.py:829} INFO - Processing file /opt/airflow/dags/example_dag_basic.py for tasks to queue
[2023-08-24T09:35:21.108+0000] {logging_mixin.py:151} INFO - [2023-08-24T09:35:21.107+0000] {dagbag.py:539} INFO - Filling up the DagBag from /opt/airflow/dags/example_dag_basic.py
[2023-08-24T09:35:21.133+0000] {processor.py:839} INFO - DAG(s) dict_keys(['example_dag_basic']) retrieved from /opt/airflow/dags/example_dag_basic.py
[2023-08-24T09:35:21.169+0000] {logging_mixin.py:151} INFO - [2023-08-24T09:35:21.169+0000] {dag.py:2907} INFO - Sync 1 DAGs
[2023-08-24T09:35:21.193+0000] {logging_mixin.py:151} INFO - [2023-08-24T09:35:21.193+0000] {dag.py:3677} INFO - Setting next_dagrun for example_dag_basic to 2023-08-23T00:00:00+00:00, run_after=2023-08-24T00:00:00+00:00
[2023-08-24T09:35:21.212+0000] {processor.py:179} INFO - Processing /opt/airflow/dags/example_dag_basic.py took 0.117 seconds
[2023-08-24T09:35:51.750+0000] {processor.py:157} INFO - Started process (PID=542) to work on /opt/airflow/dags/example_dag_basic.py
[2023-08-24T09:35:51.753+0000] {processor.py:829} INFO - Processing file /opt/airflow/dags/example_dag_basic.py for tasks to queue
[2023-08-24T09:35:51.758+0000] {logging_mixin.py:151} INFO - [2023-08-24T09:35:51.758+0000] {dagbag.py:539} INFO - Filling up the DagBag from /opt/airflow/dags/example_dag_basic.py
[2023-08-24T09:35:51.776+0000] {processor.py:839} INFO - DAG(s) dict_keys(['example_dag_basic']) retrieved from /opt/airflow/dags/example_dag_basic.py
[2023-08-24T09:35:51.806+0000] {logging_mixin.py:151} INFO - [2023-08-24T09:35:51.805+0000] {dag.py:2907} INFO - Sync 1 DAGs
[2023-08-24T09:35:51.845+0000] {logging_mixin.py:151} INFO - [2023-08-24T09:35:51.844+0000] {dag.py:3677} INFO - Setting next_dagrun for example_dag_basic to 2023-08-23T00:00:00+00:00, run_after=2023-08-24T00:00:00+00:00
[2023-08-24T09:35:51.867+0000] {processor.py:179} INFO - Processing /opt/airflow/dags/example_dag_basic.py took 0.122 seconds
[2023-08-24T09:36:21.965+0000] {processor.py:157} INFO - Started process (PID=598) to work on /opt/airflow/dags/example_dag_basic.py
[2023-08-24T09:36:21.968+0000] {processor.py:829} INFO - Processing file /opt/airflow/dags/example_dag_basic.py for tasks to queue
[2023-08-24T09:36:21.973+0000] {logging_mixin.py:151} INFO - [2023-08-24T09:36:21.972+0000] {dagbag.py:539} INFO - Filling up the DagBag from /opt/airflow/dags/example_dag_basic.py
[2023-08-24T09:36:21.992+0000] {processor.py:839} INFO - DAG(s) dict_keys(['example_dag_basic']) retrieved from /opt/airflow/dags/example_dag_basic.py
[2023-08-24T09:36:22.024+0000] {logging_mixin.py:151} INFO - [2023-08-24T09:36:22.024+0000] {dag.py:2907} INFO - Sync 1 DAGs
[2023-08-24T09:36:22.050+0000] {logging_mixin.py:151} INFO - [2023-08-24T09:36:22.050+0000] {dag.py:3677} INFO - Setting next_dagrun for example_dag_basic to 2023-08-23T00:00:00+00:00, run_after=2023-08-24T00:00:00+00:00
[2023-08-24T09:36:22.074+0000] {processor.py:179} INFO - Processing /opt/airflow/dags/example_dag_basic.py took 0.114 seconds
[2023-08-24T09:36:52.242+0000] {processor.py:157} INFO - Started process (PID=654) to work on /opt/airflow/dags/example_dag_basic.py
[2023-08-24T09:36:52.246+0000] {processor.py:829} INFO - Processing file /opt/airflow/dags/example_dag_basic.py for tasks to queue
[2023-08-24T09:36:52.253+0000] {logging_mixin.py:151} INFO - [2023-08-24T09:36:52.252+0000] {dagbag.py:539} INFO - Filling up the DagBag from /opt/airflow/dags/example_dag_basic.py
[2023-08-24T09:36:52.282+0000] {processor.py:839} INFO - DAG(s) dict_keys(['example_dag_basic']) retrieved from /opt/airflow/dags/example_dag_basic.py
[2023-08-24T09:36:52.315+0000] {logging_mixin.py:151} INFO - [2023-08-24T09:36:52.315+0000] {dag.py:2907} INFO - Sync 1 DAGs
[2023-08-24T09:36:52.347+0000] {logging_mixin.py:151} INFO - [2023-08-24T09:36:52.347+0000] {dag.py:3677} INFO - Setting next_dagrun for example_dag_basic to 2023-08-23T00:00:00+00:00, run_after=2023-08-24T00:00:00+00:00
[2023-08-24T09:36:52.372+0000] {processor.py:179} INFO - Processing /opt/airflow/dags/example_dag_basic.py took 0.140 seconds
[2023-08-24T09:38:04.647+0000] {processor.py:157} INFO - Started process (PID=32) to work on /opt/airflow/dags/example_dag_basic.py
[2023-08-24T09:38:04.651+0000] {processor.py:829} INFO - Processing file /opt/airflow/dags/example_dag_basic.py for tasks to queue
[2023-08-24T09:38:04.660+0000] {logging_mixin.py:151} INFO - [2023-08-24T09:38:04.658+0000] {dagbag.py:539} INFO - Filling up the DagBag from /opt/airflow/dags/example_dag_basic.py
[2023-08-24T09:38:04.723+0000] {processor.py:839} INFO - DAG(s) dict_keys(['example_dag_basic']) retrieved from /opt/airflow/dags/example_dag_basic.py
[2023-08-24T09:38:05.400+0000] {logging_mixin.py:151} INFO - [2023-08-24T09:38:05.399+0000] {dag.py:2907} INFO - Sync 1 DAGs
[2023-08-24T09:38:05.449+0000] {logging_mixin.py:151} INFO - [2023-08-24T09:38:05.449+0000] {dag.py:3677} INFO - Setting next_dagrun for example_dag_basic to 2023-08-23T00:00:00+00:00, run_after=2023-08-24T00:00:00+00:00
[2023-08-24T09:38:05.490+0000] {processor.py:179} INFO - Processing /opt/airflow/dags/example_dag_basic.py took 0.858 seconds
[2023-08-24T09:38:35.924+0000] {processor.py:157} INFO - Started process (PID=41) to work on /opt/airflow/dags/example_dag_basic.py
[2023-08-24T09:38:35.930+0000] {processor.py:829} INFO - Processing file /opt/airflow/dags/example_dag_basic.py for tasks to queue
[2023-08-24T09:38:35.936+0000] {logging_mixin.py:151} INFO - [2023-08-24T09:38:35.936+0000] {dagbag.py:539} INFO - Filling up the DagBag from /opt/airflow/dags/example_dag_basic.py
[2023-08-24T09:38:35.976+0000] {processor.py:839} INFO - DAG(s) dict_keys(['example_dag_basic']) retrieved from /opt/airflow/dags/example_dag_basic.py
[2023-08-24T09:38:36.026+0000] {logging_mixin.py:151} INFO - [2023-08-24T09:38:36.026+0000] {dag.py:2907} INFO - Sync 1 DAGs
[2023-08-24T09:38:36.062+0000] {logging_mixin.py:151} INFO - [2023-08-24T09:38:36.061+0000] {dag.py:3677} INFO - Setting next_dagrun for example_dag_basic to 2023-08-23T00:00:00+00:00, run_after=2023-08-24T00:00:00+00:00
[2023-08-24T09:38:36.084+0000] {processor.py:179} INFO - Processing /opt/airflow/dags/example_dag_basic.py took 0.177 seconds
[2023-08-24T09:39:06.577+0000] {processor.py:157} INFO - Started process (PID=50) to work on /opt/airflow/dags/example_dag_basic.py
[2023-08-24T09:39:06.580+0000] {processor.py:829} INFO - Processing file /opt/airflow/dags/example_dag_basic.py for tasks to queue
[2023-08-24T09:39:06.584+0000] {logging_mixin.py:151} INFO - [2023-08-24T09:39:06.583+0000] {dagbag.py:539} INFO - Filling up the DagBag from /opt/airflow/dags/example_dag_basic.py
[2023-08-24T09:39:06.611+0000] {processor.py:839} INFO - DAG(s) dict_keys(['example_dag_basic']) retrieved from /opt/airflow/dags/example_dag_basic.py
[2023-08-24T09:39:06.665+0000] {logging_mixin.py:151} INFO - [2023-08-24T09:39:06.665+0000] {dag.py:2907} INFO - Sync 1 DAGs
[2023-08-24T09:39:06.711+0000] {logging_mixin.py:151} INFO - [2023-08-24T09:39:06.711+0000] {dag.py:3677} INFO - Setting next_dagrun for example_dag_basic to 2023-08-23T00:00:00+00:00, run_after=2023-08-24T00:00:00+00:00
[2023-08-24T09:39:06.736+0000] {processor.py:179} INFO - Processing /opt/airflow/dags/example_dag_basic.py took 0.164 seconds
[2023-08-24T09:39:37.209+0000] {processor.py:157} INFO - Started process (PID=59) to work on /opt/airflow/dags/example_dag_basic.py
[2023-08-24T09:39:37.213+0000] {processor.py:829} INFO - Processing file /opt/airflow/dags/example_dag_basic.py for tasks to queue
[2023-08-24T09:39:37.221+0000] {logging_mixin.py:151} INFO - [2023-08-24T09:39:37.220+0000] {dagbag.py:539} INFO - Filling up the DagBag from /opt/airflow/dags/example_dag_basic.py
[2023-08-24T09:39:37.252+0000] {processor.py:839} INFO - DAG(s) dict_keys(['example_dag_basic']) retrieved from /opt/airflow/dags/example_dag_basic.py
[2023-08-24T09:39:37.331+0000] {logging_mixin.py:151} INFO - [2023-08-24T09:39:37.331+0000] {dag.py:2907} INFO - Sync 1 DAGs
[2023-08-24T09:39:37.365+0000] {logging_mixin.py:151} INFO - [2023-08-24T09:39:37.365+0000] {dag.py:3677} INFO - Setting next_dagrun for example_dag_basic to 2023-08-23T00:00:00+00:00, run_after=2023-08-24T00:00:00+00:00
[2023-08-24T09:39:37.386+0000] {processor.py:179} INFO - Processing /opt/airflow/dags/example_dag_basic.py took 0.183 seconds
[2023-08-24T09:40:07.766+0000] {processor.py:157} INFO - Started process (PID=68) to work on /opt/airflow/dags/example_dag_basic.py
[2023-08-24T09:40:07.769+0000] {processor.py:829} INFO - Processing file /opt/airflow/dags/example_dag_basic.py for tasks to queue
[2023-08-24T09:40:07.777+0000] {logging_mixin.py:151} INFO - [2023-08-24T09:40:07.776+0000] {dagbag.py:539} INFO - Filling up the DagBag from /opt/airflow/dags/example_dag_basic.py
[2023-08-24T09:40:07.838+0000] {processor.py:839} INFO - DAG(s) dict_keys(['example_dag_basic']) retrieved from /opt/airflow/dags/example_dag_basic.py
[2023-08-24T09:40:07.924+0000] {logging_mixin.py:151} INFO - [2023-08-24T09:40:07.924+0000] {dag.py:2907} INFO - Sync 1 DAGs
[2023-08-24T09:40:07.993+0000] {logging_mixin.py:151} INFO - [2023-08-24T09:40:07.992+0000] {dag.py:3677} INFO - Setting next_dagrun for example_dag_basic to 2023-08-23T00:00:00+00:00, run_after=2023-08-24T00:00:00+00:00
[2023-08-24T09:40:08.051+0000] {processor.py:179} INFO - Processing /opt/airflow/dags/example_dag_basic.py took 0.291 seconds
[2023-08-24T09:40:38.449+0000] {processor.py:157} INFO - Started process (PID=78) to work on /opt/airflow/dags/example_dag_basic.py
[2023-08-24T09:40:38.454+0000] {processor.py:829} INFO - Processing file /opt/airflow/dags/example_dag_basic.py for tasks to queue
[2023-08-24T09:40:38.458+0000] {logging_mixin.py:151} INFO - [2023-08-24T09:40:38.457+0000] {dagbag.py:539} INFO - Filling up the DagBag from /opt/airflow/dags/example_dag_basic.py
[2023-08-24T09:40:38.498+0000] {processor.py:839} INFO - DAG(s) dict_keys(['example_dag_basic']) retrieved from /opt/airflow/dags/example_dag_basic.py
[2023-08-24T09:40:38.547+0000] {logging_mixin.py:151} INFO - [2023-08-24T09:40:38.547+0000] {dag.py:2907} INFO - Sync 1 DAGs
[2023-08-24T09:40:38.575+0000] {logging_mixin.py:151} INFO - [2023-08-24T09:40:38.575+0000] {dag.py:3677} INFO - Setting next_dagrun for example_dag_basic to 2023-08-23T00:00:00+00:00, run_after=2023-08-24T00:00:00+00:00
[2023-08-24T09:40:38.594+0000] {processor.py:179} INFO - Processing /opt/airflow/dags/example_dag_basic.py took 0.149 seconds
[2023-08-24T09:41:08.905+0000] {processor.py:157} INFO - Started process (PID=87) to work on /opt/airflow/dags/example_dag_basic.py
[2023-08-24T09:41:08.907+0000] {processor.py:829} INFO - Processing file /opt/airflow/dags/example_dag_basic.py for tasks to queue
[2023-08-24T09:41:08.911+0000] {logging_mixin.py:151} INFO - [2023-08-24T09:41:08.910+0000] {dagbag.py:539} INFO - Filling up the DagBag from /opt/airflow/dags/example_dag_basic.py
[2023-08-24T09:41:08.928+0000] {processor.py:839} INFO - DAG(s) dict_keys(['example_dag_basic']) retrieved from /opt/airflow/dags/example_dag_basic.py
[2023-08-24T09:41:08.963+0000] {logging_mixin.py:151} INFO - [2023-08-24T09:41:08.963+0000] {dag.py:2907} INFO - Sync 1 DAGs
[2023-08-24T09:41:08.985+0000] {logging_mixin.py:151} INFO - [2023-08-24T09:41:08.984+0000] {dag.py:3677} INFO - Setting next_dagrun for example_dag_basic to 2023-08-23T00:00:00+00:00, run_after=2023-08-24T00:00:00+00:00
[2023-08-24T09:41:09.000+0000] {processor.py:179} INFO - Processing /opt/airflow/dags/example_dag_basic.py took 0.099 seconds
[2023-08-24T09:41:39.343+0000] {processor.py:157} INFO - Started process (PID=96) to work on /opt/airflow/dags/example_dag_basic.py
[2023-08-24T09:41:39.346+0000] {processor.py:829} INFO - Processing file /opt/airflow/dags/example_dag_basic.py for tasks to queue
[2023-08-24T09:41:39.351+0000] {logging_mixin.py:151} INFO - [2023-08-24T09:41:39.350+0000] {dagbag.py:539} INFO - Filling up the DagBag from /opt/airflow/dags/example_dag_basic.py
[2023-08-24T09:41:39.384+0000] {processor.py:839} INFO - DAG(s) dict_keys(['example_dag_basic']) retrieved from /opt/airflow/dags/example_dag_basic.py
[2023-08-24T09:41:39.431+0000] {logging_mixin.py:151} INFO - [2023-08-24T09:41:39.431+0000] {dag.py:2907} INFO - Sync 1 DAGs
[2023-08-24T09:41:39.454+0000] {logging_mixin.py:151} INFO - [2023-08-24T09:41:39.454+0000] {dag.py:3677} INFO - Setting next_dagrun for example_dag_basic to 2023-08-23T00:00:00+00:00, run_after=2023-08-24T00:00:00+00:00
[2023-08-24T09:41:39.470+0000] {processor.py:179} INFO - Processing /opt/airflow/dags/example_dag_basic.py took 0.133 seconds
[2023-08-24T09:42:09.752+0000] {processor.py:157} INFO - Started process (PID=116) to work on /opt/airflow/dags/example_dag_basic.py
[2023-08-24T09:42:09.758+0000] {processor.py:829} INFO - Processing file /opt/airflow/dags/example_dag_basic.py for tasks to queue
[2023-08-24T09:42:09.773+0000] {logging_mixin.py:151} INFO - [2023-08-24T09:42:09.772+0000] {dagbag.py:539} INFO - Filling up the DagBag from /opt/airflow/dags/example_dag_basic.py
[2023-08-24T09:42:09.822+0000] {processor.py:839} INFO - DAG(s) dict_keys(['example_dag_basic']) retrieved from /opt/airflow/dags/example_dag_basic.py
[2023-08-24T09:42:09.871+0000] {logging_mixin.py:151} INFO - [2023-08-24T09:42:09.871+0000] {dag.py:2907} INFO - Sync 1 DAGs
[2023-08-24T09:42:09.899+0000] {logging_mixin.py:151} INFO - [2023-08-24T09:42:09.899+0000] {dag.py:3677} INFO - Setting next_dagrun for example_dag_basic to 2023-08-24T00:00:00+00:00, run_after=2023-08-25T00:00:00+00:00
[2023-08-24T09:42:09.917+0000] {processor.py:179} INFO - Processing /opt/airflow/dags/example_dag_basic.py took 0.173 seconds
[2023-08-24T09:42:40.449+0000] {processor.py:157} INFO - Started process (PID=125) to work on /opt/airflow/dags/example_dag_basic.py
[2023-08-24T09:42:40.452+0000] {processor.py:829} INFO - Processing file /opt/airflow/dags/example_dag_basic.py for tasks to queue
[2023-08-24T09:42:40.457+0000] {logging_mixin.py:151} INFO - [2023-08-24T09:42:40.456+0000] {dagbag.py:539} INFO - Filling up the DagBag from /opt/airflow/dags/example_dag_basic.py
[2023-08-24T09:42:40.488+0000] {processor.py:839} INFO - DAG(s) dict_keys(['example_dag_basic']) retrieved from /opt/airflow/dags/example_dag_basic.py
[2023-08-24T09:42:40.543+0000] {logging_mixin.py:151} INFO - [2023-08-24T09:42:40.542+0000] {dag.py:2907} INFO - Sync 1 DAGs
[2023-08-24T09:42:40.574+0000] {logging_mixin.py:151} INFO - [2023-08-24T09:42:40.574+0000] {dag.py:3677} INFO - Setting next_dagrun for example_dag_basic to 2023-08-24T00:00:00+00:00, run_after=2023-08-25T00:00:00+00:00
[2023-08-24T09:42:40.594+0000] {processor.py:179} INFO - Processing /opt/airflow/dags/example_dag_basic.py took 0.150 seconds
[2023-08-24T09:43:11.106+0000] {processor.py:157} INFO - Started process (PID=134) to work on /opt/airflow/dags/example_dag_basic.py
[2023-08-24T09:43:11.109+0000] {processor.py:829} INFO - Processing file /opt/airflow/dags/example_dag_basic.py for tasks to queue
[2023-08-24T09:43:11.115+0000] {logging_mixin.py:151} INFO - [2023-08-24T09:43:11.114+0000] {dagbag.py:539} INFO - Filling up the DagBag from /opt/airflow/dags/example_dag_basic.py
[2023-08-24T09:43:11.146+0000] {processor.py:839} INFO - DAG(s) dict_keys(['example_dag_basic']) retrieved from /opt/airflow/dags/example_dag_basic.py
[2023-08-24T09:43:11.214+0000] {logging_mixin.py:151} INFO - [2023-08-24T09:43:11.213+0000] {dag.py:2907} INFO - Sync 1 DAGs
[2023-08-24T09:43:11.251+0000] {logging_mixin.py:151} INFO - [2023-08-24T09:43:11.250+0000] {dag.py:3677} INFO - Setting next_dagrun for example_dag_basic to 2023-08-24T00:00:00+00:00, run_after=2023-08-25T00:00:00+00:00
[2023-08-24T09:43:11.274+0000] {processor.py:179} INFO - Processing /opt/airflow/dags/example_dag_basic.py took 0.173 seconds
[2023-08-24T09:43:41.614+0000] {processor.py:157} INFO - Started process (PID=143) to work on /opt/airflow/dags/example_dag_basic.py
[2023-08-24T09:43:41.617+0000] {processor.py:829} INFO - Processing file /opt/airflow/dags/example_dag_basic.py for tasks to queue
[2023-08-24T09:43:41.621+0000] {logging_mixin.py:151} INFO - [2023-08-24T09:43:41.620+0000] {dagbag.py:539} INFO - Filling up the DagBag from /opt/airflow/dags/example_dag_basic.py
[2023-08-24T09:43:41.649+0000] {processor.py:839} INFO - DAG(s) dict_keys(['example_dag_basic']) retrieved from /opt/airflow/dags/example_dag_basic.py
[2023-08-24T09:43:41.688+0000] {logging_mixin.py:151} INFO - [2023-08-24T09:43:41.687+0000] {dag.py:2907} INFO - Sync 1 DAGs
[2023-08-24T09:43:41.719+0000] {logging_mixin.py:151} INFO - [2023-08-24T09:43:41.719+0000] {dag.py:3677} INFO - Setting next_dagrun for example_dag_basic to 2023-08-24T00:00:00+00:00, run_after=2023-08-25T00:00:00+00:00
[2023-08-24T09:43:41.739+0000] {processor.py:179} INFO - Processing /opt/airflow/dags/example_dag_basic.py took 0.130 seconds
[2023-08-24T09:44:12.163+0000] {processor.py:157} INFO - Started process (PID=152) to work on /opt/airflow/dags/example_dag_basic.py
[2023-08-24T09:44:12.166+0000] {processor.py:829} INFO - Processing file /opt/airflow/dags/example_dag_basic.py for tasks to queue
[2023-08-24T09:44:12.170+0000] {logging_mixin.py:151} INFO - [2023-08-24T09:44:12.170+0000] {dagbag.py:539} INFO - Filling up the DagBag from /opt/airflow/dags/example_dag_basic.py
[2023-08-24T09:44:12.198+0000] {processor.py:839} INFO - DAG(s) dict_keys(['example_dag_basic']) retrieved from /opt/airflow/dags/example_dag_basic.py
[2023-08-24T09:44:12.250+0000] {logging_mixin.py:151} INFO - [2023-08-24T09:44:12.249+0000] {dag.py:2907} INFO - Sync 1 DAGs
[2023-08-24T09:44:12.284+0000] {logging_mixin.py:151} INFO - [2023-08-24T09:44:12.283+0000] {dag.py:3677} INFO - Setting next_dagrun for example_dag_basic to 2023-08-24T00:00:00+00:00, run_after=2023-08-25T00:00:00+00:00
[2023-08-24T09:44:12.305+0000] {processor.py:179} INFO - Processing /opt/airflow/dags/example_dag_basic.py took 0.149 seconds
[2023-08-24T09:44:42.606+0000] {processor.py:157} INFO - Started process (PID=161) to work on /opt/airflow/dags/example_dag_basic.py
[2023-08-24T09:44:42.609+0000] {processor.py:829} INFO - Processing file /opt/airflow/dags/example_dag_basic.py for tasks to queue
[2023-08-24T09:44:42.614+0000] {logging_mixin.py:151} INFO - [2023-08-24T09:44:42.614+0000] {dagbag.py:539} INFO - Filling up the DagBag from /opt/airflow/dags/example_dag_basic.py
[2023-08-24T09:44:42.643+0000] {processor.py:839} INFO - DAG(s) dict_keys(['example_dag_basic']) retrieved from /opt/airflow/dags/example_dag_basic.py
[2023-08-24T09:44:42.683+0000] {logging_mixin.py:151} INFO - [2023-08-24T09:44:42.682+0000] {dag.py:2907} INFO - Sync 1 DAGs
[2023-08-24T09:44:42.709+0000] {logging_mixin.py:151} INFO - [2023-08-24T09:44:42.709+0000] {dag.py:3677} INFO - Setting next_dagrun for example_dag_basic to 2023-08-24T00:00:00+00:00, run_after=2023-08-25T00:00:00+00:00
[2023-08-24T09:44:42.729+0000] {processor.py:179} INFO - Processing /opt/airflow/dags/example_dag_basic.py took 0.131 seconds
[2023-08-24T09:45:13.087+0000] {processor.py:157} INFO - Started process (PID=170) to work on /opt/airflow/dags/example_dag_basic.py
[2023-08-24T09:45:13.090+0000] {processor.py:829} INFO - Processing file /opt/airflow/dags/example_dag_basic.py for tasks to queue
[2023-08-24T09:45:13.094+0000] {logging_mixin.py:151} INFO - [2023-08-24T09:45:13.094+0000] {dagbag.py:539} INFO - Filling up the DagBag from /opt/airflow/dags/example_dag_basic.py
[2023-08-24T09:45:13.119+0000] {processor.py:839} INFO - DAG(s) dict_keys(['example_dag_basic']) retrieved from /opt/airflow/dags/example_dag_basic.py
[2023-08-24T09:45:13.159+0000] {logging_mixin.py:151} INFO - [2023-08-24T09:45:13.159+0000] {dag.py:2907} INFO - Sync 1 DAGs
[2023-08-24T09:45:13.185+0000] {logging_mixin.py:151} INFO - [2023-08-24T09:45:13.184+0000] {dag.py:3677} INFO - Setting next_dagrun for example_dag_basic to 2023-08-24T00:00:00+00:00, run_after=2023-08-25T00:00:00+00:00
[2023-08-24T09:45:13.202+0000] {processor.py:179} INFO - Processing /opt/airflow/dags/example_dag_basic.py took 0.121 seconds
[2023-08-24T09:45:43.530+0000] {processor.py:157} INFO - Started process (PID=179) to work on /opt/airflow/dags/example_dag_basic.py
[2023-08-24T09:45:43.533+0000] {processor.py:829} INFO - Processing file /opt/airflow/dags/example_dag_basic.py for tasks to queue
[2023-08-24T09:45:43.536+0000] {logging_mixin.py:151} INFO - [2023-08-24T09:45:43.536+0000] {dagbag.py:539} INFO - Filling up the DagBag from /opt/airflow/dags/example_dag_basic.py
[2023-08-24T09:45:43.561+0000] {processor.py:839} INFO - DAG(s) dict_keys(['example_dag_basic']) retrieved from /opt/airflow/dags/example_dag_basic.py
[2023-08-24T09:45:43.604+0000] {logging_mixin.py:151} INFO - [2023-08-24T09:45:43.604+0000] {dag.py:2907} INFO - Sync 1 DAGs
[2023-08-24T09:45:43.630+0000] {logging_mixin.py:151} INFO - [2023-08-24T09:45:43.630+0000] {dag.py:3677} INFO - Setting next_dagrun for example_dag_basic to 2023-08-24T00:00:00+00:00, run_after=2023-08-25T00:00:00+00:00
[2023-08-24T09:45:43.648+0000] {processor.py:179} INFO - Processing /opt/airflow/dags/example_dag_basic.py took 0.122 seconds
[2023-08-24T09:46:13.851+0000] {processor.py:157} INFO - Started process (PID=188) to work on /opt/airflow/dags/example_dag_basic.py
[2023-08-24T09:46:13.854+0000] {processor.py:829} INFO - Processing file /opt/airflow/dags/example_dag_basic.py for tasks to queue
[2023-08-24T09:46:13.858+0000] {logging_mixin.py:151} INFO - [2023-08-24T09:46:13.857+0000] {dagbag.py:539} INFO - Filling up the DagBag from /opt/airflow/dags/example_dag_basic.py
[2023-08-24T09:46:13.885+0000] {processor.py:839} INFO - DAG(s) dict_keys(['example_dag_basic']) retrieved from /opt/airflow/dags/example_dag_basic.py
[2023-08-24T09:46:13.925+0000] {logging_mixin.py:151} INFO - [2023-08-24T09:46:13.925+0000] {dag.py:2907} INFO - Sync 1 DAGs
[2023-08-24T09:46:13.950+0000] {logging_mixin.py:151} INFO - [2023-08-24T09:46:13.950+0000] {dag.py:3677} INFO - Setting next_dagrun for example_dag_basic to 2023-08-24T00:00:00+00:00, run_after=2023-08-25T00:00:00+00:00
[2023-08-24T09:46:13.967+0000] {processor.py:179} INFO - Processing /opt/airflow/dags/example_dag_basic.py took 0.123 seconds
[2023-08-24T09:46:44.432+0000] {processor.py:157} INFO - Started process (PID=197) to work on /opt/airflow/dags/example_dag_basic.py
[2023-08-24T09:46:44.435+0000] {processor.py:829} INFO - Processing file /opt/airflow/dags/example_dag_basic.py for tasks to queue
[2023-08-24T09:46:44.441+0000] {logging_mixin.py:151} INFO - [2023-08-24T09:46:44.441+0000] {dagbag.py:539} INFO - Filling up the DagBag from /opt/airflow/dags/example_dag_basic.py
[2023-08-24T09:46:44.473+0000] {processor.py:839} INFO - DAG(s) dict_keys(['example_dag_basic']) retrieved from /opt/airflow/dags/example_dag_basic.py
[2023-08-24T09:46:44.512+0000] {logging_mixin.py:151} INFO - [2023-08-24T09:46:44.511+0000] {dag.py:2907} INFO - Sync 1 DAGs
[2023-08-24T09:46:44.544+0000] {logging_mixin.py:151} INFO - [2023-08-24T09:46:44.544+0000] {dag.py:3677} INFO - Setting next_dagrun for example_dag_basic to 2023-08-24T00:00:00+00:00, run_after=2023-08-25T00:00:00+00:00
[2023-08-24T09:46:44.562+0000] {processor.py:179} INFO - Processing /opt/airflow/dags/example_dag_basic.py took 0.134 seconds
[2023-08-24T09:47:15.031+0000] {processor.py:157} INFO - Started process (PID=207) to work on /opt/airflow/dags/example_dag_basic.py
[2023-08-24T09:47:15.043+0000] {processor.py:829} INFO - Processing file /opt/airflow/dags/example_dag_basic.py for tasks to queue
[2023-08-24T09:47:15.053+0000] {logging_mixin.py:151} INFO - [2023-08-24T09:47:15.052+0000] {dagbag.py:539} INFO - Filling up the DagBag from /opt/airflow/dags/example_dag_basic.py
[2023-08-24T09:47:15.091+0000] {processor.py:839} INFO - DAG(s) dict_keys(['example_dag_basic']) retrieved from /opt/airflow/dags/example_dag_basic.py
[2023-08-24T09:47:15.143+0000] {logging_mixin.py:151} INFO - [2023-08-24T09:47:15.142+0000] {dag.py:2907} INFO - Sync 1 DAGs
[2023-08-24T09:47:15.203+0000] {logging_mixin.py:151} INFO - [2023-08-24T09:47:15.203+0000] {dag.py:3677} INFO - Setting next_dagrun for example_dag_basic to 2023-08-24T00:00:00+00:00, run_after=2023-08-25T00:00:00+00:00
[2023-08-24T09:47:15.267+0000] {processor.py:179} INFO - Processing /opt/airflow/dags/example_dag_basic.py took 0.244 seconds
[2023-08-24T09:47:45.732+0000] {processor.py:157} INFO - Started process (PID=217) to work on /opt/airflow/dags/example_dag_basic.py
[2023-08-24T09:47:45.734+0000] {processor.py:829} INFO - Processing file /opt/airflow/dags/example_dag_basic.py for tasks to queue
[2023-08-24T09:47:45.737+0000] {logging_mixin.py:151} INFO - [2023-08-24T09:47:45.737+0000] {dagbag.py:539} INFO - Filling up the DagBag from /opt/airflow/dags/example_dag_basic.py
[2023-08-24T09:47:45.766+0000] {processor.py:839} INFO - DAG(s) dict_keys(['example_dag_basic']) retrieved from /opt/airflow/dags/example_dag_basic.py
[2023-08-24T09:47:45.809+0000] {logging_mixin.py:151} INFO - [2023-08-24T09:47:45.808+0000] {dag.py:2907} INFO - Sync 1 DAGs
[2023-08-24T09:47:45.841+0000] {logging_mixin.py:151} INFO - [2023-08-24T09:47:45.841+0000] {dag.py:3677} INFO - Setting next_dagrun for example_dag_basic to 2023-08-24T00:00:00+00:00, run_after=2023-08-25T00:00:00+00:00
[2023-08-24T09:47:45.863+0000] {processor.py:179} INFO - Processing /opt/airflow/dags/example_dag_basic.py took 0.136 seconds
[2023-08-24T09:48:16.463+0000] {processor.py:157} INFO - Started process (PID=226) to work on /opt/airflow/dags/example_dag_basic.py
[2023-08-24T09:48:16.466+0000] {processor.py:829} INFO - Processing file /opt/airflow/dags/example_dag_basic.py for tasks to queue
[2023-08-24T09:48:16.471+0000] {logging_mixin.py:151} INFO - [2023-08-24T09:48:16.470+0000] {dagbag.py:539} INFO - Filling up the DagBag from /opt/airflow/dags/example_dag_basic.py
[2023-08-24T09:48:16.498+0000] {processor.py:839} INFO - DAG(s) dict_keys(['example_dag_basic']) retrieved from /opt/airflow/dags/example_dag_basic.py
[2023-08-24T09:48:16.546+0000] {logging_mixin.py:151} INFO - [2023-08-24T09:48:16.545+0000] {dag.py:2907} INFO - Sync 1 DAGs
[2023-08-24T09:48:16.573+0000] {logging_mixin.py:151} INFO - [2023-08-24T09:48:16.573+0000] {dag.py:3677} INFO - Setting next_dagrun for example_dag_basic to 2023-08-24T00:00:00+00:00, run_after=2023-08-25T00:00:00+00:00
[2023-08-24T09:48:16.592+0000] {processor.py:179} INFO - Processing /opt/airflow/dags/example_dag_basic.py took 0.133 seconds
[2023-08-24T09:48:46.949+0000] {processor.py:157} INFO - Started process (PID=236) to work on /opt/airflow/dags/example_dag_basic.py
[2023-08-24T09:48:46.953+0000] {processor.py:829} INFO - Processing file /opt/airflow/dags/example_dag_basic.py for tasks to queue
[2023-08-24T09:48:46.957+0000] {logging_mixin.py:151} INFO - [2023-08-24T09:48:46.957+0000] {dagbag.py:539} INFO - Filling up the DagBag from /opt/airflow/dags/example_dag_basic.py
[2023-08-24T09:48:46.982+0000] {processor.py:839} INFO - DAG(s) dict_keys(['example_dag_basic']) retrieved from /opt/airflow/dags/example_dag_basic.py
[2023-08-24T09:48:47.018+0000] {logging_mixin.py:151} INFO - [2023-08-24T09:48:47.018+0000] {dag.py:2907} INFO - Sync 1 DAGs
[2023-08-24T09:48:47.043+0000] {logging_mixin.py:151} INFO - [2023-08-24T09:48:47.042+0000] {dag.py:3677} INFO - Setting next_dagrun for example_dag_basic to 2023-08-24T00:00:00+00:00, run_after=2023-08-25T00:00:00+00:00
[2023-08-24T09:48:47.060+0000] {processor.py:179} INFO - Processing /opt/airflow/dags/example_dag_basic.py took 0.118 seconds
[2023-08-24T09:49:17.379+0000] {processor.py:157} INFO - Started process (PID=245) to work on /opt/airflow/dags/example_dag_basic.py
[2023-08-24T09:49:17.382+0000] {processor.py:829} INFO - Processing file /opt/airflow/dags/example_dag_basic.py for tasks to queue
[2023-08-24T09:49:17.386+0000] {logging_mixin.py:151} INFO - [2023-08-24T09:49:17.385+0000] {dagbag.py:539} INFO - Filling up the DagBag from /opt/airflow/dags/example_dag_basic.py
[2023-08-24T09:49:17.411+0000] {processor.py:839} INFO - DAG(s) dict_keys(['example_dag_basic']) retrieved from /opt/airflow/dags/example_dag_basic.py
[2023-08-24T09:49:17.450+0000] {logging_mixin.py:151} INFO - [2023-08-24T09:49:17.450+0000] {dag.py:2907} INFO - Sync 1 DAGs
[2023-08-24T09:49:17.479+0000] {logging_mixin.py:151} INFO - [2023-08-24T09:49:17.478+0000] {dag.py:3677} INFO - Setting next_dagrun for example_dag_basic to 2023-08-24T00:00:00+00:00, run_after=2023-08-25T00:00:00+00:00
[2023-08-24T09:49:17.505+0000] {processor.py:179} INFO - Processing /opt/airflow/dags/example_dag_basic.py took 0.130 seconds
[2023-08-24T09:49:47.786+0000] {processor.py:157} INFO - Started process (PID=254) to work on /opt/airflow/dags/example_dag_basic.py
[2023-08-24T09:49:47.789+0000] {processor.py:829} INFO - Processing file /opt/airflow/dags/example_dag_basic.py for tasks to queue
[2023-08-24T09:49:47.793+0000] {logging_mixin.py:151} INFO - [2023-08-24T09:49:47.793+0000] {dagbag.py:539} INFO - Filling up the DagBag from /opt/airflow/dags/example_dag_basic.py
[2023-08-24T09:49:47.818+0000] {processor.py:839} INFO - DAG(s) dict_keys(['example_dag_basic']) retrieved from /opt/airflow/dags/example_dag_basic.py
[2023-08-24T09:49:47.862+0000] {logging_mixin.py:151} INFO - [2023-08-24T09:49:47.862+0000] {dag.py:2907} INFO - Sync 1 DAGs
[2023-08-24T09:49:47.901+0000] {logging_mixin.py:151} INFO - [2023-08-24T09:49:47.901+0000] {dag.py:3677} INFO - Setting next_dagrun for example_dag_basic to 2023-08-24T00:00:00+00:00, run_after=2023-08-25T00:00:00+00:00
[2023-08-24T09:49:47.920+0000] {processor.py:179} INFO - Processing /opt/airflow/dags/example_dag_basic.py took 0.139 seconds
[2023-08-24T09:50:18.210+0000] {processor.py:157} INFO - Started process (PID=263) to work on /opt/airflow/dags/example_dag_basic.py
[2023-08-24T09:50:18.213+0000] {processor.py:829} INFO - Processing file /opt/airflow/dags/example_dag_basic.py for tasks to queue
[2023-08-24T09:50:18.216+0000] {logging_mixin.py:151} INFO - [2023-08-24T09:50:18.216+0000] {dagbag.py:539} INFO - Filling up the DagBag from /opt/airflow/dags/example_dag_basic.py
[2023-08-24T09:50:18.240+0000] {processor.py:839} INFO - DAG(s) dict_keys(['example_dag_basic']) retrieved from /opt/airflow/dags/example_dag_basic.py
[2023-08-24T09:50:18.277+0000] {logging_mixin.py:151} INFO - [2023-08-24T09:50:18.277+0000] {dag.py:2907} INFO - Sync 1 DAGs
[2023-08-24T09:50:18.301+0000] {logging_mixin.py:151} INFO - [2023-08-24T09:50:18.301+0000] {dag.py:3677} INFO - Setting next_dagrun for example_dag_basic to 2023-08-24T00:00:00+00:00, run_after=2023-08-25T00:00:00+00:00
[2023-08-24T09:50:18.319+0000] {processor.py:179} INFO - Processing /opt/airflow/dags/example_dag_basic.py took 0.113 seconds
[2023-08-24T09:50:48.604+0000] {processor.py:157} INFO - Started process (PID=272) to work on /opt/airflow/dags/example_dag_basic.py
[2023-08-24T09:50:48.606+0000] {processor.py:829} INFO - Processing file /opt/airflow/dags/example_dag_basic.py for tasks to queue
[2023-08-24T09:50:48.611+0000] {logging_mixin.py:151} INFO - [2023-08-24T09:50:48.611+0000] {dagbag.py:539} INFO - Filling up the DagBag from /opt/airflow/dags/example_dag_basic.py
[2023-08-24T09:50:48.640+0000] {processor.py:839} INFO - DAG(s) dict_keys(['example_dag_basic']) retrieved from /opt/airflow/dags/example_dag_basic.py
[2023-08-24T09:50:48.680+0000] {logging_mixin.py:151} INFO - [2023-08-24T09:50:48.680+0000] {dag.py:2907} INFO - Sync 1 DAGs
[2023-08-24T09:50:48.706+0000] {logging_mixin.py:151} INFO - [2023-08-24T09:50:48.705+0000] {dag.py:3677} INFO - Setting next_dagrun for example_dag_basic to 2023-08-24T00:00:00+00:00, run_after=2023-08-25T00:00:00+00:00
[2023-08-24T09:50:48.725+0000] {processor.py:179} INFO - Processing /opt/airflow/dags/example_dag_basic.py took 0.126 seconds
[2023-08-24T09:51:19.056+0000] {processor.py:157} INFO - Started process (PID=281) to work on /opt/airflow/dags/example_dag_basic.py
[2023-08-24T09:51:19.059+0000] {processor.py:829} INFO - Processing file /opt/airflow/dags/example_dag_basic.py for tasks to queue
[2023-08-24T09:51:19.063+0000] {logging_mixin.py:151} INFO - [2023-08-24T09:51:19.063+0000] {dagbag.py:539} INFO - Filling up the DagBag from /opt/airflow/dags/example_dag_basic.py
[2023-08-24T09:51:19.087+0000] {processor.py:839} INFO - DAG(s) dict_keys(['example_dag_basic']) retrieved from /opt/airflow/dags/example_dag_basic.py
[2023-08-24T09:51:19.125+0000] {logging_mixin.py:151} INFO - [2023-08-24T09:51:19.124+0000] {dag.py:2907} INFO - Sync 1 DAGs
[2023-08-24T09:51:19.158+0000] {logging_mixin.py:151} INFO - [2023-08-24T09:51:19.158+0000] {dag.py:3677} INFO - Setting next_dagrun for example_dag_basic to 2023-08-24T00:00:00+00:00, run_after=2023-08-25T00:00:00+00:00
[2023-08-24T09:51:19.176+0000] {processor.py:179} INFO - Processing /opt/airflow/dags/example_dag_basic.py took 0.129 seconds
[2023-08-24T09:51:49.484+0000] {processor.py:157} INFO - Started process (PID=290) to work on /opt/airflow/dags/example_dag_basic.py
[2023-08-24T09:51:49.488+0000] {processor.py:829} INFO - Processing file /opt/airflow/dags/example_dag_basic.py for tasks to queue
[2023-08-24T09:51:49.492+0000] {logging_mixin.py:151} INFO - [2023-08-24T09:51:49.492+0000] {dagbag.py:539} INFO - Filling up the DagBag from /opt/airflow/dags/example_dag_basic.py
[2023-08-24T09:51:49.522+0000] {processor.py:839} INFO - DAG(s) dict_keys(['example_dag_basic']) retrieved from /opt/airflow/dags/example_dag_basic.py
[2023-08-24T09:51:49.569+0000] {logging_mixin.py:151} INFO - [2023-08-24T09:51:49.568+0000] {dag.py:2907} INFO - Sync 1 DAGs
[2023-08-24T09:51:49.600+0000] {logging_mixin.py:151} INFO - [2023-08-24T09:51:49.600+0000] {dag.py:3677} INFO - Setting next_dagrun for example_dag_basic to 2023-08-24T00:00:00+00:00, run_after=2023-08-25T00:00:00+00:00
[2023-08-24T09:51:49.619+0000] {processor.py:179} INFO - Processing /opt/airflow/dags/example_dag_basic.py took 0.142 seconds
[2023-08-24T09:52:19.858+0000] {processor.py:157} INFO - Started process (PID=299) to work on /opt/airflow/dags/example_dag_basic.py
[2023-08-24T09:52:19.860+0000] {processor.py:829} INFO - Processing file /opt/airflow/dags/example_dag_basic.py for tasks to queue
[2023-08-24T09:52:19.864+0000] {logging_mixin.py:151} INFO - [2023-08-24T09:52:19.864+0000] {dagbag.py:539} INFO - Filling up the DagBag from /opt/airflow/dags/example_dag_basic.py
[2023-08-24T09:52:19.888+0000] {processor.py:839} INFO - DAG(s) dict_keys(['example_dag_basic']) retrieved from /opt/airflow/dags/example_dag_basic.py
[2023-08-24T09:52:19.928+0000] {logging_mixin.py:151} INFO - [2023-08-24T09:52:19.928+0000] {dag.py:2907} INFO - Sync 1 DAGs
[2023-08-24T09:52:19.952+0000] {logging_mixin.py:151} INFO - [2023-08-24T09:52:19.952+0000] {dag.py:3677} INFO - Setting next_dagrun for example_dag_basic to 2023-08-24T00:00:00+00:00, run_after=2023-08-25T00:00:00+00:00
[2023-08-24T09:52:19.968+0000] {processor.py:179} INFO - Processing /opt/airflow/dags/example_dag_basic.py took 0.115 seconds
[2023-08-24T09:52:50.255+0000] {processor.py:157} INFO - Started process (PID=307) to work on /opt/airflow/dags/example_dag_basic.py
[2023-08-24T09:52:50.258+0000] {processor.py:829} INFO - Processing file /opt/airflow/dags/example_dag_basic.py for tasks to queue
[2023-08-24T09:52:50.261+0000] {logging_mixin.py:151} INFO - [2023-08-24T09:52:50.261+0000] {dagbag.py:539} INFO - Filling up the DagBag from /opt/airflow/dags/example_dag_basic.py
[2023-08-24T09:52:50.286+0000] {processor.py:839} INFO - DAG(s) dict_keys(['example_dag_basic']) retrieved from /opt/airflow/dags/example_dag_basic.py
[2023-08-24T09:52:50.324+0000] {logging_mixin.py:151} INFO - [2023-08-24T09:52:50.324+0000] {dag.py:2907} INFO - Sync 1 DAGs
[2023-08-24T09:52:50.350+0000] {logging_mixin.py:151} INFO - [2023-08-24T09:52:50.350+0000] {dag.py:3677} INFO - Setting next_dagrun for example_dag_basic to 2023-08-24T00:00:00+00:00, run_after=2023-08-25T00:00:00+00:00
[2023-08-24T09:52:50.368+0000] {processor.py:179} INFO - Processing /opt/airflow/dags/example_dag_basic.py took 0.120 seconds
[2023-08-24T09:53:20.754+0000] {processor.py:157} INFO - Started process (PID=316) to work on /opt/airflow/dags/example_dag_basic.py
[2023-08-24T09:53:20.758+0000] {processor.py:829} INFO - Processing file /opt/airflow/dags/example_dag_basic.py for tasks to queue
[2023-08-24T09:53:20.764+0000] {logging_mixin.py:151} INFO - [2023-08-24T09:53:20.764+0000] {dagbag.py:539} INFO - Filling up the DagBag from /opt/airflow/dags/example_dag_basic.py
[2023-08-24T09:53:20.798+0000] {processor.py:839} INFO - DAG(s) dict_keys(['example_dag_basic']) retrieved from /opt/airflow/dags/example_dag_basic.py
[2023-08-24T09:53:20.860+0000] {logging_mixin.py:151} INFO - [2023-08-24T09:53:20.860+0000] {dag.py:2907} INFO - Sync 1 DAGs
[2023-08-24T09:53:20.899+0000] {logging_mixin.py:151} INFO - [2023-08-24T09:53:20.899+0000] {dag.py:3677} INFO - Setting next_dagrun for example_dag_basic to 2023-08-24T00:00:00+00:00, run_after=2023-08-25T00:00:00+00:00
[2023-08-24T09:53:20.924+0000] {processor.py:179} INFO - Processing /opt/airflow/dags/example_dag_basic.py took 0.179 seconds
[2023-08-24T09:53:51.278+0000] {processor.py:157} INFO - Started process (PID=326) to work on /opt/airflow/dags/example_dag_basic.py
[2023-08-24T09:53:51.282+0000] {processor.py:829} INFO - Processing file /opt/airflow/dags/example_dag_basic.py for tasks to queue
[2023-08-24T09:53:51.286+0000] {logging_mixin.py:151} INFO - [2023-08-24T09:53:51.286+0000] {dagbag.py:539} INFO - Filling up the DagBag from /opt/airflow/dags/example_dag_basic.py
[2023-08-24T09:53:51.312+0000] {processor.py:839} INFO - DAG(s) dict_keys(['example_dag_basic']) retrieved from /opt/airflow/dags/example_dag_basic.py
[2023-08-24T09:53:51.358+0000] {logging_mixin.py:151} INFO - [2023-08-24T09:53:51.358+0000] {dag.py:2907} INFO - Sync 1 DAGs
[2023-08-24T09:53:51.387+0000] {logging_mixin.py:151} INFO - [2023-08-24T09:53:51.387+0000] {dag.py:3677} INFO - Setting next_dagrun for example_dag_basic to 2023-08-24T00:00:00+00:00, run_after=2023-08-25T00:00:00+00:00
[2023-08-24T09:53:51.408+0000] {processor.py:179} INFO - Processing /opt/airflow/dags/example_dag_basic.py took 0.136 seconds
[2023-08-24T09:54:21.788+0000] {processor.py:157} INFO - Started process (PID=335) to work on /opt/airflow/dags/example_dag_basic.py
[2023-08-24T09:54:21.793+0000] {processor.py:829} INFO - Processing file /opt/airflow/dags/example_dag_basic.py for tasks to queue
[2023-08-24T09:54:21.797+0000] {logging_mixin.py:151} INFO - [2023-08-24T09:54:21.796+0000] {dagbag.py:539} INFO - Filling up the DagBag from /opt/airflow/dags/example_dag_basic.py
[2023-08-24T09:54:21.828+0000] {processor.py:839} INFO - DAG(s) dict_keys(['example_dag_basic']) retrieved from /opt/airflow/dags/example_dag_basic.py
[2023-08-24T09:54:21.865+0000] {logging_mixin.py:151} INFO - [2023-08-24T09:54:21.865+0000] {dag.py:2907} INFO - Sync 1 DAGs
[2023-08-24T09:54:21.896+0000] {logging_mixin.py:151} INFO - [2023-08-24T09:54:21.896+0000] {dag.py:3677} INFO - Setting next_dagrun for example_dag_basic to 2023-08-24T00:00:00+00:00, run_after=2023-08-25T00:00:00+00:00
[2023-08-24T09:54:21.915+0000] {processor.py:179} INFO - Processing /opt/airflow/dags/example_dag_basic.py took 0.131 seconds
[2023-08-24T09:54:52.220+0000] {processor.py:157} INFO - Started process (PID=344) to work on /opt/airflow/dags/example_dag_basic.py
[2023-08-24T09:54:52.226+0000] {processor.py:829} INFO - Processing file /opt/airflow/dags/example_dag_basic.py for tasks to queue
[2023-08-24T09:54:52.232+0000] {logging_mixin.py:151} INFO - [2023-08-24T09:54:52.231+0000] {dagbag.py:539} INFO - Filling up the DagBag from /opt/airflow/dags/example_dag_basic.py
[2023-08-24T09:54:52.286+0000] {processor.py:839} INFO - DAG(s) dict_keys(['example_dag_basic']) retrieved from /opt/airflow/dags/example_dag_basic.py
[2023-08-24T09:54:52.335+0000] {logging_mixin.py:151} INFO - [2023-08-24T09:54:52.335+0000] {dag.py:2907} INFO - Sync 1 DAGs
[2023-08-24T09:54:52.364+0000] {logging_mixin.py:151} INFO - [2023-08-24T09:54:52.364+0000] {dag.py:3677} INFO - Setting next_dagrun for example_dag_basic to 2023-08-24T00:00:00+00:00, run_after=2023-08-25T00:00:00+00:00
[2023-08-24T09:54:52.384+0000] {processor.py:179} INFO - Processing /opt/airflow/dags/example_dag_basic.py took 0.169 seconds
[2023-08-24T09:55:22.679+0000] {processor.py:157} INFO - Started process (PID=352) to work on /opt/airflow/dags/example_dag_basic.py
[2023-08-24T09:55:22.682+0000] {processor.py:829} INFO - Processing file /opt/airflow/dags/example_dag_basic.py for tasks to queue
[2023-08-24T09:55:22.686+0000] {logging_mixin.py:151} INFO - [2023-08-24T09:55:22.685+0000] {dagbag.py:539} INFO - Filling up the DagBag from /opt/airflow/dags/example_dag_basic.py
[2023-08-24T09:55:22.714+0000] {processor.py:839} INFO - DAG(s) dict_keys(['example_dag_basic']) retrieved from /opt/airflow/dags/example_dag_basic.py
[2023-08-24T09:55:22.757+0000] {logging_mixin.py:151} INFO - [2023-08-24T09:55:22.757+0000] {dag.py:2907} INFO - Sync 1 DAGs
[2023-08-24T09:55:22.796+0000] {logging_mixin.py:151} INFO - [2023-08-24T09:55:22.796+0000] {dag.py:3677} INFO - Setting next_dagrun for example_dag_basic to 2023-08-24T00:00:00+00:00, run_after=2023-08-25T00:00:00+00:00
[2023-08-24T09:55:22.815+0000] {processor.py:179} INFO - Processing /opt/airflow/dags/example_dag_basic.py took 0.140 seconds
[2023-08-24T09:55:53.113+0000] {processor.py:157} INFO - Started process (PID=361) to work on /opt/airflow/dags/example_dag_basic.py
[2023-08-24T09:55:53.116+0000] {processor.py:829} INFO - Processing file /opt/airflow/dags/example_dag_basic.py for tasks to queue
[2023-08-24T09:55:53.120+0000] {logging_mixin.py:151} INFO - [2023-08-24T09:55:53.120+0000] {dagbag.py:539} INFO - Filling up the DagBag from /opt/airflow/dags/example_dag_basic.py
[2023-08-24T09:55:53.147+0000] {processor.py:839} INFO - DAG(s) dict_keys(['example_dag_basic']) retrieved from /opt/airflow/dags/example_dag_basic.py
[2023-08-24T09:55:53.199+0000] {logging_mixin.py:151} INFO - [2023-08-24T09:55:53.199+0000] {dag.py:2907} INFO - Sync 1 DAGs
[2023-08-24T09:55:53.227+0000] {logging_mixin.py:151} INFO - [2023-08-24T09:55:53.227+0000] {dag.py:3677} INFO - Setting next_dagrun for example_dag_basic to 2023-08-24T00:00:00+00:00, run_after=2023-08-25T00:00:00+00:00
[2023-08-24T09:55:53.244+0000] {processor.py:179} INFO - Processing /opt/airflow/dags/example_dag_basic.py took 0.138 seconds
[2023-08-24T09:56:23.630+0000] {processor.py:157} INFO - Started process (PID=370) to work on /opt/airflow/dags/example_dag_basic.py
[2023-08-24T09:56:23.633+0000] {processor.py:829} INFO - Processing file /opt/airflow/dags/example_dag_basic.py for tasks to queue
[2023-08-24T09:56:23.636+0000] {logging_mixin.py:151} INFO - [2023-08-24T09:56:23.636+0000] {dagbag.py:539} INFO - Filling up the DagBag from /opt/airflow/dags/example_dag_basic.py
[2023-08-24T09:56:23.661+0000] {processor.py:839} INFO - DAG(s) dict_keys(['example_dag_basic']) retrieved from /opt/airflow/dags/example_dag_basic.py
[2023-08-24T09:56:23.701+0000] {logging_mixin.py:151} INFO - [2023-08-24T09:56:23.701+0000] {dag.py:2907} INFO - Sync 1 DAGs
[2023-08-24T09:56:23.726+0000] {logging_mixin.py:151} INFO - [2023-08-24T09:56:23.726+0000] {dag.py:3677} INFO - Setting next_dagrun for example_dag_basic to 2023-08-24T00:00:00+00:00, run_after=2023-08-25T00:00:00+00:00
[2023-08-24T09:56:23.744+0000] {processor.py:179} INFO - Processing /opt/airflow/dags/example_dag_basic.py took 0.119 seconds
[2023-08-24T09:56:54.079+0000] {processor.py:157} INFO - Started process (PID=379) to work on /opt/airflow/dags/example_dag_basic.py
[2023-08-24T09:56:54.082+0000] {processor.py:829} INFO - Processing file /opt/airflow/dags/example_dag_basic.py for tasks to queue
[2023-08-24T09:56:54.087+0000] {logging_mixin.py:151} INFO - [2023-08-24T09:56:54.086+0000] {dagbag.py:539} INFO - Filling up the DagBag from /opt/airflow/dags/example_dag_basic.py
[2023-08-24T09:56:54.112+0000] {processor.py:839} INFO - DAG(s) dict_keys(['example_dag_basic']) retrieved from /opt/airflow/dags/example_dag_basic.py
[2023-08-24T09:56:54.162+0000] {logging_mixin.py:151} INFO - [2023-08-24T09:56:54.162+0000] {dag.py:2907} INFO - Sync 1 DAGs
[2023-08-24T09:56:54.191+0000] {logging_mixin.py:151} INFO - [2023-08-24T09:56:54.191+0000] {dag.py:3677} INFO - Setting next_dagrun for example_dag_basic to 2023-08-24T00:00:00+00:00, run_after=2023-08-25T00:00:00+00:00
[2023-08-24T09:56:54.209+0000] {processor.py:179} INFO - Processing /opt/airflow/dags/example_dag_basic.py took 0.133 seconds
[2023-08-24T09:57:24.523+0000] {processor.py:157} INFO - Started process (PID=388) to work on /opt/airflow/dags/example_dag_basic.py
[2023-08-24T09:57:24.527+0000] {processor.py:829} INFO - Processing file /opt/airflow/dags/example_dag_basic.py for tasks to queue
[2023-08-24T09:57:24.531+0000] {logging_mixin.py:151} INFO - [2023-08-24T09:57:24.530+0000] {dagbag.py:539} INFO - Filling up the DagBag from /opt/airflow/dags/example_dag_basic.py
[2023-08-24T09:57:24.556+0000] {processor.py:839} INFO - DAG(s) dict_keys(['example_dag_basic']) retrieved from /opt/airflow/dags/example_dag_basic.py
[2023-08-24T09:57:24.597+0000] {logging_mixin.py:151} INFO - [2023-08-24T09:57:24.597+0000] {dag.py:2907} INFO - Sync 1 DAGs
[2023-08-24T09:57:24.625+0000] {logging_mixin.py:151} INFO - [2023-08-24T09:57:24.625+0000] {dag.py:3677} INFO - Setting next_dagrun for example_dag_basic to 2023-08-24T00:00:00+00:00, run_after=2023-08-25T00:00:00+00:00
[2023-08-24T09:57:24.642+0000] {processor.py:179} INFO - Processing /opt/airflow/dags/example_dag_basic.py took 0.125 seconds
[2023-08-24T09:57:54.948+0000] {processor.py:157} INFO - Started process (PID=398) to work on /opt/airflow/dags/example_dag_basic.py
[2023-08-24T09:57:54.951+0000] {processor.py:829} INFO - Processing file /opt/airflow/dags/example_dag_basic.py for tasks to queue
[2023-08-24T09:57:54.955+0000] {logging_mixin.py:151} INFO - [2023-08-24T09:57:54.954+0000] {dagbag.py:539} INFO - Filling up the DagBag from /opt/airflow/dags/example_dag_basic.py
[2023-08-24T09:57:54.981+0000] {processor.py:839} INFO - DAG(s) dict_keys(['example_dag_basic']) retrieved from /opt/airflow/dags/example_dag_basic.py
[2023-08-24T09:57:55.021+0000] {logging_mixin.py:151} INFO - [2023-08-24T09:57:55.021+0000] {dag.py:2907} INFO - Sync 1 DAGs
[2023-08-24T09:57:55.049+0000] {logging_mixin.py:151} INFO - [2023-08-24T09:57:55.049+0000] {dag.py:3677} INFO - Setting next_dagrun for example_dag_basic to 2023-08-24T00:00:00+00:00, run_after=2023-08-25T00:00:00+00:00
[2023-08-24T09:57:55.066+0000] {processor.py:179} INFO - Processing /opt/airflow/dags/example_dag_basic.py took 0.123 seconds
[2023-08-24T09:58:25.371+0000] {processor.py:157} INFO - Started process (PID=408) to work on /opt/airflow/dags/example_dag_basic.py
[2023-08-24T09:58:25.373+0000] {processor.py:829} INFO - Processing file /opt/airflow/dags/example_dag_basic.py for tasks to queue
[2023-08-24T09:58:25.377+0000] {logging_mixin.py:151} INFO - [2023-08-24T09:58:25.376+0000] {dagbag.py:539} INFO - Filling up the DagBag from /opt/airflow/dags/example_dag_basic.py
[2023-08-24T09:58:25.403+0000] {processor.py:839} INFO - DAG(s) dict_keys(['example_dag_basic']) retrieved from /opt/airflow/dags/example_dag_basic.py
[2023-08-24T09:58:25.452+0000] {logging_mixin.py:151} INFO - [2023-08-24T09:58:25.452+0000] {dag.py:2907} INFO - Sync 1 DAGs
[2023-08-24T09:58:25.488+0000] {logging_mixin.py:151} INFO - [2023-08-24T09:58:25.488+0000] {dag.py:3677} INFO - Setting next_dagrun for example_dag_basic to 2023-08-24T00:00:00+00:00, run_after=2023-08-25T00:00:00+00:00
[2023-08-24T09:58:25.524+0000] {processor.py:179} INFO - Processing /opt/airflow/dags/example_dag_basic.py took 0.159 seconds
[2023-08-24T09:58:56.152+0000] {processor.py:157} INFO - Started process (PID=425) to work on /opt/airflow/dags/example_dag_basic.py
[2023-08-24T09:58:56.158+0000] {processor.py:829} INFO - Processing file /opt/airflow/dags/example_dag_basic.py for tasks to queue
[2023-08-24T09:58:56.161+0000] {logging_mixin.py:151} INFO - [2023-08-24T09:58:56.161+0000] {dagbag.py:539} INFO - Filling up the DagBag from /opt/airflow/dags/example_dag_basic.py
[2023-08-24T09:58:56.188+0000] {processor.py:839} INFO - DAG(s) dict_keys(['example_dag_basic']) retrieved from /opt/airflow/dags/example_dag_basic.py
[2023-08-24T09:58:56.238+0000] {logging_mixin.py:151} INFO - [2023-08-24T09:58:56.238+0000] {dag.py:2907} INFO - Sync 1 DAGs
[2023-08-24T09:58:56.283+0000] {logging_mixin.py:151} INFO - [2023-08-24T09:58:56.283+0000] {dag.py:3677} INFO - Setting next_dagrun for example_dag_basic to 2023-08-24T00:00:00+00:00, run_after=2023-08-25T00:00:00+00:00
[2023-08-24T09:58:56.304+0000] {processor.py:179} INFO - Processing /opt/airflow/dags/example_dag_basic.py took 0.156 seconds
[2023-08-24T10:00:03.016+0000] {processor.py:157} INFO - Started process (PID=32) to work on /opt/airflow/dags/example_dag_basic.py
[2023-08-24T10:00:03.020+0000] {processor.py:829} INFO - Processing file /opt/airflow/dags/example_dag_basic.py for tasks to queue
[2023-08-24T10:00:03.026+0000] {logging_mixin.py:151} INFO - [2023-08-24T10:00:03.025+0000] {dagbag.py:539} INFO - Filling up the DagBag from /opt/airflow/dags/example_dag_basic.py
[2023-08-24T10:00:03.068+0000] {processor.py:839} INFO - DAG(s) dict_keys(['example_dag_basic']) retrieved from /opt/airflow/dags/example_dag_basic.py
[2023-08-24T10:00:03.541+0000] {logging_mixin.py:151} INFO - [2023-08-24T10:00:03.541+0000] {dag.py:2907} INFO - Sync 1 DAGs
[2023-08-24T10:00:03.569+0000] {logging_mixin.py:151} INFO - [2023-08-24T10:00:03.569+0000] {dag.py:3677} INFO - Setting next_dagrun for example_dag_basic to 2023-08-24T00:00:00+00:00, run_after=2023-08-25T00:00:00+00:00
[2023-08-24T10:00:03.595+0000] {processor.py:179} INFO - Processing /opt/airflow/dags/example_dag_basic.py took 0.587 seconds
[2023-08-24T10:00:34.078+0000] {processor.py:157} INFO - Started process (PID=42) to work on /opt/airflow/dags/example_dag_basic.py
[2023-08-24T10:00:34.083+0000] {processor.py:829} INFO - Processing file /opt/airflow/dags/example_dag_basic.py for tasks to queue
[2023-08-24T10:00:34.090+0000] {logging_mixin.py:151} INFO - [2023-08-24T10:00:34.088+0000] {dagbag.py:539} INFO - Filling up the DagBag from /opt/airflow/dags/example_dag_basic.py
[2023-08-24T10:00:34.135+0000] {processor.py:839} INFO - DAG(s) dict_keys(['example_dag_basic']) retrieved from /opt/airflow/dags/example_dag_basic.py
[2023-08-24T10:00:34.190+0000] {logging_mixin.py:151} INFO - [2023-08-24T10:00:34.190+0000] {dag.py:2907} INFO - Sync 1 DAGs
[2023-08-24T10:00:34.220+0000] {logging_mixin.py:151} INFO - [2023-08-24T10:00:34.220+0000] {dag.py:3677} INFO - Setting next_dagrun for example_dag_basic to 2023-08-24T00:00:00+00:00, run_after=2023-08-25T00:00:00+00:00
[2023-08-24T10:00:34.239+0000] {processor.py:179} INFO - Processing /opt/airflow/dags/example_dag_basic.py took 0.169 seconds
[2023-08-24T10:01:05.420+0000] {processor.py:157} INFO - Started process (PID=56) to work on /opt/airflow/dags/example_dag_basic.py
[2023-08-24T10:01:05.427+0000] {processor.py:829} INFO - Processing file /opt/airflow/dags/example_dag_basic.py for tasks to queue
[2023-08-24T10:01:05.442+0000] {logging_mixin.py:151} INFO - [2023-08-24T10:01:05.440+0000] {dagbag.py:539} INFO - Filling up the DagBag from /opt/airflow/dags/example_dag_basic.py
[2023-08-24T10:01:05.565+0000] {processor.py:839} INFO - DAG(s) dict_keys(['example_dag_basic']) retrieved from /opt/airflow/dags/example_dag_basic.py
[2023-08-24T10:01:05.683+0000] {logging_mixin.py:151} INFO - [2023-08-24T10:01:05.682+0000] {dag.py:2907} INFO - Sync 1 DAGs
[2023-08-24T10:01:07.697+0000] {logging_mixin.py:151} INFO - [2023-08-24T10:01:07.691+0000] {dag.py:3677} INFO - Setting next_dagrun for example_dag_basic to 2023-08-24T00:00:00+00:00, run_after=2023-08-25T00:00:00+00:00
[2023-08-24T10:01:07.795+0000] {processor.py:179} INFO - Processing /opt/airflow/dags/example_dag_basic.py took 2.390 seconds
[2023-08-24T10:01:38.326+0000] {processor.py:157} INFO - Started process (PID=71) to work on /opt/airflow/dags/example_dag_basic.py
[2023-08-24T10:01:38.331+0000] {processor.py:829} INFO - Processing file /opt/airflow/dags/example_dag_basic.py for tasks to queue
[2023-08-24T10:01:38.336+0000] {logging_mixin.py:151} INFO - [2023-08-24T10:01:38.336+0000] {dagbag.py:539} INFO - Filling up the DagBag from /opt/airflow/dags/example_dag_basic.py
[2023-08-24T10:01:38.369+0000] {processor.py:839} INFO - DAG(s) dict_keys(['example_dag_basic']) retrieved from /opt/airflow/dags/example_dag_basic.py
[2023-08-24T10:01:38.446+0000] {logging_mixin.py:151} INFO - [2023-08-24T10:01:38.446+0000] {dag.py:2907} INFO - Sync 1 DAGs
[2023-08-24T10:01:38.851+0000] {logging_mixin.py:151} INFO - [2023-08-24T10:01:38.850+0000] {dag.py:3677} INFO - Setting next_dagrun for example_dag_basic to 2023-08-24T00:00:00+00:00, run_after=2023-08-25T00:00:00+00:00
[2023-08-24T10:01:38.868+0000] {processor.py:179} INFO - Processing /opt/airflow/dags/example_dag_basic.py took 0.547 seconds
[2023-08-24T10:02:09.801+0000] {processor.py:157} INFO - Started process (PID=81) to work on /opt/airflow/dags/example_dag_basic.py
[2023-08-24T10:02:09.806+0000] {processor.py:829} INFO - Processing file /opt/airflow/dags/example_dag_basic.py for tasks to queue
[2023-08-24T10:02:09.817+0000] {logging_mixin.py:151} INFO - [2023-08-24T10:02:09.816+0000] {dagbag.py:539} INFO - Filling up the DagBag from /opt/airflow/dags/example_dag_basic.py
[2023-08-24T10:02:09.872+0000] {processor.py:839} INFO - DAG(s) dict_keys(['example_dag_basic']) retrieved from /opt/airflow/dags/example_dag_basic.py
[2023-08-24T10:02:10.201+0000] {logging_mixin.py:151} INFO - [2023-08-24T10:02:10.201+0000] {dag.py:2907} INFO - Sync 1 DAGs
[2023-08-24T10:02:10.228+0000] {logging_mixin.py:151} INFO - [2023-08-24T10:02:10.228+0000] {dag.py:3677} INFO - Setting next_dagrun for example_dag_basic to 2023-08-24T00:00:00+00:00, run_after=2023-08-25T00:00:00+00:00
[2023-08-24T10:02:10.252+0000] {processor.py:179} INFO - Processing /opt/airflow/dags/example_dag_basic.py took 0.458 seconds
[2023-08-24T10:02:40.582+0000] {processor.py:157} INFO - Started process (PID=91) to work on /opt/airflow/dags/example_dag_basic.py
[2023-08-24T10:02:40.587+0000] {processor.py:829} INFO - Processing file /opt/airflow/dags/example_dag_basic.py for tasks to queue
[2023-08-24T10:02:40.598+0000] {logging_mixin.py:151} INFO - [2023-08-24T10:02:40.597+0000] {dagbag.py:539} INFO - Filling up the DagBag from /opt/airflow/dags/example_dag_basic.py
[2023-08-24T10:02:40.653+0000] {processor.py:839} INFO - DAG(s) dict_keys(['example_dag_basic']) retrieved from /opt/airflow/dags/example_dag_basic.py
[2023-08-24T10:02:40.717+0000] {logging_mixin.py:151} INFO - [2023-08-24T10:02:40.717+0000] {dag.py:2907} INFO - Sync 1 DAGs
[2023-08-24T10:02:40.756+0000] {logging_mixin.py:151} INFO - [2023-08-24T10:02:40.756+0000] {dag.py:3677} INFO - Setting next_dagrun for example_dag_basic to 2023-08-24T00:00:00+00:00, run_after=2023-08-25T00:00:00+00:00
[2023-08-24T10:02:40.780+0000] {processor.py:179} INFO - Processing /opt/airflow/dags/example_dag_basic.py took 0.211 seconds
[2023-08-24T10:03:10.979+0000] {processor.py:157} INFO - Started process (PID=101) to work on /opt/airflow/dags/example_dag_basic.py
[2023-08-24T10:03:10.984+0000] {processor.py:829} INFO - Processing file /opt/airflow/dags/example_dag_basic.py for tasks to queue
[2023-08-24T10:03:10.997+0000] {logging_mixin.py:151} INFO - [2023-08-24T10:03:10.996+0000] {dagbag.py:539} INFO - Filling up the DagBag from /opt/airflow/dags/example_dag_basic.py
[2023-08-24T10:03:11.037+0000] {processor.py:839} INFO - DAG(s) dict_keys(['example_dag_basic']) retrieved from /opt/airflow/dags/example_dag_basic.py
[2023-08-24T10:03:11.084+0000] {logging_mixin.py:151} INFO - [2023-08-24T10:03:11.084+0000] {dag.py:2907} INFO - Sync 1 DAGs
[2023-08-24T10:03:11.126+0000] {logging_mixin.py:151} INFO - [2023-08-24T10:03:11.125+0000] {dag.py:3677} INFO - Setting next_dagrun for example_dag_basic to 2023-08-24T00:00:00+00:00, run_after=2023-08-25T00:00:00+00:00
[2023-08-24T10:03:11.150+0000] {processor.py:179} INFO - Processing /opt/airflow/dags/example_dag_basic.py took 0.182 seconds
[2023-08-24T10:03:41.497+0000] {processor.py:157} INFO - Started process (PID=112) to work on /opt/airflow/dags/example_dag_basic.py
[2023-08-24T10:03:41.500+0000] {processor.py:829} INFO - Processing file /opt/airflow/dags/example_dag_basic.py for tasks to queue
[2023-08-24T10:03:41.504+0000] {logging_mixin.py:151} INFO - [2023-08-24T10:03:41.503+0000] {dagbag.py:539} INFO - Filling up the DagBag from /opt/airflow/dags/example_dag_basic.py
[2023-08-24T10:03:41.529+0000] {processor.py:839} INFO - DAG(s) dict_keys(['example_dag_basic']) retrieved from /opt/airflow/dags/example_dag_basic.py
[2023-08-24T10:03:41.576+0000] {logging_mixin.py:151} INFO - [2023-08-24T10:03:41.575+0000] {dag.py:2907} INFO - Sync 1 DAGs
[2023-08-24T10:03:41.605+0000] {logging_mixin.py:151} INFO - [2023-08-24T10:03:41.605+0000] {dag.py:3677} INFO - Setting next_dagrun for example_dag_basic to 2023-08-24T00:00:00+00:00, run_after=2023-08-25T00:00:00+00:00
[2023-08-24T10:03:41.626+0000] {processor.py:179} INFO - Processing /opt/airflow/dags/example_dag_basic.py took 0.134 seconds
[2023-08-24T10:04:12.014+0000] {processor.py:157} INFO - Started process (PID=122) to work on /opt/airflow/dags/example_dag_basic.py
[2023-08-24T10:04:12.017+0000] {processor.py:829} INFO - Processing file /opt/airflow/dags/example_dag_basic.py for tasks to queue
[2023-08-24T10:04:12.023+0000] {logging_mixin.py:151} INFO - [2023-08-24T10:04:12.022+0000] {dagbag.py:539} INFO - Filling up the DagBag from /opt/airflow/dags/example_dag_basic.py
[2023-08-24T10:04:12.064+0000] {processor.py:839} INFO - DAG(s) dict_keys(['example_dag_basic']) retrieved from /opt/airflow/dags/example_dag_basic.py
[2023-08-24T10:04:12.106+0000] {logging_mixin.py:151} INFO - [2023-08-24T10:04:12.106+0000] {dag.py:2907} INFO - Sync 1 DAGs
[2023-08-24T10:04:12.133+0000] {logging_mixin.py:151} INFO - [2023-08-24T10:04:12.133+0000] {dag.py:3677} INFO - Setting next_dagrun for example_dag_basic to 2023-08-24T00:00:00+00:00, run_after=2023-08-25T00:00:00+00:00
[2023-08-24T10:04:12.154+0000] {processor.py:179} INFO - Processing /opt/airflow/dags/example_dag_basic.py took 0.149 seconds
[2023-08-24T10:04:42.596+0000] {processor.py:157} INFO - Started process (PID=132) to work on /opt/airflow/dags/example_dag_basic.py
[2023-08-24T10:04:42.604+0000] {processor.py:829} INFO - Processing file /opt/airflow/dags/example_dag_basic.py for tasks to queue
[2023-08-24T10:04:42.623+0000] {logging_mixin.py:151} INFO - [2023-08-24T10:04:42.621+0000] {dagbag.py:539} INFO - Filling up the DagBag from /opt/airflow/dags/example_dag_basic.py
[2023-08-24T10:04:42.677+0000] {processor.py:839} INFO - DAG(s) dict_keys(['example_dag_basic']) retrieved from /opt/airflow/dags/example_dag_basic.py
[2023-08-24T10:04:42.757+0000] {logging_mixin.py:151} INFO - [2023-08-24T10:04:42.757+0000] {dag.py:2907} INFO - Sync 1 DAGs
[2023-08-24T10:04:42.811+0000] {logging_mixin.py:151} INFO - [2023-08-24T10:04:42.811+0000] {dag.py:3677} INFO - Setting next_dagrun for example_dag_basic to 2023-08-24T00:00:00+00:00, run_after=2023-08-25T00:00:00+00:00
[2023-08-24T10:04:42.890+0000] {processor.py:179} INFO - Processing /opt/airflow/dags/example_dag_basic.py took 0.303 seconds
[2023-08-24T10:05:13.090+0000] {processor.py:157} INFO - Started process (PID=142) to work on /opt/airflow/dags/example_dag_basic.py
[2023-08-24T10:05:13.096+0000] {processor.py:829} INFO - Processing file /opt/airflow/dags/example_dag_basic.py for tasks to queue
[2023-08-24T10:05:13.102+0000] {logging_mixin.py:151} INFO - [2023-08-24T10:05:13.101+0000] {dagbag.py:539} INFO - Filling up the DagBag from /opt/airflow/dags/example_dag_basic.py
[2023-08-24T10:05:13.172+0000] {processor.py:839} INFO - DAG(s) dict_keys(['example_dag_basic']) retrieved from /opt/airflow/dags/example_dag_basic.py
[2023-08-24T10:05:13.241+0000] {logging_mixin.py:151} INFO - [2023-08-24T10:05:13.241+0000] {dag.py:2907} INFO - Sync 1 DAGs
[2023-08-24T10:05:13.287+0000] {logging_mixin.py:151} INFO - [2023-08-24T10:05:13.287+0000] {dag.py:3677} INFO - Setting next_dagrun for example_dag_basic to 2023-08-24T00:00:00+00:00, run_after=2023-08-25T00:00:00+00:00
[2023-08-24T10:05:13.317+0000] {processor.py:179} INFO - Processing /opt/airflow/dags/example_dag_basic.py took 0.237 seconds
[2023-08-24T10:05:43.741+0000] {processor.py:157} INFO - Started process (PID=152) to work on /opt/airflow/dags/example_dag_basic.py
[2023-08-24T10:05:43.744+0000] {processor.py:829} INFO - Processing file /opt/airflow/dags/example_dag_basic.py for tasks to queue
[2023-08-24T10:05:43.751+0000] {logging_mixin.py:151} INFO - [2023-08-24T10:05:43.750+0000] {dagbag.py:539} INFO - Filling up the DagBag from /opt/airflow/dags/example_dag_basic.py
[2023-08-24T10:05:43.784+0000] {processor.py:839} INFO - DAG(s) dict_keys(['example_dag_basic']) retrieved from /opt/airflow/dags/example_dag_basic.py
[2023-08-24T10:05:43.845+0000] {logging_mixin.py:151} INFO - [2023-08-24T10:05:43.845+0000] {dag.py:2907} INFO - Sync 1 DAGs
[2023-08-24T10:05:43.874+0000] {logging_mixin.py:151} INFO - [2023-08-24T10:05:43.874+0000] {dag.py:3677} INFO - Setting next_dagrun for example_dag_basic to 2023-08-24T00:00:00+00:00, run_after=2023-08-25T00:00:00+00:00
[2023-08-24T10:05:43.895+0000] {processor.py:179} INFO - Processing /opt/airflow/dags/example_dag_basic.py took 0.164 seconds
[2023-08-24T10:06:14.360+0000] {processor.py:157} INFO - Started process (PID=162) to work on /opt/airflow/dags/example_dag_basic.py
[2023-08-24T10:06:14.365+0000] {processor.py:829} INFO - Processing file /opt/airflow/dags/example_dag_basic.py for tasks to queue
[2023-08-24T10:06:14.372+0000] {logging_mixin.py:151} INFO - [2023-08-24T10:06:14.371+0000] {dagbag.py:539} INFO - Filling up the DagBag from /opt/airflow/dags/example_dag_basic.py
[2023-08-24T10:06:14.396+0000] {processor.py:839} INFO - DAG(s) dict_keys(['example_dag_basic']) retrieved from /opt/airflow/dags/example_dag_basic.py
[2023-08-24T10:06:14.448+0000] {logging_mixin.py:151} INFO - [2023-08-24T10:06:14.447+0000] {dag.py:2907} INFO - Sync 1 DAGs
[2023-08-24T10:06:14.477+0000] {logging_mixin.py:151} INFO - [2023-08-24T10:06:14.477+0000] {dag.py:3677} INFO - Setting next_dagrun for example_dag_basic to 2023-08-24T00:00:00+00:00, run_after=2023-08-25T00:00:00+00:00
[2023-08-24T10:06:14.503+0000] {processor.py:179} INFO - Processing /opt/airflow/dags/example_dag_basic.py took 0.153 seconds
[2023-08-24T10:06:44.954+0000] {processor.py:157} INFO - Started process (PID=172) to work on /opt/airflow/dags/example_dag_basic.py
[2023-08-24T10:06:44.959+0000] {processor.py:829} INFO - Processing file /opt/airflow/dags/example_dag_basic.py for tasks to queue
[2023-08-24T10:06:44.967+0000] {logging_mixin.py:151} INFO - [2023-08-24T10:06:44.967+0000] {dagbag.py:539} INFO - Filling up the DagBag from /opt/airflow/dags/example_dag_basic.py
[2023-08-24T10:06:45.003+0000] {processor.py:839} INFO - DAG(s) dict_keys(['example_dag_basic']) retrieved from /opt/airflow/dags/example_dag_basic.py
[2023-08-24T10:06:45.056+0000] {logging_mixin.py:151} INFO - [2023-08-24T10:06:45.055+0000] {dag.py:2907} INFO - Sync 1 DAGs
[2023-08-24T10:06:45.085+0000] {logging_mixin.py:151} INFO - [2023-08-24T10:06:45.084+0000] {dag.py:3677} INFO - Setting next_dagrun for example_dag_basic to 2023-08-24T00:00:00+00:00, run_after=2023-08-25T00:00:00+00:00
[2023-08-24T10:06:45.110+0000] {processor.py:179} INFO - Processing /opt/airflow/dags/example_dag_basic.py took 0.165 seconds
[2023-08-24T10:07:15.530+0000] {processor.py:157} INFO - Started process (PID=182) to work on /opt/airflow/dags/example_dag_basic.py
[2023-08-24T10:07:15.534+0000] {processor.py:829} INFO - Processing file /opt/airflow/dags/example_dag_basic.py for tasks to queue
[2023-08-24T10:07:15.543+0000] {logging_mixin.py:151} INFO - [2023-08-24T10:07:15.542+0000] {dagbag.py:539} INFO - Filling up the DagBag from /opt/airflow/dags/example_dag_basic.py
[2023-08-24T10:07:15.576+0000] {processor.py:839} INFO - DAG(s) dict_keys(['example_dag_basic']) retrieved from /opt/airflow/dags/example_dag_basic.py
[2023-08-24T10:07:15.619+0000] {logging_mixin.py:151} INFO - [2023-08-24T10:07:15.619+0000] {dag.py:2907} INFO - Sync 1 DAGs
[2023-08-24T10:07:15.654+0000] {logging_mixin.py:151} INFO - [2023-08-24T10:07:15.654+0000] {dag.py:3677} INFO - Setting next_dagrun for example_dag_basic to 2023-08-24T00:00:00+00:00, run_after=2023-08-25T00:00:00+00:00
[2023-08-24T10:07:15.673+0000] {processor.py:179} INFO - Processing /opt/airflow/dags/example_dag_basic.py took 0.156 seconds
[2023-08-24T10:07:46.152+0000] {processor.py:157} INFO - Started process (PID=191) to work on /opt/airflow/dags/example_dag_basic.py
[2023-08-24T10:07:46.156+0000] {processor.py:829} INFO - Processing file /opt/airflow/dags/example_dag_basic.py for tasks to queue
[2023-08-24T10:07:46.164+0000] {logging_mixin.py:151} INFO - [2023-08-24T10:07:46.164+0000] {dagbag.py:539} INFO - Filling up the DagBag from /opt/airflow/dags/example_dag_basic.py
[2023-08-24T10:07:46.191+0000] {processor.py:839} INFO - DAG(s) dict_keys(['example_dag_basic']) retrieved from /opt/airflow/dags/example_dag_basic.py
[2023-08-24T10:07:46.237+0000] {logging_mixin.py:151} INFO - [2023-08-24T10:07:46.236+0000] {dag.py:2907} INFO - Sync 1 DAGs
[2023-08-24T10:07:46.262+0000] {logging_mixin.py:151} INFO - [2023-08-24T10:07:46.262+0000] {dag.py:3677} INFO - Setting next_dagrun for example_dag_basic to 2023-08-24T00:00:00+00:00, run_after=2023-08-25T00:00:00+00:00
[2023-08-24T10:07:46.282+0000] {processor.py:179} INFO - Processing /opt/airflow/dags/example_dag_basic.py took 0.138 seconds
[2023-08-24T10:08:16.861+0000] {processor.py:157} INFO - Started process (PID=201) to work on /opt/airflow/dags/example_dag_basic.py
[2023-08-24T10:08:16.870+0000] {processor.py:829} INFO - Processing file /opt/airflow/dags/example_dag_basic.py for tasks to queue
[2023-08-24T10:08:16.886+0000] {logging_mixin.py:151} INFO - [2023-08-24T10:08:16.885+0000] {dagbag.py:539} INFO - Filling up the DagBag from /opt/airflow/dags/example_dag_basic.py
[2023-08-24T10:08:16.964+0000] {processor.py:839} INFO - DAG(s) dict_keys(['example_dag_basic']) retrieved from /opt/airflow/dags/example_dag_basic.py
[2023-08-24T10:08:17.425+0000] {logging_mixin.py:151} INFO - [2023-08-24T10:08:17.425+0000] {dag.py:2907} INFO - Sync 1 DAGs
[2023-08-24T10:08:17.516+0000] {logging_mixin.py:151} INFO - [2023-08-24T10:08:17.515+0000] {dag.py:3677} INFO - Setting next_dagrun for example_dag_basic to 2023-08-24T00:00:00+00:00, run_after=2023-08-25T00:00:00+00:00
[2023-08-24T10:08:17.589+0000] {processor.py:179} INFO - Processing /opt/airflow/dags/example_dag_basic.py took 0.753 seconds
[2023-08-24T10:08:47.998+0000] {processor.py:157} INFO - Started process (PID=211) to work on /opt/airflow/dags/example_dag_basic.py
[2023-08-24T10:08:48.002+0000] {processor.py:829} INFO - Processing file /opt/airflow/dags/example_dag_basic.py for tasks to queue
[2023-08-24T10:08:48.006+0000] {logging_mixin.py:151} INFO - [2023-08-24T10:08:48.005+0000] {dagbag.py:539} INFO - Filling up the DagBag from /opt/airflow/dags/example_dag_basic.py
[2023-08-24T10:08:48.035+0000] {processor.py:839} INFO - DAG(s) dict_keys(['example_dag_basic']) retrieved from /opt/airflow/dags/example_dag_basic.py
[2023-08-24T10:08:48.096+0000] {logging_mixin.py:151} INFO - [2023-08-24T10:08:48.096+0000] {dag.py:2907} INFO - Sync 1 DAGs
[2023-08-24T10:08:48.125+0000] {logging_mixin.py:151} INFO - [2023-08-24T10:08:48.125+0000] {dag.py:3677} INFO - Setting next_dagrun for example_dag_basic to 2023-08-24T00:00:00+00:00, run_after=2023-08-25T00:00:00+00:00
[2023-08-24T10:08:48.146+0000] {processor.py:179} INFO - Processing /opt/airflow/dags/example_dag_basic.py took 0.154 seconds
[2023-08-24T10:09:18.735+0000] {processor.py:157} INFO - Started process (PID=221) to work on /opt/airflow/dags/example_dag_basic.py
[2023-08-24T10:09:18.740+0000] {processor.py:829} INFO - Processing file /opt/airflow/dags/example_dag_basic.py for tasks to queue
[2023-08-24T10:09:18.749+0000] {logging_mixin.py:151} INFO - [2023-08-24T10:09:18.748+0000] {dagbag.py:539} INFO - Filling up the DagBag from /opt/airflow/dags/example_dag_basic.py
[2023-08-24T10:09:18.803+0000] {processor.py:839} INFO - DAG(s) dict_keys(['example_dag_basic']) retrieved from /opt/airflow/dags/example_dag_basic.py
[2023-08-24T10:09:18.873+0000] {logging_mixin.py:151} INFO - [2023-08-24T10:09:18.873+0000] {dag.py:2907} INFO - Sync 1 DAGs
[2023-08-24T10:09:18.912+0000] {logging_mixin.py:151} INFO - [2023-08-24T10:09:18.912+0000] {dag.py:3677} INFO - Setting next_dagrun for example_dag_basic to 2023-08-24T00:00:00+00:00, run_after=2023-08-25T00:00:00+00:00
[2023-08-24T10:09:18.946+0000] {processor.py:179} INFO - Processing /opt/airflow/dags/example_dag_basic.py took 0.227 seconds
[2023-08-24T10:43:57.128+0000] {processor.py:157} INFO - Started process (PID=231) to work on /opt/airflow/dags/example_dag_basic.py
[2023-08-24T10:43:57.131+0000] {processor.py:829} INFO - Processing file /opt/airflow/dags/example_dag_basic.py for tasks to queue
[2023-08-24T10:43:57.135+0000] {logging_mixin.py:151} INFO - [2023-08-24T10:43:57.135+0000] {dagbag.py:539} INFO - Filling up the DagBag from /opt/airflow/dags/example_dag_basic.py
[2023-08-24T10:43:57.167+0000] {processor.py:839} INFO - DAG(s) dict_keys(['example_dag_basic']) retrieved from /opt/airflow/dags/example_dag_basic.py
[2023-08-24T10:43:57.216+0000] {logging_mixin.py:151} INFO - [2023-08-24T10:43:57.215+0000] {dag.py:2907} INFO - Sync 1 DAGs
[2023-08-24T10:43:57.236+0000] {logging_mixin.py:151} INFO - [2023-08-24T10:43:57.236+0000] {dag.py:3677} INFO - Setting next_dagrun for example_dag_basic to 2023-08-24T00:00:00+00:00, run_after=2023-08-25T00:00:00+00:00
[2023-08-24T10:43:57.251+0000] {processor.py:179} INFO - Processing /opt/airflow/dags/example_dag_basic.py took 0.130 seconds
[2023-08-24T12:56:49.840+0000] {processor.py:157} INFO - Started process (PID=241) to work on /opt/airflow/dags/example_dag_basic.py
[2023-08-24T12:56:49.846+0000] {processor.py:829} INFO - Processing file /opt/airflow/dags/example_dag_basic.py for tasks to queue
[2023-08-24T12:56:49.867+0000] {logging_mixin.py:151} INFO - [2023-08-24T12:56:49.865+0000] {dagbag.py:539} INFO - Filling up the DagBag from /opt/airflow/dags/example_dag_basic.py
[2023-08-24T12:56:49.955+0000] {processor.py:839} INFO - DAG(s) dict_keys(['example_dag_basic']) retrieved from /opt/airflow/dags/example_dag_basic.py
[2023-08-24T12:56:50.131+0000] {logging_mixin.py:151} INFO - [2023-08-24T12:56:50.131+0000] {dag.py:2907} INFO - Sync 1 DAGs
[2023-08-24T12:56:50.217+0000] {logging_mixin.py:151} INFO - [2023-08-24T12:56:50.217+0000] {dag.py:3677} INFO - Setting next_dagrun for example_dag_basic to 2023-08-24T00:00:00+00:00, run_after=2023-08-25T00:00:00+00:00
[2023-08-24T12:56:50.267+0000] {processor.py:179} INFO - Processing /opt/airflow/dags/example_dag_basic.py took 0.437 seconds
[2023-08-24T12:59:27.570+0000] {processor.py:157} INFO - Started process (PID=251) to work on /opt/airflow/dags/example_dag_basic.py
[2023-08-24T12:59:27.573+0000] {processor.py:829} INFO - Processing file /opt/airflow/dags/example_dag_basic.py for tasks to queue
[2023-08-24T12:59:27.578+0000] {logging_mixin.py:151} INFO - [2023-08-24T12:59:27.577+0000] {dagbag.py:539} INFO - Filling up the DagBag from /opt/airflow/dags/example_dag_basic.py
[2023-08-24T12:59:27.604+0000] {processor.py:839} INFO - DAG(s) dict_keys(['example_dag_basic']) retrieved from /opt/airflow/dags/example_dag_basic.py
[2023-08-24T12:59:27.638+0000] {logging_mixin.py:151} INFO - [2023-08-24T12:59:27.637+0000] {dag.py:2907} INFO - Sync 1 DAGs
[2023-08-24T12:59:27.659+0000] {logging_mixin.py:151} INFO - [2023-08-24T12:59:27.659+0000] {dag.py:3677} INFO - Setting next_dagrun for example_dag_basic to 2023-08-24T00:00:00+00:00, run_after=2023-08-25T00:00:00+00:00
[2023-08-24T12:59:27.675+0000] {processor.py:179} INFO - Processing /opt/airflow/dags/example_dag_basic.py took 0.110 seconds
[2023-08-24T14:07:13.905+0000] {processor.py:157} INFO - Started process (PID=261) to work on /opt/airflow/dags/example_dag_basic.py
[2023-08-24T14:07:13.921+0000] {processor.py:829} INFO - Processing file /opt/airflow/dags/example_dag_basic.py for tasks to queue
[2023-08-24T14:07:13.938+0000] {logging_mixin.py:151} INFO - [2023-08-24T14:07:13.937+0000] {dagbag.py:539} INFO - Filling up the DagBag from /opt/airflow/dags/example_dag_basic.py
[2023-08-24T14:07:14.026+0000] {processor.py:839} INFO - DAG(s) dict_keys(['example_dag_basic']) retrieved from /opt/airflow/dags/example_dag_basic.py
[2023-08-24T14:07:14.109+0000] {logging_mixin.py:151} INFO - [2023-08-24T14:07:14.109+0000] {dag.py:2907} INFO - Sync 1 DAGs
[2023-08-24T14:07:14.175+0000] {logging_mixin.py:151} INFO - [2023-08-24T14:07:14.174+0000] {dag.py:3677} INFO - Setting next_dagrun for example_dag_basic to 2023-08-24T00:00:00+00:00, run_after=2023-08-25T00:00:00+00:00
[2023-08-24T14:07:14.246+0000] {processor.py:179} INFO - Processing /opt/airflow/dags/example_dag_basic.py took 0.383 seconds
