[2023-08-24T10:01:09.954+0000] {taskinstance.py:1159} INFO - Dependencies all met for dep_context=non-requeueable deps ti=<TaskInstance: tutorial.templated manual__2023-08-24T10:01:01.051340+00:00 [queued]>
[2023-08-24T10:01:09.989+0000] {taskinstance.py:1159} INFO - Dependencies all met for dep_context=requeueable deps ti=<TaskInstance: tutorial.templated manual__2023-08-24T10:01:01.051340+00:00 [queued]>
[2023-08-24T10:01:09.992+0000] {taskinstance.py:1361} INFO - Starting attempt 1 of 2
[2023-08-24T10:01:10.017+0000] {taskinstance.py:1382} INFO - Executing <Task(BashOperator): templated> on 2023-08-24 10:01:01.051340+00:00
[2023-08-24T10:01:10.031+0000] {standard_task_runner.py:57} INFO - Started process 77 to run task
[2023-08-24T10:01:10.042+0000] {standard_task_runner.py:84} INFO - Running: ['***', 'tasks', 'run', 'tutorial', 'templated', 'manual__2023-08-24T10:01:01.051340+00:00', '--job-id', '18', '--raw', '--subdir', 'DAGS_FOLDER/tutorial.py', '--cfg-path', '/tmp/tmpxkjg3q59']
[2023-08-24T10:01:10.049+0000] {standard_task_runner.py:85} INFO - Job 18: Subtask templated
[2023-08-24T10:01:10.406+0000] {task_command.py:415} INFO - Running <TaskInstance: tutorial.templated manual__2023-08-24T10:01:01.051340+00:00 [running]> on host 7f1aeca48c04
[2023-08-24T10:01:10.628+0000] {taskinstance.py:1660} INFO - Exporting env vars: AIRFLOW_CTX_DAG_EMAIL='***@example.com' AIRFLOW_CTX_DAG_OWNER='***' AIRFLOW_CTX_DAG_ID='tutorial' AIRFLOW_CTX_TASK_ID='templated' AIRFLOW_CTX_EXECUTION_DATE='2023-08-24T10:01:01.051340+00:00' AIRFLOW_CTX_TRY_NUMBER='1' AIRFLOW_CTX_DAG_RUN_ID='manual__2023-08-24T10:01:01.051340+00:00'
[2023-08-24T10:01:10.646+0000] {subprocess.py:63} INFO - Tmp dir root location: /tmp
[2023-08-24T10:01:10.660+0000] {subprocess.py:75} INFO - Running command: ['/bin/bash', '-c', '\n\n    echo "2023-08-24"\n    echo "2023-08-31"\n\n    echo "2023-08-24"\n    echo "2023-08-31"\n\n    echo "2023-08-24"\n    echo "2023-08-31"\n\n    echo "2023-08-24"\n    echo "2023-08-31"\n\n    echo "2023-08-24"\n    echo "2023-08-31"\n']
[2023-08-24T10:01:10.697+0000] {subprocess.py:86} INFO - Output:
[2023-08-24T10:01:10.703+0000] {subprocess.py:93} INFO - 2023-08-24
[2023-08-24T10:01:10.706+0000] {subprocess.py:93} INFO - 2023-08-31
[2023-08-24T10:01:10.709+0000] {subprocess.py:93} INFO - 2023-08-24
[2023-08-24T10:01:10.711+0000] {subprocess.py:93} INFO - 2023-08-31
[2023-08-24T10:01:10.714+0000] {subprocess.py:93} INFO - 2023-08-24
[2023-08-24T10:01:10.716+0000] {subprocess.py:93} INFO - 2023-08-31
[2023-08-24T10:01:10.718+0000] {subprocess.py:93} INFO - 2023-08-24
[2023-08-24T10:01:10.719+0000] {subprocess.py:93} INFO - 2023-08-31
[2023-08-24T10:01:10.721+0000] {subprocess.py:93} INFO - 2023-08-24
[2023-08-24T10:01:10.725+0000] {subprocess.py:93} INFO - 2023-08-31
[2023-08-24T10:01:10.732+0000] {subprocess.py:97} INFO - Command exited with return code 0
[2023-08-24T10:01:10.789+0000] {taskinstance.py:1400} INFO - Marking task as SUCCESS. dag_id=tutorial, task_id=templated, execution_date=20230824T100101, start_date=20230824T100109, end_date=20230824T100110
[2023-08-24T10:01:10.854+0000] {local_task_job_runner.py:228} INFO - Task exited with return code 0
[2023-08-24T10:01:10.889+0000] {taskinstance.py:2784} INFO - 0 downstream tasks scheduled from follow-on schedule check
