[2023-09-08T03:43:15.429+0000] {processor.py:157} INFO - Started process (PID=33) to work on /opt/airflow/dags/example_dag_basic.py
[2023-09-08T03:43:15.433+0000] {processor.py:829} INFO - Processing file /opt/airflow/dags/example_dag_basic.py for tasks to queue
[2023-09-08T03:43:15.437+0000] {logging_mixin.py:151} INFO - [2023-09-08T03:43:15.436+0000] {dagbag.py:539} INFO - Filling up the DagBag from /opt/airflow/dags/example_dag_basic.py
[2023-09-08T03:43:15.459+0000] {processor.py:839} INFO - DAG(s) dict_keys(['example_dag_basic']) retrieved from /opt/airflow/dags/example_dag_basic.py
[2023-09-08T03:43:15.616+0000] {logging_mixin.py:151} INFO - [2023-09-08T03:43:15.616+0000] {dag.py:2907} INFO - Sync 1 DAGs
[2023-09-08T03:43:15.646+0000] {logging_mixin.py:151} INFO - [2023-09-08T03:43:15.646+0000] {dag.py:3677} INFO - Setting next_dagrun for example_dag_basic to 2023-09-07T00:00:00+00:00, run_after=2023-09-08T00:00:00+00:00
[2023-09-08T03:43:15.675+0000] {processor.py:179} INFO - Processing /opt/airflow/dags/example_dag_basic.py took 0.251 seconds
[2023-09-08T03:43:46.406+0000] {processor.py:157} INFO - Started process (PID=46) to work on /opt/airflow/dags/example_dag_basic.py
[2023-09-08T03:43:46.409+0000] {processor.py:829} INFO - Processing file /opt/airflow/dags/example_dag_basic.py for tasks to queue
[2023-09-08T03:43:46.415+0000] {logging_mixin.py:151} INFO - [2023-09-08T03:43:46.414+0000] {dagbag.py:539} INFO - Filling up the DagBag from /opt/airflow/dags/example_dag_basic.py
[2023-09-08T03:43:46.446+0000] {processor.py:839} INFO - DAG(s) dict_keys(['example_dag_basic']) retrieved from /opt/airflow/dags/example_dag_basic.py
[2023-09-08T03:43:46.504+0000] {logging_mixin.py:151} INFO - [2023-09-08T03:43:46.504+0000] {dag.py:2907} INFO - Sync 1 DAGs
[2023-09-08T03:43:46.532+0000] {logging_mixin.py:151} INFO - [2023-09-08T03:43:46.532+0000] {dag.py:3677} INFO - Setting next_dagrun for example_dag_basic to 2023-09-08T00:00:00+00:00, run_after=2023-09-09T00:00:00+00:00
[2023-09-08T03:43:46.553+0000] {processor.py:179} INFO - Processing /opt/airflow/dags/example_dag_basic.py took 0.153 seconds
[2023-09-08T03:44:17.272+0000] {processor.py:157} INFO - Started process (PID=56) to work on /opt/airflow/dags/example_dag_basic.py
[2023-09-08T03:44:17.275+0000] {processor.py:829} INFO - Processing file /opt/airflow/dags/example_dag_basic.py for tasks to queue
[2023-09-08T03:44:17.279+0000] {logging_mixin.py:151} INFO - [2023-09-08T03:44:17.278+0000] {dagbag.py:539} INFO - Filling up the DagBag from /opt/airflow/dags/example_dag_basic.py
[2023-09-08T03:44:17.300+0000] {processor.py:839} INFO - DAG(s) dict_keys(['example_dag_basic']) retrieved from /opt/airflow/dags/example_dag_basic.py
[2023-09-08T03:44:17.344+0000] {logging_mixin.py:151} INFO - [2023-09-08T03:44:17.344+0000] {dag.py:2907} INFO - Sync 1 DAGs
[2023-09-08T03:44:17.378+0000] {logging_mixin.py:151} INFO - [2023-09-08T03:44:17.378+0000] {dag.py:3677} INFO - Setting next_dagrun for example_dag_basic to 2023-09-08T00:00:00+00:00, run_after=2023-09-09T00:00:00+00:00
[2023-09-08T03:44:17.394+0000] {processor.py:179} INFO - Processing /opt/airflow/dags/example_dag_basic.py took 0.128 seconds
[2023-09-08T03:56:25.533+0000] {processor.py:157} INFO - Started process (PID=32) to work on /opt/airflow/dags/example_dag_basic.py
[2023-09-08T03:56:25.543+0000] {processor.py:829} INFO - Processing file /opt/airflow/dags/example_dag_basic.py for tasks to queue
[2023-09-08T03:56:25.563+0000] {logging_mixin.py:151} INFO - [2023-09-08T03:56:25.561+0000] {dagbag.py:539} INFO - Filling up the DagBag from /opt/airflow/dags/example_dag_basic.py
[2023-09-08T03:56:25.603+0000] {processor.py:839} INFO - DAG(s) dict_keys(['example_dag_basic']) retrieved from /opt/airflow/dags/example_dag_basic.py
[2023-09-08T03:56:26.430+0000] {logging_mixin.py:151} INFO - [2023-09-08T03:56:26.429+0000] {dag.py:2907} INFO - Sync 1 DAGs
[2023-09-08T03:56:26.497+0000] {logging_mixin.py:151} INFO - [2023-09-08T03:56:26.496+0000] {dag.py:3677} INFO - Setting next_dagrun for example_dag_basic to 2023-09-08T00:00:00+00:00, run_after=2023-09-09T00:00:00+00:00
[2023-09-08T03:56:26.604+0000] {processor.py:179} INFO - Processing /opt/airflow/dags/example_dag_basic.py took 1.081 seconds
[2023-09-08T03:56:56.950+0000] {processor.py:157} INFO - Started process (PID=43) to work on /opt/airflow/dags/example_dag_basic.py
[2023-09-08T03:56:56.956+0000] {processor.py:829} INFO - Processing file /opt/airflow/dags/example_dag_basic.py for tasks to queue
[2023-09-08T03:56:56.963+0000] {logging_mixin.py:151} INFO - [2023-09-08T03:56:56.962+0000] {dagbag.py:539} INFO - Filling up the DagBag from /opt/airflow/dags/example_dag_basic.py
[2023-09-08T03:56:57.006+0000] {processor.py:839} INFO - DAG(s) dict_keys(['example_dag_basic']) retrieved from /opt/airflow/dags/example_dag_basic.py
[2023-09-08T03:56:57.051+0000] {logging_mixin.py:151} INFO - [2023-09-08T03:56:57.051+0000] {dag.py:2907} INFO - Sync 1 DAGs
[2023-09-08T03:56:57.186+0000] {logging_mixin.py:151} INFO - [2023-09-08T03:56:57.186+0000] {dag.py:3677} INFO - Setting next_dagrun for example_dag_basic to 2023-09-08T00:00:00+00:00, run_after=2023-09-09T00:00:00+00:00
[2023-09-08T03:56:57.203+0000] {processor.py:179} INFO - Processing /opt/airflow/dags/example_dag_basic.py took 0.263 seconds
[2023-09-08T03:57:29.848+0000] {processor.py:157} INFO - Started process (PID=54) to work on /opt/airflow/dags/example_dag_basic.py
[2023-09-08T03:57:29.851+0000] {processor.py:829} INFO - Processing file /opt/airflow/dags/example_dag_basic.py for tasks to queue
[2023-09-08T03:57:29.857+0000] {logging_mixin.py:151} INFO - [2023-09-08T03:57:29.856+0000] {dagbag.py:539} INFO - Filling up the DagBag from /opt/airflow/dags/example_dag_basic.py
[2023-09-08T03:57:29.880+0000] {processor.py:839} INFO - DAG(s) dict_keys(['example_dag_basic']) retrieved from /opt/airflow/dags/example_dag_basic.py
[2023-09-08T03:57:30.074+0000] {logging_mixin.py:151} INFO - [2023-09-08T03:57:30.074+0000] {dag.py:2907} INFO - Sync 1 DAGs
[2023-09-08T03:57:30.092+0000] {logging_mixin.py:151} INFO - [2023-09-08T03:57:30.092+0000] {dag.py:3677} INFO - Setting next_dagrun for example_dag_basic to 2023-09-08T00:00:00+00:00, run_after=2023-09-09T00:00:00+00:00
[2023-09-08T03:57:30.105+0000] {processor.py:179} INFO - Processing /opt/airflow/dags/example_dag_basic.py took 0.263 seconds
[2023-09-08T04:03:29.641+0000] {processor.py:157} INFO - Started process (PID=32) to work on /opt/airflow/dags/example_dag_basic.py
[2023-09-08T04:03:29.645+0000] {processor.py:829} INFO - Processing file /opt/airflow/dags/example_dag_basic.py for tasks to queue
[2023-09-08T04:03:29.655+0000] {logging_mixin.py:151} INFO - [2023-09-08T04:03:29.654+0000] {dagbag.py:539} INFO - Filling up the DagBag from /opt/airflow/dags/example_dag_basic.py
[2023-09-08T04:03:29.685+0000] {processor.py:839} INFO - DAG(s) dict_keys(['example_dag_basic']) retrieved from /opt/airflow/dags/example_dag_basic.py
[2023-09-08T04:03:30.019+0000] {logging_mixin.py:151} INFO - [2023-09-08T04:03:30.019+0000] {dag.py:2907} INFO - Sync 1 DAGs
[2023-09-08T04:03:30.063+0000] {logging_mixin.py:151} INFO - [2023-09-08T04:03:30.063+0000] {dag.py:3677} INFO - Setting next_dagrun for example_dag_basic to 2023-09-08T00:00:00+00:00, run_after=2023-09-09T00:00:00+00:00
[2023-09-08T04:03:30.104+0000] {processor.py:179} INFO - Processing /opt/airflow/dags/example_dag_basic.py took 0.469 seconds
[2023-09-08T04:03:58.810+0000] {processor.py:157} INFO - Started process (PID=32) to work on /opt/airflow/dags/example_dag_basic.py
[2023-09-08T04:03:58.813+0000] {processor.py:829} INFO - Processing file /opt/airflow/dags/example_dag_basic.py for tasks to queue
[2023-09-08T04:03:58.816+0000] {logging_mixin.py:151} INFO - [2023-09-08T04:03:58.816+0000] {dagbag.py:539} INFO - Filling up the DagBag from /opt/airflow/dags/example_dag_basic.py
[2023-09-08T04:03:58.834+0000] {processor.py:839} INFO - DAG(s) dict_keys(['example_dag_basic']) retrieved from /opt/airflow/dags/example_dag_basic.py
[2023-09-08T04:03:58.853+0000] {logging_mixin.py:151} INFO - [2023-09-08T04:03:58.853+0000] {dag.py:2907} INFO - Sync 1 DAGs
[2023-09-08T04:03:58.876+0000] {logging_mixin.py:151} INFO - [2023-09-08T04:03:58.876+0000] {dag.py:3677} INFO - Setting next_dagrun for example_dag_basic to 2023-09-08T00:00:00+00:00, run_after=2023-09-09T00:00:00+00:00
[2023-09-08T04:03:58.893+0000] {processor.py:179} INFO - Processing /opt/airflow/dags/example_dag_basic.py took 0.088 seconds
[2023-09-08T04:04:29.721+0000] {processor.py:157} INFO - Started process (PID=42) to work on /opt/airflow/dags/example_dag_basic.py
[2023-09-08T04:04:29.725+0000] {processor.py:829} INFO - Processing file /opt/airflow/dags/example_dag_basic.py for tasks to queue
[2023-09-08T04:04:29.730+0000] {logging_mixin.py:151} INFO - [2023-09-08T04:04:29.729+0000] {dagbag.py:539} INFO - Filling up the DagBag from /opt/airflow/dags/example_dag_basic.py
[2023-09-08T04:04:29.753+0000] {processor.py:839} INFO - DAG(s) dict_keys(['example_dag_basic']) retrieved from /opt/airflow/dags/example_dag_basic.py
[2023-09-08T04:04:29.806+0000] {logging_mixin.py:151} INFO - [2023-09-08T04:04:29.806+0000] {dag.py:2907} INFO - Sync 1 DAGs
[2023-09-08T04:04:29.998+0000] {logging_mixin.py:151} INFO - [2023-09-08T04:04:29.998+0000] {dag.py:3677} INFO - Setting next_dagrun for example_dag_basic to 2023-09-08T00:00:00+00:00, run_after=2023-09-09T00:00:00+00:00
[2023-09-08T04:04:30.013+0000] {processor.py:179} INFO - Processing /opt/airflow/dags/example_dag_basic.py took 0.296 seconds
[2023-09-08T04:05:02.133+0000] {processor.py:157} INFO - Started process (PID=51) to work on /opt/airflow/dags/example_dag_basic.py
[2023-09-08T04:05:02.139+0000] {processor.py:829} INFO - Processing file /opt/airflow/dags/example_dag_basic.py for tasks to queue
[2023-09-08T04:05:02.145+0000] {logging_mixin.py:151} INFO - [2023-09-08T04:05:02.144+0000] {dagbag.py:539} INFO - Filling up the DagBag from /opt/airflow/dags/example_dag_basic.py
[2023-09-08T04:05:02.176+0000] {processor.py:839} INFO - DAG(s) dict_keys(['example_dag_basic']) retrieved from /opt/airflow/dags/example_dag_basic.py
[2023-09-08T04:05:02.395+0000] {logging_mixin.py:151} INFO - [2023-09-08T04:05:02.395+0000] {dag.py:2907} INFO - Sync 1 DAGs
[2023-09-08T04:05:02.414+0000] {logging_mixin.py:151} INFO - [2023-09-08T04:05:02.414+0000] {dag.py:3677} INFO - Setting next_dagrun for example_dag_basic to 2023-09-08T00:00:00+00:00, run_after=2023-09-09T00:00:00+00:00
[2023-09-08T04:05:02.429+0000] {processor.py:179} INFO - Processing /opt/airflow/dags/example_dag_basic.py took 0.306 seconds
[2023-09-08T04:05:32.913+0000] {processor.py:157} INFO - Started process (PID=61) to work on /opt/airflow/dags/example_dag_basic.py
[2023-09-08T04:05:32.916+0000] {processor.py:829} INFO - Processing file /opt/airflow/dags/example_dag_basic.py for tasks to queue
[2023-09-08T04:05:32.919+0000] {logging_mixin.py:151} INFO - [2023-09-08T04:05:32.919+0000] {dagbag.py:539} INFO - Filling up the DagBag from /opt/airflow/dags/example_dag_basic.py
[2023-09-08T04:05:32.940+0000] {processor.py:839} INFO - DAG(s) dict_keys(['example_dag_basic']) retrieved from /opt/airflow/dags/example_dag_basic.py
[2023-09-08T04:05:32.976+0000] {logging_mixin.py:151} INFO - [2023-09-08T04:05:32.976+0000] {dag.py:2907} INFO - Sync 1 DAGs
[2023-09-08T04:05:32.999+0000] {logging_mixin.py:151} INFO - [2023-09-08T04:05:32.999+0000] {dag.py:3677} INFO - Setting next_dagrun for example_dag_basic to 2023-09-08T00:00:00+00:00, run_after=2023-09-09T00:00:00+00:00
[2023-09-08T04:05:33.014+0000] {processor.py:179} INFO - Processing /opt/airflow/dags/example_dag_basic.py took 0.105 seconds
[2023-09-08T04:20:18.666+0000] {processor.py:157} INFO - Started process (PID=32) to work on /opt/airflow/dags/example_dag_basic.py
[2023-09-08T04:20:18.670+0000] {processor.py:829} INFO - Processing file /opt/airflow/dags/example_dag_basic.py for tasks to queue
[2023-09-08T04:20:18.680+0000] {logging_mixin.py:151} INFO - [2023-09-08T04:20:18.680+0000] {dagbag.py:539} INFO - Filling up the DagBag from /opt/airflow/dags/example_dag_basic.py
[2023-09-08T04:20:18.706+0000] {processor.py:839} INFO - DAG(s) dict_keys(['example_dag_basic']) retrieved from /opt/airflow/dags/example_dag_basic.py
[2023-09-08T04:20:19.146+0000] {logging_mixin.py:151} INFO - [2023-09-08T04:20:19.146+0000] {dag.py:2907} INFO - Sync 1 DAGs
[2023-09-08T04:20:19.177+0000] {logging_mixin.py:151} INFO - [2023-09-08T04:20:19.177+0000] {dag.py:3677} INFO - Setting next_dagrun for example_dag_basic to 2023-09-08T00:00:00+00:00, run_after=2023-09-09T00:00:00+00:00
[2023-09-08T04:20:19.201+0000] {processor.py:179} INFO - Processing /opt/airflow/dags/example_dag_basic.py took 0.542 seconds
[2023-09-08T04:20:50.292+0000] {processor.py:157} INFO - Started process (PID=42) to work on /opt/airflow/dags/example_dag_basic.py
[2023-09-08T04:20:50.298+0000] {processor.py:829} INFO - Processing file /opt/airflow/dags/example_dag_basic.py for tasks to queue
[2023-09-08T04:20:50.307+0000] {logging_mixin.py:151} INFO - [2023-09-08T04:20:50.305+0000] {dagbag.py:539} INFO - Filling up the DagBag from /opt/airflow/dags/example_dag_basic.py
[2023-09-08T04:20:50.385+0000] {processor.py:839} INFO - DAG(s) dict_keys(['example_dag_basic']) retrieved from /opt/airflow/dags/example_dag_basic.py
[2023-09-08T04:20:50.501+0000] {logging_mixin.py:151} INFO - [2023-09-08T04:20:50.501+0000] {dag.py:2907} INFO - Sync 1 DAGs
[2023-09-08T04:20:50.864+0000] {logging_mixin.py:151} INFO - [2023-09-08T04:20:50.864+0000] {dag.py:3677} INFO - Setting next_dagrun for example_dag_basic to 2023-09-08T00:00:00+00:00, run_after=2023-09-09T00:00:00+00:00
[2023-09-08T04:20:50.879+0000] {processor.py:179} INFO - Processing /opt/airflow/dags/example_dag_basic.py took 0.603 seconds
[2023-09-08T04:21:21.606+0000] {processor.py:157} INFO - Started process (PID=52) to work on /opt/airflow/dags/example_dag_basic.py
[2023-09-08T04:21:21.609+0000] {processor.py:829} INFO - Processing file /opt/airflow/dags/example_dag_basic.py for tasks to queue
[2023-09-08T04:21:21.614+0000] {logging_mixin.py:151} INFO - [2023-09-08T04:21:21.613+0000] {dagbag.py:539} INFO - Filling up the DagBag from /opt/airflow/dags/example_dag_basic.py
[2023-09-08T04:21:21.635+0000] {processor.py:839} INFO - DAG(s) dict_keys(['example_dag_basic']) retrieved from /opt/airflow/dags/example_dag_basic.py
[2023-09-08T04:21:21.824+0000] {logging_mixin.py:151} INFO - [2023-09-08T04:21:21.823+0000] {dag.py:2907} INFO - Sync 1 DAGs
[2023-09-08T04:21:21.846+0000] {logging_mixin.py:151} INFO - [2023-09-08T04:21:21.846+0000] {dag.py:3677} INFO - Setting next_dagrun for example_dag_basic to 2023-09-08T00:00:00+00:00, run_after=2023-09-09T00:00:00+00:00
[2023-09-08T04:21:21.862+0000] {processor.py:179} INFO - Processing /opt/airflow/dags/example_dag_basic.py took 0.260 seconds
[2023-09-08T04:21:52.193+0000] {processor.py:157} INFO - Started process (PID=62) to work on /opt/airflow/dags/example_dag_basic.py
[2023-09-08T04:21:52.196+0000] {processor.py:829} INFO - Processing file /opt/airflow/dags/example_dag_basic.py for tasks to queue
[2023-09-08T04:21:52.201+0000] {logging_mixin.py:151} INFO - [2023-09-08T04:21:52.201+0000] {dagbag.py:539} INFO - Filling up the DagBag from /opt/airflow/dags/example_dag_basic.py
[2023-09-08T04:21:52.229+0000] {processor.py:839} INFO - DAG(s) dict_keys(['example_dag_basic']) retrieved from /opt/airflow/dags/example_dag_basic.py
[2023-09-08T04:21:52.281+0000] {logging_mixin.py:151} INFO - [2023-09-08T04:21:52.281+0000] {dag.py:2907} INFO - Sync 1 DAGs
[2023-09-08T04:21:52.306+0000] {logging_mixin.py:151} INFO - [2023-09-08T04:21:52.306+0000] {dag.py:3677} INFO - Setting next_dagrun for example_dag_basic to 2023-09-08T00:00:00+00:00, run_after=2023-09-09T00:00:00+00:00
[2023-09-08T04:21:52.323+0000] {processor.py:179} INFO - Processing /opt/airflow/dags/example_dag_basic.py took 0.134 seconds
[2023-09-08T04:22:22.941+0000] {processor.py:157} INFO - Started process (PID=72) to work on /opt/airflow/dags/example_dag_basic.py
[2023-09-08T04:22:22.943+0000] {processor.py:829} INFO - Processing file /opt/airflow/dags/example_dag_basic.py for tasks to queue
[2023-09-08T04:22:22.948+0000] {logging_mixin.py:151} INFO - [2023-09-08T04:22:22.947+0000] {dagbag.py:539} INFO - Filling up the DagBag from /opt/airflow/dags/example_dag_basic.py
[2023-09-08T04:22:22.975+0000] {processor.py:839} INFO - DAG(s) dict_keys(['example_dag_basic']) retrieved from /opt/airflow/dags/example_dag_basic.py
[2023-09-08T04:22:23.016+0000] {logging_mixin.py:151} INFO - [2023-09-08T04:22:23.016+0000] {dag.py:2907} INFO - Sync 1 DAGs
[2023-09-08T04:22:23.041+0000] {logging_mixin.py:151} INFO - [2023-09-08T04:22:23.040+0000] {dag.py:3677} INFO - Setting next_dagrun for example_dag_basic to 2023-09-08T00:00:00+00:00, run_after=2023-09-09T00:00:00+00:00
[2023-09-08T04:22:23.056+0000] {processor.py:179} INFO - Processing /opt/airflow/dags/example_dag_basic.py took 0.120 seconds
[2023-09-08T04:22:53.700+0000] {processor.py:157} INFO - Started process (PID=82) to work on /opt/airflow/dags/example_dag_basic.py
[2023-09-08T04:22:53.703+0000] {processor.py:829} INFO - Processing file /opt/airflow/dags/example_dag_basic.py for tasks to queue
[2023-09-08T04:22:53.707+0000] {logging_mixin.py:151} INFO - [2023-09-08T04:22:53.707+0000] {dagbag.py:539} INFO - Filling up the DagBag from /opt/airflow/dags/example_dag_basic.py
[2023-09-08T04:22:53.728+0000] {processor.py:839} INFO - DAG(s) dict_keys(['example_dag_basic']) retrieved from /opt/airflow/dags/example_dag_basic.py
[2023-09-08T04:22:53.771+0000] {logging_mixin.py:151} INFO - [2023-09-08T04:22:53.771+0000] {dag.py:2907} INFO - Sync 1 DAGs
[2023-09-08T04:22:53.792+0000] {logging_mixin.py:151} INFO - [2023-09-08T04:22:53.792+0000] {dag.py:3677} INFO - Setting next_dagrun for example_dag_basic to 2023-09-08T00:00:00+00:00, run_after=2023-09-09T00:00:00+00:00
[2023-09-08T04:22:53.807+0000] {processor.py:179} INFO - Processing /opt/airflow/dags/example_dag_basic.py took 0.111 seconds
[2023-09-08T04:23:24.766+0000] {processor.py:157} INFO - Started process (PID=92) to work on /opt/airflow/dags/example_dag_basic.py
[2023-09-08T04:23:24.771+0000] {processor.py:829} INFO - Processing file /opt/airflow/dags/example_dag_basic.py for tasks to queue
[2023-09-08T04:23:24.776+0000] {logging_mixin.py:151} INFO - [2023-09-08T04:23:24.776+0000] {dagbag.py:539} INFO - Filling up the DagBag from /opt/airflow/dags/example_dag_basic.py
[2023-09-08T04:23:24.808+0000] {processor.py:839} INFO - DAG(s) dict_keys(['example_dag_basic']) retrieved from /opt/airflow/dags/example_dag_basic.py
[2023-09-08T04:23:24.870+0000] {logging_mixin.py:151} INFO - [2023-09-08T04:23:24.869+0000] {dag.py:2907} INFO - Sync 1 DAGs
[2023-09-08T04:23:24.907+0000] {logging_mixin.py:151} INFO - [2023-09-08T04:23:24.907+0000] {dag.py:3677} INFO - Setting next_dagrun for example_dag_basic to 2023-09-08T00:00:00+00:00, run_after=2023-09-09T00:00:00+00:00
[2023-09-08T04:23:24.936+0000] {processor.py:179} INFO - Processing /opt/airflow/dags/example_dag_basic.py took 0.185 seconds
[2023-09-08T04:23:55.547+0000] {processor.py:157} INFO - Started process (PID=102) to work on /opt/airflow/dags/example_dag_basic.py
[2023-09-08T04:23:55.549+0000] {processor.py:829} INFO - Processing file /opt/airflow/dags/example_dag_basic.py for tasks to queue
[2023-09-08T04:23:55.553+0000] {logging_mixin.py:151} INFO - [2023-09-08T04:23:55.553+0000] {dagbag.py:539} INFO - Filling up the DagBag from /opt/airflow/dags/example_dag_basic.py
[2023-09-08T04:23:55.571+0000] {processor.py:839} INFO - DAG(s) dict_keys(['example_dag_basic']) retrieved from /opt/airflow/dags/example_dag_basic.py
[2023-09-08T04:23:55.605+0000] {logging_mixin.py:151} INFO - [2023-09-08T04:23:55.605+0000] {dag.py:2907} INFO - Sync 1 DAGs
[2023-09-08T04:23:55.636+0000] {logging_mixin.py:151} INFO - [2023-09-08T04:23:55.636+0000] {dag.py:3677} INFO - Setting next_dagrun for example_dag_basic to 2023-09-08T00:00:00+00:00, run_after=2023-09-09T00:00:00+00:00
[2023-09-08T04:23:55.653+0000] {processor.py:179} INFO - Processing /opt/airflow/dags/example_dag_basic.py took 0.111 seconds
[2023-09-08T04:24:26.347+0000] {processor.py:157} INFO - Started process (PID=112) to work on /opt/airflow/dags/example_dag_basic.py
[2023-09-08T04:24:26.351+0000] {processor.py:829} INFO - Processing file /opt/airflow/dags/example_dag_basic.py for tasks to queue
[2023-09-08T04:24:26.357+0000] {logging_mixin.py:151} INFO - [2023-09-08T04:24:26.356+0000] {dagbag.py:539} INFO - Filling up the DagBag from /opt/airflow/dags/example_dag_basic.py
[2023-09-08T04:24:26.379+0000] {processor.py:839} INFO - DAG(s) dict_keys(['example_dag_basic']) retrieved from /opt/airflow/dags/example_dag_basic.py
[2023-09-08T04:24:26.419+0000] {logging_mixin.py:151} INFO - [2023-09-08T04:24:26.419+0000] {dag.py:2907} INFO - Sync 1 DAGs
[2023-09-08T04:24:26.456+0000] {logging_mixin.py:151} INFO - [2023-09-08T04:24:26.456+0000] {dag.py:3677} INFO - Setting next_dagrun for example_dag_basic to 2023-09-08T00:00:00+00:00, run_after=2023-09-09T00:00:00+00:00
[2023-09-08T04:24:26.487+0000] {processor.py:179} INFO - Processing /opt/airflow/dags/example_dag_basic.py took 0.146 seconds
[2023-09-08T04:24:57.165+0000] {processor.py:157} INFO - Started process (PID=122) to work on /opt/airflow/dags/example_dag_basic.py
[2023-09-08T04:24:57.168+0000] {processor.py:829} INFO - Processing file /opt/airflow/dags/example_dag_basic.py for tasks to queue
[2023-09-08T04:24:57.173+0000] {logging_mixin.py:151} INFO - [2023-09-08T04:24:57.172+0000] {dagbag.py:539} INFO - Filling up the DagBag from /opt/airflow/dags/example_dag_basic.py
[2023-09-08T04:24:57.197+0000] {processor.py:839} INFO - DAG(s) dict_keys(['example_dag_basic']) retrieved from /opt/airflow/dags/example_dag_basic.py
[2023-09-08T04:24:57.241+0000] {logging_mixin.py:151} INFO - [2023-09-08T04:24:57.241+0000] {dag.py:2907} INFO - Sync 1 DAGs
[2023-09-08T04:24:57.268+0000] {logging_mixin.py:151} INFO - [2023-09-08T04:24:57.267+0000] {dag.py:3677} INFO - Setting next_dagrun for example_dag_basic to 2023-09-08T00:00:00+00:00, run_after=2023-09-09T00:00:00+00:00
[2023-09-08T04:24:57.285+0000] {processor.py:179} INFO - Processing /opt/airflow/dags/example_dag_basic.py took 0.127 seconds
[2023-09-08T04:25:27.954+0000] {processor.py:157} INFO - Started process (PID=132) to work on /opt/airflow/dags/example_dag_basic.py
[2023-09-08T04:25:27.956+0000] {processor.py:829} INFO - Processing file /opt/airflow/dags/example_dag_basic.py for tasks to queue
[2023-09-08T04:25:27.960+0000] {logging_mixin.py:151} INFO - [2023-09-08T04:25:27.959+0000] {dagbag.py:539} INFO - Filling up the DagBag from /opt/airflow/dags/example_dag_basic.py
[2023-09-08T04:25:27.979+0000] {processor.py:839} INFO - DAG(s) dict_keys(['example_dag_basic']) retrieved from /opt/airflow/dags/example_dag_basic.py
[2023-09-08T04:25:28.019+0000] {logging_mixin.py:151} INFO - [2023-09-08T04:25:28.018+0000] {dag.py:2907} INFO - Sync 1 DAGs
[2023-09-08T04:25:28.049+0000] {logging_mixin.py:151} INFO - [2023-09-08T04:25:28.049+0000] {dag.py:3677} INFO - Setting next_dagrun for example_dag_basic to 2023-09-08T00:00:00+00:00, run_after=2023-09-09T00:00:00+00:00
[2023-09-08T04:25:28.064+0000] {processor.py:179} INFO - Processing /opt/airflow/dags/example_dag_basic.py took 0.114 seconds
[2023-09-08T04:25:58.982+0000] {processor.py:157} INFO - Started process (PID=142) to work on /opt/airflow/dags/example_dag_basic.py
[2023-09-08T04:25:58.984+0000] {processor.py:829} INFO - Processing file /opt/airflow/dags/example_dag_basic.py for tasks to queue
[2023-09-08T04:25:58.989+0000] {logging_mixin.py:151} INFO - [2023-09-08T04:25:58.988+0000] {dagbag.py:539} INFO - Filling up the DagBag from /opt/airflow/dags/example_dag_basic.py
[2023-09-08T04:25:59.008+0000] {processor.py:839} INFO - DAG(s) dict_keys(['example_dag_basic']) retrieved from /opt/airflow/dags/example_dag_basic.py
[2023-09-08T04:25:59.047+0000] {logging_mixin.py:151} INFO - [2023-09-08T04:25:59.046+0000] {dag.py:2907} INFO - Sync 1 DAGs
[2023-09-08T04:25:59.070+0000] {logging_mixin.py:151} INFO - [2023-09-08T04:25:59.070+0000] {dag.py:3677} INFO - Setting next_dagrun for example_dag_basic to 2023-09-08T00:00:00+00:00, run_after=2023-09-09T00:00:00+00:00
[2023-09-08T04:25:59.097+0000] {processor.py:179} INFO - Processing /opt/airflow/dags/example_dag_basic.py took 0.119 seconds
[2023-09-08T04:26:30.040+0000] {processor.py:157} INFO - Started process (PID=152) to work on /opt/airflow/dags/example_dag_basic.py
[2023-09-08T04:26:30.045+0000] {processor.py:829} INFO - Processing file /opt/airflow/dags/example_dag_basic.py for tasks to queue
[2023-09-08T04:26:30.050+0000] {logging_mixin.py:151} INFO - [2023-09-08T04:26:30.050+0000] {dagbag.py:539} INFO - Filling up the DagBag from /opt/airflow/dags/example_dag_basic.py
[2023-09-08T04:26:30.082+0000] {processor.py:839} INFO - DAG(s) dict_keys(['example_dag_basic']) retrieved from /opt/airflow/dags/example_dag_basic.py
[2023-09-08T04:26:30.142+0000] {logging_mixin.py:151} INFO - [2023-09-08T04:26:30.141+0000] {dag.py:2907} INFO - Sync 1 DAGs
[2023-09-08T04:26:30.195+0000] {logging_mixin.py:151} INFO - [2023-09-08T04:26:30.195+0000] {dag.py:3677} INFO - Setting next_dagrun for example_dag_basic to 2023-09-08T00:00:00+00:00, run_after=2023-09-09T00:00:00+00:00
[2023-09-08T04:26:30.225+0000] {processor.py:179} INFO - Processing /opt/airflow/dags/example_dag_basic.py took 0.191 seconds
[2023-09-08T04:27:01.220+0000] {processor.py:157} INFO - Started process (PID=163) to work on /opt/airflow/dags/example_dag_basic.py
[2023-09-08T04:27:01.223+0000] {processor.py:829} INFO - Processing file /opt/airflow/dags/example_dag_basic.py for tasks to queue
[2023-09-08T04:27:01.226+0000] {logging_mixin.py:151} INFO - [2023-09-08T04:27:01.226+0000] {dagbag.py:539} INFO - Filling up the DagBag from /opt/airflow/dags/example_dag_basic.py
[2023-09-08T04:27:01.248+0000] {processor.py:839} INFO - DAG(s) dict_keys(['example_dag_basic']) retrieved from /opt/airflow/dags/example_dag_basic.py
[2023-09-08T04:27:01.286+0000] {logging_mixin.py:151} INFO - [2023-09-08T04:27:01.286+0000] {dag.py:2907} INFO - Sync 1 DAGs
[2023-09-08T04:27:01.307+0000] {logging_mixin.py:151} INFO - [2023-09-08T04:27:01.307+0000] {dag.py:3677} INFO - Setting next_dagrun for example_dag_basic to 2023-09-08T00:00:00+00:00, run_after=2023-09-09T00:00:00+00:00
[2023-09-08T04:27:01.322+0000] {processor.py:179} INFO - Processing /opt/airflow/dags/example_dag_basic.py took 0.107 seconds
[2023-09-08T04:27:32.019+0000] {processor.py:157} INFO - Started process (PID=173) to work on /opt/airflow/dags/example_dag_basic.py
[2023-09-08T04:27:32.021+0000] {processor.py:829} INFO - Processing file /opt/airflow/dags/example_dag_basic.py for tasks to queue
[2023-09-08T04:27:32.025+0000] {logging_mixin.py:151} INFO - [2023-09-08T04:27:32.025+0000] {dagbag.py:539} INFO - Filling up the DagBag from /opt/airflow/dags/example_dag_basic.py
[2023-09-08T04:27:32.051+0000] {processor.py:839} INFO - DAG(s) dict_keys(['example_dag_basic']) retrieved from /opt/airflow/dags/example_dag_basic.py
[2023-09-08T04:27:32.088+0000] {logging_mixin.py:151} INFO - [2023-09-08T04:27:32.088+0000] {dag.py:2907} INFO - Sync 1 DAGs
[2023-09-08T04:27:32.109+0000] {logging_mixin.py:151} INFO - [2023-09-08T04:27:32.109+0000] {dag.py:3677} INFO - Setting next_dagrun for example_dag_basic to 2023-09-08T00:00:00+00:00, run_after=2023-09-09T00:00:00+00:00
[2023-09-08T04:27:32.125+0000] {processor.py:179} INFO - Processing /opt/airflow/dags/example_dag_basic.py took 0.111 seconds
[2023-09-08T04:28:02.807+0000] {processor.py:157} INFO - Started process (PID=183) to work on /opt/airflow/dags/example_dag_basic.py
[2023-09-08T04:28:02.810+0000] {processor.py:829} INFO - Processing file /opt/airflow/dags/example_dag_basic.py for tasks to queue
[2023-09-08T04:28:02.815+0000] {logging_mixin.py:151} INFO - [2023-09-08T04:28:02.815+0000] {dagbag.py:539} INFO - Filling up the DagBag from /opt/airflow/dags/example_dag_basic.py
[2023-09-08T04:28:02.838+0000] {processor.py:839} INFO - DAG(s) dict_keys(['example_dag_basic']) retrieved from /opt/airflow/dags/example_dag_basic.py
[2023-09-08T04:28:02.881+0000] {logging_mixin.py:151} INFO - [2023-09-08T04:28:02.881+0000] {dag.py:2907} INFO - Sync 1 DAGs
[2023-09-08T04:28:02.905+0000] {logging_mixin.py:151} INFO - [2023-09-08T04:28:02.905+0000] {dag.py:3677} INFO - Setting next_dagrun for example_dag_basic to 2023-09-08T00:00:00+00:00, run_after=2023-09-09T00:00:00+00:00
[2023-09-08T04:28:02.924+0000] {processor.py:179} INFO - Processing /opt/airflow/dags/example_dag_basic.py took 0.123 seconds
[2023-09-08T04:28:35.745+0000] {processor.py:157} INFO - Started process (PID=193) to work on /opt/airflow/dags/example_dag_basic.py
[2023-09-08T04:28:35.754+0000] {processor.py:829} INFO - Processing file /opt/airflow/dags/example_dag_basic.py for tasks to queue
[2023-09-08T04:28:35.773+0000] {logging_mixin.py:151} INFO - [2023-09-08T04:28:35.770+0000] {dagbag.py:539} INFO - Filling up the DagBag from /opt/airflow/dags/example_dag_basic.py
[2023-09-08T04:28:35.862+0000] {processor.py:839} INFO - DAG(s) dict_keys(['example_dag_basic']) retrieved from /opt/airflow/dags/example_dag_basic.py
[2023-09-08T04:28:35.998+0000] {logging_mixin.py:151} INFO - [2023-09-08T04:28:35.997+0000] {dag.py:2907} INFO - Sync 1 DAGs
[2023-09-08T04:28:36.072+0000] {logging_mixin.py:151} INFO - [2023-09-08T04:28:36.071+0000] {dag.py:3677} INFO - Setting next_dagrun for example_dag_basic to 2023-09-08T00:00:00+00:00, run_after=2023-09-09T00:00:00+00:00
[2023-09-08T04:28:36.106+0000] {processor.py:179} INFO - Processing /opt/airflow/dags/example_dag_basic.py took 0.385 seconds
[2023-09-08T04:29:06.951+0000] {processor.py:157} INFO - Started process (PID=203) to work on /opt/airflow/dags/example_dag_basic.py
[2023-09-08T04:29:06.953+0000] {processor.py:829} INFO - Processing file /opt/airflow/dags/example_dag_basic.py for tasks to queue
[2023-09-08T04:29:06.959+0000] {logging_mixin.py:151} INFO - [2023-09-08T04:29:06.959+0000] {dagbag.py:539} INFO - Filling up the DagBag from /opt/airflow/dags/example_dag_basic.py
[2023-09-08T04:29:06.987+0000] {processor.py:839} INFO - DAG(s) dict_keys(['example_dag_basic']) retrieved from /opt/airflow/dags/example_dag_basic.py
[2023-09-08T04:29:07.026+0000] {logging_mixin.py:151} INFO - [2023-09-08T04:29:07.025+0000] {dag.py:2907} INFO - Sync 1 DAGs
[2023-09-08T04:29:07.052+0000] {logging_mixin.py:151} INFO - [2023-09-08T04:29:07.052+0000] {dag.py:3677} INFO - Setting next_dagrun for example_dag_basic to 2023-09-08T00:00:00+00:00, run_after=2023-09-09T00:00:00+00:00
[2023-09-08T04:29:07.067+0000] {processor.py:179} INFO - Processing /opt/airflow/dags/example_dag_basic.py took 0.120 seconds
[2023-09-08T04:29:37.829+0000] {processor.py:157} INFO - Started process (PID=212) to work on /opt/airflow/dags/example_dag_basic.py
[2023-09-08T04:29:37.833+0000] {processor.py:829} INFO - Processing file /opt/airflow/dags/example_dag_basic.py for tasks to queue
[2023-09-08T04:29:37.838+0000] {logging_mixin.py:151} INFO - [2023-09-08T04:29:37.838+0000] {dagbag.py:539} INFO - Filling up the DagBag from /opt/airflow/dags/example_dag_basic.py
[2023-09-08T04:29:37.857+0000] {processor.py:839} INFO - DAG(s) dict_keys(['example_dag_basic']) retrieved from /opt/airflow/dags/example_dag_basic.py
[2023-09-08T04:29:37.900+0000] {logging_mixin.py:151} INFO - [2023-09-08T04:29:37.900+0000] {dag.py:2907} INFO - Sync 1 DAGs
[2023-09-08T04:29:37.923+0000] {logging_mixin.py:151} INFO - [2023-09-08T04:29:37.922+0000] {dag.py:3677} INFO - Setting next_dagrun for example_dag_basic to 2023-09-08T00:00:00+00:00, run_after=2023-09-09T00:00:00+00:00
[2023-09-08T04:29:37.938+0000] {processor.py:179} INFO - Processing /opt/airflow/dags/example_dag_basic.py took 0.114 seconds
[2023-09-08T04:30:08.551+0000] {processor.py:157} INFO - Started process (PID=222) to work on /opt/airflow/dags/example_dag_basic.py
[2023-09-08T04:30:08.553+0000] {processor.py:829} INFO - Processing file /opt/airflow/dags/example_dag_basic.py for tasks to queue
[2023-09-08T04:30:08.556+0000] {logging_mixin.py:151} INFO - [2023-09-08T04:30:08.556+0000] {dagbag.py:539} INFO - Filling up the DagBag from /opt/airflow/dags/example_dag_basic.py
[2023-09-08T04:30:08.581+0000] {processor.py:839} INFO - DAG(s) dict_keys(['example_dag_basic']) retrieved from /opt/airflow/dags/example_dag_basic.py
[2023-09-08T04:30:08.615+0000] {logging_mixin.py:151} INFO - [2023-09-08T04:30:08.615+0000] {dag.py:2907} INFO - Sync 1 DAGs
[2023-09-08T04:30:08.636+0000] {logging_mixin.py:151} INFO - [2023-09-08T04:30:08.636+0000] {dag.py:3677} INFO - Setting next_dagrun for example_dag_basic to 2023-09-08T00:00:00+00:00, run_after=2023-09-09T00:00:00+00:00
[2023-09-08T04:30:08.651+0000] {processor.py:179} INFO - Processing /opt/airflow/dags/example_dag_basic.py took 0.105 seconds
[2023-09-08T04:30:39.409+0000] {processor.py:157} INFO - Started process (PID=232) to work on /opt/airflow/dags/example_dag_basic.py
[2023-09-08T04:30:39.413+0000] {processor.py:829} INFO - Processing file /opt/airflow/dags/example_dag_basic.py for tasks to queue
[2023-09-08T04:30:39.418+0000] {logging_mixin.py:151} INFO - [2023-09-08T04:30:39.417+0000] {dagbag.py:539} INFO - Filling up the DagBag from /opt/airflow/dags/example_dag_basic.py
[2023-09-08T04:30:39.444+0000] {processor.py:839} INFO - DAG(s) dict_keys(['example_dag_basic']) retrieved from /opt/airflow/dags/example_dag_basic.py
[2023-09-08T04:30:39.501+0000] {logging_mixin.py:151} INFO - [2023-09-08T04:30:39.501+0000] {dag.py:2907} INFO - Sync 1 DAGs
[2023-09-08T04:30:39.539+0000] {logging_mixin.py:151} INFO - [2023-09-08T04:30:39.539+0000] {dag.py:3677} INFO - Setting next_dagrun for example_dag_basic to 2023-09-08T00:00:00+00:00, run_after=2023-09-09T00:00:00+00:00
[2023-09-08T04:30:39.558+0000] {processor.py:179} INFO - Processing /opt/airflow/dags/example_dag_basic.py took 0.154 seconds
[2023-09-08T04:31:10.251+0000] {processor.py:157} INFO - Started process (PID=242) to work on /opt/airflow/dags/example_dag_basic.py
[2023-09-08T04:31:10.254+0000] {processor.py:829} INFO - Processing file /opt/airflow/dags/example_dag_basic.py for tasks to queue
[2023-09-08T04:31:10.258+0000] {logging_mixin.py:151} INFO - [2023-09-08T04:31:10.257+0000] {dagbag.py:539} INFO - Filling up the DagBag from /opt/airflow/dags/example_dag_basic.py
[2023-09-08T04:31:10.276+0000] {processor.py:839} INFO - DAG(s) dict_keys(['example_dag_basic']) retrieved from /opt/airflow/dags/example_dag_basic.py
[2023-09-08T04:31:10.315+0000] {logging_mixin.py:151} INFO - [2023-09-08T04:31:10.314+0000] {dag.py:2907} INFO - Sync 1 DAGs
[2023-09-08T04:31:10.336+0000] {logging_mixin.py:151} INFO - [2023-09-08T04:31:10.336+0000] {dag.py:3677} INFO - Setting next_dagrun for example_dag_basic to 2023-09-08T00:00:00+00:00, run_after=2023-09-09T00:00:00+00:00
[2023-09-08T04:31:10.352+0000] {processor.py:179} INFO - Processing /opt/airflow/dags/example_dag_basic.py took 0.105 seconds
[2023-09-08T04:31:41.502+0000] {processor.py:157} INFO - Started process (PID=258) to work on /opt/airflow/dags/example_dag_basic.py
[2023-09-08T04:31:41.506+0000] {processor.py:829} INFO - Processing file /opt/airflow/dags/example_dag_basic.py for tasks to queue
[2023-09-08T04:31:41.510+0000] {logging_mixin.py:151} INFO - [2023-09-08T04:31:41.509+0000] {dagbag.py:539} INFO - Filling up the DagBag from /opt/airflow/dags/example_dag_basic.py
[2023-09-08T04:31:41.535+0000] {processor.py:839} INFO - DAG(s) dict_keys(['example_dag_basic']) retrieved from /opt/airflow/dags/example_dag_basic.py
[2023-09-08T04:31:41.584+0000] {logging_mixin.py:151} INFO - [2023-09-08T04:31:41.584+0000] {dag.py:2907} INFO - Sync 1 DAGs
[2023-09-08T04:31:41.609+0000] {logging_mixin.py:151} INFO - [2023-09-08T04:31:41.609+0000] {dag.py:3677} INFO - Setting next_dagrun for example_dag_basic to 2023-09-08T00:00:00+00:00, run_after=2023-09-09T00:00:00+00:00
[2023-09-08T04:31:41.625+0000] {processor.py:179} INFO - Processing /opt/airflow/dags/example_dag_basic.py took 0.131 seconds
[2023-09-08T04:32:12.410+0000] {processor.py:157} INFO - Started process (PID=267) to work on /opt/airflow/dags/example_dag_basic.py
[2023-09-08T04:32:12.413+0000] {processor.py:829} INFO - Processing file /opt/airflow/dags/example_dag_basic.py for tasks to queue
[2023-09-08T04:32:12.417+0000] {logging_mixin.py:151} INFO - [2023-09-08T04:32:12.417+0000] {dagbag.py:539} INFO - Filling up the DagBag from /opt/airflow/dags/example_dag_basic.py
[2023-09-08T04:32:12.437+0000] {processor.py:839} INFO - DAG(s) dict_keys(['example_dag_basic']) retrieved from /opt/airflow/dags/example_dag_basic.py
[2023-09-08T04:32:12.481+0000] {logging_mixin.py:151} INFO - [2023-09-08T04:32:12.480+0000] {dag.py:2907} INFO - Sync 1 DAGs
[2023-09-08T04:32:12.502+0000] {logging_mixin.py:151} INFO - [2023-09-08T04:32:12.502+0000] {dag.py:3677} INFO - Setting next_dagrun for example_dag_basic to 2023-09-08T00:00:00+00:00, run_after=2023-09-09T00:00:00+00:00
[2023-09-08T04:32:12.517+0000] {processor.py:179} INFO - Processing /opt/airflow/dags/example_dag_basic.py took 0.113 seconds
[2023-09-08T04:32:43.157+0000] {processor.py:157} INFO - Started process (PID=277) to work on /opt/airflow/dags/example_dag_basic.py
[2023-09-08T04:32:43.160+0000] {processor.py:829} INFO - Processing file /opt/airflow/dags/example_dag_basic.py for tasks to queue
[2023-09-08T04:32:43.164+0000] {logging_mixin.py:151} INFO - [2023-09-08T04:32:43.163+0000] {dagbag.py:539} INFO - Filling up the DagBag from /opt/airflow/dags/example_dag_basic.py
[2023-09-08T04:32:43.191+0000] {processor.py:839} INFO - DAG(s) dict_keys(['example_dag_basic']) retrieved from /opt/airflow/dags/example_dag_basic.py
[2023-09-08T04:32:43.234+0000] {logging_mixin.py:151} INFO - [2023-09-08T04:32:43.234+0000] {dag.py:2907} INFO - Sync 1 DAGs
[2023-09-08T04:32:43.256+0000] {logging_mixin.py:151} INFO - [2023-09-08T04:32:43.256+0000] {dag.py:3677} INFO - Setting next_dagrun for example_dag_basic to 2023-09-08T00:00:00+00:00, run_after=2023-09-09T00:00:00+00:00
[2023-09-08T04:32:43.271+0000] {processor.py:179} INFO - Processing /opt/airflow/dags/example_dag_basic.py took 0.119 seconds
[2023-09-08T04:33:14.037+0000] {processor.py:157} INFO - Started process (PID=287) to work on /opt/airflow/dags/example_dag_basic.py
[2023-09-08T04:33:14.041+0000] {processor.py:829} INFO - Processing file /opt/airflow/dags/example_dag_basic.py for tasks to queue
[2023-09-08T04:33:14.046+0000] {logging_mixin.py:151} INFO - [2023-09-08T04:33:14.046+0000] {dagbag.py:539} INFO - Filling up the DagBag from /opt/airflow/dags/example_dag_basic.py
[2023-09-08T04:33:14.069+0000] {processor.py:839} INFO - DAG(s) dict_keys(['example_dag_basic']) retrieved from /opt/airflow/dags/example_dag_basic.py
[2023-09-08T04:33:14.105+0000] {logging_mixin.py:151} INFO - [2023-09-08T04:33:14.105+0000] {dag.py:2907} INFO - Sync 1 DAGs
[2023-09-08T04:33:14.131+0000] {logging_mixin.py:151} INFO - [2023-09-08T04:33:14.130+0000] {dag.py:3677} INFO - Setting next_dagrun for example_dag_basic to 2023-09-08T00:00:00+00:00, run_after=2023-09-09T00:00:00+00:00
[2023-09-08T04:33:14.146+0000] {processor.py:179} INFO - Processing /opt/airflow/dags/example_dag_basic.py took 0.113 seconds
[2023-09-08T04:33:46.461+0000] {processor.py:157} INFO - Started process (PID=298) to work on /opt/airflow/dags/example_dag_basic.py
[2023-09-08T04:33:46.467+0000] {processor.py:829} INFO - Processing file /opt/airflow/dags/example_dag_basic.py for tasks to queue
[2023-09-08T04:33:46.485+0000] {logging_mixin.py:151} INFO - [2023-09-08T04:33:46.484+0000] {dagbag.py:539} INFO - Filling up the DagBag from /opt/airflow/dags/example_dag_basic.py
[2023-09-08T04:33:46.546+0000] {processor.py:839} INFO - DAG(s) dict_keys(['example_dag_basic']) retrieved from /opt/airflow/dags/example_dag_basic.py
[2023-09-08T04:33:46.668+0000] {logging_mixin.py:151} INFO - [2023-09-08T04:33:46.667+0000] {dag.py:2907} INFO - Sync 1 DAGs
[2023-09-08T04:33:46.742+0000] {logging_mixin.py:151} INFO - [2023-09-08T04:33:46.742+0000] {dag.py:3677} INFO - Setting next_dagrun for example_dag_basic to 2023-09-08T00:00:00+00:00, run_after=2023-09-09T00:00:00+00:00
[2023-09-08T04:33:46.784+0000] {processor.py:179} INFO - Processing /opt/airflow/dags/example_dag_basic.py took 0.330 seconds
[2023-09-08T04:34:17.415+0000] {processor.py:157} INFO - Started process (PID=308) to work on /opt/airflow/dags/example_dag_basic.py
[2023-09-08T04:34:17.417+0000] {processor.py:829} INFO - Processing file /opt/airflow/dags/example_dag_basic.py for tasks to queue
[2023-09-08T04:34:17.421+0000] {logging_mixin.py:151} INFO - [2023-09-08T04:34:17.421+0000] {dagbag.py:539} INFO - Filling up the DagBag from /opt/airflow/dags/example_dag_basic.py
[2023-09-08T04:34:17.447+0000] {processor.py:839} INFO - DAG(s) dict_keys(['example_dag_basic']) retrieved from /opt/airflow/dags/example_dag_basic.py
[2023-09-08T04:34:17.488+0000] {logging_mixin.py:151} INFO - [2023-09-08T04:34:17.488+0000] {dag.py:2907} INFO - Sync 1 DAGs
[2023-09-08T04:34:17.516+0000] {logging_mixin.py:151} INFO - [2023-09-08T04:34:17.516+0000] {dag.py:3677} INFO - Setting next_dagrun for example_dag_basic to 2023-09-08T00:00:00+00:00, run_after=2023-09-09T00:00:00+00:00
[2023-09-08T04:34:17.533+0000] {processor.py:179} INFO - Processing /opt/airflow/dags/example_dag_basic.py took 0.123 seconds
[2023-09-08T04:34:48.070+0000] {processor.py:157} INFO - Started process (PID=318) to work on /opt/airflow/dags/example_dag_basic.py
[2023-09-08T04:34:48.073+0000] {processor.py:829} INFO - Processing file /opt/airflow/dags/example_dag_basic.py for tasks to queue
[2023-09-08T04:34:48.076+0000] {logging_mixin.py:151} INFO - [2023-09-08T04:34:48.076+0000] {dagbag.py:539} INFO - Filling up the DagBag from /opt/airflow/dags/example_dag_basic.py
[2023-09-08T04:34:48.096+0000] {processor.py:839} INFO - DAG(s) dict_keys(['example_dag_basic']) retrieved from /opt/airflow/dags/example_dag_basic.py
[2023-09-08T04:34:48.133+0000] {logging_mixin.py:151} INFO - [2023-09-08T04:34:48.133+0000] {dag.py:2907} INFO - Sync 1 DAGs
[2023-09-08T04:34:48.155+0000] {logging_mixin.py:151} INFO - [2023-09-08T04:34:48.155+0000] {dag.py:3677} INFO - Setting next_dagrun for example_dag_basic to 2023-09-08T00:00:00+00:00, run_after=2023-09-09T00:00:00+00:00
[2023-09-08T04:34:48.170+0000] {processor.py:179} INFO - Processing /opt/airflow/dags/example_dag_basic.py took 0.104 seconds
[2023-09-08T04:35:19.059+0000] {processor.py:157} INFO - Started process (PID=328) to work on /opt/airflow/dags/example_dag_basic.py
[2023-09-08T04:35:19.071+0000] {processor.py:829} INFO - Processing file /opt/airflow/dags/example_dag_basic.py for tasks to queue
[2023-09-08T04:35:19.079+0000] {logging_mixin.py:151} INFO - [2023-09-08T04:35:19.078+0000] {dagbag.py:539} INFO - Filling up the DagBag from /opt/airflow/dags/example_dag_basic.py
[2023-09-08T04:35:19.129+0000] {processor.py:839} INFO - DAG(s) dict_keys(['example_dag_basic']) retrieved from /opt/airflow/dags/example_dag_basic.py
[2023-09-08T04:35:19.213+0000] {logging_mixin.py:151} INFO - [2023-09-08T04:35:19.213+0000] {dag.py:2907} INFO - Sync 1 DAGs
[2023-09-08T04:35:19.249+0000] {logging_mixin.py:151} INFO - [2023-09-08T04:35:19.249+0000] {dag.py:3677} INFO - Setting next_dagrun for example_dag_basic to 2023-09-08T00:00:00+00:00, run_after=2023-09-09T00:00:00+00:00
[2023-09-08T04:35:19.288+0000] {processor.py:179} INFO - Processing /opt/airflow/dags/example_dag_basic.py took 0.242 seconds
[2023-09-08T04:35:50.104+0000] {processor.py:157} INFO - Started process (PID=338) to work on /opt/airflow/dags/example_dag_basic.py
[2023-09-08T04:35:50.108+0000] {processor.py:829} INFO - Processing file /opt/airflow/dags/example_dag_basic.py for tasks to queue
[2023-09-08T04:35:50.114+0000] {logging_mixin.py:151} INFO - [2023-09-08T04:35:50.114+0000] {dagbag.py:539} INFO - Filling up the DagBag from /opt/airflow/dags/example_dag_basic.py
[2023-09-08T04:35:50.151+0000] {processor.py:839} INFO - DAG(s) dict_keys(['example_dag_basic']) retrieved from /opt/airflow/dags/example_dag_basic.py
[2023-09-08T04:35:50.216+0000] {logging_mixin.py:151} INFO - [2023-09-08T04:35:50.215+0000] {dag.py:2907} INFO - Sync 1 DAGs
[2023-09-08T04:35:50.253+0000] {logging_mixin.py:151} INFO - [2023-09-08T04:35:50.253+0000] {dag.py:3677} INFO - Setting next_dagrun for example_dag_basic to 2023-09-08T00:00:00+00:00, run_after=2023-09-09T00:00:00+00:00
[2023-09-08T04:35:50.276+0000] {processor.py:179} INFO - Processing /opt/airflow/dags/example_dag_basic.py took 0.181 seconds
[2023-09-08T04:36:21.012+0000] {processor.py:157} INFO - Started process (PID=348) to work on /opt/airflow/dags/example_dag_basic.py
[2023-09-08T04:36:21.016+0000] {processor.py:829} INFO - Processing file /opt/airflow/dags/example_dag_basic.py for tasks to queue
[2023-09-08T04:36:21.022+0000] {logging_mixin.py:151} INFO - [2023-09-08T04:36:21.021+0000] {dagbag.py:539} INFO - Filling up the DagBag from /opt/airflow/dags/example_dag_basic.py
[2023-09-08T04:36:21.044+0000] {processor.py:839} INFO - DAG(s) dict_keys(['example_dag_basic']) retrieved from /opt/airflow/dags/example_dag_basic.py
[2023-09-08T04:36:21.093+0000] {logging_mixin.py:151} INFO - [2023-09-08T04:36:21.093+0000] {dag.py:2907} INFO - Sync 1 DAGs
[2023-09-08T04:36:21.118+0000] {logging_mixin.py:151} INFO - [2023-09-08T04:36:21.118+0000] {dag.py:3677} INFO - Setting next_dagrun for example_dag_basic to 2023-09-08T00:00:00+00:00, run_after=2023-09-09T00:00:00+00:00
[2023-09-08T04:36:21.133+0000] {processor.py:179} INFO - Processing /opt/airflow/dags/example_dag_basic.py took 0.130 seconds
[2023-09-08T04:36:51.945+0000] {processor.py:157} INFO - Started process (PID=358) to work on /opt/airflow/dags/example_dag_basic.py
[2023-09-08T04:36:51.947+0000] {processor.py:829} INFO - Processing file /opt/airflow/dags/example_dag_basic.py for tasks to queue
[2023-09-08T04:36:51.950+0000] {logging_mixin.py:151} INFO - [2023-09-08T04:36:51.950+0000] {dagbag.py:539} INFO - Filling up the DagBag from /opt/airflow/dags/example_dag_basic.py
[2023-09-08T04:36:51.970+0000] {processor.py:839} INFO - DAG(s) dict_keys(['example_dag_basic']) retrieved from /opt/airflow/dags/example_dag_basic.py
[2023-09-08T04:36:52.010+0000] {logging_mixin.py:151} INFO - [2023-09-08T04:36:52.009+0000] {dag.py:2907} INFO - Sync 1 DAGs
[2023-09-08T04:36:52.031+0000] {logging_mixin.py:151} INFO - [2023-09-08T04:36:52.031+0000] {dag.py:3677} INFO - Setting next_dagrun for example_dag_basic to 2023-09-08T00:00:00+00:00, run_after=2023-09-09T00:00:00+00:00
[2023-09-08T04:36:52.045+0000] {processor.py:179} INFO - Processing /opt/airflow/dags/example_dag_basic.py took 0.105 seconds
[2023-09-08T04:37:22.789+0000] {processor.py:157} INFO - Started process (PID=368) to work on /opt/airflow/dags/example_dag_basic.py
[2023-09-08T04:37:22.792+0000] {processor.py:829} INFO - Processing file /opt/airflow/dags/example_dag_basic.py for tasks to queue
[2023-09-08T04:37:22.795+0000] {logging_mixin.py:151} INFO - [2023-09-08T04:37:22.795+0000] {dagbag.py:539} INFO - Filling up the DagBag from /opt/airflow/dags/example_dag_basic.py
[2023-09-08T04:37:22.813+0000] {processor.py:839} INFO - DAG(s) dict_keys(['example_dag_basic']) retrieved from /opt/airflow/dags/example_dag_basic.py
[2023-09-08T04:37:22.858+0000] {logging_mixin.py:151} INFO - [2023-09-08T04:37:22.857+0000] {dag.py:2907} INFO - Sync 1 DAGs
[2023-09-08T04:37:22.887+0000] {logging_mixin.py:151} INFO - [2023-09-08T04:37:22.887+0000] {dag.py:3677} INFO - Setting next_dagrun for example_dag_basic to 2023-09-08T00:00:00+00:00, run_after=2023-09-09T00:00:00+00:00
[2023-09-08T04:37:22.903+0000] {processor.py:179} INFO - Processing /opt/airflow/dags/example_dag_basic.py took 0.118 seconds
[2023-09-08T04:38:25.305+0000] {processor.py:157} INFO - Started process (PID=32) to work on /opt/airflow/dags/example_dag_basic.py
[2023-09-08T04:38:25.310+0000] {processor.py:829} INFO - Processing file /opt/airflow/dags/example_dag_basic.py for tasks to queue
[2023-09-08T04:38:25.319+0000] {logging_mixin.py:151} INFO - [2023-09-08T04:38:25.318+0000] {dagbag.py:539} INFO - Filling up the DagBag from /opt/airflow/dags/example_dag_basic.py
[2023-09-08T04:38:25.352+0000] {processor.py:839} INFO - DAG(s) dict_keys(['example_dag_basic']) retrieved from /opt/airflow/dags/example_dag_basic.py
[2023-09-08T04:38:25.883+0000] {logging_mixin.py:151} INFO - [2023-09-08T04:38:25.882+0000] {dag.py:2907} INFO - Sync 1 DAGs
[2023-09-08T04:38:25.943+0000] {logging_mixin.py:151} INFO - [2023-09-08T04:38:25.943+0000] {dag.py:3677} INFO - Setting next_dagrun for example_dag_basic to 2023-09-08T00:00:00+00:00, run_after=2023-09-09T00:00:00+00:00
[2023-09-08T04:38:25.983+0000] {processor.py:179} INFO - Processing /opt/airflow/dags/example_dag_basic.py took 0.687 seconds
[2023-09-08T04:38:56.743+0000] {processor.py:157} INFO - Started process (PID=42) to work on /opt/airflow/dags/example_dag_basic.py
[2023-09-08T04:38:56.748+0000] {processor.py:829} INFO - Processing file /opt/airflow/dags/example_dag_basic.py for tasks to queue
[2023-09-08T04:38:56.754+0000] {logging_mixin.py:151} INFO - [2023-09-08T04:38:56.754+0000] {dagbag.py:539} INFO - Filling up the DagBag from /opt/airflow/dags/example_dag_basic.py
[2023-09-08T04:38:56.788+0000] {processor.py:839} INFO - DAG(s) dict_keys(['example_dag_basic']) retrieved from /opt/airflow/dags/example_dag_basic.py
[2023-09-08T04:38:56.837+0000] {logging_mixin.py:151} INFO - [2023-09-08T04:38:56.837+0000] {dag.py:2907} INFO - Sync 1 DAGs
[2023-09-08T04:38:57.632+0000] {logging_mixin.py:151} INFO - [2023-09-08T04:38:57.631+0000] {dag.py:3677} INFO - Setting next_dagrun for example_dag_basic to 2023-09-08T00:00:00+00:00, run_after=2023-09-09T00:00:00+00:00
[2023-09-08T04:38:57.674+0000] {processor.py:179} INFO - Processing /opt/airflow/dags/example_dag_basic.py took 0.937 seconds
[2023-09-08T04:39:28.155+0000] {processor.py:157} INFO - Started process (PID=51) to work on /opt/airflow/dags/example_dag_basic.py
[2023-09-08T04:39:28.159+0000] {processor.py:829} INFO - Processing file /opt/airflow/dags/example_dag_basic.py for tasks to queue
[2023-09-08T04:39:28.162+0000] {logging_mixin.py:151} INFO - [2023-09-08T04:39:28.162+0000] {dagbag.py:539} INFO - Filling up the DagBag from /opt/airflow/dags/example_dag_basic.py
[2023-09-08T04:39:28.180+0000] {processor.py:839} INFO - DAG(s) dict_keys(['example_dag_basic']) retrieved from /opt/airflow/dags/example_dag_basic.py
[2023-09-08T04:39:28.345+0000] {logging_mixin.py:151} INFO - [2023-09-08T04:39:28.345+0000] {dag.py:2907} INFO - Sync 1 DAGs
[2023-09-08T04:39:28.364+0000] {logging_mixin.py:151} INFO - [2023-09-08T04:39:28.364+0000] {dag.py:3677} INFO - Setting next_dagrun for example_dag_basic to 2023-09-08T00:00:00+00:00, run_after=2023-09-09T00:00:00+00:00
[2023-09-08T04:39:28.380+0000] {processor.py:179} INFO - Processing /opt/airflow/dags/example_dag_basic.py took 0.229 seconds
[2023-09-08T04:39:59.023+0000] {processor.py:157} INFO - Started process (PID=61) to work on /opt/airflow/dags/example_dag_basic.py
[2023-09-08T04:39:59.027+0000] {processor.py:829} INFO - Processing file /opt/airflow/dags/example_dag_basic.py for tasks to queue
[2023-09-08T04:39:59.032+0000] {logging_mixin.py:151} INFO - [2023-09-08T04:39:59.031+0000] {dagbag.py:539} INFO - Filling up the DagBag from /opt/airflow/dags/example_dag_basic.py
[2023-09-08T04:39:59.064+0000] {processor.py:839} INFO - DAG(s) dict_keys(['example_dag_basic']) retrieved from /opt/airflow/dags/example_dag_basic.py
[2023-09-08T04:39:59.105+0000] {logging_mixin.py:151} INFO - [2023-09-08T04:39:59.105+0000] {dag.py:2907} INFO - Sync 1 DAGs
[2023-09-08T04:39:59.137+0000] {logging_mixin.py:151} INFO - [2023-09-08T04:39:59.137+0000] {dag.py:3677} INFO - Setting next_dagrun for example_dag_basic to 2023-09-08T00:00:00+00:00, run_after=2023-09-09T00:00:00+00:00
[2023-09-08T04:39:59.154+0000] {processor.py:179} INFO - Processing /opt/airflow/dags/example_dag_basic.py took 0.136 seconds
[2023-09-08T04:40:30.175+0000] {processor.py:157} INFO - Started process (PID=71) to work on /opt/airflow/dags/example_dag_basic.py
[2023-09-08T04:40:30.178+0000] {processor.py:829} INFO - Processing file /opt/airflow/dags/example_dag_basic.py for tasks to queue
[2023-09-08T04:40:30.183+0000] {logging_mixin.py:151} INFO - [2023-09-08T04:40:30.182+0000] {dagbag.py:539} INFO - Filling up the DagBag from /opt/airflow/dags/example_dag_basic.py
[2023-09-08T04:40:30.201+0000] {processor.py:839} INFO - DAG(s) dict_keys(['example_dag_basic']) retrieved from /opt/airflow/dags/example_dag_basic.py
[2023-09-08T04:40:30.246+0000] {logging_mixin.py:151} INFO - [2023-09-08T04:40:30.245+0000] {dag.py:2907} INFO - Sync 1 DAGs
[2023-09-08T04:40:30.270+0000] {logging_mixin.py:151} INFO - [2023-09-08T04:40:30.270+0000] {dag.py:3677} INFO - Setting next_dagrun for example_dag_basic to 2023-09-08T00:00:00+00:00, run_after=2023-09-09T00:00:00+00:00
[2023-09-08T04:40:30.286+0000] {processor.py:179} INFO - Processing /opt/airflow/dags/example_dag_basic.py took 0.115 seconds
[2023-09-08T04:41:00.959+0000] {processor.py:157} INFO - Started process (PID=80) to work on /opt/airflow/dags/example_dag_basic.py
[2023-09-08T04:41:00.962+0000] {processor.py:829} INFO - Processing file /opt/airflow/dags/example_dag_basic.py for tasks to queue
[2023-09-08T04:41:00.966+0000] {logging_mixin.py:151} INFO - [2023-09-08T04:41:00.965+0000] {dagbag.py:539} INFO - Filling up the DagBag from /opt/airflow/dags/example_dag_basic.py
[2023-09-08T04:41:00.986+0000] {processor.py:839} INFO - DAG(s) dict_keys(['example_dag_basic']) retrieved from /opt/airflow/dags/example_dag_basic.py
[2023-09-08T04:41:01.025+0000] {logging_mixin.py:151} INFO - [2023-09-08T04:41:01.025+0000] {dag.py:2907} INFO - Sync 1 DAGs
[2023-09-08T04:41:01.050+0000] {logging_mixin.py:151} INFO - [2023-09-08T04:41:01.050+0000] {dag.py:3677} INFO - Setting next_dagrun for example_dag_basic to 2023-09-08T00:00:00+00:00, run_after=2023-09-09T00:00:00+00:00
[2023-09-08T04:41:01.066+0000] {processor.py:179} INFO - Processing /opt/airflow/dags/example_dag_basic.py took 0.111 seconds
[2023-09-08T04:41:31.917+0000] {processor.py:157} INFO - Started process (PID=90) to work on /opt/airflow/dags/example_dag_basic.py
[2023-09-08T04:41:31.920+0000] {processor.py:829} INFO - Processing file /opt/airflow/dags/example_dag_basic.py for tasks to queue
[2023-09-08T04:41:31.923+0000] {logging_mixin.py:151} INFO - [2023-09-08T04:41:31.923+0000] {dagbag.py:539} INFO - Filling up the DagBag from /opt/airflow/dags/example_dag_basic.py
[2023-09-08T04:41:31.946+0000] {processor.py:839} INFO - DAG(s) dict_keys(['example_dag_basic']) retrieved from /opt/airflow/dags/example_dag_basic.py
[2023-09-08T04:41:31.985+0000] {logging_mixin.py:151} INFO - [2023-09-08T04:41:31.985+0000] {dag.py:2907} INFO - Sync 1 DAGs
[2023-09-08T04:41:32.006+0000] {logging_mixin.py:151} INFO - [2023-09-08T04:41:32.006+0000] {dag.py:3677} INFO - Setting next_dagrun for example_dag_basic to 2023-09-08T00:00:00+00:00, run_after=2023-09-09T00:00:00+00:00
[2023-09-08T04:41:32.022+0000] {processor.py:179} INFO - Processing /opt/airflow/dags/example_dag_basic.py took 0.109 seconds
[2023-09-08T04:42:03.952+0000] {processor.py:157} INFO - Started process (PID=100) to work on /opt/airflow/dags/example_dag_basic.py
[2023-09-08T04:42:03.958+0000] {processor.py:829} INFO - Processing file /opt/airflow/dags/example_dag_basic.py for tasks to queue
[2023-09-08T04:42:03.994+0000] {logging_mixin.py:151} INFO - [2023-09-08T04:42:03.990+0000] {dagbag.py:539} INFO - Filling up the DagBag from /opt/airflow/dags/example_dag_basic.py
[2023-09-08T04:42:04.120+0000] {processor.py:839} INFO - DAG(s) dict_keys(['example_dag_basic']) retrieved from /opt/airflow/dags/example_dag_basic.py
[2023-09-08T04:42:04.233+0000] {logging_mixin.py:151} INFO - [2023-09-08T04:42:04.233+0000] {dag.py:2907} INFO - Sync 1 DAGs
[2023-09-08T04:42:04.294+0000] {logging_mixin.py:151} INFO - [2023-09-08T04:42:04.293+0000] {dag.py:3677} INFO - Setting next_dagrun for example_dag_basic to 2023-09-08T00:00:00+00:00, run_after=2023-09-09T00:00:00+00:00
[2023-09-08T04:42:04.322+0000] {processor.py:179} INFO - Processing /opt/airflow/dags/example_dag_basic.py took 0.384 seconds
[2023-09-08T04:42:36.326+0000] {processor.py:157} INFO - Started process (PID=109) to work on /opt/airflow/dags/example_dag_basic.py
[2023-09-08T04:42:36.338+0000] {processor.py:829} INFO - Processing file /opt/airflow/dags/example_dag_basic.py for tasks to queue
[2023-09-08T04:42:36.360+0000] {logging_mixin.py:151} INFO - [2023-09-08T04:42:36.357+0000] {dagbag.py:539} INFO - Filling up the DagBag from /opt/airflow/dags/example_dag_basic.py
[2023-09-08T04:42:36.576+0000] {processor.py:839} INFO - DAG(s) dict_keys(['example_dag_basic']) retrieved from /opt/airflow/dags/example_dag_basic.py
[2023-09-08T04:42:36.919+0000] {logging_mixin.py:151} INFO - [2023-09-08T04:42:36.916+0000] {dag.py:2907} INFO - Sync 1 DAGs
[2023-09-08T04:42:36.992+0000] {logging_mixin.py:151} INFO - [2023-09-08T04:42:36.992+0000] {dag.py:3677} INFO - Setting next_dagrun for example_dag_basic to 2023-09-08T00:00:00+00:00, run_after=2023-09-09T00:00:00+00:00
[2023-09-08T04:42:37.034+0000] {processor.py:179} INFO - Processing /opt/airflow/dags/example_dag_basic.py took 0.738 seconds
[2023-09-08T04:43:07.124+0000] {processor.py:157} INFO - Started process (PID=120) to work on /opt/airflow/dags/example_dag_basic.py
[2023-09-08T04:43:07.127+0000] {processor.py:829} INFO - Processing file /opt/airflow/dags/example_dag_basic.py for tasks to queue
[2023-09-08T04:43:07.131+0000] {logging_mixin.py:151} INFO - [2023-09-08T04:43:07.130+0000] {dagbag.py:539} INFO - Filling up the DagBag from /opt/airflow/dags/example_dag_basic.py
[2023-09-08T04:43:07.149+0000] {processor.py:839} INFO - DAG(s) dict_keys(['example_dag_basic']) retrieved from /opt/airflow/dags/example_dag_basic.py
[2023-09-08T04:43:07.181+0000] {logging_mixin.py:151} INFO - [2023-09-08T04:43:07.181+0000] {dag.py:2907} INFO - Sync 1 DAGs
[2023-09-08T04:43:07.205+0000] {logging_mixin.py:151} INFO - [2023-09-08T04:43:07.204+0000] {dag.py:3677} INFO - Setting next_dagrun for example_dag_basic to 2023-09-08T00:00:00+00:00, run_after=2023-09-09T00:00:00+00:00
[2023-09-08T04:43:07.222+0000] {processor.py:179} INFO - Processing /opt/airflow/dags/example_dag_basic.py took 0.102 seconds
[2023-09-08T04:43:38.074+0000] {processor.py:157} INFO - Started process (PID=130) to work on /opt/airflow/dags/example_dag_basic.py
[2023-09-08T04:43:38.077+0000] {processor.py:829} INFO - Processing file /opt/airflow/dags/example_dag_basic.py for tasks to queue
[2023-09-08T04:43:38.082+0000] {logging_mixin.py:151} INFO - [2023-09-08T04:43:38.081+0000] {dagbag.py:539} INFO - Filling up the DagBag from /opt/airflow/dags/example_dag_basic.py
[2023-09-08T04:43:38.104+0000] {processor.py:839} INFO - DAG(s) dict_keys(['example_dag_basic']) retrieved from /opt/airflow/dags/example_dag_basic.py
[2023-09-08T04:43:38.140+0000] {logging_mixin.py:151} INFO - [2023-09-08T04:43:38.139+0000] {dag.py:2907} INFO - Sync 1 DAGs
[2023-09-08T04:43:38.166+0000] {logging_mixin.py:151} INFO - [2023-09-08T04:43:38.166+0000] {dag.py:3677} INFO - Setting next_dagrun for example_dag_basic to 2023-09-08T00:00:00+00:00, run_after=2023-09-09T00:00:00+00:00
[2023-09-08T04:43:38.182+0000] {processor.py:179} INFO - Processing /opt/airflow/dags/example_dag_basic.py took 0.113 seconds
[2023-09-08T04:44:09.190+0000] {processor.py:157} INFO - Started process (PID=140) to work on /opt/airflow/dags/example_dag_basic.py
[2023-09-08T04:44:09.193+0000] {processor.py:829} INFO - Processing file /opt/airflow/dags/example_dag_basic.py for tasks to queue
[2023-09-08T04:44:09.199+0000] {logging_mixin.py:151} INFO - [2023-09-08T04:44:09.198+0000] {dagbag.py:539} INFO - Filling up the DagBag from /opt/airflow/dags/example_dag_basic.py
[2023-09-08T04:44:09.226+0000] {processor.py:839} INFO - DAG(s) dict_keys(['example_dag_basic']) retrieved from /opt/airflow/dags/example_dag_basic.py
[2023-09-08T04:44:09.278+0000] {logging_mixin.py:151} INFO - [2023-09-08T04:44:09.278+0000] {dag.py:2907} INFO - Sync 1 DAGs
[2023-09-08T04:44:09.309+0000] {logging_mixin.py:151} INFO - [2023-09-08T04:44:09.309+0000] {dag.py:3677} INFO - Setting next_dagrun for example_dag_basic to 2023-09-08T00:00:00+00:00, run_after=2023-09-09T00:00:00+00:00
[2023-09-08T04:44:09.328+0000] {processor.py:179} INFO - Processing /opt/airflow/dags/example_dag_basic.py took 0.143 seconds
[2023-09-08T04:44:40.582+0000] {processor.py:157} INFO - Started process (PID=151) to work on /opt/airflow/dags/example_dag_basic.py
[2023-09-08T04:44:40.589+0000] {processor.py:829} INFO - Processing file /opt/airflow/dags/example_dag_basic.py for tasks to queue
[2023-09-08T04:44:40.613+0000] {logging_mixin.py:151} INFO - [2023-09-08T04:44:40.608+0000] {dagbag.py:539} INFO - Filling up the DagBag from /opt/airflow/dags/example_dag_basic.py
[2023-09-08T04:44:40.741+0000] {processor.py:839} INFO - DAG(s) dict_keys(['example_dag_basic']) retrieved from /opt/airflow/dags/example_dag_basic.py
[2023-09-08T04:44:40.853+0000] {logging_mixin.py:151} INFO - [2023-09-08T04:44:40.853+0000] {dag.py:2907} INFO - Sync 1 DAGs
[2023-09-08T04:44:40.889+0000] {logging_mixin.py:151} INFO - [2023-09-08T04:44:40.889+0000] {dag.py:3677} INFO - Setting next_dagrun for example_dag_basic to 2023-09-08T00:00:00+00:00, run_after=2023-09-09T00:00:00+00:00
[2023-09-08T04:44:40.913+0000] {processor.py:179} INFO - Processing /opt/airflow/dags/example_dag_basic.py took 0.343 seconds
[2023-09-08T04:45:11.451+0000] {processor.py:157} INFO - Started process (PID=162) to work on /opt/airflow/dags/example_dag_basic.py
[2023-09-08T04:45:11.457+0000] {processor.py:829} INFO - Processing file /opt/airflow/dags/example_dag_basic.py for tasks to queue
[2023-09-08T04:45:11.462+0000] {logging_mixin.py:151} INFO - [2023-09-08T04:45:11.462+0000] {dagbag.py:539} INFO - Filling up the DagBag from /opt/airflow/dags/example_dag_basic.py
[2023-09-08T04:45:11.502+0000] {processor.py:839} INFO - DAG(s) dict_keys(['example_dag_basic']) retrieved from /opt/airflow/dags/example_dag_basic.py
[2023-09-08T04:45:11.581+0000] {logging_mixin.py:151} INFO - [2023-09-08T04:45:11.581+0000] {dag.py:2907} INFO - Sync 1 DAGs
[2023-09-08T04:45:11.611+0000] {logging_mixin.py:151} INFO - [2023-09-08T04:45:11.610+0000] {dag.py:3677} INFO - Setting next_dagrun for example_dag_basic to 2023-09-08T00:00:00+00:00, run_after=2023-09-09T00:00:00+00:00
[2023-09-08T04:45:11.632+0000] {processor.py:179} INFO - Processing /opt/airflow/dags/example_dag_basic.py took 0.186 seconds
[2023-09-08T04:45:42.283+0000] {processor.py:157} INFO - Started process (PID=172) to work on /opt/airflow/dags/example_dag_basic.py
[2023-09-08T04:45:42.288+0000] {processor.py:829} INFO - Processing file /opt/airflow/dags/example_dag_basic.py for tasks to queue
[2023-09-08T04:45:42.295+0000] {logging_mixin.py:151} INFO - [2023-09-08T04:45:42.294+0000] {dagbag.py:539} INFO - Filling up the DagBag from /opt/airflow/dags/example_dag_basic.py
[2023-09-08T04:45:42.382+0000] {processor.py:839} INFO - DAG(s) dict_keys(['example_dag_basic']) retrieved from /opt/airflow/dags/example_dag_basic.py
[2023-09-08T04:45:42.483+0000] {logging_mixin.py:151} INFO - [2023-09-08T04:45:42.482+0000] {dag.py:2907} INFO - Sync 1 DAGs
[2023-09-08T04:45:42.523+0000] {logging_mixin.py:151} INFO - [2023-09-08T04:45:42.523+0000] {dag.py:3677} INFO - Setting next_dagrun for example_dag_basic to 2023-09-08T00:00:00+00:00, run_after=2023-09-09T00:00:00+00:00
[2023-09-08T04:45:42.559+0000] {processor.py:179} INFO - Processing /opt/airflow/dags/example_dag_basic.py took 0.281 seconds
[2023-09-08T04:46:13.237+0000] {processor.py:157} INFO - Started process (PID=182) to work on /opt/airflow/dags/example_dag_basic.py
[2023-09-08T04:46:13.241+0000] {processor.py:829} INFO - Processing file /opt/airflow/dags/example_dag_basic.py for tasks to queue
[2023-09-08T04:46:13.245+0000] {logging_mixin.py:151} INFO - [2023-09-08T04:46:13.245+0000] {dagbag.py:539} INFO - Filling up the DagBag from /opt/airflow/dags/example_dag_basic.py
[2023-09-08T04:46:13.268+0000] {processor.py:839} INFO - DAG(s) dict_keys(['example_dag_basic']) retrieved from /opt/airflow/dags/example_dag_basic.py
[2023-09-08T04:46:13.308+0000] {logging_mixin.py:151} INFO - [2023-09-08T04:46:13.308+0000] {dag.py:2907} INFO - Sync 1 DAGs
[2023-09-08T04:46:13.329+0000] {logging_mixin.py:151} INFO - [2023-09-08T04:46:13.329+0000] {dag.py:3677} INFO - Setting next_dagrun for example_dag_basic to 2023-09-08T00:00:00+00:00, run_after=2023-09-09T00:00:00+00:00
[2023-09-08T04:46:13.345+0000] {processor.py:179} INFO - Processing /opt/airflow/dags/example_dag_basic.py took 0.113 seconds
[2023-09-08T04:46:43.993+0000] {processor.py:157} INFO - Started process (PID=192) to work on /opt/airflow/dags/example_dag_basic.py
[2023-09-08T04:46:43.996+0000] {processor.py:829} INFO - Processing file /opt/airflow/dags/example_dag_basic.py for tasks to queue
[2023-09-08T04:46:43.999+0000] {logging_mixin.py:151} INFO - [2023-09-08T04:46:43.999+0000] {dagbag.py:539} INFO - Filling up the DagBag from /opt/airflow/dags/example_dag_basic.py
[2023-09-08T04:46:44.019+0000] {processor.py:839} INFO - DAG(s) dict_keys(['example_dag_basic']) retrieved from /opt/airflow/dags/example_dag_basic.py
[2023-09-08T04:46:44.056+0000] {logging_mixin.py:151} INFO - [2023-09-08T04:46:44.056+0000] {dag.py:2907} INFO - Sync 1 DAGs
[2023-09-08T04:46:44.081+0000] {logging_mixin.py:151} INFO - [2023-09-08T04:46:44.080+0000] {dag.py:3677} INFO - Setting next_dagrun for example_dag_basic to 2023-09-08T00:00:00+00:00, run_after=2023-09-09T00:00:00+00:00
[2023-09-08T04:46:44.095+0000] {processor.py:179} INFO - Processing /opt/airflow/dags/example_dag_basic.py took 0.106 seconds
[2023-09-08T04:47:14.746+0000] {processor.py:157} INFO - Started process (PID=202) to work on /opt/airflow/dags/example_dag_basic.py
[2023-09-08T04:47:14.749+0000] {processor.py:829} INFO - Processing file /opt/airflow/dags/example_dag_basic.py for tasks to queue
[2023-09-08T04:47:14.752+0000] {logging_mixin.py:151} INFO - [2023-09-08T04:47:14.752+0000] {dagbag.py:539} INFO - Filling up the DagBag from /opt/airflow/dags/example_dag_basic.py
[2023-09-08T04:47:14.772+0000] {processor.py:839} INFO - DAG(s) dict_keys(['example_dag_basic']) retrieved from /opt/airflow/dags/example_dag_basic.py
[2023-09-08T04:47:14.811+0000] {logging_mixin.py:151} INFO - [2023-09-08T04:47:14.811+0000] {dag.py:2907} INFO - Sync 1 DAGs
[2023-09-08T04:47:14.835+0000] {logging_mixin.py:151} INFO - [2023-09-08T04:47:14.835+0000] {dag.py:3677} INFO - Setting next_dagrun for example_dag_basic to 2023-09-08T00:00:00+00:00, run_after=2023-09-09T00:00:00+00:00
[2023-09-08T04:47:14.853+0000] {processor.py:179} INFO - Processing /opt/airflow/dags/example_dag_basic.py took 0.111 seconds
[2023-09-08T04:47:45.396+0000] {processor.py:157} INFO - Started process (PID=211) to work on /opt/airflow/dags/example_dag_basic.py
[2023-09-08T04:47:45.399+0000] {processor.py:829} INFO - Processing file /opt/airflow/dags/example_dag_basic.py for tasks to queue
[2023-09-08T04:47:45.403+0000] {logging_mixin.py:151} INFO - [2023-09-08T04:47:45.402+0000] {dagbag.py:539} INFO - Filling up the DagBag from /opt/airflow/dags/example_dag_basic.py
[2023-09-08T04:47:45.424+0000] {processor.py:839} INFO - DAG(s) dict_keys(['example_dag_basic']) retrieved from /opt/airflow/dags/example_dag_basic.py
[2023-09-08T04:47:45.460+0000] {logging_mixin.py:151} INFO - [2023-09-08T04:47:45.460+0000] {dag.py:2907} INFO - Sync 1 DAGs
[2023-09-08T04:47:45.481+0000] {logging_mixin.py:151} INFO - [2023-09-08T04:47:45.480+0000] {dag.py:3677} INFO - Setting next_dagrun for example_dag_basic to 2023-09-08T00:00:00+00:00, run_after=2023-09-09T00:00:00+00:00
[2023-09-08T04:47:45.496+0000] {processor.py:179} INFO - Processing /opt/airflow/dags/example_dag_basic.py took 0.104 seconds
[2023-09-08T04:56:31.463+0000] {processor.py:157} INFO - Started process (PID=32) to work on /opt/airflow/dags/example_dag_basic.py
[2023-09-08T04:56:31.467+0000] {processor.py:829} INFO - Processing file /opt/airflow/dags/example_dag_basic.py for tasks to queue
[2023-09-08T04:56:31.476+0000] {logging_mixin.py:151} INFO - [2023-09-08T04:56:31.475+0000] {dagbag.py:539} INFO - Filling up the DagBag from /opt/airflow/dags/example_dag_basic.py
[2023-09-08T04:56:31.510+0000] {processor.py:839} INFO - DAG(s) dict_keys(['example_dag_basic']) retrieved from /opt/airflow/dags/example_dag_basic.py
[2023-09-08T04:56:31.973+0000] {logging_mixin.py:151} INFO - [2023-09-08T04:56:31.972+0000] {dag.py:2907} INFO - Sync 1 DAGs
[2023-09-08T04:56:32.004+0000] {logging_mixin.py:151} INFO - [2023-09-08T04:56:32.003+0000] {dag.py:3677} INFO - Setting next_dagrun for example_dag_basic to 2023-09-08T00:00:00+00:00, run_after=2023-09-09T00:00:00+00:00
[2023-09-08T04:56:32.032+0000] {processor.py:179} INFO - Processing /opt/airflow/dags/example_dag_basic.py took 0.576 seconds
[2023-09-08T04:57:02.169+0000] {processor.py:157} INFO - Started process (PID=42) to work on /opt/airflow/dags/example_dag_basic.py
[2023-09-08T04:57:02.171+0000] {processor.py:829} INFO - Processing file /opt/airflow/dags/example_dag_basic.py for tasks to queue
[2023-09-08T04:57:02.177+0000] {logging_mixin.py:151} INFO - [2023-09-08T04:57:02.176+0000] {dagbag.py:539} INFO - Filling up the DagBag from /opt/airflow/dags/example_dag_basic.py
[2023-09-08T04:57:02.205+0000] {processor.py:839} INFO - DAG(s) dict_keys(['example_dag_basic']) retrieved from /opt/airflow/dags/example_dag_basic.py
[2023-09-08T04:57:02.243+0000] {logging_mixin.py:151} INFO - [2023-09-08T04:57:02.242+0000] {dag.py:2907} INFO - Sync 1 DAGs
[2023-09-08T04:57:02.419+0000] {logging_mixin.py:151} INFO - [2023-09-08T04:57:02.418+0000] {dag.py:3677} INFO - Setting next_dagrun for example_dag_basic to 2023-09-08T00:00:00+00:00, run_after=2023-09-09T00:00:00+00:00
[2023-09-08T04:57:02.436+0000] {processor.py:179} INFO - Processing /opt/airflow/dags/example_dag_basic.py took 0.272 seconds
[2023-09-08T04:57:36.041+0000] {processor.py:157} INFO - Started process (PID=52) to work on /opt/airflow/dags/example_dag_basic.py
[2023-09-08T04:57:36.046+0000] {processor.py:829} INFO - Processing file /opt/airflow/dags/example_dag_basic.py for tasks to queue
[2023-09-08T04:57:36.053+0000] {logging_mixin.py:151} INFO - [2023-09-08T04:57:36.052+0000] {dagbag.py:539} INFO - Filling up the DagBag from /opt/airflow/dags/example_dag_basic.py
[2023-09-08T04:57:36.084+0000] {processor.py:839} INFO - DAG(s) dict_keys(['example_dag_basic']) retrieved from /opt/airflow/dags/example_dag_basic.py
[2023-09-08T04:57:36.505+0000] {logging_mixin.py:151} INFO - [2023-09-08T04:57:36.504+0000] {dag.py:2907} INFO - Sync 1 DAGs
[2023-09-08T04:57:36.546+0000] {logging_mixin.py:151} INFO - [2023-09-08T04:57:36.546+0000] {dag.py:3677} INFO - Setting next_dagrun for example_dag_basic to 2023-09-08T00:00:00+00:00, run_after=2023-09-09T00:00:00+00:00
[2023-09-08T04:57:36.578+0000] {processor.py:179} INFO - Processing /opt/airflow/dags/example_dag_basic.py took 0.549 seconds
[2023-09-08T04:58:06.723+0000] {processor.py:157} INFO - Started process (PID=62) to work on /opt/airflow/dags/example_dag_basic.py
[2023-09-08T04:58:06.726+0000] {processor.py:829} INFO - Processing file /opt/airflow/dags/example_dag_basic.py for tasks to queue
[2023-09-08T04:58:06.730+0000] {logging_mixin.py:151} INFO - [2023-09-08T04:58:06.729+0000] {dagbag.py:539} INFO - Filling up the DagBag from /opt/airflow/dags/example_dag_basic.py
[2023-09-08T04:58:06.752+0000] {processor.py:839} INFO - DAG(s) dict_keys(['example_dag_basic']) retrieved from /opt/airflow/dags/example_dag_basic.py
[2023-09-08T04:58:06.790+0000] {logging_mixin.py:151} INFO - [2023-09-08T04:58:06.790+0000] {dag.py:2907} INFO - Sync 1 DAGs
[2023-09-08T04:58:06.843+0000] {logging_mixin.py:151} INFO - [2023-09-08T04:58:06.843+0000] {dag.py:3677} INFO - Setting next_dagrun for example_dag_basic to 2023-09-08T00:00:00+00:00, run_after=2023-09-09T00:00:00+00:00
[2023-09-08T04:58:06.876+0000] {processor.py:179} INFO - Processing /opt/airflow/dags/example_dag_basic.py took 0.157 seconds
[2023-09-08T04:58:38.113+0000] {processor.py:157} INFO - Started process (PID=72) to work on /opt/airflow/dags/example_dag_basic.py
[2023-09-08T04:58:38.116+0000] {processor.py:829} INFO - Processing file /opt/airflow/dags/example_dag_basic.py for tasks to queue
[2023-09-08T04:58:38.121+0000] {logging_mixin.py:151} INFO - [2023-09-08T04:58:38.121+0000] {dagbag.py:539} INFO - Filling up the DagBag from /opt/airflow/dags/example_dag_basic.py
[2023-09-08T04:58:38.150+0000] {processor.py:839} INFO - DAG(s) dict_keys(['example_dag_basic']) retrieved from /opt/airflow/dags/example_dag_basic.py
[2023-09-08T04:58:38.197+0000] {logging_mixin.py:151} INFO - [2023-09-08T04:58:38.197+0000] {dag.py:2907} INFO - Sync 1 DAGs
[2023-09-08T04:58:38.220+0000] {logging_mixin.py:151} INFO - [2023-09-08T04:58:38.220+0000] {dag.py:3677} INFO - Setting next_dagrun for example_dag_basic to 2023-09-08T00:00:00+00:00, run_after=2023-09-09T00:00:00+00:00
[2023-09-08T04:58:38.238+0000] {processor.py:179} INFO - Processing /opt/airflow/dags/example_dag_basic.py took 0.130 seconds
[2023-09-08T04:59:09.190+0000] {processor.py:157} INFO - Started process (PID=82) to work on /opt/airflow/dags/example_dag_basic.py
[2023-09-08T04:59:09.194+0000] {processor.py:829} INFO - Processing file /opt/airflow/dags/example_dag_basic.py for tasks to queue
[2023-09-08T04:59:09.198+0000] {logging_mixin.py:151} INFO - [2023-09-08T04:59:09.198+0000] {dagbag.py:539} INFO - Filling up the DagBag from /opt/airflow/dags/example_dag_basic.py
[2023-09-08T04:59:09.219+0000] {processor.py:839} INFO - DAG(s) dict_keys(['example_dag_basic']) retrieved from /opt/airflow/dags/example_dag_basic.py
[2023-09-08T04:59:09.261+0000] {logging_mixin.py:151} INFO - [2023-09-08T04:59:09.261+0000] {dag.py:2907} INFO - Sync 1 DAGs
[2023-09-08T04:59:09.285+0000] {logging_mixin.py:151} INFO - [2023-09-08T04:59:09.284+0000] {dag.py:3677} INFO - Setting next_dagrun for example_dag_basic to 2023-09-08T00:00:00+00:00, run_after=2023-09-09T00:00:00+00:00
[2023-09-08T04:59:09.302+0000] {processor.py:179} INFO - Processing /opt/airflow/dags/example_dag_basic.py took 0.116 seconds
[2023-09-08T04:59:40.382+0000] {processor.py:157} INFO - Started process (PID=91) to work on /opt/airflow/dags/example_dag_basic.py
[2023-09-08T04:59:40.384+0000] {processor.py:829} INFO - Processing file /opt/airflow/dags/example_dag_basic.py for tasks to queue
[2023-09-08T04:59:40.388+0000] {logging_mixin.py:151} INFO - [2023-09-08T04:59:40.388+0000] {dagbag.py:539} INFO - Filling up the DagBag from /opt/airflow/dags/example_dag_basic.py
[2023-09-08T04:59:40.412+0000] {processor.py:839} INFO - DAG(s) dict_keys(['example_dag_basic']) retrieved from /opt/airflow/dags/example_dag_basic.py
[2023-09-08T04:59:40.452+0000] {logging_mixin.py:151} INFO - [2023-09-08T04:59:40.451+0000] {dag.py:2907} INFO - Sync 1 DAGs
[2023-09-08T04:59:40.474+0000] {logging_mixin.py:151} INFO - [2023-09-08T04:59:40.474+0000] {dag.py:3677} INFO - Setting next_dagrun for example_dag_basic to 2023-09-08T00:00:00+00:00, run_after=2023-09-09T00:00:00+00:00
[2023-09-08T04:59:40.490+0000] {processor.py:179} INFO - Processing /opt/airflow/dags/example_dag_basic.py took 0.113 seconds
[2023-09-08T05:00:11.235+0000] {processor.py:157} INFO - Started process (PID=101) to work on /opt/airflow/dags/example_dag_basic.py
[2023-09-08T05:00:11.238+0000] {processor.py:829} INFO - Processing file /opt/airflow/dags/example_dag_basic.py for tasks to queue
[2023-09-08T05:00:11.241+0000] {logging_mixin.py:151} INFO - [2023-09-08T05:00:11.241+0000] {dagbag.py:539} INFO - Filling up the DagBag from /opt/airflow/dags/example_dag_basic.py
[2023-09-08T05:00:11.262+0000] {processor.py:839} INFO - DAG(s) dict_keys(['example_dag_basic']) retrieved from /opt/airflow/dags/example_dag_basic.py
[2023-09-08T05:00:11.303+0000] {logging_mixin.py:151} INFO - [2023-09-08T05:00:11.303+0000] {dag.py:2907} INFO - Sync 1 DAGs
[2023-09-08T05:00:11.325+0000] {logging_mixin.py:151} INFO - [2023-09-08T05:00:11.325+0000] {dag.py:3677} INFO - Setting next_dagrun for example_dag_basic to 2023-09-08T00:00:00+00:00, run_after=2023-09-09T00:00:00+00:00
[2023-09-08T05:00:11.341+0000] {processor.py:179} INFO - Processing /opt/airflow/dags/example_dag_basic.py took 0.112 seconds
[2023-09-08T05:00:42.320+0000] {processor.py:157} INFO - Started process (PID=111) to work on /opt/airflow/dags/example_dag_basic.py
[2023-09-08T05:00:42.322+0000] {processor.py:829} INFO - Processing file /opt/airflow/dags/example_dag_basic.py for tasks to queue
[2023-09-08T05:00:42.326+0000] {logging_mixin.py:151} INFO - [2023-09-08T05:00:42.325+0000] {dagbag.py:539} INFO - Filling up the DagBag from /opt/airflow/dags/example_dag_basic.py
[2023-09-08T05:00:42.344+0000] {processor.py:839} INFO - DAG(s) dict_keys(['example_dag_basic']) retrieved from /opt/airflow/dags/example_dag_basic.py
[2023-09-08T05:00:42.384+0000] {logging_mixin.py:151} INFO - [2023-09-08T05:00:42.384+0000] {dag.py:2907} INFO - Sync 1 DAGs
[2023-09-08T05:00:42.424+0000] {logging_mixin.py:151} INFO - [2023-09-08T05:00:42.424+0000] {dag.py:3677} INFO - Setting next_dagrun for example_dag_basic to 2023-09-08T00:00:00+00:00, run_after=2023-09-09T00:00:00+00:00
[2023-09-08T05:00:42.441+0000] {processor.py:179} INFO - Processing /opt/airflow/dags/example_dag_basic.py took 0.126 seconds
[2023-09-08T05:01:13.494+0000] {processor.py:157} INFO - Started process (PID=120) to work on /opt/airflow/dags/example_dag_basic.py
[2023-09-08T05:01:13.497+0000] {processor.py:829} INFO - Processing file /opt/airflow/dags/example_dag_basic.py for tasks to queue
[2023-09-08T05:01:13.501+0000] {logging_mixin.py:151} INFO - [2023-09-08T05:01:13.501+0000] {dagbag.py:539} INFO - Filling up the DagBag from /opt/airflow/dags/example_dag_basic.py
[2023-09-08T05:01:13.521+0000] {processor.py:839} INFO - DAG(s) dict_keys(['example_dag_basic']) retrieved from /opt/airflow/dags/example_dag_basic.py
[2023-09-08T05:01:13.561+0000] {logging_mixin.py:151} INFO - [2023-09-08T05:01:13.561+0000] {dag.py:2907} INFO - Sync 1 DAGs
[2023-09-08T05:01:13.582+0000] {logging_mixin.py:151} INFO - [2023-09-08T05:01:13.582+0000] {dag.py:3677} INFO - Setting next_dagrun for example_dag_basic to 2023-09-08T00:00:00+00:00, run_after=2023-09-09T00:00:00+00:00
[2023-09-08T05:01:13.598+0000] {processor.py:179} INFO - Processing /opt/airflow/dags/example_dag_basic.py took 0.109 seconds
[2023-09-08T05:01:44.505+0000] {processor.py:157} INFO - Started process (PID=130) to work on /opt/airflow/dags/example_dag_basic.py
[2023-09-08T05:01:44.508+0000] {processor.py:829} INFO - Processing file /opt/airflow/dags/example_dag_basic.py for tasks to queue
[2023-09-08T05:01:44.515+0000] {logging_mixin.py:151} INFO - [2023-09-08T05:01:44.515+0000] {dagbag.py:539} INFO - Filling up the DagBag from /opt/airflow/dags/example_dag_basic.py
[2023-09-08T05:01:44.536+0000] {processor.py:839} INFO - DAG(s) dict_keys(['example_dag_basic']) retrieved from /opt/airflow/dags/example_dag_basic.py
[2023-09-08T05:01:44.579+0000] {logging_mixin.py:151} INFO - [2023-09-08T05:01:44.579+0000] {dag.py:2907} INFO - Sync 1 DAGs
[2023-09-08T05:01:44.614+0000] {logging_mixin.py:151} INFO - [2023-09-08T05:01:44.613+0000] {dag.py:3677} INFO - Setting next_dagrun for example_dag_basic to 2023-09-08T00:00:00+00:00, run_after=2023-09-09T00:00:00+00:00
[2023-09-08T05:01:44.635+0000] {processor.py:179} INFO - Processing /opt/airflow/dags/example_dag_basic.py took 0.135 seconds
[2023-09-08T05:02:15.254+0000] {processor.py:157} INFO - Started process (PID=140) to work on /opt/airflow/dags/example_dag_basic.py
[2023-09-08T05:02:15.258+0000] {processor.py:829} INFO - Processing file /opt/airflow/dags/example_dag_basic.py for tasks to queue
[2023-09-08T05:02:15.261+0000] {logging_mixin.py:151} INFO - [2023-09-08T05:02:15.261+0000] {dagbag.py:539} INFO - Filling up the DagBag from /opt/airflow/dags/example_dag_basic.py
[2023-09-08T05:02:15.281+0000] {processor.py:839} INFO - DAG(s) dict_keys(['example_dag_basic']) retrieved from /opt/airflow/dags/example_dag_basic.py
[2023-09-08T05:02:15.316+0000] {logging_mixin.py:151} INFO - [2023-09-08T05:02:15.316+0000] {dag.py:2907} INFO - Sync 1 DAGs
[2023-09-08T05:02:15.345+0000] {logging_mixin.py:151} INFO - [2023-09-08T05:02:15.345+0000] {dag.py:3677} INFO - Setting next_dagrun for example_dag_basic to 2023-09-08T00:00:00+00:00, run_after=2023-09-09T00:00:00+00:00
[2023-09-08T05:02:15.382+0000] {processor.py:179} INFO - Processing /opt/airflow/dags/example_dag_basic.py took 0.133 seconds
[2023-09-08T05:02:46.070+0000] {processor.py:157} INFO - Started process (PID=156) to work on /opt/airflow/dags/example_dag_basic.py
[2023-09-08T05:02:46.073+0000] {processor.py:829} INFO - Processing file /opt/airflow/dags/example_dag_basic.py for tasks to queue
[2023-09-08T05:02:46.079+0000] {logging_mixin.py:151} INFO - [2023-09-08T05:02:46.078+0000] {dagbag.py:539} INFO - Filling up the DagBag from /opt/airflow/dags/example_dag_basic.py
[2023-09-08T05:02:46.098+0000] {processor.py:839} INFO - DAG(s) dict_keys(['example_dag_basic']) retrieved from /opt/airflow/dags/example_dag_basic.py
[2023-09-08T05:02:46.139+0000] {logging_mixin.py:151} INFO - [2023-09-08T05:02:46.139+0000] {dag.py:2907} INFO - Sync 1 DAGs
[2023-09-08T05:02:46.169+0000] {logging_mixin.py:151} INFO - [2023-09-08T05:02:46.168+0000] {dag.py:3677} INFO - Setting next_dagrun for example_dag_basic to 2023-09-08T00:00:00+00:00, run_after=2023-09-09T00:00:00+00:00
[2023-09-08T05:02:46.185+0000] {processor.py:179} INFO - Processing /opt/airflow/dags/example_dag_basic.py took 0.120 seconds
